#
# A fatal error has been detected by the Java Runtime Environment:
#
#  SIGSEGV (0xb) at pc=0x00007fb156d6acd1, pid=10740, tid=140400452716288
#
# JRE version: OpenJDK Runtime Environment (7.0_91-b02) (build 1.7.0_91-b02)
# Java VM: OpenJDK 64-Bit Server VM (24.91-b01 mixed mode linux-amd64 compressed oops)
# Derivative: IcedTea 2.6.3
# Distribution: Ubuntu 15.04, package 7u91-2.6.3-0ubuntu0.15.04.1
# Problematic frame:
# C  [libR.so+0xfacd1]
#
# Failed to write core dump. Core dumps have been disabled. To enable core dumping, try "ulimit -c unlimited" before starting Java again
#
# If you would like to submit a bug report, please include
# instructions on how to reproduce the bug and visit:
#   http://icedtea.classpath.org/bugzilla
# The crash happened outside the Java Virtual Machine in native code.
# See problematic frame for where to report the bug.
#

---------------  T H R E A D  ---------------

Current thread (0x00007fb18000b000):  JavaThread "main" [_thread_in_native, id=10745, stack(0x00007fb1870c4000,0x00007fb1871c5000)]

siginfo:si_signo=SIGSEGV: si_errno=0, si_code=1 (SEGV_MAPERR), si_addr=0x0000000000000018

Registers:
RAX=0x0000000000000160, RBX=0x0000000000000028, RCX=0x00007fb1801fc088, RDX=0x00007fb1570b4cc0
RSP=0x00007fb1871c3730, RBP=0x0000000000000030, RSI=0x0000000000000000, RDI=0x0000000000000003
R8 =0x0000000000000000, R9 =0x00007fb1570b4f70, R10=0x00007fb1570b4e30, R11=0x00007fb180000078
R12=0x0000000000000001, R13=0x00007fb1801fc080, R14=0x0000000000000001, R15=0x00007fb1570b4e30
RIP=0x00007fb156d6acd1, EFLAGS=0x0000000000010206, CSGSFS=0x0000000000000033, ERR=0x0000000000000004
  TRAPNO=0x000000000000000e

Top of Stack: (sp=0x00007fb1871c3730)
0x00007fb1871c3730:   00007fb18000b000 0000000000000000
0x00007fb1871c3740:   0000000000000001 0000000000000010
0x00007fb1871c3750:   0000000000000001 00007fb156d6c2c1
0x00007fb1871c3760:   0000000000000001 00007fb1570b4cc0
0x00007fb1871c3770:   00007fb1801fc060 0000000000000000
0x00007fb1871c3780:   00007fb186392258 00007fb18000b1d8
0x00007fb1871c3790:   0000000000000001 00007fb1801fc060
0x00007fb1871c37a0:   00007fb1871c38b0 00007fb1871c38b8
0x00007fb1871c37b0:   00007fb18000b000 00007fb15719668b
0x00007fb1871c37c0:   00007fb18000b1d8 00000000b84e0e50
0x00007fb1871c37d0:   0000000000000001 0000000000000000
0x00007fb1871c37e0:   00000000b84e0e50 00007fb157195410
0x00007fb1871c37f0:   00000000b84e0e50 5976e8a5957fbf00
0x00007fb1871c3800:   00007fb1871c3888 00000000b84e0e50
0x00007fb1871c3810:   00007fb1871c3888 00007fb17c9f178f
0x00007fb1871c3820:   00007fb1871c3888 00007fb17c9f154b
0x00007fb1871c3830:   00007fb17c9f1509 0000000000000003
0x00007fb1871c3840:   00000000eb922f60 00007fb1871c3838
0x00007fb1871c3850:   00000000b84e0e50 00007fb1871c38b8
0x00007fb1871c3860:   00000000b84e63c0 0000000000000000
0x00007fb1871c3870:   00000000b84e0e50 0000000000000000
0x00007fb1871c3880:   00007fb1871c38a8 00007fb1871c3910
0x00007fb1871c3890:   00007fb17c9e4175 0000000000000000
0x00007fb1871c38a0:   00007fb17c9eccd7 0000000000000001
0x00007fb1871c38b0:   00000000eb9281c8 00000000eb922f60
0x00007fb1871c38c0:   0000000000000000 00000000eb922f60
0x00007fb1871c38d0:   00007fb1871c38c0 00000000b84e406d
0x00007fb1871c38e0:   00007fb1871c3970 00000000b84e63c0
0x00007fb1871c38f0:   0000000000000000 00000000b84e4150
0x00007fb1871c3900:   00007fb1871c38a8 00007fb1871c3960
0x00007fb1871c3910:   00007fb1871c39c8 00007fb17c9e4233
0x00007fb1871c3920:   0000000000000000 0000000000000000 

Instructions: (pc=0x00007fb156d6acd1)
0x00007fb156d6acb1:   8d 54 02 10 49 8b 49 08 41 83 41 04 01 85 db 4d
0x00007fb156d6acc1:   89 69 08 49 8b 32 49 89 4d 00 49 8d 4d 08 74 4e
0x00007fb156d6acd1:   48 8b 56 18 44 89 e7 45 31 c0 8b 05 3f ab 34 00
0x00007fb156d6ace1:   c1 e7 05 0f 1f 40 00 48 89 71 10 41 83 01 01 41 

Register to memory mapping:

RAX=0x0000000000000160 is an unknown value
RBX=0x0000000000000028 is an unknown value
RCX=0x00007fb1801fc088 is an unknown value
RDX=0x00007fb1570b4cc0: <offset 0x444cc0> in /usr/lib/libR.so at 0x00007fb156c70000
RSP=0x00007fb1871c3730 is pointing into the stack for thread: 0x00007fb18000b000
RBP=0x0000000000000030 is an unknown value
RSI=0x0000000000000000 is an unknown value
RDI=0x0000000000000003 is an unknown value
R8 =0x0000000000000000 is an unknown value
R9 =0x00007fb1570b4f70: <offset 0x444f70> in /usr/lib/libR.so at 0x00007fb156c70000
R10=0x00007fb1570b4e30: <offset 0x444e30> in /usr/lib/libR.so at 0x00007fb156c70000
R11=0x00007fb180000078 is an unknown value
R12=0x0000000000000001 is an unknown value
R13=0x00007fb1801fc080 is an unknown value
R14=0x0000000000000001 is an unknown value
R15=0x00007fb1570b4e30: <offset 0x444e30> in /usr/lib/libR.so at 0x00007fb156c70000


Stack: [0x00007fb1870c4000,0x00007fb1871c5000],  sp=0x00007fb1871c3730,  free space=1021k
Native frames: (J=compiled Java code, j=interpreted, Vv=VM code, C=native code)
C  [libR.so+0xfacd1]

[error occurred during error reporting (printing native stack), id 0xb]

Java frames: (J=compiled Java code, j=interpreted, Vv=VM code)
j  org.rosuda.JRI.Rengine.rniParse(Ljava/lang/String;I)J+0
j  org.rosuda.JRI.Rengine.eval(Ljava/lang/String;Z)Lorg/rosuda/JRI/REXP;+53
j  org.rosuda.JRI.Rengine.eval(Ljava/lang/String;)Lorg/rosuda/JRI/REXP;+3
j  Interface.Interface.main([Ljava/lang/String;)V+25
v  ~StubRoutines::call_stub

---------------  P R O C E S S  ---------------

Java Threads: ( => current thread )
  0x00007fb1801f7000 JavaThread "Thread-0" [_thread_blocked, id=10758, stack(0x00007fb155bca000,0x00007fb155ccb000)]
  0x00007fb1801e3800 JavaThread "Service Thread" daemon [_thread_blocked, id=10756, stack(0x00007fb15749c000,0x00007fb15759d000)]
  0x00007fb1801da800 JavaThread "C2 CompilerThread1" daemon [_thread_blocked, id=10755, stack(0x00007fb15759d000,0x00007fb15769e000)]
  0x00007fb1801d8800 JavaThread "C2 CompilerThread0" daemon [_thread_blocked, id=10754, stack(0x00007fb16c0ba000,0x00007fb16c1bb000)]
  0x00007fb18016f800 JavaThread "Signal Dispatcher" daemon [_thread_blocked, id=10753, stack(0x00007fb16c3be000,0x00007fb16c4bf000)]
  0x00007fb180144800 JavaThread "Finalizer" daemon [_thread_blocked, id=10752, stack(0x00007fb16c78d000,0x00007fb16c88e000)]
  0x00007fb180142800 JavaThread "Reference Handler" daemon [_thread_blocked, id=10751, stack(0x00007fb16c88e000,0x00007fb16c98f000)]
=>0x00007fb18000b000 JavaThread "main" [_thread_in_native, id=10745, stack(0x00007fb1870c4000,0x00007fb1871c5000)]

Other Threads:
  0x00007fb18013e000 VMThread [stack: 0x00007fb16c98f000,0x00007fb16ca90000] [id=10750]
  0x00007fb1801ee800 WatcherThread [stack: 0x00007fb15739b000,0x00007fb15749c000] [id=10757]

VM state:not at safepoint (normal execution)

VM Mutex/Monitor currently owned by a thread: None

Heap
 PSYoungGen      total 18432K, used 1617K [0x00000000eb800000, 0x00000000ecc80000, 0x0000000100000000)
  eden space 15872K, 10% used [0x00000000eb800000,0x00000000eb994588,0x00000000ec780000)
  from space 2560K, 0% used [0x00000000eca00000,0x00000000eca00000,0x00000000ecc80000)
  to   space 2560K, 0% used [0x00000000ec780000,0x00000000ec780000,0x00000000eca00000)
 ParOldGen       total 41984K, used 0K [0x00000000c2800000, 0x00000000c5100000, 0x00000000eb800000)
  object space 41984K, 0% used [0x00000000c2800000,0x00000000c2800000,0x00000000c5100000)
 PSPermGen       total 21504K, used 3017K [0x00000000b8200000, 0x00000000b9700000, 0x00000000c2800000)
  object space 21504K, 14% used [0x00000000b8200000,0x00000000b84f27c0,0x00000000b9700000)

Card table byte_map: [0x00007fb17c79e000,0x00007fb17c9de000] byte_map_base: 0x00007fb17c1dd000

Polling page: 0x00007fb1871e6000

Code Cache  [0x00007fb17c9de000, 0x00007fb17cc4e000, 0x00007fb17f9de000)
 total_blobs=172 nmethods=0 adapters=141 free_code_cache=48771Kb largest_free_block=49941504

Compilation events (0 events):
No events

GC Heap History (0 events):
No events

Deoptimization events (0 events):
No events

Internal exceptions (8 events):
Event: 0,029 Thread 0x00007fb18000b000 Threw 0x00000000eb80ef28 at /build/openjdk-7-1hyu6m/openjdk-7-7u91-2.6.3/build/openjdk/hotspot/src/share/vm/prims/jni.cpp:4027
Event: 0,078 Thread 0x00007fb18000b000 Threw 0x00000000eb8bf088 at /build/openjdk-7-1hyu6m/openjdk-7-7u91-2.6.3/build/openjdk/hotspot/src/share/vm/prims/jni.cpp:721
Event: 0,078 Thread 0x00007fb18000b000 Threw 0x00000000eb8bf758 at /build/openjdk-7-1hyu6m/openjdk-7-7u91-2.6.3/build/openjdk/hotspot/src/share/vm/prims/jvm.cpp:1322
Event: 0,078 Thread 0x00007fb18000b000 Threw 0x00000000eb8bf880 at /build/openjdk-7-1hyu6m/openjdk-7-7u91-2.6.3/build/openjdk/hotspot/src/share/vm/prims/jvm.cpp:1322
Event: 0,079 Thread 0x00007fb18000b000 Threw 0x00000000eb8c2410 at /build/openjdk-7-1hyu6m/openjdk-7-7u91-2.6.3/build/openjdk/hotspot/src/share/vm/prims/jvm.cpp:1322
Event: 0,090 Thread 0x00007fb18000b000 Threw 0x00000000eb90d508 at /build/openjdk-7-1hyu6m/openjdk-7-7u91-2.6.3/build/openjdk/hotspot/src/share/vm/prims/jvm.cpp:1322
Event: 0,091 Thread 0x00007fb18000b000 Threw 0x00000000eb912388 at /build/openjdk-7-1hyu6m/openjdk-7-7u91-2.6.3/build/openjdk/hotspot/src/share/vm/prims/jvm.cpp:1322
Event: 0,094 Thread 0x00007fb18000b000 Threw 0x00000000eb923bd0 at /build/openjdk-7-1hyu6m/openjdk-7-7u91-2.6.3/build/openjdk/hotspot/src/share/vm/prims/jvm.cpp:1322

Events (10 events):
Event: 0,096 loading class 0x00007fb18006e000
Event: 0,096 loading class 0x00007fb18006e000 done
Event: 0,096 loading class 0x00007fb1840525e0
Event: 0,096 loading class 0x00007fb1840525e0 done
Event: 0,096 loading class 0x00007fb18006e400
Event: 0,096 loading class 0x00007fb18006e460
Event: 0,096 loading class 0x00007fb18006e460 done
Event: 0,096 loading class 0x00007fb18006e400 done
Event: 0,096 loading class 0x00007fb18006e430
Event: 0,096 loading class 0x00007fb18006e430 done


Dynamic libraries:
00400000-00401000 r-xp 00000000 08:06 3410925                            /usr/lib/jvm/java-7-openjdk-amd64/jre/bin/java
00600000-00601000 r--p 00000000 08:06 3410925                            /usr/lib/jvm/java-7-openjdk-amd64/jre/bin/java
00601000-00602000 rw-p 00001000 08:06 3410925                            /usr/lib/jvm/java-7-openjdk-amd64/jre/bin/java
024b0000-024d1000 rw-p 00000000 00:00 0                                  [heap]
b8200000-b9700000 rw-p 00000000 00:00 0 
b9700000-c2800000 rw-p 00000000 00:00 0 
c2800000-c5100000 rw-p 00000000 00:00 0 
c5100000-eb800000 rw-p 00000000 00:00 0 
eb800000-ecc80000 rw-p 00000000 00:00 0 
ecc80000-100000000 rw-p 00000000 00:00 0 
7fb13c000000-7fb13c021000 rw-p 00000000 00:00 0 
7fb13c021000-7fb140000000 ---p 00000000 00:00 0 
7fb144000000-7fb144021000 rw-p 00000000 00:00 0 
7fb144021000-7fb148000000 ---p 00000000 00:00 0 
7fb148000000-7fb148021000 rw-p 00000000 00:00 0 
7fb148021000-7fb14c000000 ---p 00000000 00:00 0 
7fb14c000000-7fb14c021000 rw-p 00000000 00:00 0 
7fb14c021000-7fb150000000 ---p 00000000 00:00 0 
7fb150000000-7fb150021000 rw-p 00000000 00:00 0 
7fb150021000-7fb154000000 ---p 00000000 00:00 0 
7fb155bca000-7fb155bcd000 ---p 00000000 00:00 0 
7fb155bcd000-7fb155ccb000 rw-p 00000000 00:00 0                          [stack:10758]
7fb155ccb000-7fb155cf0000 r-xp 00000000 08:06 2232368                    /lib/x86_64-linux-gnu/libtinfo.so.5.9
7fb155cf0000-7fb155eef000 ---p 00025000 08:06 2232368                    /lib/x86_64-linux-gnu/libtinfo.so.5.9
7fb155eef000-7fb155ef3000 r--p 00024000 08:06 2232368                    /lib/x86_64-linux-gnu/libtinfo.so.5.9
7fb155ef3000-7fb155ef4000 rw-p 00028000 08:06 2232368                    /lib/x86_64-linux-gnu/libtinfo.so.5.9
7fb155ef4000-7fb155f0a000 r-xp 00000000 08:06 3410384                    /usr/lib/x86_64-linux-gnu/libgomp.so.1.0.0
7fb155f0a000-7fb156109000 ---p 00016000 08:06 3410384                    /usr/lib/x86_64-linux-gnu/libgomp.so.1.0.0
7fb156109000-7fb15610a000 r--p 00015000 08:06 3410384                    /usr/lib/x86_64-linux-gnu/libgomp.so.1.0.0
7fb15610a000-7fb15610b000 rw-p 00016000 08:06 3410384                    /usr/lib/x86_64-linux-gnu/libgomp.so.1.0.0
7fb15610b000-7fb15611a000 r-xp 00000000 08:06 2232395                    /lib/x86_64-linux-gnu/libbz2.so.1.0.4
7fb15611a000-7fb156319000 ---p 0000f000 08:06 2232395                    /lib/x86_64-linux-gnu/libbz2.so.1.0.4
7fb156319000-7fb15631a000 r--p 0000e000 08:06 2232395                    /lib/x86_64-linux-gnu/libbz2.so.1.0.4
7fb15631a000-7fb15631b000 rw-p 0000f000 08:06 2232395                    /lib/x86_64-linux-gnu/libbz2.so.1.0.4
7fb15631b000-7fb15633c000 r-xp 00000000 08:06 2232463                    /lib/x86_64-linux-gnu/liblzma.so.5.0.0
7fb15633c000-7fb15653b000 ---p 00021000 08:06 2232463                    /lib/x86_64-linux-gnu/liblzma.so.5.0.0
7fb15653b000-7fb15653c000 r--p 00020000 08:06 2232463                    /lib/x86_64-linux-gnu/liblzma.so.5.0.0
7fb15653c000-7fb15653d000 rw-p 00021000 08:06 2232463                    /lib/x86_64-linux-gnu/liblzma.so.5.0.0
7fb15653d000-7fb1565a9000 r-xp 00000000 08:06 2239920                    /lib/x86_64-linux-gnu/libpcre.so.3.13.1
7fb1565a9000-7fb1567a8000 ---p 0006c000 08:06 2239920                    /lib/x86_64-linux-gnu/libpcre.so.3.13.1
7fb1567a8000-7fb1567a9000 r--p 0006b000 08:06 2239920                    /lib/x86_64-linux-gnu/libpcre.so.3.13.1
7fb1567a9000-7fb1567aa000 rw-p 0006c000 08:06 2239920                    /lib/x86_64-linux-gnu/libpcre.so.3.13.1
7fb1567aa000-7fb1567e7000 r-xp 00000000 08:06 2232545                    /lib/x86_64-linux-gnu/libreadline.so.6.3
7fb1567e7000-7fb1569e7000 ---p 0003d000 08:06 2232545                    /lib/x86_64-linux-gnu/libreadline.so.6.3
7fb1569e7000-7fb1569e9000 r--p 0003d000 08:06 2232545                    /lib/x86_64-linux-gnu/libreadline.so.6.3
7fb1569e9000-7fb1569ef000 rw-p 0003f000 08:06 2232545                    /lib/x86_64-linux-gnu/libreadline.so.6.3
7fb1569ef000-7fb1569f0000 rw-p 00000000 00:00 0 
7fb1569f0000-7fb156a6f000 r-xp 00000000 08:06 3408050                    /usr/lib/libblas/libblas.so.3.0
7fb156a6f000-7fb156c6e000 ---p 0007f000 08:06 3408050                    /usr/lib/libblas/libblas.so.3.0
7fb156c6e000-7fb156c6f000 r--p 0007e000 08:06 3408050                    /usr/lib/libblas/libblas.so.3.0
7fb156c6f000-7fb156c70000 rw-p 0007f000 08:06 3408050                    /usr/lib/libblas/libblas.so.3.0
7fb156c70000-7fb156e97000 r-xp 00000000 08:06 3556772                    /usr/lib/R/lib/libR.so
7fb156e97000-7fb157096000 ---p 00227000 08:06 3556772                    /usr/lib/R/lib/libR.so
7fb157096000-7fb15709b000 r--p 00226000 08:06 3556772                    /usr/lib/R/lib/libR.so
7fb15709b000-7fb1570a5000 rw-p 0022b000 08:06 3556772                    /usr/lib/R/lib/libR.so
7fb1570a5000-7fb157191000 rw-p 00000000 00:00 0 
7fb157191000-7fb15719a000 r-xp 00000000 08:06 2902138                    /home/thomas/R/x86_64-pc-linux-gnu-library/3.1/rJava/jri/libjri.so
7fb15719a000-7fb157399000 ---p 00009000 08:06 2902138                    /home/thomas/R/x86_64-pc-linux-gnu-library/3.1/rJava/jri/libjri.so
7fb157399000-7fb15739a000 r--p 00008000 08:06 2902138                    /home/thomas/R/x86_64-pc-linux-gnu-library/3.1/rJava/jri/libjri.so
7fb15739a000-7fb15739b000 rw-p 00009000 08:06 2902138                    /home/thomas/R/x86_64-pc-linux-gnu-library/3.1/rJava/jri/libjri.so
7fb15739b000-7fb15739c000 ---p 00000000 00:00 0 
7fb15739c000-7fb15749c000 rw-p 00000000 00:00 0                          [stack:10757]
7fb15749c000-7fb15749f000 ---p 00000000 00:00 0 
7fb15749f000-7fb15759d000 rw-p 00000000 00:00 0                          [stack:10756]
7fb15759d000-7fb1575a0000 ---p 00000000 00:00 0 
7fb1575a0000-7fb15769e000 rw-p 00000000 00:00 0                          [stack:10755]
7fb15769e000-7fb1576a3000 r-xp 00000000 08:06 3416478                    /usr/lib/x86_64-linux-gnu/libXdmcp.so.6.0.0
7fb1576a3000-7fb1578a2000 ---p 00005000 08:06 3416478                    /usr/lib/x86_64-linux-gnu/libXdmcp.so.6.0.0
7fb1578a2000-7fb1578a3000 r--p 00004000 08:06 3416478                    /usr/lib/x86_64-linux-gnu/libXdmcp.so.6.0.0
7fb1578a3000-7fb1578a4000 rw-p 00005000 08:06 3416478                    /usr/lib/x86_64-linux-gnu/libXdmcp.so.6.0.0
7fb1578a4000-7fb1578a6000 r-xp 00000000 08:06 3416467                    /usr/lib/x86_64-linux-gnu/libXau.so.6.0.0
7fb1578a6000-7fb157aa6000 ---p 00002000 08:06 3416467                    /usr/lib/x86_64-linux-gnu/libXau.so.6.0.0
7fb157aa6000-7fb157aa7000 r--p 00002000 08:06 3416467                    /usr/lib/x86_64-linux-gnu/libXau.so.6.0.0
7fb157aa7000-7fb157aa8000 rw-p 00003000 08:06 3416467                    /usr/lib/x86_64-linux-gnu/libXau.so.6.0.0
7fb157aa8000-7fb157ac5000 r-xp 00000000 08:06 3417587                    /usr/lib/x86_64-linux-gnu/libxcb.so.1.1.0
7fb157ac5000-7fb157cc5000 ---p 0001d000 08:06 3417587                    /usr/lib/x86_64-linux-gnu/libxcb.so.1.1.0
7fb157cc5000-7fb157cc6000 r--p 0001d000 08:06 3417587                    /usr/lib/x86_64-linux-gnu/libxcb.so.1.1.0
7fb157cc6000-7fb157cc7000 rw-p 0001e000 08:06 3417587                    /usr/lib/x86_64-linux-gnu/libxcb.so.1.1.0
7fb157cc7000-7fb157dfa000 r-xp 00000000 08:06 3416463                    /usr/lib/x86_64-linux-gnu/libX11.so.6.3.0
7fb157dfa000-7fb157ffa000 ---p 00133000 08:06 3416463                    /usr/lib/x86_64-linux-gnu/libX11.so.6.3.0
7fb157ffa000-7fb157ffb000 r--p 00133000 08:06 3416463                    /usr/lib/x86_64-linux-gnu/libX11.so.6.3.0
7fb157ffb000-7fb157fff000 rw-p 00134000 08:06 3416463                    /usr/lib/x86_64-linux-gnu/libX11.so.6.3.0
7fb157fff000-7fb158000000 rw-p 00000000 00:00 0 
7fb158000000-7fb158021000 rw-p 00000000 00:00 0 
7fb158021000-7fb15c000000 ---p 00000000 00:00 0 
7fb15c000000-7fb15c021000 rw-p 00000000 00:00 0 
7fb15c021000-7fb160000000 ---p 00000000 00:00 0 
7fb160000000-7fb160021000 rw-p 00000000 00:00 0 
7fb160021000-7fb164000000 ---p 00000000 00:00 0 
7fb164000000-7fb164021000 rw-p 00000000 00:00 0 
7fb164021000-7fb168000000 ---p 00000000 00:00 0 
7fb168000000-7fb168021000 rw-p 00000000 00:00 0 
7fb168021000-7fb16c000000 ---p 00000000 00:00 0 
7fb16c0ba000-7fb16c0bd000 ---p 00000000 00:00 0 
7fb16c0bd000-7fb16c1bb000 rw-p 00000000 00:00 0                          [stack:10754]
7fb16c1bb000-7fb16c1bd000 r-xp 00000000 08:06 3408461                    /usr/lib/jayatana/libjayatanaag.so
7fb16c1bd000-7fb16c3bc000 ---p 00002000 08:06 3408461                    /usr/lib/jayatana/libjayatanaag.so
7fb16c3bc000-7fb16c3bd000 r--p 00001000 08:06 3408461                    /usr/lib/jayatana/libjayatanaag.so
7fb16c3bd000-7fb16c3be000 rw-p 00002000 08:06 3408461                    /usr/lib/jayatana/libjayatanaag.so
7fb16c3be000-7fb16c3c1000 ---p 00000000 00:00 0 
7fb16c3c1000-7fb16c4bf000 rw-p 00000000 00:00 0                          [stack:10753]
7fb16c4bf000-7fb16c78d000 r--p 00000000 08:06 3409623                    /usr/lib/locale/locale-archive
7fb16c78d000-7fb16c790000 ---p 00000000 00:00 0 
7fb16c790000-7fb16c88e000 rw-p 00000000 00:00 0                          [stack:10752]
7fb16c88e000-7fb16c891000 ---p 00000000 00:00 0 
7fb16c891000-7fb16c98f000 rw-p 00000000 00:00 0                          [stack:10751]
7fb16c98f000-7fb16c990000 ---p 00000000 00:00 0 
7fb16c990000-7fb16d9e8000 rw-p 00000000 00:00 0                          [stack:10750]
7fb16d9e8000-7fb16db9a000 r--s 01d2e000 08:06 3429307                    /usr/lib/jvm/java-7-openjdk-amd64/jre/lib/rt.jar
7fb16db9a000-7fb170000000 rw-p 00000000 00:00 0 
7fb170000000-7fb170021000 rw-p 00000000 00:00 0 
7fb170021000-7fb174000000 ---p 00000000 00:00 0 
7fb174000000-7fb174021000 rw-p 00000000 00:00 0 
7fb174021000-7fb178000000 ---p 00000000 00:00 0 
7fb178000000-7fb178021000 rw-p 00000000 00:00 0 
7fb178021000-7fb17c000000 ---p 00000000 00:00 0 
7fb17c013000-7fb17c252000 rw-p 00000000 00:00 0 
7fb17c252000-7fb17c253000 ---p 00000000 00:00 0 
7fb17c253000-7fb17c353000 rw-p 00000000 00:00 0                          [stack:10749]
7fb17c353000-7fb17c354000 ---p 00000000 00:00 0 
7fb17c354000-7fb17c454000 rw-p 00000000 00:00 0                          [stack:10748]
7fb17c454000-7fb17c455000 ---p 00000000 00:00 0 
7fb17c455000-7fb17c555000 rw-p 00000000 00:00 0                          [stack:10747]
7fb17c555000-7fb17c556000 ---p 00000000 00:00 0 
7fb17c556000-7fb17c66b000 rw-p 00000000 00:00 0                          [stack:10746]
7fb17c66b000-7fb17c79e000 rw-p 00000000 00:00 0 
7fb17c79e000-7fb17c7a9000 rw-p 00000000 00:00 0 
7fb17c7a9000-7fb17c7f1000 rw-p 00000000 00:00 0 
7fb17c7f1000-7fb17c806000 rw-p 00000000 00:00 0 
7fb17c806000-7fb17c939000 rw-p 00000000 00:00 0 
7fb17c939000-7fb17c944000 rw-p 00000000 00:00 0 
7fb17c944000-7fb17c9dd000 rw-p 00000000 00:00 0 
7fb17c9dd000-7fb17c9de000 rw-p 00000000 00:00 0 
7fb17c9de000-7fb17cc4e000 rwxp 00000000 00:00 0 
7fb17cc4e000-7fb17f9de000 rw-p 00000000 00:00 0 
7fb17f9de000-7fb17f9e6000 r-xp 00000000 08:06 3429321                    /usr/lib/jvm/java-7-openjdk-amd64/jre/lib/amd64/libzip.so
7fb17f9e6000-7fb17fbe5000 ---p 00008000 08:06 3429321                    /usr/lib/jvm/java-7-openjdk-amd64/jre/lib/amd64/libzip.so
7fb17fbe5000-7fb17fbe6000 r--p 00007000 08:06 3429321                    /usr/lib/jvm/java-7-openjdk-amd64/jre/lib/amd64/libzip.so
7fb17fbe6000-7fb17fbe7000 rw-p 00008000 08:06 3429321                    /usr/lib/jvm/java-7-openjdk-amd64/jre/lib/amd64/libzip.so
7fb17fbe7000-7fb17fbf3000 r-xp 00000000 08:06 2228291                    /lib/x86_64-linux-gnu/libnss_files-2.21.so
7fb17fbf3000-7fb17fdf2000 ---p 0000c000 08:06 2228291                    /lib/x86_64-linux-gnu/libnss_files-2.21.so
7fb17fdf2000-7fb17fdf3000 r--p 0000b000 08:06 2228291                    /lib/x86_64-linux-gnu/libnss_files-2.21.so
7fb17fdf3000-7fb17fdf4000 rw-p 0000c000 08:06 2228291                    /lib/x86_64-linux-gnu/libnss_files-2.21.so
7fb17fdf4000-7fb17fdff000 r-xp 00000000 08:06 2228279                    /lib/x86_64-linux-gnu/libnss_nis-2.21.so
7fb17fdff000-7fb17fffe000 ---p 0000b000 08:06 2228279                    /lib/x86_64-linux-gnu/libnss_nis-2.21.so
7fb17fffe000-7fb17ffff000 r--p 0000a000 08:06 2228279                    /lib/x86_64-linux-gnu/libnss_nis-2.21.so
7fb17ffff000-7fb180000000 rw-p 0000b000 08:06 2228279                    /lib/x86_64-linux-gnu/libnss_nis-2.21.so
7fb180000000-7fb180210000 rw-p 00000000 00:00 0 
7fb180210000-7fb184000000 ---p 00000000 00:00 0 
7fb18400c000-7fb184010000 r--s 0003c000 08:06 3429302                    /usr/lib/jvm/java-7-openjdk-amd64/jre/lib/ext/sunpkcs11.jar
7fb184010000-7fb184076000 rw-p 00000000 00:00 0 
7fb184076000-7fb1840be000 rw-p 00000000 00:00 0 
7fb1840be000-7fb1840d5000 r-xp 00000000 08:06 2228297                    /lib/x86_64-linux-gnu/libnsl-2.21.so
7fb1840d5000-7fb1842d4000 ---p 00017000 08:06 2228297                    /lib/x86_64-linux-gnu/libnsl-2.21.so
7fb1842d4000-7fb1842d5000 r--p 00016000 08:06 2228297                    /lib/x86_64-linux-gnu/libnsl-2.21.so
7fb1842d5000-7fb1842d6000 rw-p 00017000 08:06 2228297                    /lib/x86_64-linux-gnu/libnsl-2.21.so
7fb1842d6000-7fb1842d8000 rw-p 00000000 00:00 0 
7fb1842d8000-7fb1842e0000 r-xp 00000000 08:06 2228293                    /lib/x86_64-linux-gnu/libnss_compat-2.21.so
7fb1842e0000-7fb1844df000 ---p 00008000 08:06 2228293                    /lib/x86_64-linux-gnu/libnss_compat-2.21.so
7fb1844df000-7fb1844e0000 r--p 00007000 08:06 2228293                    /lib/x86_64-linux-gnu/libnss_compat-2.21.so
7fb1844e0000-7fb1844e1000 rw-p 00008000 08:06 2228293                    /lib/x86_64-linux-gnu/libnss_compat-2.21.so
7fb1844e1000-7fb1844eb000 r-xp 00000000 08:06 3429350                    /usr/lib/jvm/java-7-openjdk-amd64/jre/lib/amd64/libinstrument.so
7fb1844eb000-7fb1846ea000 ---p 0000a000 08:06 3429350                    /usr/lib/jvm/java-7-openjdk-amd64/jre/lib/amd64/libinstrument.so
7fb1846ea000-7fb1846eb000 r--p 00009000 08:06 3429350                    /usr/lib/jvm/java-7-openjdk-amd64/jre/lib/amd64/libinstrument.so
7fb1846eb000-7fb1846ec000 rw-p 0000a000 08:06 3429350                    /usr/lib/jvm/java-7-openjdk-amd64/jre/lib/amd64/libinstrument.so
7fb1846ec000-7fb184719000 r-xp 00000000 08:06 3429333                    /usr/lib/jvm/java-7-openjdk-amd64/jre/lib/amd64/libjava.so
7fb184719000-7fb184918000 ---p 0002d000 08:06 3429333                    /usr/lib/jvm/java-7-openjdk-amd64/jre/lib/amd64/libjava.so
7fb184918000-7fb184919000 r--p 0002c000 08:06 3429333                    /usr/lib/jvm/java-7-openjdk-amd64/jre/lib/amd64/libjava.so
7fb184919000-7fb18491b000 rw-p 0002d000 08:06 3429333                    /usr/lib/jvm/java-7-openjdk-amd64/jre/lib/amd64/libjava.so
7fb18491b000-7fb18492a000 r-xp 00000000 08:06 3429356                    /usr/lib/jvm/java-7-openjdk-amd64/jre/lib/amd64/libverify.so
7fb18492a000-7fb184b29000 ---p 0000f000 08:06 3429356                    /usr/lib/jvm/java-7-openjdk-amd64/jre/lib/amd64/libverify.so
7fb184b29000-7fb184b2c000 r--p 0000e000 08:06 3429356                    /usr/lib/jvm/java-7-openjdk-amd64/jre/lib/amd64/libverify.so
7fb184b2c000-7fb184b2d000 rw-p 00011000 08:06 3429356                    /usr/lib/jvm/java-7-openjdk-amd64/jre/lib/amd64/libverify.so
7fb184b2d000-7fb184b34000 r-xp 00000000 08:06 2228298                    /lib/x86_64-linux-gnu/librt-2.21.so
7fb184b34000-7fb184d33000 ---p 00007000 08:06 2228298                    /lib/x86_64-linux-gnu/librt-2.21.so
7fb184d33000-7fb184d34000 r--p 00006000 08:06 2228298                    /lib/x86_64-linux-gnu/librt-2.21.so
7fb184d34000-7fb184d35000 rw-p 00007000 08:06 2228298                    /lib/x86_64-linux-gnu/librt-2.21.so
7fb184d35000-7fb184d4b000 r-xp 00000000 08:06 2235337                    /lib/x86_64-linux-gnu/libgcc_s.so.1
7fb184d4b000-7fb184f4a000 ---p 00016000 08:06 2235337                    /lib/x86_64-linux-gnu/libgcc_s.so.1
7fb184f4a000-7fb184f4b000 rw-p 00015000 08:06 2235337                    /lib/x86_64-linux-gnu/libgcc_s.so.1
7fb184f4b000-7fb185052000 r-xp 00000000 08:06 2228296                    /lib/x86_64-linux-gnu/libm-2.21.so
7fb185052000-7fb185251000 ---p 00107000 08:06 2228296                    /lib/x86_64-linux-gnu/libm-2.21.so
7fb185251000-7fb185252000 r--p 00106000 08:06 2228296                    /lib/x86_64-linux-gnu/libm-2.21.so
7fb185252000-7fb185253000 rw-p 00107000 08:06 2228296                    /lib/x86_64-linux-gnu/libm-2.21.so
7fb185253000-7fb185343000 r-xp 00000000 08:06 3407907                    /usr/lib/x86_64-linux-gnu/libstdc++.so.6.0.20
7fb185343000-7fb185543000 ---p 000f0000 08:06 3407907                    /usr/lib/x86_64-linux-gnu/libstdc++.so.6.0.20
7fb185543000-7fb18554b000 r--p 000f0000 08:06 3407907                    /usr/lib/x86_64-linux-gnu/libstdc++.so.6.0.20
7fb18554b000-7fb18554d000 rw-p 000f8000 08:06 3407907                    /usr/lib/x86_64-linux-gnu/libstdc++.so.6.0.20
7fb18554d000-7fb185562000 rw-p 00000000 00:00 0 
7fb185562000-7fb1860c2000 r-xp 00000000 08:06 3429342                    /usr/lib/jvm/java-7-openjdk-amd64/jre/lib/amd64/server/libjvm.so
7fb1860c2000-7fb1862c2000 ---p 00b60000 08:06 3429342                    /usr/lib/jvm/java-7-openjdk-amd64/jre/lib/amd64/server/libjvm.so
7fb1862c2000-7fb186361000 r--p 00b60000 08:06 3429342                    /usr/lib/jvm/java-7-openjdk-amd64/jre/lib/amd64/server/libjvm.so
7fb186361000-7fb186384000 rw-p 00bff000 08:06 3429342                    /usr/lib/jvm/java-7-openjdk-amd64/jre/lib/amd64/server/libjvm.so
7fb186384000-7fb1863b1000 rw-p 00000000 00:00 0 
7fb1863b1000-7fb1863ca000 r-xp 00000000 08:06 2228229                    /lib/x86_64-linux-gnu/libz.so.1.2.8
7fb1863ca000-7fb1865ca000 ---p 00019000 08:06 2228229                    /lib/x86_64-linux-gnu/libz.so.1.2.8
7fb1865ca000-7fb1865cb000 r--p 00019000 08:06 2228229                    /lib/x86_64-linux-gnu/libz.so.1.2.8
7fb1865cb000-7fb1865cc000 rw-p 0001a000 08:06 2228229                    /lib/x86_64-linux-gnu/libz.so.1.2.8
7fb1865cc000-7fb1865e4000 r-xp 00000000 08:06 2228288                    /lib/x86_64-linux-gnu/libpthread-2.21.so
7fb1865e4000-7fb1867e4000 ---p 00018000 08:06 2228288                    /lib/x86_64-linux-gnu/libpthread-2.21.so
7fb1867e4000-7fb1867e5000 r--p 00018000 08:06 2228288                    /lib/x86_64-linux-gnu/libpthread-2.21.so
7fb1867e5000-7fb1867e6000 rw-p 00019000 08:06 2228288                    /lib/x86_64-linux-gnu/libpthread-2.21.so
7fb1867e6000-7fb1867ea000 rw-p 00000000 00:00 0 
7fb1867ea000-7fb1867ed000 r-xp 00000000 08:06 2228284                    /lib/x86_64-linux-gnu/libdl-2.21.so
7fb1867ed000-7fb1869ec000 ---p 00003000 08:06 2228284                    /lib/x86_64-linux-gnu/libdl-2.21.so
7fb1869ec000-7fb1869ed000 r--p 00002000 08:06 2228284                    /lib/x86_64-linux-gnu/libdl-2.21.so
7fb1869ed000-7fb1869ee000 rw-p 00003000 08:06 2228284                    /lib/x86_64-linux-gnu/libdl-2.21.so
7fb1869ee000-7fb186bae000 r-xp 00000000 08:06 2228301                    /lib/x86_64-linux-gnu/libc-2.21.so
7fb186bae000-7fb186dae000 ---p 001c0000 08:06 2228301                    /lib/x86_64-linux-gnu/libc-2.21.so
7fb186dae000-7fb186db2000 r--p 001c0000 08:06 2228301                    /lib/x86_64-linux-gnu/libc-2.21.so
7fb186db2000-7fb186db4000 rw-p 001c4000 08:06 2228301                    /lib/x86_64-linux-gnu/libc-2.21.so
7fb186db4000-7fb186db8000 rw-p 00000000 00:00 0 
7fb186db8000-7fb186dc5000 r-xp 00000000 08:06 3429359                    /usr/lib/jvm/java-7-openjdk-amd64/jre/lib/amd64/jli/libjli.so
7fb186dc5000-7fb186fc4000 ---p 0000d000 08:06 3429359                    /usr/lib/jvm/java-7-openjdk-amd64/jre/lib/amd64/jli/libjli.so
7fb186fc4000-7fb186fc5000 r--p 0000c000 08:06 3429359                    /usr/lib/jvm/java-7-openjdk-amd64/jre/lib/amd64/jli/libjli.so
7fb186fc5000-7fb186fc6000 rw-p 0000d000 08:06 3429359                    /usr/lib/jvm/java-7-openjdk-amd64/jre/lib/amd64/jli/libjli.so
7fb186fc6000-7fb186fea000 r-xp 00000000 08:06 2228287                    /lib/x86_64-linux-gnu/ld-2.21.so
7fb186feb000-7fb186fec000 rw-p 00000000 00:00 0 
7fb186fec000-7fb186fed000 r--s 00000000 08:06 3809923                    /usr/share/java/jayatanaag.jar
7fb186fed000-7fb18700e000 rw-p 00000000 00:00 0 
7fb18700e000-7fb1870c4000 rw-p 00000000 00:00 0 
7fb1870c4000-7fb1870c7000 ---p 00000000 00:00 0 
7fb1870c7000-7fb1871ca000 rw-p 00000000 00:00 0                          [stack:10745]
7fb1871ca000-7fb1871cb000 r--s 00007000 08:06 2133272                    /home/thomas/Bureau/lib/REngine.jar
7fb1871cb000-7fb1871cc000 r--s 00002000 08:06 2133271                    /home/thomas/Bureau/lib/JRIEngine.jar
7fb1871cc000-7fb1871cd000 r--s 00013000 08:06 2133265                    /home/thomas/Bureau/lib/JRI.jar
7fb1871cd000-7fb1871d1000 r--s 00085000 08:06 3429298                    /usr/lib/jvm/java-7-openjdk-amd64/jre/lib/ext/localedata.jar
7fb1871d1000-7fb1871d2000 r--s 00002000 08:06 3429304                    /usr/lib/jvm/java-7-openjdk-amd64/jre/lib/ext/dnsns.jar
7fb1871d2000-7fb1871d5000 r--s 0000f000 08:06 3429300                    /usr/lib/jvm/java-7-openjdk-amd64/jre/lib/ext/icedtea-sound.jar
7fb1871d5000-7fb1871d7000 r--s 00012000 08:06 3429293                    /usr/lib/jvm/java-7-openjdk-amd64/jre/lib/ext/zipfs.jar
7fb1871d7000-7fb1871db000 r--s 00034000 08:06 3429301                    /usr/lib/jvm/java-7-openjdk-amd64/jre/lib/ext/sunjce_provider.jar
7fb1871db000-7fb1871dd000 r--s 00006000 08:06 3803060                    /usr/share/java/java-atk-wrapper.jar
7fb1871dd000-7fb1871e5000 rw-s 00000000 08:06 3557638                    /tmp/hsperfdata_thomas/10740
7fb1871e5000-7fb1871e6000 rw-p 00000000 00:00 0 
7fb1871e6000-7fb1871e7000 r--p 00000000 00:00 0 
7fb1871e7000-7fb1871e9000 rw-p 00000000 00:00 0 
7fb1871e9000-7fb1871ea000 r--p 00023000 08:06 2228287                    /lib/x86_64-linux-gnu/ld-2.21.so
7fb1871ea000-7fb1871eb000 rw-p 00024000 08:06 2228287                    /lib/x86_64-linux-gnu/ld-2.21.so
7fb1871eb000-7fb1871ec000 rw-p 00000000 00:00 0 
7ffe9bb06000-7ffe9bb27000 rw-p 00000000 00:00 0                          [stack]
7ffe9bbcb000-7ffe9bbcd000 r--p 00000000 00:00 0                          [vvar]
7ffe9bbcd000-7ffe9bbcf000 r-xp 00000000 00:00 0                          [vdso]
ffffffffff600000-ffffffffff601000 r-xp 00000000 00:00 0                  [vsyscall]

VM Arguments:
jvm_args: -javaagent:/usr/share/java/jayatanaag.jar -Dfile.encoding=UTF-8 -Djava.library.path=/home/thomas/R/x86_64-pc-linux-gnu-library/3.1/rJava/jri 
java_command: Interface.Interface
Launcher Type: SUN_STANDARD

Environment Variables:
JAVA_TOOL_OPTIONS=-javaagent:/usr/share/java/jayatanaag.jar 
PATH=/usr/local/sbin:/usr/local/bin:/usr/sbin:/usr/bin:/sbin:/bin:/usr/games:/usr/local/games
LD_LIBRARY_PATH=/usr/lib/jvm/default-java/jre/lib/amd64:/usr/lib/jvm/default-java/jre/lib/i386:
SHELL=/bin/bash
DISPLAY=:0.0

Signal Handlers:
SIGSEGV: [libjvm.so+0x992590], sa_mask[0]=0x7ffbfeff, sa_flags=0x10000004
SIGBUS: [libjvm.so+0x992590], sa_mask[0]=0x7ffbfeff, sa_flags=0x10000004
SIGFPE: [libjvm.so+0x7fec60], sa_mask[0]=0x7ffbfeff, sa_flags=0x10000004
SIGPIPE: [libjvm.so+0x7fec60], sa_mask[0]=0x7ffbfeff, sa_flags=0x10000004
SIGXFSZ: [libjvm.so+0x7fec60], sa_mask[0]=0x7ffbfeff, sa_flags=0x10000004
SIGILL: [libjvm.so+0x7fec60], sa_mask[0]=0x7ffbfeff, sa_flags=0x10000004
SIGUSR1: SIG_DFL, sa_mask[0]=0x00000000, sa_flags=0x00000000
SIGUSR2: [libjvm.so+0x7feae0], sa_mask[0]=0x00000004, sa_flags=0x10000004
SIGHUP: [libjvm.so+0x7fece0], sa_mask[0]=0x7ffbfeff, sa_flags=0x10000004
SIGINT: SIG_IGN, sa_mask[0]=0x00000000, sa_flags=0x00000000
SIGTERM: [libjvm.so+0x7fece0], sa_mask[0]=0x7ffbfeff, sa_flags=0x10000004
SIGQUIT: [libjvm.so+0x7fece0], sa_mask[0]=0x7ffbfeff, sa_flags=0x10000004
SIGTRAP: SIG_DFL, sa_mask[0]=0x00000000, sa_flags=0x00000000


---------------  S Y S T E M  ---------------

OS:Ubuntu 15.04 (vivid)
uname:Linux 3.19.0-16-generic #16-Ubuntu SMP Thu Apr 30 16:09:58 UTC 2015 x86_64
libc:glibc 2.21 NPTL 2.21 
rlimit: STACK 8192k, CORE 0k, NPROC 15645, NOFILE 65536, AS infinity
load average:0,14 0,19 0,23

/proc/meminfo:
MemTotal:        4027580 kB
MemFree:          439012 kB
MemAvailable:    2330244 kB
Buffers:          297232 kB
Cached:          1633568 kB
SwapCached:            0 kB
Active:          2323200 kB
Inactive:         830672 kB
Active(anon):    1224248 kB
Inactive(anon):    42104 kB
Active(file):    1098952 kB
Inactive(file):   788568 kB
Unevictable:          32 kB
Mlocked:              32 kB
SwapTotal:       3998716 kB
SwapFree:        3998716 kB
Dirty:               232 kB
Writeback:             0 kB
AnonPages:       1223140 kB
Mapped:           265456 kB
Shmem:             43264 kB
Slab:             290972 kB
SReclaimable:     257104 kB
SUnreclaim:        33868 kB
KernelStack:        7408 kB
PageTables:        28432 kB
NFS_Unstable:          0 kB
Bounce:                0 kB
WritebackTmp:          0 kB
CommitLimit:     6012504 kB
Committed_AS:    4094360 kB
VmallocTotal:   34359738367 kB
VmallocUsed:      108824 kB
VmallocChunk:   34359617072 kB
HardwareCorrupted:     0 kB
AnonHugePages:    741376 kB
CmaTotal:              0 kB
CmaFree:               0 kB
HugePages_Total:       0
HugePages_Free:        0
HugePages_Rsvd:        0
HugePages_Surp:        0
Hugepagesize:       2048 kB
DirectMap4k:      348536 kB
DirectMap2M:     3827712 kB


CPU:total 4 (2 cores per cpu, 2 threads per core) family 6 model 42 stepping 7, cmov, cx8, fxsr, mmx, sse, sse2, sse3, ssse3, sse4.1, sse4.2, popcnt, avx, aes, ht, tsc, tscinvbit

/proc/cpuinfo:
processor	: 0
vendor_id	: GenuineIntel
cpu family	: 6
model		: 42
model name	: Intel(R) Core(TM) i5-2430M CPU @ 2.40GHz
stepping	: 7
microcode	: 0x14
cpu MHz		: 2799.937
cache size	: 3072 KB
physical id	: 0
siblings	: 4
core id		: 0
cpu cores	: 2
apicid		: 0
initial apicid	: 0
fpu		: yes
fpu_exception	: yes
cpuid level	: 13
wp		: yes
flags		: fpu vme de pse tsc msr pae mce cx8 apic sep mtrr pge mca cmov pat pse36 clflush dts acpi mmx fxsr sse sse2 ss ht tm pbe syscall nx rdtscp lm constant_tsc arch_perfmon pebs bts rep_good nopl xtopology nonstop_tsc aperfmperf eagerfpu pni pclmulqdq dtes64 monitor ds_cpl vmx est tm2 ssse3 cx16 xtpr pdcm pcid sse4_1 sse4_2 x2apic popcnt tsc_deadline_timer aes xsave avx lahf_lm ida arat epb pln pts dtherm tpr_shadow vnmi flexpriority ept vpid xsaveopt
bugs		:
bogomips	: 4789.52
clflush size	: 64
cache_alignment	: 64
address sizes	: 36 bits physical, 48 bits virtual
power management:

processor	: 1
vendor_id	: GenuineIntel
cpu family	: 6
model		: 42
model name	: Intel(R) Core(TM) i5-2430M CPU @ 2.40GHz
stepping	: 7
microcode	: 0x14
cpu MHz		: 2850.656
cache size	: 3072 KB
physical id	: 0
siblings	: 4
core id		: 1
cpu cores	: 2
apicid		: 2
initial apicid	: 2
fpu		: yes
fpu_exception	: yes
cpuid level	: 13
wp		: yes
flags		: fpu vme de pse tsc msr pae mce cx8 apic sep mtrr pge mca cmov pat pse36 clflush dts acpi mmx fxsr sse sse2 ss ht tm pbe syscall nx rdtscp lm constant_tsc arch_perfmon pebs bts rep_good nopl xtopology nonstop_tsc aperfmperf eagerfpu pni pclmulqdq dtes64 monitor ds_cpl vmx est tm2 ssse3 cx16 xtpr pdcm pcid sse4_1 sse4_2 x2apic popcnt tsc_deadline_timer aes xsave avx lahf_lm ida arat epb pln pts dtherm tpr_shadow vnmi flexpriority ept vpid xsaveopt
bugs		:
bogomips	: 4789.52
clflush size	: 64
cache_alignment	: 64
address sizes	: 36 bits physical, 48 bits virtual
power management:

processor	: 2
vendor_id	: GenuineIntel
cpu family	: 6
model		: 42
model name	: Intel(R) Core(TM) i5-2430M CPU @ 2.40GHz
stepping	: 7
microcode	: 0x14
cpu MHz		: 2799.937
cache size	: 3072 KB
physical id	: 0
siblings	: 4
core id		: 0
cpu cores	: 2
apicid		: 1
initial apicid	: 1
fpu		: yes
fpu_exception	: yes
cpuid level	: 13
wp		: yes
flags		: fpu vme de pse tsc msr pae mce cx8 apic sep mtrr pge mca cmov pat pse36 clflush dts acpi mmx fxsr sse sse2 ss ht tm pbe syscall nx rdtscp lm constant_tsc arch_perfmon pebs bts rep_good nopl xtopology nonstop_tsc aperfmperf eagerfpu pni pclmulqdq dtes64 monitor ds_cpl vmx est tm2 ssse3 cx16 xtpr pdcm pcid sse4_1 sse4_2 x2apic popcnt tsc_deadline_timer aes xsave avx lahf_lm ida arat epb pln pts dtherm tpr_shadow vnmi flexpriority ept vpid xsaveopt
bugs		:
bogomips	: 4789.52
clflush size	: 64
cache_alignment	: 64
address sizes	: 36 bits physical, 48 bits virtual
power management:

processor	: 3
vendor_id	: GenuineIntel
cpu family	: 6
model		: 42
model name	: Intel(R) Core(TM) i5-2430M CPU @ 2.40GHz
stepping	: 7
microcode	: 0x14
cpu MHz		: 2799.937
cache size	: 3072 KB
physical id	: 0
siblings	: 4
core id		: 1
cpu cores	: 2
apicid		: 3
initial apicid	: 3
fpu		: yes
fpu_exception	: yes
cpuid level	: 13
wp		: yes
flags		: fpu vme de pse tsc msr pae mce cx8 apic sep mtrr pge mca cmov pat pse36 clflush dts acpi mmx fxsr sse sse2 ss ht tm pbe syscall nx rdtscp lm constant_tsc arch_perfmon pebs bts rep_good nopl xtopology nonstop_tsc aperfmperf eagerfpu pni pclmulqdq dtes64 monitor ds_cpl vmx est tm2 ssse3 cx16 xtpr pdcm pcid sse4_1 sse4_2 x2apic popcnt tsc_deadline_timer aes xsave avx lahf_lm ida arat epb pln pts dtherm tpr_shadow vnmi flexpriority ept vpid xsaveopt
bugs		:
bogomips	: 4789.52
clflush size	: 64
cache_alignment	: 64
address sizes	: 36 bits physical, 48 bits virtual
power management:



Memory: 4k page, physical 4027580k(439012k free), swap 3998716k(3998716k free)

vm_info: OpenJDK 64-Bit Server VM (24.91-b01) for linux-amd64 JRE (1.7.0_91-b02), built on Nov 19 2015 06:08:55 by "buildd" with gcc 4.9.2

time: Thu Jun  2 14:31:56 2016
elapsed time: 0 seconds

