#
# A fatal error has been detected by the Java Runtime Environment:
#
#  SIGSEGV (0xb) at pc=0x00007f0741f90cd1, pid=10963, tid=139669488367360
#
# JRE version: OpenJDK Runtime Environment (7.0_91-b02) (build 1.7.0_91-b02)
# Java VM: OpenJDK 64-Bit Server VM (24.91-b01 mixed mode linux-amd64 compressed oops)
# Derivative: IcedTea 2.6.3
# Distribution: Ubuntu 15.04, package 7u91-2.6.3-0ubuntu0.15.04.1
# Problematic frame:
# C  [libR.so+0xfacd1]
#
# Failed to write core dump. Core dumps have been disabled. To enable core dumping, try "ulimit -c unlimited" before starting Java again
#
# If you would like to submit a bug report, please include
# instructions on how to reproduce the bug and visit:
#   http://icedtea.classpath.org/bugzilla
# The crash happened outside the Java Virtual Machine in native code.
# See problematic frame for where to report the bug.
#

---------------  T H R E A D  ---------------

Current thread (0x00007f074c00b000):  JavaThread "main" [_thread_in_native, id=10968, stack(0x00007f07562d7000,0x00007f07563d8000)]

siginfo:si_signo=SIGSEGV: si_errno=0, si_code=1 (SEGV_MAPERR), si_addr=0x0000000000000018

Registers:
RAX=0x0000000000000160, RBX=0x0000000000000028, RCX=0x00007f074c1fc178, RDX=0x00007f07422dacc0
RSP=0x00007f07563d6730, RBP=0x0000000000000030, RSI=0x0000000000000000, RDI=0x0000000000000003
R8 =0x0000000000000000, R9 =0x00007f07422daf70, R10=0x00007f07422dae30, R11=0x00007f074c000078
R12=0x0000000000000001, R13=0x00007f074c1fc170, R14=0x0000000000000001, R15=0x00007f07422dae30
RIP=0x00007f0741f90cd1, EFLAGS=0x0000000000010206, CSGSFS=0x0000000000000033, ERR=0x0000000000000004
  TRAPNO=0x000000000000000e

Top of Stack: (sp=0x00007f07563d6730)
0x00007f07563d6730:   00007f074c00b000 0000000000000000
0x00007f07563d6740:   0000000000000001 0000000000000010
0x00007f07563d6750:   0000000000000001 00007f0741f922c1
0x00007f07563d6760:   0000000000000001 00007f07422dacc0
0x00007f07563d6770:   00007f074c1fc150 0000000000000000
0x00007f07563d6780:   00007f07555a5258 00007f074c00b1d8
0x00007f07563d6790:   0000000000000001 00007f074c1fc150
0x00007f07563d67a0:   00007f07563d68b0 00007f07563d68b8
0x00007f07563d67b0:   00007f074c00b000 00007f07423bc68b
0x00007f07563d67c0:   00007f074c00b1d8 00000000b84e0e50
0x00007f07563d67d0:   0000000000000001 0000000000000000
0x00007f07563d67e0:   00000000b84e0e50 00007f07423bb410
0x00007f07563d67f0:   00000000b84e0e50 1d37db48ed830a00
0x00007f07563d6800:   00007f07563d6888 00000000b84e0e50
0x00007f07563d6810:   00007f07563d6888 00007f074901378f
0x00007f07563d6820:   00007f07563d6888 00007f074901354b
0x00007f07563d6830:   00007f0749013509 0000000000000003
0x00007f07563d6840:   00000000eb9233a8 00007f07563d6838
0x00007f07563d6850:   00000000b84e0e50 00007f07563d68b8
0x00007f07563d6860:   00000000b84e63c0 0000000000000000
0x00007f07563d6870:   00000000b84e0e50 0000000000000000
0x00007f07563d6880:   00007f07563d68a8 00007f07563d6910
0x00007f07563d6890:   00007f0749006175 0000000000000000
0x00007f07563d68a0:   00007f074900ecd7 0000000000000001
0x00007f07563d68b0:   00000000eb928610 00000000eb9233a8
0x00007f07563d68c0:   0000000000000000 00000000eb9233a8
0x00007f07563d68d0:   00007f07563d68c0 00000000b84e406d
0x00007f07563d68e0:   00007f07563d6970 00000000b84e63c0
0x00007f07563d68f0:   0000000000000000 00000000b84e4150
0x00007f07563d6900:   00007f07563d68a8 00007f07563d6960
0x00007f07563d6910:   00007f07563d69c8 00007f0749006233
0x00007f07563d6920:   0000000000000000 0000000000000000 

Instructions: (pc=0x00007f0741f90cd1)
0x00007f0741f90cb1:   8d 54 02 10 49 8b 49 08 41 83 41 04 01 85 db 4d
0x00007f0741f90cc1:   89 69 08 49 8b 32 49 89 4d 00 49 8d 4d 08 74 4e
0x00007f0741f90cd1:   48 8b 56 18 44 89 e7 45 31 c0 8b 05 3f ab 34 00
0x00007f0741f90ce1:   c1 e7 05 0f 1f 40 00 48 89 71 10 41 83 01 01 41 

Register to memory mapping:

RAX=0x0000000000000160 is an unknown value
RBX=0x0000000000000028 is an unknown value
RCX=0x00007f074c1fc178 is an unknown value
RDX=0x00007f07422dacc0: <offset 0x444cc0> in /usr/lib/libR.so at 0x00007f0741e96000
RSP=0x00007f07563d6730 is pointing into the stack for thread: 0x00007f074c00b000
RBP=0x0000000000000030 is an unknown value
RSI=0x0000000000000000 is an unknown value
RDI=0x0000000000000003 is an unknown value
R8 =0x0000000000000000 is an unknown value
R9 =0x00007f07422daf70: <offset 0x444f70> in /usr/lib/libR.so at 0x00007f0741e96000
R10=0x00007f07422dae30: <offset 0x444e30> in /usr/lib/libR.so at 0x00007f0741e96000
R11=0x00007f074c000078 is an unknown value
R12=0x0000000000000001 is an unknown value
R13=0x00007f074c1fc170 is an unknown value
R14=0x0000000000000001 is an unknown value
R15=0x00007f07422dae30: <offset 0x444e30> in /usr/lib/libR.so at 0x00007f0741e96000


Stack: [0x00007f07562d7000,0x00007f07563d8000],  sp=0x00007f07563d6730,  free space=1021k
Native frames: (J=compiled Java code, j=interpreted, Vv=VM code, C=native code)
C  [libR.so+0xfacd1]

[error occurred during error reporting (printing native stack), id 0xb]

Java frames: (J=compiled Java code, j=interpreted, Vv=VM code)
j  org.rosuda.JRI.Rengine.rniParse(Ljava/lang/String;I)J+0
j  org.rosuda.JRI.Rengine.eval(Ljava/lang/String;Z)Lorg/rosuda/JRI/REXP;+53
j  org.rosuda.JRI.Rengine.eval(Ljava/lang/String;)Lorg/rosuda/JRI/REXP;+3
j  Interface.Interface.main([Ljava/lang/String;)V+25
v  ~StubRoutines::call_stub

---------------  P R O C E S S  ---------------

Java Threads: ( => current thread )
  0x00007f074c1f7000 JavaThread "Thread-0" [_thread_blocked, id=10981, stack(0x00007f0740df0000,0x00007f0740ef1000)]
  0x00007f074c1e3800 JavaThread "Service Thread" daemon [_thread_blocked, id=10979, stack(0x00007f07426c2000,0x00007f07427c3000)]
  0x00007f074c1da800 JavaThread "C2 CompilerThread1" daemon [_thread_blocked, id=10978, stack(0x00007f07427c3000,0x00007f07428c4000)]
  0x00007f074c1d8800 JavaThread "C2 CompilerThread0" daemon [_thread_blocked, id=10977, stack(0x00007f07428c4000,0x00007f07429c5000)]
  0x00007f074c16f800 JavaThread "Signal Dispatcher" daemon [_thread_blocked, id=10976, stack(0x00007f074352a000,0x00007f074362b000)]
  0x00007f074c144800 JavaThread "Finalizer" daemon [_thread_blocked, id=10975, stack(0x00007f07438f9000,0x00007f07439fa000)]
  0x00007f074c142800 JavaThread "Reference Handler" daemon [_thread_blocked, id=10974, stack(0x00007f07439fa000,0x00007f0743afb000)]
=>0x00007f074c00b000 JavaThread "main" [_thread_in_native, id=10968, stack(0x00007f07562d7000,0x00007f07563d8000)]

Other Threads:
  0x00007f074c13e000 VMThread [stack: 0x00007f0743afb000,0x00007f0743bfc000] [id=10973]
  0x00007f074c1ee000 WatcherThread [stack: 0x00007f07425c1000,0x00007f07426c2000] [id=10980]

VM state:not at safepoint (normal execution)

VM Mutex/Monitor currently owned by a thread: None

Heap
 PSYoungGen      total 18432K, used 1614K [0x00000000eb800000, 0x00000000ecc80000, 0x0000000100000000)
  eden space 15872K, 10% used [0x00000000eb800000,0x00000000eb9938f8,0x00000000ec780000)
  from space 2560K, 0% used [0x00000000eca00000,0x00000000eca00000,0x00000000ecc80000)
  to   space 2560K, 0% used [0x00000000ec780000,0x00000000ec780000,0x00000000eca00000)
 ParOldGen       total 41984K, used 0K [0x00000000c2800000, 0x00000000c5100000, 0x00000000eb800000)
  object space 41984K, 0% used [0x00000000c2800000,0x00000000c2800000,0x00000000c5100000)
 PSPermGen       total 21504K, used 3017K [0x00000000b8200000, 0x00000000b9700000, 0x00000000c2800000)
  object space 21504K, 14% used [0x00000000b8200000,0x00000000b84f27c0,0x00000000b9700000)

Card table byte_map: [0x00007f0752a6f000,0x00007f0752caf000] byte_map_base: 0x00007f07524ae000

Polling page: 0x00007f07563f9000

Code Cache  [0x00007f0749000000, 0x00007f0749270000, 0x00007f074c000000)
 total_blobs=172 nmethods=0 adapters=141 free_code_cache=48771Kb largest_free_block=49941504

Compilation events (0 events):
No events

GC Heap History (0 events):
No events

Deoptimization events (0 events):
No events

Internal exceptions (8 events):
Event: 0,038 Thread 0x00007f074c00b000 Threw 0x00000000eb80f140 at /build/openjdk-7-1hyu6m/openjdk-7-7u91-2.6.3/build/openjdk/hotspot/src/share/vm/prims/jni.cpp:4027
Event: 0,085 Thread 0x00007f074c00b000 Threw 0x00000000eb8bf500 at /build/openjdk-7-1hyu6m/openjdk-7-7u91-2.6.3/build/openjdk/hotspot/src/share/vm/prims/jni.cpp:721
Event: 0,085 Thread 0x00007f074c00b000 Threw 0x00000000eb8bfbd0 at /build/openjdk-7-1hyu6m/openjdk-7-7u91-2.6.3/build/openjdk/hotspot/src/share/vm/prims/jvm.cpp:1322
Event: 0,085 Thread 0x00007f074c00b000 Threw 0x00000000eb8bfcf8 at /build/openjdk-7-1hyu6m/openjdk-7-7u91-2.6.3/build/openjdk/hotspot/src/share/vm/prims/jvm.cpp:1322
Event: 0,086 Thread 0x00007f074c00b000 Threw 0x00000000eb8c2888 at /build/openjdk-7-1hyu6m/openjdk-7-7u91-2.6.3/build/openjdk/hotspot/src/share/vm/prims/jvm.cpp:1322
Event: 0,102 Thread 0x00007f074c00b000 Threw 0x00000000eb90d950 at /build/openjdk-7-1hyu6m/openjdk-7-7u91-2.6.3/build/openjdk/hotspot/src/share/vm/prims/jvm.cpp:1322
Event: 0,103 Thread 0x00007f074c00b000 Threw 0x00000000eb9127d0 at /build/openjdk-7-1hyu6m/openjdk-7-7u91-2.6.3/build/openjdk/hotspot/src/share/vm/prims/jvm.cpp:1322
Event: 0,107 Thread 0x00007f074c00b000 Threw 0x00000000eb924018 at /build/openjdk-7-1hyu6m/openjdk-7-7u91-2.6.3/build/openjdk/hotspot/src/share/vm/prims/jvm.cpp:1322

Events (10 events):
Event: 0,108 loading class 0x00007f074c06e000
Event: 0,109 loading class 0x00007f074c06e000 done
Event: 0,109 loading class 0x00007f07500c75e0
Event: 0,109 loading class 0x00007f07500c75e0 done
Event: 0,109 loading class 0x00007f074c06e400
Event: 0,109 loading class 0x00007f074c06e460
Event: 0,109 loading class 0x00007f074c06e460 done
Event: 0,109 loading class 0x00007f074c06e400 done
Event: 0,109 loading class 0x00007f074c06e430
Event: 0,109 loading class 0x00007f074c06e430 done


Dynamic libraries:
00400000-00401000 r-xp 00000000 08:06 3410925                            /usr/lib/jvm/java-7-openjdk-amd64/jre/bin/java
00600000-00601000 r--p 00000000 08:06 3410925                            /usr/lib/jvm/java-7-openjdk-amd64/jre/bin/java
00601000-00602000 rw-p 00001000 08:06 3410925                            /usr/lib/jvm/java-7-openjdk-amd64/jre/bin/java
01b1c000-01b3d000 rw-p 00000000 00:00 0                                  [heap]
b8200000-b9700000 rw-p 00000000 00:00 0 
b9700000-c2800000 rw-p 00000000 00:00 0 
c2800000-c5100000 rw-p 00000000 00:00 0 
c5100000-eb800000 rw-p 00000000 00:00 0 
eb800000-ecc80000 rw-p 00000000 00:00 0 
ecc80000-100000000 rw-p 00000000 00:00 0 
7f070c000000-7f070c021000 rw-p 00000000 00:00 0 
7f070c021000-7f0710000000 ---p 00000000 00:00 0 
7f0710000000-7f0710021000 rw-p 00000000 00:00 0 
7f0710021000-7f0714000000 ---p 00000000 00:00 0 
7f0714000000-7f0714021000 rw-p 00000000 00:00 0 
7f0714021000-7f0718000000 ---p 00000000 00:00 0 
7f0718000000-7f0718021000 rw-p 00000000 00:00 0 
7f0718021000-7f071c000000 ---p 00000000 00:00 0 
7f071c000000-7f071c021000 rw-p 00000000 00:00 0 
7f071c021000-7f0720000000 ---p 00000000 00:00 0 
7f0720000000-7f0720021000 rw-p 00000000 00:00 0 
7f0720021000-7f0724000000 ---p 00000000 00:00 0 
7f0724000000-7f0724021000 rw-p 00000000 00:00 0 
7f0724021000-7f0728000000 ---p 00000000 00:00 0 
7f0728000000-7f0728021000 rw-p 00000000 00:00 0 
7f0728021000-7f072c000000 ---p 00000000 00:00 0 
7f072c000000-7f072c021000 rw-p 00000000 00:00 0 
7f072c021000-7f0730000000 ---p 00000000 00:00 0 
7f0730000000-7f0730021000 rw-p 00000000 00:00 0 
7f0730021000-7f0734000000 ---p 00000000 00:00 0 
7f0734000000-7f0734021000 rw-p 00000000 00:00 0 
7f0734021000-7f0738000000 ---p 00000000 00:00 0 
7f073c000000-7f073c021000 rw-p 00000000 00:00 0 
7f073c021000-7f0740000000 ---p 00000000 00:00 0 
7f0740df0000-7f0740df3000 ---p 00000000 00:00 0 
7f0740df3000-7f0740ef1000 rw-p 00000000 00:00 0                          [stack:10981]
7f0740ef1000-7f0740f16000 r-xp 00000000 08:06 2232368                    /lib/x86_64-linux-gnu/libtinfo.so.5.9
7f0740f16000-7f0741115000 ---p 00025000 08:06 2232368                    /lib/x86_64-linux-gnu/libtinfo.so.5.9
7f0741115000-7f0741119000 r--p 00024000 08:06 2232368                    /lib/x86_64-linux-gnu/libtinfo.so.5.9
7f0741119000-7f074111a000 rw-p 00028000 08:06 2232368                    /lib/x86_64-linux-gnu/libtinfo.so.5.9
7f074111a000-7f0741130000 r-xp 00000000 08:06 3410384                    /usr/lib/x86_64-linux-gnu/libgomp.so.1.0.0
7f0741130000-7f074132f000 ---p 00016000 08:06 3410384                    /usr/lib/x86_64-linux-gnu/libgomp.so.1.0.0
7f074132f000-7f0741330000 r--p 00015000 08:06 3410384                    /usr/lib/x86_64-linux-gnu/libgomp.so.1.0.0
7f0741330000-7f0741331000 rw-p 00016000 08:06 3410384                    /usr/lib/x86_64-linux-gnu/libgomp.so.1.0.0
7f0741331000-7f0741340000 r-xp 00000000 08:06 2232395                    /lib/x86_64-linux-gnu/libbz2.so.1.0.4
7f0741340000-7f074153f000 ---p 0000f000 08:06 2232395                    /lib/x86_64-linux-gnu/libbz2.so.1.0.4
7f074153f000-7f0741540000 r--p 0000e000 08:06 2232395                    /lib/x86_64-linux-gnu/libbz2.so.1.0.4
7f0741540000-7f0741541000 rw-p 0000f000 08:06 2232395                    /lib/x86_64-linux-gnu/libbz2.so.1.0.4
7f0741541000-7f0741562000 r-xp 00000000 08:06 2232463                    /lib/x86_64-linux-gnu/liblzma.so.5.0.0
7f0741562000-7f0741761000 ---p 00021000 08:06 2232463                    /lib/x86_64-linux-gnu/liblzma.so.5.0.0
7f0741761000-7f0741762000 r--p 00020000 08:06 2232463                    /lib/x86_64-linux-gnu/liblzma.so.5.0.0
7f0741762000-7f0741763000 rw-p 00021000 08:06 2232463                    /lib/x86_64-linux-gnu/liblzma.so.5.0.0
7f0741763000-7f07417cf000 r-xp 00000000 08:06 2239920                    /lib/x86_64-linux-gnu/libpcre.so.3.13.1
7f07417cf000-7f07419ce000 ---p 0006c000 08:06 2239920                    /lib/x86_64-linux-gnu/libpcre.so.3.13.1
7f07419ce000-7f07419cf000 r--p 0006b000 08:06 2239920                    /lib/x86_64-linux-gnu/libpcre.so.3.13.1
7f07419cf000-7f07419d0000 rw-p 0006c000 08:06 2239920                    /lib/x86_64-linux-gnu/libpcre.so.3.13.1
7f07419d0000-7f0741a0d000 r-xp 00000000 08:06 2232545                    /lib/x86_64-linux-gnu/libreadline.so.6.3
7f0741a0d000-7f0741c0d000 ---p 0003d000 08:06 2232545                    /lib/x86_64-linux-gnu/libreadline.so.6.3
7f0741c0d000-7f0741c0f000 r--p 0003d000 08:06 2232545                    /lib/x86_64-linux-gnu/libreadline.so.6.3
7f0741c0f000-7f0741c15000 rw-p 0003f000 08:06 2232545                    /lib/x86_64-linux-gnu/libreadline.so.6.3
7f0741c15000-7f0741c16000 rw-p 00000000 00:00 0 
7f0741c16000-7f0741c95000 r-xp 00000000 08:06 3408050                    /usr/lib/libblas/libblas.so.3.0
7f0741c95000-7f0741e94000 ---p 0007f000 08:06 3408050                    /usr/lib/libblas/libblas.so.3.0
7f0741e94000-7f0741e95000 r--p 0007e000 08:06 3408050                    /usr/lib/libblas/libblas.so.3.0
7f0741e95000-7f0741e96000 rw-p 0007f000 08:06 3408050                    /usr/lib/libblas/libblas.so.3.0
7f0741e96000-7f07420bd000 r-xp 00000000 08:06 3556772                    /usr/lib/R/lib/libR.so
7f07420bd000-7f07422bc000 ---p 00227000 08:06 3556772                    /usr/lib/R/lib/libR.so
7f07422bc000-7f07422c1000 r--p 00226000 08:06 3556772                    /usr/lib/R/lib/libR.so
7f07422c1000-7f07422cb000 rw-p 0022b000 08:06 3556772                    /usr/lib/R/lib/libR.so
7f07422cb000-7f07423b7000 rw-p 00000000 00:00 0 
7f07423b7000-7f07423c0000 r-xp 00000000 08:06 2902138                    /home/thomas/R/x86_64-pc-linux-gnu-library/3.1/rJava/jri/libjri.so
7f07423c0000-7f07425bf000 ---p 00009000 08:06 2902138                    /home/thomas/R/x86_64-pc-linux-gnu-library/3.1/rJava/jri/libjri.so
7f07425bf000-7f07425c0000 r--p 00008000 08:06 2902138                    /home/thomas/R/x86_64-pc-linux-gnu-library/3.1/rJava/jri/libjri.so
7f07425c0000-7f07425c1000 rw-p 00009000 08:06 2902138                    /home/thomas/R/x86_64-pc-linux-gnu-library/3.1/rJava/jri/libjri.so
7f07425c1000-7f07425c2000 ---p 00000000 00:00 0 
7f07425c2000-7f07426c2000 rw-p 00000000 00:00 0                          [stack:10980]
7f07426c2000-7f07426c5000 ---p 00000000 00:00 0 
7f07426c5000-7f07427c3000 rw-p 00000000 00:00 0                          [stack:10979]
7f07427c3000-7f07427c6000 ---p 00000000 00:00 0 
7f07427c6000-7f07428c4000 rw-p 00000000 00:00 0                          [stack:10978]
7f07428c4000-7f07428c7000 ---p 00000000 00:00 0 
7f07428c7000-7f07429c5000 rw-p 00000000 00:00 0                          [stack:10977]
7f07429c5000-7f07429ca000 r-xp 00000000 08:06 3416478                    /usr/lib/x86_64-linux-gnu/libXdmcp.so.6.0.0
7f07429ca000-7f0742bc9000 ---p 00005000 08:06 3416478                    /usr/lib/x86_64-linux-gnu/libXdmcp.so.6.0.0
7f0742bc9000-7f0742bca000 r--p 00004000 08:06 3416478                    /usr/lib/x86_64-linux-gnu/libXdmcp.so.6.0.0
7f0742bca000-7f0742bcb000 rw-p 00005000 08:06 3416478                    /usr/lib/x86_64-linux-gnu/libXdmcp.so.6.0.0
7f0742bcb000-7f0742bcd000 r-xp 00000000 08:06 3416467                    /usr/lib/x86_64-linux-gnu/libXau.so.6.0.0
7f0742bcd000-7f0742dcd000 ---p 00002000 08:06 3416467                    /usr/lib/x86_64-linux-gnu/libXau.so.6.0.0
7f0742dcd000-7f0742dce000 r--p 00002000 08:06 3416467                    /usr/lib/x86_64-linux-gnu/libXau.so.6.0.0
7f0742dce000-7f0742dcf000 rw-p 00003000 08:06 3416467                    /usr/lib/x86_64-linux-gnu/libXau.so.6.0.0
7f0742dcf000-7f0742dec000 r-xp 00000000 08:06 3417587                    /usr/lib/x86_64-linux-gnu/libxcb.so.1.1.0
7f0742dec000-7f0742fec000 ---p 0001d000 08:06 3417587                    /usr/lib/x86_64-linux-gnu/libxcb.so.1.1.0
7f0742fec000-7f0742fed000 r--p 0001d000 08:06 3417587                    /usr/lib/x86_64-linux-gnu/libxcb.so.1.1.0
7f0742fed000-7f0742fee000 rw-p 0001e000 08:06 3417587                    /usr/lib/x86_64-linux-gnu/libxcb.so.1.1.0
7f0742fee000-7f0743121000 r-xp 00000000 08:06 3416463                    /usr/lib/x86_64-linux-gnu/libX11.so.6.3.0
7f0743121000-7f0743321000 ---p 00133000 08:06 3416463                    /usr/lib/x86_64-linux-gnu/libX11.so.6.3.0
7f0743321000-7f0743322000 r--p 00133000 08:06 3416463                    /usr/lib/x86_64-linux-gnu/libX11.so.6.3.0
7f0743322000-7f0743326000 rw-p 00134000 08:06 3416463                    /usr/lib/x86_64-linux-gnu/libX11.so.6.3.0
7f0743326000-7f0743327000 rw-p 00000000 00:00 0 
7f0743327000-7f0743329000 r-xp 00000000 08:06 3408461                    /usr/lib/jayatana/libjayatanaag.so
7f0743329000-7f0743528000 ---p 00002000 08:06 3408461                    /usr/lib/jayatana/libjayatanaag.so
7f0743528000-7f0743529000 r--p 00001000 08:06 3408461                    /usr/lib/jayatana/libjayatanaag.so
7f0743529000-7f074352a000 rw-p 00002000 08:06 3408461                    /usr/lib/jayatana/libjayatanaag.so
7f074352a000-7f074352d000 ---p 00000000 00:00 0 
7f074352d000-7f074362b000 rw-p 00000000 00:00 0                          [stack:10976]
7f074362b000-7f07438f9000 r--p 00000000 08:06 3409623                    /usr/lib/locale/locale-archive
7f07438f9000-7f07438fc000 ---p 00000000 00:00 0 
7f07438fc000-7f07439fa000 rw-p 00000000 00:00 0                          [stack:10975]
7f07439fa000-7f07439fd000 ---p 00000000 00:00 0 
7f07439fd000-7f0743afb000 rw-p 00000000 00:00 0                          [stack:10974]
7f0743afb000-7f0743afc000 ---p 00000000 00:00 0 
7f0743afc000-7f0744000000 rw-p 00000000 00:00 0                          [stack:10973]
7f0744000000-7f0744021000 rw-p 00000000 00:00 0 
7f0744021000-7f0748000000 ---p 00000000 00:00 0 
7f07480bb000-7f0748c0f000 rw-p 00000000 00:00 0 
7f0748c0f000-7f0748dc1000 r--s 01d2e000 08:06 3429307                    /usr/lib/jvm/java-7-openjdk-amd64/jre/lib/rt.jar
7f0748dc1000-7f0749000000 rw-p 00000000 00:00 0 
7f0749000000-7f0749270000 rwxp 00000000 00:00 0 
7f0749270000-7f074c210000 rw-p 00000000 00:00 0 
7f074c210000-7f0750000000 ---p 00000000 00:00 0 
7f075000b000-7f075000f000 r--s 0003c000 08:06 3429302                    /usr/lib/jvm/java-7-openjdk-amd64/jre/lib/ext/sunpkcs11.jar
7f075000f000-7f07524d0000 rw-p 00000000 00:00 0 
7f07524d0000-7f07524d1000 ---p 00000000 00:00 0 
7f07524d1000-7f07525d1000 rw-p 00000000 00:00 0                          [stack:10972]
7f07525d1000-7f07525d2000 ---p 00000000 00:00 0 
7f07525d2000-7f07526d2000 rw-p 00000000 00:00 0                          [stack:10971]
7f07526d2000-7f07526d3000 ---p 00000000 00:00 0 
7f07526d3000-7f07527d3000 rw-p 00000000 00:00 0                          [stack:10970]
7f07527d3000-7f07527d4000 ---p 00000000 00:00 0 
7f07527d4000-7f07528df000 rw-p 00000000 00:00 0                          [stack:10969]
7f07528df000-7f0752927000 rw-p 00000000 00:00 0 
7f0752927000-7f075293c000 rw-p 00000000 00:00 0 
7f075293c000-7f0752a6f000 rw-p 00000000 00:00 0 
7f0752a6f000-7f0752a7a000 rw-p 00000000 00:00 0 
7f0752a7a000-7f0752ac2000 rw-p 00000000 00:00 0 
7f0752ac2000-7f0752ad7000 rw-p 00000000 00:00 0 
7f0752ad7000-7f0752c0a000 rw-p 00000000 00:00 0 
7f0752c0a000-7f0752c15000 rw-p 00000000 00:00 0 
7f0752c15000-7f0752cae000 rw-p 00000000 00:00 0 
7f0752cae000-7f0752caf000 rw-p 00000000 00:00 0 
7f0752caf000-7f0752cb7000 r-xp 00000000 08:06 3429321                    /usr/lib/jvm/java-7-openjdk-amd64/jre/lib/amd64/libzip.so
7f0752cb7000-7f0752eb6000 ---p 00008000 08:06 3429321                    /usr/lib/jvm/java-7-openjdk-amd64/jre/lib/amd64/libzip.so
7f0752eb6000-7f0752eb7000 r--p 00007000 08:06 3429321                    /usr/lib/jvm/java-7-openjdk-amd64/jre/lib/amd64/libzip.so
7f0752eb7000-7f0752eb8000 rw-p 00008000 08:06 3429321                    /usr/lib/jvm/java-7-openjdk-amd64/jre/lib/amd64/libzip.so
7f0752eb8000-7f0752ec4000 r-xp 00000000 08:06 2228291                    /lib/x86_64-linux-gnu/libnss_files-2.21.so
7f0752ec4000-7f07530c3000 ---p 0000c000 08:06 2228291                    /lib/x86_64-linux-gnu/libnss_files-2.21.so
7f07530c3000-7f07530c4000 r--p 0000b000 08:06 2228291                    /lib/x86_64-linux-gnu/libnss_files-2.21.so
7f07530c4000-7f07530c5000 rw-p 0000c000 08:06 2228291                    /lib/x86_64-linux-gnu/libnss_files-2.21.so
7f07530c5000-7f07530d0000 r-xp 00000000 08:06 2228279                    /lib/x86_64-linux-gnu/libnss_nis-2.21.so
7f07530d0000-7f07532cf000 ---p 0000b000 08:06 2228279                    /lib/x86_64-linux-gnu/libnss_nis-2.21.so
7f07532cf000-7f07532d0000 r--p 0000a000 08:06 2228279                    /lib/x86_64-linux-gnu/libnss_nis-2.21.so
7f07532d0000-7f07532d1000 rw-p 0000b000 08:06 2228279                    /lib/x86_64-linux-gnu/libnss_nis-2.21.so
7f07532d1000-7f07532e8000 r-xp 00000000 08:06 2228297                    /lib/x86_64-linux-gnu/libnsl-2.21.so
7f07532e8000-7f07534e7000 ---p 00017000 08:06 2228297                    /lib/x86_64-linux-gnu/libnsl-2.21.so
7f07534e7000-7f07534e8000 r--p 00016000 08:06 2228297                    /lib/x86_64-linux-gnu/libnsl-2.21.so
7f07534e8000-7f07534e9000 rw-p 00017000 08:06 2228297                    /lib/x86_64-linux-gnu/libnsl-2.21.so
7f07534e9000-7f07534eb000 rw-p 00000000 00:00 0 
7f07534eb000-7f07534f3000 r-xp 00000000 08:06 2228293                    /lib/x86_64-linux-gnu/libnss_compat-2.21.so
7f07534f3000-7f07536f2000 ---p 00008000 08:06 2228293                    /lib/x86_64-linux-gnu/libnss_compat-2.21.so
7f07536f2000-7f07536f3000 r--p 00007000 08:06 2228293                    /lib/x86_64-linux-gnu/libnss_compat-2.21.so
7f07536f3000-7f07536f4000 rw-p 00008000 08:06 2228293                    /lib/x86_64-linux-gnu/libnss_compat-2.21.so
7f07536f4000-7f07536fe000 r-xp 00000000 08:06 3429350                    /usr/lib/jvm/java-7-openjdk-amd64/jre/lib/amd64/libinstrument.so
7f07536fe000-7f07538fd000 ---p 0000a000 08:06 3429350                    /usr/lib/jvm/java-7-openjdk-amd64/jre/lib/amd64/libinstrument.so
7f07538fd000-7f07538fe000 r--p 00009000 08:06 3429350                    /usr/lib/jvm/java-7-openjdk-amd64/jre/lib/amd64/libinstrument.so
7f07538fe000-7f07538ff000 rw-p 0000a000 08:06 3429350                    /usr/lib/jvm/java-7-openjdk-amd64/jre/lib/amd64/libinstrument.so
7f07538ff000-7f075392c000 r-xp 00000000 08:06 3429333                    /usr/lib/jvm/java-7-openjdk-amd64/jre/lib/amd64/libjava.so
7f075392c000-7f0753b2b000 ---p 0002d000 08:06 3429333                    /usr/lib/jvm/java-7-openjdk-amd64/jre/lib/amd64/libjava.so
7f0753b2b000-7f0753b2c000 r--p 0002c000 08:06 3429333                    /usr/lib/jvm/java-7-openjdk-amd64/jre/lib/amd64/libjava.so
7f0753b2c000-7f0753b2e000 rw-p 0002d000 08:06 3429333                    /usr/lib/jvm/java-7-openjdk-amd64/jre/lib/amd64/libjava.so
7f0753b2e000-7f0753b3d000 r-xp 00000000 08:06 3429356                    /usr/lib/jvm/java-7-openjdk-amd64/jre/lib/amd64/libverify.so
7f0753b3d000-7f0753d3c000 ---p 0000f000 08:06 3429356                    /usr/lib/jvm/java-7-openjdk-amd64/jre/lib/amd64/libverify.so
7f0753d3c000-7f0753d3f000 r--p 0000e000 08:06 3429356                    /usr/lib/jvm/java-7-openjdk-amd64/jre/lib/amd64/libverify.so
7f0753d3f000-7f0753d40000 rw-p 00011000 08:06 3429356                    /usr/lib/jvm/java-7-openjdk-amd64/jre/lib/amd64/libverify.so
7f0753d40000-7f0753d47000 r-xp 00000000 08:06 2228298                    /lib/x86_64-linux-gnu/librt-2.21.so
7f0753d47000-7f0753f46000 ---p 00007000 08:06 2228298                    /lib/x86_64-linux-gnu/librt-2.21.so
7f0753f46000-7f0753f47000 r--p 00006000 08:06 2228298                    /lib/x86_64-linux-gnu/librt-2.21.so
7f0753f47000-7f0753f48000 rw-p 00007000 08:06 2228298                    /lib/x86_64-linux-gnu/librt-2.21.so
7f0753f48000-7f0753f5e000 r-xp 00000000 08:06 2235337                    /lib/x86_64-linux-gnu/libgcc_s.so.1
7f0753f5e000-7f075415d000 ---p 00016000 08:06 2235337                    /lib/x86_64-linux-gnu/libgcc_s.so.1
7f075415d000-7f075415e000 rw-p 00015000 08:06 2235337                    /lib/x86_64-linux-gnu/libgcc_s.so.1
7f075415e000-7f0754265000 r-xp 00000000 08:06 2228296                    /lib/x86_64-linux-gnu/libm-2.21.so
7f0754265000-7f0754464000 ---p 00107000 08:06 2228296                    /lib/x86_64-linux-gnu/libm-2.21.so
7f0754464000-7f0754465000 r--p 00106000 08:06 2228296                    /lib/x86_64-linux-gnu/libm-2.21.so
7f0754465000-7f0754466000 rw-p 00107000 08:06 2228296                    /lib/x86_64-linux-gnu/libm-2.21.so
7f0754466000-7f0754556000 r-xp 00000000 08:06 3407907                    /usr/lib/x86_64-linux-gnu/libstdc++.so.6.0.20
7f0754556000-7f0754756000 ---p 000f0000 08:06 3407907                    /usr/lib/x86_64-linux-gnu/libstdc++.so.6.0.20
7f0754756000-7f075475e000 r--p 000f0000 08:06 3407907                    /usr/lib/x86_64-linux-gnu/libstdc++.so.6.0.20
7f075475e000-7f0754760000 rw-p 000f8000 08:06 3407907                    /usr/lib/x86_64-linux-gnu/libstdc++.so.6.0.20
7f0754760000-7f0754775000 rw-p 00000000 00:00 0 
7f0754775000-7f07552d5000 r-xp 00000000 08:06 3429342                    /usr/lib/jvm/java-7-openjdk-amd64/jre/lib/amd64/server/libjvm.so
7f07552d5000-7f07554d5000 ---p 00b60000 08:06 3429342                    /usr/lib/jvm/java-7-openjdk-amd64/jre/lib/amd64/server/libjvm.so
7f07554d5000-7f0755574000 r--p 00b60000 08:06 3429342                    /usr/lib/jvm/java-7-openjdk-amd64/jre/lib/amd64/server/libjvm.so
7f0755574000-7f0755597000 rw-p 00bff000 08:06 3429342                    /usr/lib/jvm/java-7-openjdk-amd64/jre/lib/amd64/server/libjvm.so
7f0755597000-7f07555c4000 rw-p 00000000 00:00 0 
7f07555c4000-7f07555dd000 r-xp 00000000 08:06 2228229                    /lib/x86_64-linux-gnu/libz.so.1.2.8
7f07555dd000-7f07557dd000 ---p 00019000 08:06 2228229                    /lib/x86_64-linux-gnu/libz.so.1.2.8
7f07557dd000-7f07557de000 r--p 00019000 08:06 2228229                    /lib/x86_64-linux-gnu/libz.so.1.2.8
7f07557de000-7f07557df000 rw-p 0001a000 08:06 2228229                    /lib/x86_64-linux-gnu/libz.so.1.2.8
7f07557df000-7f07557f7000 r-xp 00000000 08:06 2228288                    /lib/x86_64-linux-gnu/libpthread-2.21.so
7f07557f7000-7f07559f7000 ---p 00018000 08:06 2228288                    /lib/x86_64-linux-gnu/libpthread-2.21.so
7f07559f7000-7f07559f8000 r--p 00018000 08:06 2228288                    /lib/x86_64-linux-gnu/libpthread-2.21.so
7f07559f8000-7f07559f9000 rw-p 00019000 08:06 2228288                    /lib/x86_64-linux-gnu/libpthread-2.21.so
7f07559f9000-7f07559fd000 rw-p 00000000 00:00 0 
7f07559fd000-7f0755a00000 r-xp 00000000 08:06 2228284                    /lib/x86_64-linux-gnu/libdl-2.21.so
7f0755a00000-7f0755bff000 ---p 00003000 08:06 2228284                    /lib/x86_64-linux-gnu/libdl-2.21.so
7f0755bff000-7f0755c00000 r--p 00002000 08:06 2228284                    /lib/x86_64-linux-gnu/libdl-2.21.so
7f0755c00000-7f0755c01000 rw-p 00003000 08:06 2228284                    /lib/x86_64-linux-gnu/libdl-2.21.so
7f0755c01000-7f0755dc1000 r-xp 00000000 08:06 2228301                    /lib/x86_64-linux-gnu/libc-2.21.so
7f0755dc1000-7f0755fc1000 ---p 001c0000 08:06 2228301                    /lib/x86_64-linux-gnu/libc-2.21.so
7f0755fc1000-7f0755fc5000 r--p 001c0000 08:06 2228301                    /lib/x86_64-linux-gnu/libc-2.21.so
7f0755fc5000-7f0755fc7000 rw-p 001c4000 08:06 2228301                    /lib/x86_64-linux-gnu/libc-2.21.so
7f0755fc7000-7f0755fcb000 rw-p 00000000 00:00 0 
7f0755fcb000-7f0755fd8000 r-xp 00000000 08:06 3429359                    /usr/lib/jvm/java-7-openjdk-amd64/jre/lib/amd64/jli/libjli.so
7f0755fd8000-7f07561d7000 ---p 0000d000 08:06 3429359                    /usr/lib/jvm/java-7-openjdk-amd64/jre/lib/amd64/jli/libjli.so
7f07561d7000-7f07561d8000 r--p 0000c000 08:06 3429359                    /usr/lib/jvm/java-7-openjdk-amd64/jre/lib/amd64/jli/libjli.so
7f07561d8000-7f07561d9000 rw-p 0000d000 08:06 3429359                    /usr/lib/jvm/java-7-openjdk-amd64/jre/lib/amd64/jli/libjli.so
7f07561d9000-7f07561fd000 r-xp 00000000 08:06 2228287                    /lib/x86_64-linux-gnu/ld-2.21.so
7f07561fe000-7f07561ff000 rw-p 00000000 00:00 0 
7f07561ff000-7f0756200000 r--s 00000000 08:06 3809923                    /usr/share/java/jayatanaag.jar
7f0756200000-7f0756221000 rw-p 00000000 00:00 0 
7f0756221000-7f07562d7000 rw-p 00000000 00:00 0 
7f07562d7000-7f07562da000 ---p 00000000 00:00 0 
7f07562da000-7f07563dd000 rw-p 00000000 00:00 0                          [stack:10968]
7f07563dd000-7f07563de000 r--s 00007000 08:06 2133272                    /home/thomas/Bureau/lib/REngine.jar
7f07563de000-7f07563df000 r--s 00002000 08:06 2133271                    /home/thomas/Bureau/lib/JRIEngine.jar
7f07563df000-7f07563e0000 r--s 00013000 08:06 2133265                    /home/thomas/Bureau/lib/JRI.jar
7f07563e0000-7f07563e4000 r--s 00085000 08:06 3429298                    /usr/lib/jvm/java-7-openjdk-amd64/jre/lib/ext/localedata.jar
7f07563e4000-7f07563e5000 r--s 00002000 08:06 3429304                    /usr/lib/jvm/java-7-openjdk-amd64/jre/lib/ext/dnsns.jar
7f07563e5000-7f07563e8000 r--s 0000f000 08:06 3429300                    /usr/lib/jvm/java-7-openjdk-amd64/jre/lib/ext/icedtea-sound.jar
7f07563e8000-7f07563ea000 r--s 00012000 08:06 3429293                    /usr/lib/jvm/java-7-openjdk-amd64/jre/lib/ext/zipfs.jar
7f07563ea000-7f07563ee000 r--s 00034000 08:06 3429301                    /usr/lib/jvm/java-7-openjdk-amd64/jre/lib/ext/sunjce_provider.jar
7f07563ee000-7f07563f0000 r--s 00006000 08:06 3803060                    /usr/share/java/java-atk-wrapper.jar
7f07563f0000-7f07563f8000 rw-s 00000000 08:06 3557639                    /tmp/hsperfdata_thomas/10963
7f07563f8000-7f07563f9000 rw-p 00000000 00:00 0 
7f07563f9000-7f07563fa000 r--p 00000000 00:00 0 
7f07563fa000-7f07563fc000 rw-p 00000000 00:00 0 
7f07563fc000-7f07563fd000 r--p 00023000 08:06 2228287                    /lib/x86_64-linux-gnu/ld-2.21.so
7f07563fd000-7f07563fe000 rw-p 00024000 08:06 2228287                    /lib/x86_64-linux-gnu/ld-2.21.so
7f07563fe000-7f07563ff000 rw-p 00000000 00:00 0 
7fff0b940000-7fff0b961000 rw-p 00000000 00:00 0                          [stack]
7fff0b993000-7fff0b995000 r--p 00000000 00:00 0                          [vvar]
7fff0b995000-7fff0b997000 r-xp 00000000 00:00 0                          [vdso]
ffffffffff600000-ffffffffff601000 r-xp 00000000 00:00 0                  [vsyscall]

VM Arguments:
jvm_args: -javaagent:/usr/share/java/jayatanaag.jar -Dfile.encoding=UTF-8 -Djava.library.path=/home/thomas/R/x86_64-pc-linux-gnu-library/3.1/rJava/jri 
java_command: Interface.Interface
Launcher Type: SUN_STANDARD

Environment Variables:
JAVA_TOOL_OPTIONS=-javaagent:/usr/share/java/jayatanaag.jar 
PATH=/usr/local/sbin:/usr/local/bin:/usr/sbin:/usr/bin:/sbin:/bin:/usr/games:/usr/local/games
LD_LIBRARY_PATH=/usr/lib/jvm/default-java/jre/lib/amd64:/usr/lib/jvm/default-java/jre/lib/i386:
SHELL=/bin/bash
DISPLAY=:0.0

Signal Handlers:
SIGSEGV: [libjvm.so+0x992590], sa_mask[0]=0x7ffbfeff, sa_flags=0x10000004
SIGBUS: [libjvm.so+0x992590], sa_mask[0]=0x7ffbfeff, sa_flags=0x10000004
SIGFPE: [libjvm.so+0x7fec60], sa_mask[0]=0x7ffbfeff, sa_flags=0x10000004
SIGPIPE: [libjvm.so+0x7fec60], sa_mask[0]=0x7ffbfeff, sa_flags=0x10000004
SIGXFSZ: [libjvm.so+0x7fec60], sa_mask[0]=0x7ffbfeff, sa_flags=0x10000004
SIGILL: [libjvm.so+0x7fec60], sa_mask[0]=0x7ffbfeff, sa_flags=0x10000004
SIGUSR1: SIG_DFL, sa_mask[0]=0x00000000, sa_flags=0x00000000
SIGUSR2: [libjvm.so+0x7feae0], sa_mask[0]=0x00000004, sa_flags=0x10000004
SIGHUP: [libjvm.so+0x7fece0], sa_mask[0]=0x7ffbfeff, sa_flags=0x10000004
SIGINT: SIG_IGN, sa_mask[0]=0x00000000, sa_flags=0x00000000
SIGTERM: [libjvm.so+0x7fece0], sa_mask[0]=0x7ffbfeff, sa_flags=0x10000004
SIGQUIT: [libjvm.so+0x7fece0], sa_mask[0]=0x7ffbfeff, sa_flags=0x10000004
SIGTRAP: SIG_DFL, sa_mask[0]=0x00000000, sa_flags=0x00000000


---------------  S Y S T E M  ---------------

OS:Ubuntu 15.04 (vivid)
uname:Linux 3.19.0-16-generic #16-Ubuntu SMP Thu Apr 30 16:09:58 UTC 2015 x86_64
libc:glibc 2.21 NPTL 2.21 
rlimit: STACK 8192k, CORE 0k, NPROC 15645, NOFILE 65536, AS infinity
load average:0,02 0,17 0,23

/proc/meminfo:
MemTotal:        4027580 kB
MemFree:          326760 kB
MemAvailable:    2219492 kB
Buffers:          298420 kB
Cached:          1633976 kB
SwapCached:            0 kB
Active:          2437756 kB
Inactive:         830452 kB
Active(anon):    1336976 kB
Inactive(anon):    42092 kB
Active(file):    1100780 kB
Inactive(file):   788360 kB
Unevictable:          32 kB
Mlocked:              32 kB
SwapTotal:       3998716 kB
SwapFree:        3998716 kB
Dirty:                24 kB
Writeback:             0 kB
AnonPages:       1335948 kB
Mapped:           268100 kB
Shmem:             43256 kB
Slab:             290860 kB
SReclaimable:     256984 kB
SUnreclaim:        33876 kB
KernelStack:        7456 kB
PageTables:        28544 kB
NFS_Unstable:          0 kB
Bounce:                0 kB
WritebackTmp:          0 kB
CommitLimit:     6012504 kB
Committed_AS:    4203144 kB
VmallocTotal:   34359738367 kB
VmallocUsed:      108820 kB
VmallocChunk:   34359616340 kB
HardwareCorrupted:     0 kB
AnonHugePages:    843776 kB
CmaTotal:              0 kB
CmaFree:               0 kB
HugePages_Total:       0
HugePages_Free:        0
HugePages_Rsvd:        0
HugePages_Surp:        0
Hugepagesize:       2048 kB
DirectMap4k:      348536 kB
DirectMap2M:     3827712 kB


CPU:total 4 (2 cores per cpu, 2 threads per core) family 6 model 42 stepping 7, cmov, cx8, fxsr, mmx, sse, sse2, sse3, ssse3, sse4.1, sse4.2, popcnt, avx, aes, ht, tsc, tscinvbit

/proc/cpuinfo:
processor	: 0
vendor_id	: GenuineIntel
cpu family	: 6
model		: 42
model name	: Intel(R) Core(TM) i5-2430M CPU @ 2.40GHz
stepping	: 7
microcode	: 0x14
cpu MHz		: 2799.937
cache size	: 3072 KB
physical id	: 0
siblings	: 4
core id		: 0
cpu cores	: 2
apicid		: 0
initial apicid	: 0
fpu		: yes
fpu_exception	: yes
cpuid level	: 13
wp		: yes
flags		: fpu vme de pse tsc msr pae mce cx8 apic sep mtrr pge mca cmov pat pse36 clflush dts acpi mmx fxsr sse sse2 ss ht tm pbe syscall nx rdtscp lm constant_tsc arch_perfmon pebs bts rep_good nopl xtopology nonstop_tsc aperfmperf eagerfpu pni pclmulqdq dtes64 monitor ds_cpl vmx est tm2 ssse3 cx16 xtpr pdcm pcid sse4_1 sse4_2 x2apic popcnt tsc_deadline_timer aes xsave avx lahf_lm ida arat epb pln pts dtherm tpr_shadow vnmi flexpriority ept vpid xsaveopt
bugs		:
bogomips	: 4789.52
clflush size	: 64
cache_alignment	: 64
address sizes	: 36 bits physical, 48 bits virtual
power management:

processor	: 1
vendor_id	: GenuineIntel
cpu family	: 6
model		: 42
model name	: Intel(R) Core(TM) i5-2430M CPU @ 2.40GHz
stepping	: 7
microcode	: 0x14
cpu MHz		: 2813.625
cache size	: 3072 KB
physical id	: 0
siblings	: 4
core id		: 1
cpu cores	: 2
apicid		: 2
initial apicid	: 2
fpu		: yes
fpu_exception	: yes
cpuid level	: 13
wp		: yes
flags		: fpu vme de pse tsc msr pae mce cx8 apic sep mtrr pge mca cmov pat pse36 clflush dts acpi mmx fxsr sse sse2 ss ht tm pbe syscall nx rdtscp lm constant_tsc arch_perfmon pebs bts rep_good nopl xtopology nonstop_tsc aperfmperf eagerfpu pni pclmulqdq dtes64 monitor ds_cpl vmx est tm2 ssse3 cx16 xtpr pdcm pcid sse4_1 sse4_2 x2apic popcnt tsc_deadline_timer aes xsave avx lahf_lm ida arat epb pln pts dtherm tpr_shadow vnmi flexpriority ept vpid xsaveopt
bugs		:
bogomips	: 4789.52
clflush size	: 64
cache_alignment	: 64
address sizes	: 36 bits physical, 48 bits virtual
power management:

processor	: 2
vendor_id	: GenuineIntel
cpu family	: 6
model		: 42
model name	: Intel(R) Core(TM) i5-2430M CPU @ 2.40GHz
stepping	: 7
microcode	: 0x14
cpu MHz		: 2799.937
cache size	: 3072 KB
physical id	: 0
siblings	: 4
core id		: 0
cpu cores	: 2
apicid		: 1
initial apicid	: 1
fpu		: yes
fpu_exception	: yes
cpuid level	: 13
wp		: yes
flags		: fpu vme de pse tsc msr pae mce cx8 apic sep mtrr pge mca cmov pat pse36 clflush dts acpi mmx fxsr sse sse2 ss ht tm pbe syscall nx rdtscp lm constant_tsc arch_perfmon pebs bts rep_good nopl xtopology nonstop_tsc aperfmperf eagerfpu pni pclmulqdq dtes64 monitor ds_cpl vmx est tm2 ssse3 cx16 xtpr pdcm pcid sse4_1 sse4_2 x2apic popcnt tsc_deadline_timer aes xsave avx lahf_lm ida arat epb pln pts dtherm tpr_shadow vnmi flexpriority ept vpid xsaveopt
bugs		:
bogomips	: 4789.52
clflush size	: 64
cache_alignment	: 64
address sizes	: 36 bits physical, 48 bits virtual
power management:

processor	: 3
vendor_id	: GenuineIntel
cpu family	: 6
model		: 42
model name	: Intel(R) Core(TM) i5-2430M CPU @ 2.40GHz
stepping	: 7
microcode	: 0x14
cpu MHz		: 2811.562
cache size	: 3072 KB
physical id	: 0
siblings	: 4
core id		: 1
cpu cores	: 2
apicid		: 3
initial apicid	: 3
fpu		: yes
fpu_exception	: yes
cpuid level	: 13
wp		: yes
flags		: fpu vme de pse tsc msr pae mce cx8 apic sep mtrr pge mca cmov pat pse36 clflush dts acpi mmx fxsr sse sse2 ss ht tm pbe syscall nx rdtscp lm constant_tsc arch_perfmon pebs bts rep_good nopl xtopology nonstop_tsc aperfmperf eagerfpu pni pclmulqdq dtes64 monitor ds_cpl vmx est tm2 ssse3 cx16 xtpr pdcm pcid sse4_1 sse4_2 x2apic popcnt tsc_deadline_timer aes xsave avx lahf_lm ida arat epb pln pts dtherm tpr_shadow vnmi flexpriority ept vpid xsaveopt
bugs		:
bogomips	: 4789.52
clflush size	: 64
cache_alignment	: 64
address sizes	: 36 bits physical, 48 bits virtual
power management:



Memory: 4k page, physical 4027580k(326760k free), swap 3998716k(3998716k free)

vm_info: OpenJDK 64-Bit Server VM (24.91-b01) for linux-amd64 JRE (1.7.0_91-b02), built on Nov 19 2015 06:08:55 by "buildd" with gcc 4.9.2

time: Thu Jun  2 14:39:16 2016
elapsed time: 0 seconds

