#
# A fatal error has been detected by the Java Runtime Environment:
#
#  SIGSEGV (0xb) at pc=0x00007f345ae88cd1, pid=10317, tid=139863582893824
#
# JRE version: OpenJDK Runtime Environment (7.0_91-b02) (build 1.7.0_91-b02)
# Java VM: OpenJDK 64-Bit Server VM (24.91-b01 mixed mode linux-amd64 compressed oops)
# Derivative: IcedTea 2.6.3
# Distribution: Ubuntu 15.04, package 7u91-2.6.3-0ubuntu0.15.04.1
# Problematic frame:
# C  [libR.so+0xfacd1]
#
# Failed to write core dump. Core dumps have been disabled. To enable core dumping, try "ulimit -c unlimited" before starting Java again
#
# If you would like to submit a bug report, please include
# instructions on how to reproduce the bug and visit:
#   http://icedtea.classpath.org/bugzilla
# The crash happened outside the Java Virtual Machine in native code.
# See problematic frame for where to report the bug.
#

---------------  T H R E A D  ---------------

Current thread (0x00007f348000b000):  JavaThread "main" [_thread_in_native, id=10321, stack(0x00007f34871ce000,0x00007f34872cf000)]

siginfo:si_signo=SIGSEGV: si_errno=0, si_code=1 (SEGV_MAPERR), si_addr=0x0000000000000018

Registers:
RAX=0x0000000000000160, RBX=0x0000000000000028, RCX=0x00007f34801fb508, RDX=0x00007f345b1d2cc0
RSP=0x00007f34872cd730, RBP=0x0000000000000030, RSI=0x0000000000000000, RDI=0x0000000000000003
R8 =0x0000000000000000, R9 =0x00007f345b1d2f70, R10=0x00007f345b1d2e30, R11=0x00007f3480000078
R12=0x0000000000000001, R13=0x00007f34801fb500, R14=0x0000000000000001, R15=0x00007f345b1d2e30
RIP=0x00007f345ae88cd1, EFLAGS=0x0000000000010206, CSGSFS=0x0000000000000033, ERR=0x0000000000000004
  TRAPNO=0x000000000000000e

Top of Stack: (sp=0x00007f34872cd730)
0x00007f34872cd730:   00007f348000b000 0000000000000000
0x00007f34872cd740:   0000000000000001 0000000000000010
0x00007f34872cd750:   0000000000000001 00007f345ae8a2c1
0x00007f34872cd760:   0000000000000001 00007f345b1d2cc0
0x00007f34872cd770:   00007f34801fb4e0 0000000000000000
0x00007f34872cd780:   00007f348649c258 00007f348000b1d8
0x00007f34872cd790:   0000000000000001 00007f34801fb4e0
0x00007f34872cd7a0:   00007f34872cd8b0 00007f34872cd8b8
0x00007f34872cd7b0:   00007f348000b000 00007f345b2b468b
0x00007f34872cd7c0:   00007f348000b1d8 00000000b84e0e50
0x00007f34872cd7d0:   0000000000000001 0000000000000000
0x00007f34872cd7e0:   00000000b84e0e50 00007f345b2b3410
0x00007f34872cd7f0:   00000000b84e0e50 3defe71be64b2400
0x00007f34872cd800:   00007f34872cd888 00000000b84e0e50
0x00007f34872cd810:   00007f34872cd888 00007f347c9f178f
0x00007f34872cd820:   00007f348000bb68 00007f348000bb78
0x00007f34872cd830:   00007f348000bb80 0000000000000000
0x00007f34872cd840:   00000000eb9233a8 00007f34872cd838
0x00007f34872cd850:   00000000b84e0e50 00007f34872cd8b8
0x00007f34872cd860:   00000000b84e63c0 0000000000000000
0x00007f34872cd870:   00000000b84e0e50 0000000000000000
0x00007f34872cd880:   00007f34872cd8a8 00007f34872cd910
0x00007f34872cd890:   00007f347c9e4175 0000000000000000
0x00007f34872cd8a0:   00007f347c9eccd7 0000000000000001
0x00007f34872cd8b0:   00000000eb928610 00000000eb9233a8
0x00007f34872cd8c0:   0000000000000000 00000000eb9233a8
0x00007f34872cd8d0:   00007f34872cd8c0 00000000b84e406d
0x00007f34872cd8e0:   00007f34872cd970 00000000b84e63c0
0x00007f34872cd8f0:   0000000000000000 00000000b84e4150
0x00007f34872cd900:   00007f34872cd8a8 00007f34872cd960
0x00007f34872cd910:   00007f34872cd9c8 00007f347c9e4233
0x00007f34872cd920:   0000000000000000 0000000000000000 

Instructions: (pc=0x00007f345ae88cd1)
0x00007f345ae88cb1:   8d 54 02 10 49 8b 49 08 41 83 41 04 01 85 db 4d
0x00007f345ae88cc1:   89 69 08 49 8b 32 49 89 4d 00 49 8d 4d 08 74 4e
0x00007f345ae88cd1:   48 8b 56 18 44 89 e7 45 31 c0 8b 05 3f ab 34 00
0x00007f345ae88ce1:   c1 e7 05 0f 1f 40 00 48 89 71 10 41 83 01 01 41 

Register to memory mapping:

RAX=0x0000000000000160 is an unknown value
RBX=0x0000000000000028 is an unknown value
RCX=0x00007f34801fb508 is an unknown value
RDX=0x00007f345b1d2cc0: <offset 0x444cc0> in /usr/lib/libR.so at 0x00007f345ad8e000
RSP=0x00007f34872cd730 is pointing into the stack for thread: 0x00007f348000b000
RBP=0x0000000000000030 is an unknown value
RSI=0x0000000000000000 is an unknown value
RDI=0x0000000000000003 is an unknown value
R8 =0x0000000000000000 is an unknown value
R9 =0x00007f345b1d2f70: <offset 0x444f70> in /usr/lib/libR.so at 0x00007f345ad8e000
R10=0x00007f345b1d2e30: <offset 0x444e30> in /usr/lib/libR.so at 0x00007f345ad8e000
R11=0x00007f3480000078 is an unknown value
R12=0x0000000000000001 is an unknown value
R13=0x00007f34801fb500 is an unknown value
R14=0x0000000000000001 is an unknown value
R15=0x00007f345b1d2e30: <offset 0x444e30> in /usr/lib/libR.so at 0x00007f345ad8e000


Stack: [0x00007f34871ce000,0x00007f34872cf000],  sp=0x00007f34872cd730,  free space=1021k
Native frames: (J=compiled Java code, j=interpreted, Vv=VM code, C=native code)
C  [libR.so+0xfacd1]

[error occurred during error reporting (printing native stack), id 0xb]

Java frames: (J=compiled Java code, j=interpreted, Vv=VM code)
j  org.rosuda.JRI.Rengine.rniParse(Ljava/lang/String;I)J+0
j  org.rosuda.JRI.Rengine.eval(Ljava/lang/String;Z)Lorg/rosuda/JRI/REXP;+53
j  org.rosuda.JRI.Rengine.eval(Ljava/lang/String;)Lorg/rosuda/JRI/REXP;+3
j  Interface.Interface.main([Ljava/lang/String;)V+25
v  ~StubRoutines::call_stub

---------------  P R O C E S S  ---------------

Java Threads: ( => current thread )
  0x00007f34801f7000 JavaThread "Thread-0" [_thread_blocked, id=10335, stack(0x00007f3459ce8000,0x00007f3459de9000)]
  0x00007f34801e3800 JavaThread "Service Thread" daemon [_thread_blocked, id=10333, stack(0x00007f345b5ba000,0x00007f345b6bb000)]
  0x00007f34801da800 JavaThread "C2 CompilerThread1" daemon [_thread_blocked, id=10332, stack(0x00007f345b6bb000,0x00007f345b7bc000)]
  0x00007f34801d8800 JavaThread "C2 CompilerThread0" daemon [_thread_blocked, id=10331, stack(0x00007f345b7bc000,0x00007f345b8bd000)]
  0x00007f348016f800 JavaThread "Signal Dispatcher" daemon [_thread_blocked, id=10330, stack(0x00007f346c47d000,0x00007f346c57e000)]
  0x00007f3480144800 JavaThread "Finalizer" daemon [_thread_blocked, id=10329, stack(0x00007f346c84c000,0x00007f346c94d000)]
  0x00007f3480142800 JavaThread "Reference Handler" daemon [_thread_blocked, id=10328, stack(0x00007f346c94d000,0x00007f346ca4e000)]
=>0x00007f348000b000 JavaThread "main" [_thread_in_native, id=10321, stack(0x00007f34871ce000,0x00007f34872cf000)]

Other Threads:
  0x00007f348013e000 VMThread [stack: 0x00007f346ca4e000,0x00007f346cb4f000] [id=10327]
  0x00007f34801ee800 WatcherThread [stack: 0x00007f345b4b9000,0x00007f345b5ba000] [id=10334]

VM state:not at safepoint (normal execution)

VM Mutex/Monitor currently owned by a thread: None

Heap
 PSYoungGen      total 18432K, used 1614K [0x00000000eb800000, 0x00000000ecc80000, 0x0000000100000000)
  eden space 15872K, 10% used [0x00000000eb800000,0x00000000eb9938f8,0x00000000ec780000)
  from space 2560K, 0% used [0x00000000eca00000,0x00000000eca00000,0x00000000ecc80000)
  to   space 2560K, 0% used [0x00000000ec780000,0x00000000ec780000,0x00000000eca00000)
 ParOldGen       total 41984K, used 0K [0x00000000c2800000, 0x00000000c5100000, 0x00000000eb800000)
  object space 41984K, 0% used [0x00000000c2800000,0x00000000c2800000,0x00000000c5100000)
 PSPermGen       total 21504K, used 3018K [0x00000000b8200000, 0x00000000b9700000, 0x00000000c2800000)
  object space 21504K, 14% used [0x00000000b8200000,0x00000000b84f2938,0x00000000b9700000)

Card table byte_map: [0x00007f347c79e000,0x00007f347c9de000] byte_map_base: 0x00007f347c1dd000

Polling page: 0x00007f34872f0000

Code Cache  [0x00007f347c9de000, 0x00007f347cc4e000, 0x00007f347f9de000)
 total_blobs=172 nmethods=0 adapters=141 free_code_cache=48771Kb largest_free_block=49941504

Compilation events (0 events):
No events

GC Heap History (0 events):
No events

Deoptimization events (0 events):
No events

Internal exceptions (8 events):
Event: 0,043 Thread 0x00007f348000b000 Threw 0x00000000eb80f140 at /build/openjdk-7-1hyu6m/openjdk-7-7u91-2.6.3/build/openjdk/hotspot/src/share/vm/prims/jni.cpp:4027
Event: 0,082 Thread 0x00007f348000b000 Threw 0x00000000eb8bf500 at /build/openjdk-7-1hyu6m/openjdk-7-7u91-2.6.3/build/openjdk/hotspot/src/share/vm/prims/jni.cpp:721
Event: 0,082 Thread 0x00007f348000b000 Threw 0x00000000eb8bfbd0 at /build/openjdk-7-1hyu6m/openjdk-7-7u91-2.6.3/build/openjdk/hotspot/src/share/vm/prims/jvm.cpp:1322
Event: 0,082 Thread 0x00007f348000b000 Threw 0x00000000eb8bfcf8 at /build/openjdk-7-1hyu6m/openjdk-7-7u91-2.6.3/build/openjdk/hotspot/src/share/vm/prims/jvm.cpp:1322
Event: 0,082 Thread 0x00007f348000b000 Threw 0x00000000eb8c2888 at /build/openjdk-7-1hyu6m/openjdk-7-7u91-2.6.3/build/openjdk/hotspot/src/share/vm/prims/jvm.cpp:1322
Event: 0,095 Thread 0x00007f348000b000 Threw 0x00000000eb90d950 at /build/openjdk-7-1hyu6m/openjdk-7-7u91-2.6.3/build/openjdk/hotspot/src/share/vm/prims/jvm.cpp:1322
Event: 0,096 Thread 0x00007f348000b000 Threw 0x00000000eb9127d0 at /build/openjdk-7-1hyu6m/openjdk-7-7u91-2.6.3/build/openjdk/hotspot/src/share/vm/prims/jvm.cpp:1322
Event: 0,099 Thread 0x00007f348000b000 Threw 0x00000000eb924018 at /build/openjdk-7-1hyu6m/openjdk-7-7u91-2.6.3/build/openjdk/hotspot/src/share/vm/prims/jvm.cpp:1322

Events (10 events):
Event: 0,102 loading class 0x00007f348006e000
Event: 0,102 loading class 0x00007f348006e000 done
Event: 0,102 loading class 0x00007f347c1425e0
Event: 0,102 loading class 0x00007f347c1425e0 done
Event: 0,102 loading class 0x00007f348006e400
Event: 0,103 loading class 0x00007f348006e460
Event: 0,103 loading class 0x00007f348006e460 done
Event: 0,103 loading class 0x00007f348006e400 done
Event: 0,103 loading class 0x00007f348006e430
Event: 0,103 loading class 0x00007f348006e430 done


Dynamic libraries:
00400000-00401000 r-xp 00000000 08:06 3410925                            /usr/lib/jvm/java-7-openjdk-amd64/jre/bin/java
00600000-00601000 r--p 00000000 08:06 3410925                            /usr/lib/jvm/java-7-openjdk-amd64/jre/bin/java
00601000-00602000 rw-p 00001000 08:06 3410925                            /usr/lib/jvm/java-7-openjdk-amd64/jre/bin/java
0205c000-0207d000 rw-p 00000000 00:00 0                                  [heap]
b8200000-b9700000 rw-p 00000000 00:00 0 
b9700000-c2800000 rw-p 00000000 00:00 0 
c2800000-c5100000 rw-p 00000000 00:00 0 
c5100000-eb800000 rw-p 00000000 00:00 0 
eb800000-ecc80000 rw-p 00000000 00:00 0 
ecc80000-100000000 rw-p 00000000 00:00 0 
7f3440000000-7f3440021000 rw-p 00000000 00:00 0 
7f3440021000-7f3444000000 ---p 00000000 00:00 0 
7f3444000000-7f3444021000 rw-p 00000000 00:00 0 
7f3444021000-7f3448000000 ---p 00000000 00:00 0 
7f3448000000-7f3448021000 rw-p 00000000 00:00 0 
7f3448021000-7f344c000000 ---p 00000000 00:00 0 
7f344c000000-7f344c021000 rw-p 00000000 00:00 0 
7f344c021000-7f3450000000 ---p 00000000 00:00 0 
7f3450000000-7f3450021000 rw-p 00000000 00:00 0 
7f3450021000-7f3454000000 ---p 00000000 00:00 0 
7f3454000000-7f3454021000 rw-p 00000000 00:00 0 
7f3454021000-7f3458000000 ---p 00000000 00:00 0 
7f3459ce8000-7f3459ceb000 ---p 00000000 00:00 0 
7f3459ceb000-7f3459de9000 rw-p 00000000 00:00 0                          [stack:10335]
7f3459de9000-7f3459e0e000 r-xp 00000000 08:06 2232368                    /lib/x86_64-linux-gnu/libtinfo.so.5.9
7f3459e0e000-7f345a00d000 ---p 00025000 08:06 2232368                    /lib/x86_64-linux-gnu/libtinfo.so.5.9
7f345a00d000-7f345a011000 r--p 00024000 08:06 2232368                    /lib/x86_64-linux-gnu/libtinfo.so.5.9
7f345a011000-7f345a012000 rw-p 00028000 08:06 2232368                    /lib/x86_64-linux-gnu/libtinfo.so.5.9
7f345a012000-7f345a028000 r-xp 00000000 08:06 3410384                    /usr/lib/x86_64-linux-gnu/libgomp.so.1.0.0
7f345a028000-7f345a227000 ---p 00016000 08:06 3410384                    /usr/lib/x86_64-linux-gnu/libgomp.so.1.0.0
7f345a227000-7f345a228000 r--p 00015000 08:06 3410384                    /usr/lib/x86_64-linux-gnu/libgomp.so.1.0.0
7f345a228000-7f345a229000 rw-p 00016000 08:06 3410384                    /usr/lib/x86_64-linux-gnu/libgomp.so.1.0.0
7f345a229000-7f345a238000 r-xp 00000000 08:06 2232395                    /lib/x86_64-linux-gnu/libbz2.so.1.0.4
7f345a238000-7f345a437000 ---p 0000f000 08:06 2232395                    /lib/x86_64-linux-gnu/libbz2.so.1.0.4
7f345a437000-7f345a438000 r--p 0000e000 08:06 2232395                    /lib/x86_64-linux-gnu/libbz2.so.1.0.4
7f345a438000-7f345a439000 rw-p 0000f000 08:06 2232395                    /lib/x86_64-linux-gnu/libbz2.so.1.0.4
7f345a439000-7f345a45a000 r-xp 00000000 08:06 2232463                    /lib/x86_64-linux-gnu/liblzma.so.5.0.0
7f345a45a000-7f345a659000 ---p 00021000 08:06 2232463                    /lib/x86_64-linux-gnu/liblzma.so.5.0.0
7f345a659000-7f345a65a000 r--p 00020000 08:06 2232463                    /lib/x86_64-linux-gnu/liblzma.so.5.0.0
7f345a65a000-7f345a65b000 rw-p 00021000 08:06 2232463                    /lib/x86_64-linux-gnu/liblzma.so.5.0.0
7f345a65b000-7f345a6c7000 r-xp 00000000 08:06 2239920                    /lib/x86_64-linux-gnu/libpcre.so.3.13.1
7f345a6c7000-7f345a8c6000 ---p 0006c000 08:06 2239920                    /lib/x86_64-linux-gnu/libpcre.so.3.13.1
7f345a8c6000-7f345a8c7000 r--p 0006b000 08:06 2239920                    /lib/x86_64-linux-gnu/libpcre.so.3.13.1
7f345a8c7000-7f345a8c8000 rw-p 0006c000 08:06 2239920                    /lib/x86_64-linux-gnu/libpcre.so.3.13.1
7f345a8c8000-7f345a905000 r-xp 00000000 08:06 2232545                    /lib/x86_64-linux-gnu/libreadline.so.6.3
7f345a905000-7f345ab05000 ---p 0003d000 08:06 2232545                    /lib/x86_64-linux-gnu/libreadline.so.6.3
7f345ab05000-7f345ab07000 r--p 0003d000 08:06 2232545                    /lib/x86_64-linux-gnu/libreadline.so.6.3
7f345ab07000-7f345ab0d000 rw-p 0003f000 08:06 2232545                    /lib/x86_64-linux-gnu/libreadline.so.6.3
7f345ab0d000-7f345ab0e000 rw-p 00000000 00:00 0 
7f345ab0e000-7f345ab8d000 r-xp 00000000 08:06 3408050                    /usr/lib/libblas/libblas.so.3.0
7f345ab8d000-7f345ad8c000 ---p 0007f000 08:06 3408050                    /usr/lib/libblas/libblas.so.3.0
7f345ad8c000-7f345ad8d000 r--p 0007e000 08:06 3408050                    /usr/lib/libblas/libblas.so.3.0
7f345ad8d000-7f345ad8e000 rw-p 0007f000 08:06 3408050                    /usr/lib/libblas/libblas.so.3.0
7f345ad8e000-7f345afb5000 r-xp 00000000 08:06 3556772                    /usr/lib/R/lib/libR.so
7f345afb5000-7f345b1b4000 ---p 00227000 08:06 3556772                    /usr/lib/R/lib/libR.so
7f345b1b4000-7f345b1b9000 r--p 00226000 08:06 3556772                    /usr/lib/R/lib/libR.so
7f345b1b9000-7f345b1c3000 rw-p 0022b000 08:06 3556772                    /usr/lib/R/lib/libR.so
7f345b1c3000-7f345b2af000 rw-p 00000000 00:00 0 
7f345b2af000-7f345b2b8000 r-xp 00000000 08:06 2902138                    /home/thomas/R/x86_64-pc-linux-gnu-library/3.1/rJava/jri/libjri.so
7f345b2b8000-7f345b4b7000 ---p 00009000 08:06 2902138                    /home/thomas/R/x86_64-pc-linux-gnu-library/3.1/rJava/jri/libjri.so
7f345b4b7000-7f345b4b8000 r--p 00008000 08:06 2902138                    /home/thomas/R/x86_64-pc-linux-gnu-library/3.1/rJava/jri/libjri.so
7f345b4b8000-7f345b4b9000 rw-p 00009000 08:06 2902138                    /home/thomas/R/x86_64-pc-linux-gnu-library/3.1/rJava/jri/libjri.so
7f345b4b9000-7f345b4ba000 ---p 00000000 00:00 0 
7f345b4ba000-7f345b5ba000 rw-p 00000000 00:00 0                          [stack:10334]
7f345b5ba000-7f345b5bd000 ---p 00000000 00:00 0 
7f345b5bd000-7f345b6bb000 rw-p 00000000 00:00 0                          [stack:10333]
7f345b6bb000-7f345b6be000 ---p 00000000 00:00 0 
7f345b6be000-7f345b7bc000 rw-p 00000000 00:00 0                          [stack:10332]
7f345b7bc000-7f345b7bf000 ---p 00000000 00:00 0 
7f345b7bf000-7f345b8bd000 rw-p 00000000 00:00 0                          [stack:10331]
7f345b8bd000-7f345b8c2000 r-xp 00000000 08:06 3416478                    /usr/lib/x86_64-linux-gnu/libXdmcp.so.6.0.0
7f345b8c2000-7f345bac1000 ---p 00005000 08:06 3416478                    /usr/lib/x86_64-linux-gnu/libXdmcp.so.6.0.0
7f345bac1000-7f345bac2000 r--p 00004000 08:06 3416478                    /usr/lib/x86_64-linux-gnu/libXdmcp.so.6.0.0
7f345bac2000-7f345bac3000 rw-p 00005000 08:06 3416478                    /usr/lib/x86_64-linux-gnu/libXdmcp.so.6.0.0
7f345bac3000-7f345bac5000 r-xp 00000000 08:06 3416467                    /usr/lib/x86_64-linux-gnu/libXau.so.6.0.0
7f345bac5000-7f345bcc5000 ---p 00002000 08:06 3416467                    /usr/lib/x86_64-linux-gnu/libXau.so.6.0.0
7f345bcc5000-7f345bcc6000 r--p 00002000 08:06 3416467                    /usr/lib/x86_64-linux-gnu/libXau.so.6.0.0
7f345bcc6000-7f345bcc7000 rw-p 00003000 08:06 3416467                    /usr/lib/x86_64-linux-gnu/libXau.so.6.0.0
7f345bcc7000-7f345bdfa000 r-xp 00000000 08:06 3416463                    /usr/lib/x86_64-linux-gnu/libX11.so.6.3.0
7f345bdfa000-7f345bffa000 ---p 00133000 08:06 3416463                    /usr/lib/x86_64-linux-gnu/libX11.so.6.3.0
7f345bffa000-7f345bffb000 r--p 00133000 08:06 3416463                    /usr/lib/x86_64-linux-gnu/libX11.so.6.3.0
7f345bffb000-7f345bfff000 rw-p 00134000 08:06 3416463                    /usr/lib/x86_64-linux-gnu/libX11.so.6.3.0
7f345bfff000-7f345c000000 rw-p 00000000 00:00 0 
7f345c000000-7f345c021000 rw-p 00000000 00:00 0 
7f345c021000-7f3460000000 ---p 00000000 00:00 0 
7f3460000000-7f3460021000 rw-p 00000000 00:00 0 
7f3460021000-7f3464000000 ---p 00000000 00:00 0 
7f3464000000-7f3464021000 rw-p 00000000 00:00 0 
7f3464021000-7f3468000000 ---p 00000000 00:00 0 
7f3468000000-7f3468021000 rw-p 00000000 00:00 0 
7f3468021000-7f346c000000 ---p 00000000 00:00 0 
7f346c05b000-7f346c078000 r-xp 00000000 08:06 3417587                    /usr/lib/x86_64-linux-gnu/libxcb.so.1.1.0
7f346c078000-7f346c278000 ---p 0001d000 08:06 3417587                    /usr/lib/x86_64-linux-gnu/libxcb.so.1.1.0
7f346c278000-7f346c279000 r--p 0001d000 08:06 3417587                    /usr/lib/x86_64-linux-gnu/libxcb.so.1.1.0
7f346c279000-7f346c27a000 rw-p 0001e000 08:06 3417587                    /usr/lib/x86_64-linux-gnu/libxcb.so.1.1.0
7f346c27a000-7f346c27c000 r-xp 00000000 08:06 3408461                    /usr/lib/jayatana/libjayatanaag.so
7f346c27c000-7f346c47b000 ---p 00002000 08:06 3408461                    /usr/lib/jayatana/libjayatanaag.so
7f346c47b000-7f346c47c000 r--p 00001000 08:06 3408461                    /usr/lib/jayatana/libjayatanaag.so
7f346c47c000-7f346c47d000 rw-p 00002000 08:06 3408461                    /usr/lib/jayatana/libjayatanaag.so
7f346c47d000-7f346c480000 ---p 00000000 00:00 0 
7f346c480000-7f346c57e000 rw-p 00000000 00:00 0                          [stack:10330]
7f346c57e000-7f346c84c000 r--p 00000000 08:06 3409623                    /usr/lib/locale/locale-archive
7f346c84c000-7f346c84f000 ---p 00000000 00:00 0 
7f346c84f000-7f346c94d000 rw-p 00000000 00:00 0                          [stack:10329]
7f346c94d000-7f346c950000 ---p 00000000 00:00 0 
7f346c950000-7f346ca4e000 rw-p 00000000 00:00 0                          [stack:10328]
7f346ca4e000-7f346ca4f000 ---p 00000000 00:00 0 
7f346ca4f000-7f346da5e000 rw-p 00000000 00:00 0                          [stack:10327]
7f346da5e000-7f346dc10000 r--s 01d2e000 08:06 3429307                    /usr/lib/jvm/java-7-openjdk-amd64/jre/lib/rt.jar
7f346dc10000-7f3470000000 rw-p 00000000 00:00 0 
7f3470000000-7f3470021000 rw-p 00000000 00:00 0 
7f3470021000-7f3474000000 ---p 00000000 00:00 0 
7f3474000000-7f3474021000 rw-p 00000000 00:00 0 
7f3474021000-7f3478000000 ---p 00000000 00:00 0 
7f3478000000-7f3478021000 rw-p 00000000 00:00 0 
7f3478021000-7f347c000000 ---p 00000000 00:00 0 
7f347c041000-7f347c39a000 rw-p 00000000 00:00 0 
7f347c39a000-7f347c39b000 ---p 00000000 00:00 0 
7f347c39b000-7f347c49b000 rw-p 00000000 00:00 0                          [stack:10326]
7f347c49b000-7f347c49c000 ---p 00000000 00:00 0 
7f347c49c000-7f347c59c000 rw-p 00000000 00:00 0                          [stack:10325]
7f347c59c000-7f347c59d000 ---p 00000000 00:00 0 
7f347c59d000-7f347c69d000 rw-p 00000000 00:00 0                          [stack:10324]
7f347c69d000-7f347c69e000 ---p 00000000 00:00 0 
7f347c69e000-7f347c7a9000 rw-p 00000000 00:00 0                          [stack:10323]
7f347c7a9000-7f347c7f1000 rw-p 00000000 00:00 0 
7f347c7f1000-7f347c806000 rw-p 00000000 00:00 0 
7f347c806000-7f347c939000 rw-p 00000000 00:00 0 
7f347c939000-7f347c944000 rw-p 00000000 00:00 0 
7f347c944000-7f347c9dd000 rw-p 00000000 00:00 0 
7f347c9dd000-7f347c9de000 rw-p 00000000 00:00 0 
7f347c9de000-7f347cc4e000 rwxp 00000000 00:00 0 
7f347cc4e000-7f347f9de000 rw-p 00000000 00:00 0 
7f347f9de000-7f347f9e6000 r-xp 00000000 08:06 3429321                    /usr/lib/jvm/java-7-openjdk-amd64/jre/lib/amd64/libzip.so
7f347f9e6000-7f347fbe5000 ---p 00008000 08:06 3429321                    /usr/lib/jvm/java-7-openjdk-amd64/jre/lib/amd64/libzip.so
7f347fbe5000-7f347fbe6000 r--p 00007000 08:06 3429321                    /usr/lib/jvm/java-7-openjdk-amd64/jre/lib/amd64/libzip.so
7f347fbe6000-7f347fbe7000 rw-p 00008000 08:06 3429321                    /usr/lib/jvm/java-7-openjdk-amd64/jre/lib/amd64/libzip.so
7f347fbe7000-7f347fbf3000 r-xp 00000000 08:06 2228291                    /lib/x86_64-linux-gnu/libnss_files-2.21.so
7f347fbf3000-7f347fdf2000 ---p 0000c000 08:06 2228291                    /lib/x86_64-linux-gnu/libnss_files-2.21.so
7f347fdf2000-7f347fdf3000 r--p 0000b000 08:06 2228291                    /lib/x86_64-linux-gnu/libnss_files-2.21.so
7f347fdf3000-7f347fdf4000 rw-p 0000c000 08:06 2228291                    /lib/x86_64-linux-gnu/libnss_files-2.21.so
7f347fdf4000-7f347fdff000 r-xp 00000000 08:06 2228279                    /lib/x86_64-linux-gnu/libnss_nis-2.21.so
7f347fdff000-7f347fffe000 ---p 0000b000 08:06 2228279                    /lib/x86_64-linux-gnu/libnss_nis-2.21.so
7f347fffe000-7f347ffff000 r--p 0000a000 08:06 2228279                    /lib/x86_64-linux-gnu/libnss_nis-2.21.so
7f347ffff000-7f3480000000 rw-p 0000b000 08:06 2228279                    /lib/x86_64-linux-gnu/libnss_nis-2.21.so
7f3480000000-7f3480212000 rw-p 00000000 00:00 0 
7f3480212000-7f3484000000 ---p 00000000 00:00 0 
7f3484029000-7f348402d000 r--s 0003c000 08:06 3429302                    /usr/lib/jvm/java-7-openjdk-amd64/jre/lib/ext/sunpkcs11.jar
7f348402d000-7f3484038000 rw-p 00000000 00:00 0 
7f3484038000-7f3484080000 rw-p 00000000 00:00 0 
7f3484080000-7f3484095000 rw-p 00000000 00:00 0 
7f3484095000-7f34841c8000 rw-p 00000000 00:00 0 
7f34841c8000-7f34841df000 r-xp 00000000 08:06 2228297                    /lib/x86_64-linux-gnu/libnsl-2.21.so
7f34841df000-7f34843de000 ---p 00017000 08:06 2228297                    /lib/x86_64-linux-gnu/libnsl-2.21.so
7f34843de000-7f34843df000 r--p 00016000 08:06 2228297                    /lib/x86_64-linux-gnu/libnsl-2.21.so
7f34843df000-7f34843e0000 rw-p 00017000 08:06 2228297                    /lib/x86_64-linux-gnu/libnsl-2.21.so
7f34843e0000-7f34843e2000 rw-p 00000000 00:00 0 
7f34843e2000-7f34843ea000 r-xp 00000000 08:06 2228293                    /lib/x86_64-linux-gnu/libnss_compat-2.21.so
7f34843ea000-7f34845e9000 ---p 00008000 08:06 2228293                    /lib/x86_64-linux-gnu/libnss_compat-2.21.so
7f34845e9000-7f34845ea000 r--p 00007000 08:06 2228293                    /lib/x86_64-linux-gnu/libnss_compat-2.21.so
7f34845ea000-7f34845eb000 rw-p 00008000 08:06 2228293                    /lib/x86_64-linux-gnu/libnss_compat-2.21.so
7f34845eb000-7f34845f5000 r-xp 00000000 08:06 3429350                    /usr/lib/jvm/java-7-openjdk-amd64/jre/lib/amd64/libinstrument.so
7f34845f5000-7f34847f4000 ---p 0000a000 08:06 3429350                    /usr/lib/jvm/java-7-openjdk-amd64/jre/lib/amd64/libinstrument.so
7f34847f4000-7f34847f5000 r--p 00009000 08:06 3429350                    /usr/lib/jvm/java-7-openjdk-amd64/jre/lib/amd64/libinstrument.so
7f34847f5000-7f34847f6000 rw-p 0000a000 08:06 3429350                    /usr/lib/jvm/java-7-openjdk-amd64/jre/lib/amd64/libinstrument.so
7f34847f6000-7f3484823000 r-xp 00000000 08:06 3429333                    /usr/lib/jvm/java-7-openjdk-amd64/jre/lib/amd64/libjava.so
7f3484823000-7f3484a22000 ---p 0002d000 08:06 3429333                    /usr/lib/jvm/java-7-openjdk-amd64/jre/lib/amd64/libjava.so
7f3484a22000-7f3484a23000 r--p 0002c000 08:06 3429333                    /usr/lib/jvm/java-7-openjdk-amd64/jre/lib/amd64/libjava.so
7f3484a23000-7f3484a25000 rw-p 0002d000 08:06 3429333                    /usr/lib/jvm/java-7-openjdk-amd64/jre/lib/amd64/libjava.so
7f3484a25000-7f3484a34000 r-xp 00000000 08:06 3429356                    /usr/lib/jvm/java-7-openjdk-amd64/jre/lib/amd64/libverify.so
7f3484a34000-7f3484c33000 ---p 0000f000 08:06 3429356                    /usr/lib/jvm/java-7-openjdk-amd64/jre/lib/amd64/libverify.so
7f3484c33000-7f3484c36000 r--p 0000e000 08:06 3429356                    /usr/lib/jvm/java-7-openjdk-amd64/jre/lib/amd64/libverify.so
7f3484c36000-7f3484c37000 rw-p 00011000 08:06 3429356                    /usr/lib/jvm/java-7-openjdk-amd64/jre/lib/amd64/libverify.so
7f3484c37000-7f3484c3e000 r-xp 00000000 08:06 2228298                    /lib/x86_64-linux-gnu/librt-2.21.so
7f3484c3e000-7f3484e3d000 ---p 00007000 08:06 2228298                    /lib/x86_64-linux-gnu/librt-2.21.so
7f3484e3d000-7f3484e3e000 r--p 00006000 08:06 2228298                    /lib/x86_64-linux-gnu/librt-2.21.so
7f3484e3e000-7f3484e3f000 rw-p 00007000 08:06 2228298                    /lib/x86_64-linux-gnu/librt-2.21.so
7f3484e3f000-7f3484e55000 r-xp 00000000 08:06 2235337                    /lib/x86_64-linux-gnu/libgcc_s.so.1
7f3484e55000-7f3485054000 ---p 00016000 08:06 2235337                    /lib/x86_64-linux-gnu/libgcc_s.so.1
7f3485054000-7f3485055000 rw-p 00015000 08:06 2235337                    /lib/x86_64-linux-gnu/libgcc_s.so.1
7f3485055000-7f348515c000 r-xp 00000000 08:06 2228296                    /lib/x86_64-linux-gnu/libm-2.21.so
7f348515c000-7f348535b000 ---p 00107000 08:06 2228296                    /lib/x86_64-linux-gnu/libm-2.21.so
7f348535b000-7f348535c000 r--p 00106000 08:06 2228296                    /lib/x86_64-linux-gnu/libm-2.21.so
7f348535c000-7f348535d000 rw-p 00107000 08:06 2228296                    /lib/x86_64-linux-gnu/libm-2.21.so
7f348535d000-7f348544d000 r-xp 00000000 08:06 3407907                    /usr/lib/x86_64-linux-gnu/libstdc++.so.6.0.20
7f348544d000-7f348564d000 ---p 000f0000 08:06 3407907                    /usr/lib/x86_64-linux-gnu/libstdc++.so.6.0.20
7f348564d000-7f3485655000 r--p 000f0000 08:06 3407907                    /usr/lib/x86_64-linux-gnu/libstdc++.so.6.0.20
7f3485655000-7f3485657000 rw-p 000f8000 08:06 3407907                    /usr/lib/x86_64-linux-gnu/libstdc++.so.6.0.20
7f3485657000-7f348566c000 rw-p 00000000 00:00 0 
7f348566c000-7f34861cc000 r-xp 00000000 08:06 3429342                    /usr/lib/jvm/java-7-openjdk-amd64/jre/lib/amd64/server/libjvm.so
7f34861cc000-7f34863cc000 ---p 00b60000 08:06 3429342                    /usr/lib/jvm/java-7-openjdk-amd64/jre/lib/amd64/server/libjvm.so
7f34863cc000-7f348646b000 r--p 00b60000 08:06 3429342                    /usr/lib/jvm/java-7-openjdk-amd64/jre/lib/amd64/server/libjvm.so
7f348646b000-7f348648e000 rw-p 00bff000 08:06 3429342                    /usr/lib/jvm/java-7-openjdk-amd64/jre/lib/amd64/server/libjvm.so
7f348648e000-7f34864bb000 rw-p 00000000 00:00 0 
7f34864bb000-7f34864d4000 r-xp 00000000 08:06 2228229                    /lib/x86_64-linux-gnu/libz.so.1.2.8
7f34864d4000-7f34866d4000 ---p 00019000 08:06 2228229                    /lib/x86_64-linux-gnu/libz.so.1.2.8
7f34866d4000-7f34866d5000 r--p 00019000 08:06 2228229                    /lib/x86_64-linux-gnu/libz.so.1.2.8
7f34866d5000-7f34866d6000 rw-p 0001a000 08:06 2228229                    /lib/x86_64-linux-gnu/libz.so.1.2.8
7f34866d6000-7f34866ee000 r-xp 00000000 08:06 2228288                    /lib/x86_64-linux-gnu/libpthread-2.21.so
7f34866ee000-7f34868ee000 ---p 00018000 08:06 2228288                    /lib/x86_64-linux-gnu/libpthread-2.21.so
7f34868ee000-7f34868ef000 r--p 00018000 08:06 2228288                    /lib/x86_64-linux-gnu/libpthread-2.21.so
7f34868ef000-7f34868f0000 rw-p 00019000 08:06 2228288                    /lib/x86_64-linux-gnu/libpthread-2.21.so
7f34868f0000-7f34868f4000 rw-p 00000000 00:00 0 
7f34868f4000-7f34868f7000 r-xp 00000000 08:06 2228284                    /lib/x86_64-linux-gnu/libdl-2.21.so
7f34868f7000-7f3486af6000 ---p 00003000 08:06 2228284                    /lib/x86_64-linux-gnu/libdl-2.21.so
7f3486af6000-7f3486af7000 r--p 00002000 08:06 2228284                    /lib/x86_64-linux-gnu/libdl-2.21.so
7f3486af7000-7f3486af8000 rw-p 00003000 08:06 2228284                    /lib/x86_64-linux-gnu/libdl-2.21.so
7f3486af8000-7f3486cb8000 r-xp 00000000 08:06 2228301                    /lib/x86_64-linux-gnu/libc-2.21.so
7f3486cb8000-7f3486eb8000 ---p 001c0000 08:06 2228301                    /lib/x86_64-linux-gnu/libc-2.21.so
7f3486eb8000-7f3486ebc000 r--p 001c0000 08:06 2228301                    /lib/x86_64-linux-gnu/libc-2.21.so
7f3486ebc000-7f3486ebe000 rw-p 001c4000 08:06 2228301                    /lib/x86_64-linux-gnu/libc-2.21.so
7f3486ebe000-7f3486ec2000 rw-p 00000000 00:00 0 
7f3486ec2000-7f3486ecf000 r-xp 00000000 08:06 3429359                    /usr/lib/jvm/java-7-openjdk-amd64/jre/lib/amd64/jli/libjli.so
7f3486ecf000-7f34870ce000 ---p 0000d000 08:06 3429359                    /usr/lib/jvm/java-7-openjdk-amd64/jre/lib/amd64/jli/libjli.so
7f34870ce000-7f34870cf000 r--p 0000c000 08:06 3429359                    /usr/lib/jvm/java-7-openjdk-amd64/jre/lib/amd64/jli/libjli.so
7f34870cf000-7f34870d0000 rw-p 0000d000 08:06 3429359                    /usr/lib/jvm/java-7-openjdk-amd64/jre/lib/amd64/jli/libjli.so
7f34870d0000-7f34870f4000 r-xp 00000000 08:06 2228287                    /lib/x86_64-linux-gnu/ld-2.21.so
7f34870f5000-7f34870f6000 rw-p 00000000 00:00 0 
7f34870f6000-7f34870f7000 r--s 00000000 08:06 3809923                    /usr/share/java/jayatanaag.jar
7f34870f7000-7f3487118000 rw-p 00000000 00:00 0 
7f3487118000-7f34871ce000 rw-p 00000000 00:00 0 
7f34871ce000-7f34871d1000 ---p 00000000 00:00 0 
7f34871d1000-7f34872d4000 rw-p 00000000 00:00 0                          [stack:10321]
7f34872d4000-7f34872d5000 r--s 00007000 08:06 2133272                    /home/thomas/Bureau/lib/REngine.jar
7f34872d5000-7f34872d6000 r--s 00002000 08:06 2133271                    /home/thomas/Bureau/lib/JRIEngine.jar
7f34872d6000-7f34872d7000 r--s 00013000 08:06 2133265                    /home/thomas/Bureau/lib/JRI.jar
7f34872d7000-7f34872db000 r--s 00085000 08:06 3429298                    /usr/lib/jvm/java-7-openjdk-amd64/jre/lib/ext/localedata.jar
7f34872db000-7f34872dc000 r--s 00002000 08:06 3429304                    /usr/lib/jvm/java-7-openjdk-amd64/jre/lib/ext/dnsns.jar
7f34872dc000-7f34872df000 r--s 0000f000 08:06 3429300                    /usr/lib/jvm/java-7-openjdk-amd64/jre/lib/ext/icedtea-sound.jar
7f34872df000-7f34872e1000 r--s 00012000 08:06 3429293                    /usr/lib/jvm/java-7-openjdk-amd64/jre/lib/ext/zipfs.jar
7f34872e1000-7f34872e5000 r--s 00034000 08:06 3429301                    /usr/lib/jvm/java-7-openjdk-amd64/jre/lib/ext/sunjce_provider.jar
7f34872e5000-7f34872e7000 r--s 00006000 08:06 3803060                    /usr/share/java/java-atk-wrapper.jar
7f34872e7000-7f34872ef000 rw-s 00000000 08:06 3557624                    /tmp/hsperfdata_thomas/10317
7f34872ef000-7f34872f0000 rw-p 00000000 00:00 0 
7f34872f0000-7f34872f1000 r--p 00000000 00:00 0 
7f34872f1000-7f34872f3000 rw-p 00000000 00:00 0 
7f34872f3000-7f34872f4000 r--p 00023000 08:06 2228287                    /lib/x86_64-linux-gnu/ld-2.21.so
7f34872f4000-7f34872f5000 rw-p 00024000 08:06 2228287                    /lib/x86_64-linux-gnu/ld-2.21.so
7f34872f5000-7f34872f6000 rw-p 00000000 00:00 0 
7ffeb630d000-7ffeb632e000 rw-p 00000000 00:00 0                          [stack]
7ffeb63c9000-7ffeb63cb000 r--p 00000000 00:00 0                          [vvar]
7ffeb63cb000-7ffeb63cd000 r-xp 00000000 00:00 0                          [vdso]
ffffffffff600000-ffffffffff601000 r-xp 00000000 00:00 0                  [vsyscall]

VM Arguments:
jvm_args: -javaagent:/usr/share/java/jayatanaag.jar -Dfile.encoding=UTF-8 -Djava.library.path=/home/thomas/R/x86_64-pc-linux-gnu-library/3.1/rJava/jri 
java_command: Interface.Interface
Launcher Type: SUN_STANDARD

Environment Variables:
JAVA_TOOL_OPTIONS=-javaagent:/usr/share/java/jayatanaag.jar 
PATH=/usr/local/sbin:/usr/local/bin:/usr/sbin:/usr/bin:/sbin:/bin:/usr/games:/usr/local/games
LD_LIBRARY_PATH=/usr/lib/jvm/default-java/jre/lib/amd64:/usr/lib/jvm/default-java/jre/lib/i386:
SHELL=/bin/bash
DISPLAY=:0.0

Signal Handlers:
SIGSEGV: [libjvm.so+0x992590], sa_mask[0]=0x7ffbfeff, sa_flags=0x10000004
SIGBUS: [libjvm.so+0x992590], sa_mask[0]=0x7ffbfeff, sa_flags=0x10000004
SIGFPE: [libjvm.so+0x7fec60], sa_mask[0]=0x7ffbfeff, sa_flags=0x10000004
SIGPIPE: [libjvm.so+0x7fec60], sa_mask[0]=0x7ffbfeff, sa_flags=0x10000004
SIGXFSZ: [libjvm.so+0x7fec60], sa_mask[0]=0x7ffbfeff, sa_flags=0x10000004
SIGILL: [libjvm.so+0x7fec60], sa_mask[0]=0x7ffbfeff, sa_flags=0x10000004
SIGUSR1: SIG_DFL, sa_mask[0]=0x00000000, sa_flags=0x00000000
SIGUSR2: [libjvm.so+0x7feae0], sa_mask[0]=0x00000004, sa_flags=0x10000004
SIGHUP: [libjvm.so+0x7fece0], sa_mask[0]=0x7ffbfeff, sa_flags=0x10000004
SIGINT: SIG_IGN, sa_mask[0]=0x00000000, sa_flags=0x00000000
SIGTERM: [libjvm.so+0x7fece0], sa_mask[0]=0x7ffbfeff, sa_flags=0x10000004
SIGQUIT: [libjvm.so+0x7fece0], sa_mask[0]=0x7ffbfeff, sa_flags=0x10000004
SIGTRAP: SIG_DFL, sa_mask[0]=0x00000000, sa_flags=0x00000000


---------------  S Y S T E M  ---------------

OS:Ubuntu 15.04 (vivid)
uname:Linux 3.19.0-16-generic #16-Ubuntu SMP Thu Apr 30 16:09:58 UTC 2015 x86_64
libc:glibc 2.21 NPTL 2.21 
rlimit: STACK 8192k, CORE 0k, NPROC 15645, NOFILE 65536, AS infinity
load average:0,02 0,15 0,26

/proc/meminfo:
MemTotal:        4027580 kB
MemFree:          570480 kB
MemAvailable:    2323832 kB
Buffers:          249604 kB
Cached:          1626748 kB
SwapCached:            0 kB
Active:          2248876 kB
Inactive:         841736 kB
Active(anon):    1215404 kB
Inactive(anon):    41548 kB
Active(file):    1033472 kB
Inactive(file):   800188 kB
Unevictable:          32 kB
Mlocked:              32 kB
SwapTotal:       3998716 kB
SwapFree:        3998716 kB
Dirty:                44 kB
Writeback:             0 kB
AnonPages:       1214316 kB
Mapped:           257752 kB
Shmem:             42696 kB
Slab:             207140 kB
SReclaimable:     173084 kB
SUnreclaim:        34056 kB
KernelStack:        7088 kB
PageTables:        26516 kB
NFS_Unstable:          0 kB
Bounce:                0 kB
WritebackTmp:          0 kB
CommitLimit:     6012504 kB
Committed_AS:    3962100 kB
VmallocTotal:   34359738367 kB
VmallocUsed:      108912 kB
VmallocChunk:   34359621440 kB
HardwareCorrupted:     0 kB
AnonHugePages:    770048 kB
CmaTotal:              0 kB
CmaFree:               0 kB
HugePages_Total:       0
HugePages_Free:        0
HugePages_Rsvd:        0
HugePages_Surp:        0
Hugepagesize:       2048 kB
DirectMap4k:      348536 kB
DirectMap2M:     3827712 kB


CPU:total 4 (2 cores per cpu, 2 threads per core) family 6 model 42 stepping 7, cmov, cx8, fxsr, mmx, sse, sse2, sse3, ssse3, sse4.1, sse4.2, popcnt, avx, aes, ht, tsc, tscinvbit

/proc/cpuinfo:
processor	: 0
vendor_id	: GenuineIntel
cpu family	: 6
model		: 42
model name	: Intel(R) Core(TM) i5-2430M CPU @ 2.40GHz
stepping	: 7
microcode	: 0x14
cpu MHz		: 2799.937
cache size	: 3072 KB
physical id	: 0
siblings	: 4
core id		: 0
cpu cores	: 2
apicid		: 0
initial apicid	: 0
fpu		: yes
fpu_exception	: yes
cpuid level	: 13
wp		: yes
flags		: fpu vme de pse tsc msr pae mce cx8 apic sep mtrr pge mca cmov pat pse36 clflush dts acpi mmx fxsr sse sse2 ss ht tm pbe syscall nx rdtscp lm constant_tsc arch_perfmon pebs bts rep_good nopl xtopology nonstop_tsc aperfmperf eagerfpu pni pclmulqdq dtes64 monitor ds_cpl vmx est tm2 ssse3 cx16 xtpr pdcm pcid sse4_1 sse4_2 x2apic popcnt tsc_deadline_timer aes xsave avx lahf_lm ida arat epb pln pts dtherm tpr_shadow vnmi flexpriority ept vpid xsaveopt
bugs		:
bogomips	: 4789.52
clflush size	: 64
cache_alignment	: 64
address sizes	: 36 bits physical, 48 bits virtual
power management:

processor	: 1
vendor_id	: GenuineIntel
cpu family	: 6
model		: 42
model name	: Intel(R) Core(TM) i5-2430M CPU @ 2.40GHz
stepping	: 7
microcode	: 0x14
cpu MHz		: 2799.937
cache size	: 3072 KB
physical id	: 0
siblings	: 4
core id		: 1
cpu cores	: 2
apicid		: 2
initial apicid	: 2
fpu		: yes
fpu_exception	: yes
cpuid level	: 13
wp		: yes
flags		: fpu vme de pse tsc msr pae mce cx8 apic sep mtrr pge mca cmov pat pse36 clflush dts acpi mmx fxsr sse sse2 ss ht tm pbe syscall nx rdtscp lm constant_tsc arch_perfmon pebs bts rep_good nopl xtopology nonstop_tsc aperfmperf eagerfpu pni pclmulqdq dtes64 monitor ds_cpl vmx est tm2 ssse3 cx16 xtpr pdcm pcid sse4_1 sse4_2 x2apic popcnt tsc_deadline_timer aes xsave avx lahf_lm ida arat epb pln pts dtherm tpr_shadow vnmi flexpriority ept vpid xsaveopt
bugs		:
bogomips	: 4789.52
clflush size	: 64
cache_alignment	: 64
address sizes	: 36 bits physical, 48 bits virtual
power management:

processor	: 2
vendor_id	: GenuineIntel
cpu family	: 6
model		: 42
model name	: Intel(R) Core(TM) i5-2430M CPU @ 2.40GHz
stepping	: 7
microcode	: 0x14
cpu MHz		: 2799.937
cache size	: 3072 KB
physical id	: 0
siblings	: 4
core id		: 0
cpu cores	: 2
apicid		: 1
initial apicid	: 1
fpu		: yes
fpu_exception	: yes
cpuid level	: 13
wp		: yes
flags		: fpu vme de pse tsc msr pae mce cx8 apic sep mtrr pge mca cmov pat pse36 clflush dts acpi mmx fxsr sse sse2 ss ht tm pbe syscall nx rdtscp lm constant_tsc arch_perfmon pebs bts rep_good nopl xtopology nonstop_tsc aperfmperf eagerfpu pni pclmulqdq dtes64 monitor ds_cpl vmx est tm2 ssse3 cx16 xtpr pdcm pcid sse4_1 sse4_2 x2apic popcnt tsc_deadline_timer aes xsave avx lahf_lm ida arat epb pln pts dtherm tpr_shadow vnmi flexpriority ept vpid xsaveopt
bugs		:
bogomips	: 4789.52
clflush size	: 64
cache_alignment	: 64
address sizes	: 36 bits physical, 48 bits virtual
power management:

processor	: 3
vendor_id	: GenuineIntel
cpu family	: 6
model		: 42
model name	: Intel(R) Core(TM) i5-2430M CPU @ 2.40GHz
stepping	: 7
microcode	: 0x14
cpu MHz		: 2799.937
cache size	: 3072 KB
physical id	: 0
siblings	: 4
core id		: 1
cpu cores	: 2
apicid		: 3
initial apicid	: 3
fpu		: yes
fpu_exception	: yes
cpuid level	: 13
wp		: yes
flags		: fpu vme de pse tsc msr pae mce cx8 apic sep mtrr pge mca cmov pat pse36 clflush dts acpi mmx fxsr sse sse2 ss ht tm pbe syscall nx rdtscp lm constant_tsc arch_perfmon pebs bts rep_good nopl xtopology nonstop_tsc aperfmperf eagerfpu pni pclmulqdq dtes64 monitor ds_cpl vmx est tm2 ssse3 cx16 xtpr pdcm pcid sse4_1 sse4_2 x2apic popcnt tsc_deadline_timer aes xsave avx lahf_lm ida arat epb pln pts dtherm tpr_shadow vnmi flexpriority ept vpid xsaveopt
bugs		:
bogomips	: 4789.52
clflush size	: 64
cache_alignment	: 64
address sizes	: 36 bits physical, 48 bits virtual
power management:



Memory: 4k page, physical 4027580k(570480k free), swap 3998716k(3998716k free)

vm_info: OpenJDK 64-Bit Server VM (24.91-b01) for linux-amd64 JRE (1.7.0_91-b02), built on Nov 19 2015 06:08:55 by "buildd" with gcc 4.9.2

time: Thu Jun  2 14:11:07 2016
elapsed time: 0 seconds

