#
# A fatal error has been detected by the Java Runtime Environment:
#
#  SIGSEGV (0xb) at pc=0x00007f3bbccb3cd1, pid=10903, tid=139894887929600
#
# JRE version: OpenJDK Runtime Environment (7.0_91-b02) (build 1.7.0_91-b02)
# Java VM: OpenJDK 64-Bit Server VM (24.91-b01 mixed mode linux-amd64 compressed oops)
# Derivative: IcedTea 2.6.3
# Distribution: Ubuntu 15.04, package 7u91-2.6.3-0ubuntu0.15.04.1
# Problematic frame:
# C  [libR.so+0xfacd1]
#
# Failed to write core dump. Core dumps have been disabled. To enable core dumping, try "ulimit -c unlimited" before starting Java again
#
# If you would like to submit a bug report, please include
# instructions on how to reproduce the bug and visit:
#   http://icedtea.classpath.org/bugzilla
# The crash happened outside the Java Virtual Machine in native code.
# See problematic frame for where to report the bug.
#

---------------  T H R E A D  ---------------

Current thread (0x00007f3bc800b000):  JavaThread "main" [_thread_in_native, id=10908, stack(0x00007f3bd109d000,0x00007f3bd119e000)]

siginfo:si_signo=SIGSEGV: si_errno=0, si_code=1 (SEGV_MAPERR), si_addr=0x0000000000000018

Registers:
RAX=0x0000000000000160, RBX=0x0000000000000028, RCX=0x00007f3bc81fc098, RDX=0x00007f3bbcffdcc0
RSP=0x00007f3bd119c730, RBP=0x0000000000000030, RSI=0x0000000000000000, RDI=0x0000000000000003
R8 =0x0000000000000000, R9 =0x00007f3bbcffdf70, R10=0x00007f3bbcffde30, R11=0x00007f3bc8000078
R12=0x0000000000000001, R13=0x00007f3bc81fc090, R14=0x0000000000000001, R15=0x00007f3bbcffde30
RIP=0x00007f3bbccb3cd1, EFLAGS=0x0000000000010206, CSGSFS=0x0000000000000033, ERR=0x0000000000000004
  TRAPNO=0x000000000000000e

Top of Stack: (sp=0x00007f3bd119c730)
0x00007f3bd119c730:   00007f3bc800b000 0000000000000000
0x00007f3bd119c740:   0000000000000001 0000000000000010
0x00007f3bd119c750:   0000000000000001 00007f3bbccb52c1
0x00007f3bd119c760:   0000000000000001 00007f3bbcffdcc0
0x00007f3bd119c770:   00007f3bc81fc070 0000000000000000
0x00007f3bd119c780:   00007f3bd036b258 00007f3bc800b1d8
0x00007f3bd119c790:   0000000000000001 00007f3bc81fc070
0x00007f3bd119c7a0:   00007f3bd119c8b0 00007f3bd119c8b8
0x00007f3bd119c7b0:   00007f3bc800b000 00007f3bbd0df68b
0x00007f3bd119c7c0:   00007f3bc800b1d8 00000000b84e0e50
0x00007f3bd119c7d0:   0000000000000001 0000000000000000
0x00007f3bd119c7e0:   00000000b84e0e50 00007f3bbd0de410
0x00007f3bd119c7f0:   00000000b84e0e50 fae8e0bf36f48800
0x00007f3bd119c800:   00007f3bd119c888 00000000b84e0e50
0x00007f3bd119c810:   00007f3bd119c888 00007f3bc501378f
0x00007f3bd119c820:   00007f3bd119c888 00007f3bc501354b
0x00007f3bd119c830:   00007f3bc5013509 0000000000000003
0x00007f3bd119c840:   00000000eb9233a8 00007f3bd119c838
0x00007f3bd119c850:   00000000b84e0e50 00007f3bd119c8b8
0x00007f3bd119c860:   00000000b84e63c0 0000000000000000
0x00007f3bd119c870:   00000000b84e0e50 0000000000000000
0x00007f3bd119c880:   00007f3bd119c8a8 00007f3bd119c910
0x00007f3bd119c890:   00007f3bc5006175 0000000000000000
0x00007f3bd119c8a0:   00007f3bc500ecd7 0000000000000001
0x00007f3bd119c8b0:   00000000eb928610 00000000eb9233a8
0x00007f3bd119c8c0:   0000000000000000 00000000eb9233a8
0x00007f3bd119c8d0:   00007f3bd119c8c0 00000000b84e406d
0x00007f3bd119c8e0:   00007f3bd119c970 00000000b84e63c0
0x00007f3bd119c8f0:   0000000000000000 00000000b84e4150
0x00007f3bd119c900:   00007f3bd119c8a8 00007f3bd119c960
0x00007f3bd119c910:   00007f3bd119c9c8 00007f3bc5006233
0x00007f3bd119c920:   0000000000000000 0000000000000000 

Instructions: (pc=0x00007f3bbccb3cd1)
0x00007f3bbccb3cb1:   8d 54 02 10 49 8b 49 08 41 83 41 04 01 85 db 4d
0x00007f3bbccb3cc1:   89 69 08 49 8b 32 49 89 4d 00 49 8d 4d 08 74 4e
0x00007f3bbccb3cd1:   48 8b 56 18 44 89 e7 45 31 c0 8b 05 3f ab 34 00
0x00007f3bbccb3ce1:   c1 e7 05 0f 1f 40 00 48 89 71 10 41 83 01 01 41 

Register to memory mapping:

RAX=0x0000000000000160 is an unknown value
RBX=0x0000000000000028 is an unknown value
RCX=0x00007f3bc81fc098 is an unknown value
RDX=0x00007f3bbcffdcc0: <offset 0x444cc0> in /usr/lib/libR.so at 0x00007f3bbcbb9000
RSP=0x00007f3bd119c730 is pointing into the stack for thread: 0x00007f3bc800b000
RBP=0x0000000000000030 is an unknown value
RSI=0x0000000000000000 is an unknown value
RDI=0x0000000000000003 is an unknown value
R8 =0x0000000000000000 is an unknown value
R9 =0x00007f3bbcffdf70: <offset 0x444f70> in /usr/lib/libR.so at 0x00007f3bbcbb9000
R10=0x00007f3bbcffde30: <offset 0x444e30> in /usr/lib/libR.so at 0x00007f3bbcbb9000
R11=0x00007f3bc8000078 is an unknown value
R12=0x0000000000000001 is an unknown value
R13=0x00007f3bc81fc090 is an unknown value
R14=0x0000000000000001 is an unknown value
R15=0x00007f3bbcffde30: <offset 0x444e30> in /usr/lib/libR.so at 0x00007f3bbcbb9000


Stack: [0x00007f3bd109d000,0x00007f3bd119e000],  sp=0x00007f3bd119c730,  free space=1021k
Native frames: (J=compiled Java code, j=interpreted, Vv=VM code, C=native code)
C  [libR.so+0xfacd1]

[error occurred during error reporting (printing native stack), id 0xb]

Java frames: (J=compiled Java code, j=interpreted, Vv=VM code)
j  org.rosuda.JRI.Rengine.rniParse(Ljava/lang/String;I)J+0
j  org.rosuda.JRI.Rengine.eval(Ljava/lang/String;Z)Lorg/rosuda/JRI/REXP;+53
j  org.rosuda.JRI.Rengine.eval(Ljava/lang/String;)Lorg/rosuda/JRI/REXP;+3
j  Interface.Interface.main([Ljava/lang/String;)V+25
v  ~StubRoutines::call_stub

---------------  P R O C E S S  ---------------

Java Threads: ( => current thread )
  0x00007f3bc81f7000 JavaThread "Thread-0" [_thread_blocked, id=10921, stack(0x00007f3bb7abf000,0x00007f3bb7bc0000)]
  0x00007f3bc81e3800 JavaThread "Service Thread" daemon [_thread_blocked, id=10919, stack(0x00007f3bbd3e5000,0x00007f3bbd4e6000)]
  0x00007f3bc81da800 JavaThread "C2 CompilerThread1" daemon [_thread_blocked, id=10918, stack(0x00007f3bbd4e6000,0x00007f3bbd5e7000)]
  0x00007f3bc81d8800 JavaThread "C2 CompilerThread0" daemon [_thread_blocked, id=10917, stack(0x00007f3bc40ef000,0x00007f3bc41f0000)]
  0x00007f3bc816f800 JavaThread "Signal Dispatcher" daemon [_thread_blocked, id=10916, stack(0x00007f3bc472c000,0x00007f3bc482d000)]
  0x00007f3bc8144800 JavaThread "Finalizer" daemon [_thread_blocked, id=10915, stack(0x00007f3bc4afb000,0x00007f3bc4bfc000)]
  0x00007f3bc8142800 JavaThread "Reference Handler" daemon [_thread_blocked, id=10914, stack(0x00007f3bc4bfc000,0x00007f3bc4cfd000)]
=>0x00007f3bc800b000 JavaThread "main" [_thread_in_native, id=10908, stack(0x00007f3bd109d000,0x00007f3bd119e000)]

Other Threads:
  0x00007f3bc813e000 VMThread [stack: 0x00007f3bc4cfd000,0x00007f3bc4dfe000] [id=10913]
  0x00007f3bc81ee000 WatcherThread [stack: 0x00007f3bbd2e4000,0x00007f3bbd3e5000] [id=10920]

VM state:not at safepoint (normal execution)

VM Mutex/Monitor currently owned by a thread: None

Heap
 PSYoungGen      total 18432K, used 1614K [0x00000000eb800000, 0x00000000ecc80000, 0x0000000100000000)
  eden space 15872K, 10% used [0x00000000eb800000,0x00000000eb9938f8,0x00000000ec780000)
  from space 2560K, 0% used [0x00000000eca00000,0x00000000eca00000,0x00000000ecc80000)
  to   space 2560K, 0% used [0x00000000ec780000,0x00000000ec780000,0x00000000eca00000)
 ParOldGen       total 41984K, used 0K [0x00000000c2800000, 0x00000000c5100000, 0x00000000eb800000)
  object space 41984K, 0% used [0x00000000c2800000,0x00000000c2800000,0x00000000c5100000)
 PSPermGen       total 21504K, used 3017K [0x00000000b8200000, 0x00000000b9700000, 0x00000000c2800000)
  object space 21504K, 14% used [0x00000000b8200000,0x00000000b84f27c0,0x00000000b9700000)

Card table byte_map: [0x00007f3bcd835000,0x00007f3bcda75000] byte_map_base: 0x00007f3bcd274000

Polling page: 0x00007f3bd11bf000

Code Cache  [0x00007f3bc5000000, 0x00007f3bc5270000, 0x00007f3bc8000000)
 total_blobs=172 nmethods=0 adapters=141 free_code_cache=48771Kb largest_free_block=49941504

Compilation events (0 events):
No events

GC Heap History (0 events):
No events

Deoptimization events (0 events):
No events

Internal exceptions (8 events):
Event: 0,033 Thread 0x00007f3bc800b000 Threw 0x00000000eb80f088 at /build/openjdk-7-1hyu6m/openjdk-7-7u91-2.6.3/build/openjdk/hotspot/src/share/vm/prims/jni.cpp:4027
Event: 0,073 Thread 0x00007f3bc800b000 Threw 0x00000000eb8bf500 at /build/openjdk-7-1hyu6m/openjdk-7-7u91-2.6.3/build/openjdk/hotspot/src/share/vm/prims/jni.cpp:721
Event: 0,073 Thread 0x00007f3bc800b000 Threw 0x00000000eb8bfbd0 at /build/openjdk-7-1hyu6m/openjdk-7-7u91-2.6.3/build/openjdk/hotspot/src/share/vm/prims/jvm.cpp:1322
Event: 0,073 Thread 0x00007f3bc800b000 Threw 0x00000000eb8bfcf8 at /build/openjdk-7-1hyu6m/openjdk-7-7u91-2.6.3/build/openjdk/hotspot/src/share/vm/prims/jvm.cpp:1322
Event: 0,073 Thread 0x00007f3bc800b000 Threw 0x00000000eb8c2888 at /build/openjdk-7-1hyu6m/openjdk-7-7u91-2.6.3/build/openjdk/hotspot/src/share/vm/prims/jvm.cpp:1322
Event: 0,085 Thread 0x00007f3bc800b000 Threw 0x00000000eb90d950 at /build/openjdk-7-1hyu6m/openjdk-7-7u91-2.6.3/build/openjdk/hotspot/src/share/vm/prims/jvm.cpp:1322
Event: 0,086 Thread 0x00007f3bc800b000 Threw 0x00000000eb9127d0 at /build/openjdk-7-1hyu6m/openjdk-7-7u91-2.6.3/build/openjdk/hotspot/src/share/vm/prims/jvm.cpp:1322
Event: 0,089 Thread 0x00007f3bc800b000 Threw 0x00000000eb924018 at /build/openjdk-7-1hyu6m/openjdk-7-7u91-2.6.3/build/openjdk/hotspot/src/share/vm/prims/jvm.cpp:1322

Events (10 events):
Event: 0,092 loading class 0x00007f3bc806e000
Event: 0,092 loading class 0x00007f3bc806e000 done
Event: 0,092 loading class 0x00007f3bcd03e5e0
Event: 0,092 loading class 0x00007f3bcd03e5e0 done
Event: 0,092 loading class 0x00007f3bc806e400
Event: 0,092 loading class 0x00007f3bc806e460
Event: 0,092 loading class 0x00007f3bc806e460 done
Event: 0,092 loading class 0x00007f3bc806e400 done
Event: 0,092 loading class 0x00007f3bc806e430
Event: 0,092 loading class 0x00007f3bc806e430 done


Dynamic libraries:
00400000-00401000 r-xp 00000000 08:06 3410925                            /usr/lib/jvm/java-7-openjdk-amd64/jre/bin/java
00600000-00601000 r--p 00000000 08:06 3410925                            /usr/lib/jvm/java-7-openjdk-amd64/jre/bin/java
00601000-00602000 rw-p 00001000 08:06 3410925                            /usr/lib/jvm/java-7-openjdk-amd64/jre/bin/java
01483000-014a4000 rw-p 00000000 00:00 0                                  [heap]
b8200000-b9700000 rw-p 00000000 00:00 0 
b9700000-c2800000 rw-p 00000000 00:00 0 
c2800000-c5100000 rw-p 00000000 00:00 0 
c5100000-eb800000 rw-p 00000000 00:00 0 
eb800000-ecc80000 rw-p 00000000 00:00 0 
ecc80000-100000000 rw-p 00000000 00:00 0 
7f3b88000000-7f3b88021000 rw-p 00000000 00:00 0 
7f3b88021000-7f3b8c000000 ---p 00000000 00:00 0 
7f3b8c000000-7f3b8c021000 rw-p 00000000 00:00 0 
7f3b8c021000-7f3b90000000 ---p 00000000 00:00 0 
7f3b90000000-7f3b90021000 rw-p 00000000 00:00 0 
7f3b90021000-7f3b94000000 ---p 00000000 00:00 0 
7f3b94000000-7f3b94021000 rw-p 00000000 00:00 0 
7f3b94021000-7f3b98000000 ---p 00000000 00:00 0 
7f3b98000000-7f3b98021000 rw-p 00000000 00:00 0 
7f3b98021000-7f3b9c000000 ---p 00000000 00:00 0 
7f3b9c000000-7f3b9c021000 rw-p 00000000 00:00 0 
7f3b9c021000-7f3ba0000000 ---p 00000000 00:00 0 
7f3ba0000000-7f3ba0021000 rw-p 00000000 00:00 0 
7f3ba0021000-7f3ba4000000 ---p 00000000 00:00 0 
7f3ba4000000-7f3ba4021000 rw-p 00000000 00:00 0 
7f3ba4021000-7f3ba8000000 ---p 00000000 00:00 0 
7f3ba8000000-7f3ba8021000 rw-p 00000000 00:00 0 
7f3ba8021000-7f3bac000000 ---p 00000000 00:00 0 
7f3bac000000-7f3bac021000 rw-p 00000000 00:00 0 
7f3bac021000-7f3bb0000000 ---p 00000000 00:00 0 
7f3bb0000000-7f3bb0021000 rw-p 00000000 00:00 0 
7f3bb0021000-7f3bb4000000 ---p 00000000 00:00 0 
7f3bb7abf000-7f3bb7ac2000 ---p 00000000 00:00 0 
7f3bb7ac2000-7f3bb7bc0000 rw-p 00000000 00:00 0                          [stack:10921]
7f3bb7bc0000-7f3bb7be5000 r-xp 00000000 08:06 2232368                    /lib/x86_64-linux-gnu/libtinfo.so.5.9
7f3bb7be5000-7f3bb7de4000 ---p 00025000 08:06 2232368                    /lib/x86_64-linux-gnu/libtinfo.so.5.9
7f3bb7de4000-7f3bb7de8000 r--p 00024000 08:06 2232368                    /lib/x86_64-linux-gnu/libtinfo.so.5.9
7f3bb7de8000-7f3bb7de9000 rw-p 00028000 08:06 2232368                    /lib/x86_64-linux-gnu/libtinfo.so.5.9
7f3bb7de9000-7f3bb7dff000 r-xp 00000000 08:06 3410384                    /usr/lib/x86_64-linux-gnu/libgomp.so.1.0.0
7f3bb7dff000-7f3bb7ffe000 ---p 00016000 08:06 3410384                    /usr/lib/x86_64-linux-gnu/libgomp.so.1.0.0
7f3bb7ffe000-7f3bb7fff000 r--p 00015000 08:06 3410384                    /usr/lib/x86_64-linux-gnu/libgomp.so.1.0.0
7f3bb7fff000-7f3bb8000000 rw-p 00016000 08:06 3410384                    /usr/lib/x86_64-linux-gnu/libgomp.so.1.0.0
7f3bb8000000-7f3bb8021000 rw-p 00000000 00:00 0 
7f3bb8021000-7f3bbc000000 ---p 00000000 00:00 0 
7f3bbc054000-7f3bbc063000 r-xp 00000000 08:06 2232395                    /lib/x86_64-linux-gnu/libbz2.so.1.0.4
7f3bbc063000-7f3bbc262000 ---p 0000f000 08:06 2232395                    /lib/x86_64-linux-gnu/libbz2.so.1.0.4
7f3bbc262000-7f3bbc263000 r--p 0000e000 08:06 2232395                    /lib/x86_64-linux-gnu/libbz2.so.1.0.4
7f3bbc263000-7f3bbc264000 rw-p 0000f000 08:06 2232395                    /lib/x86_64-linux-gnu/libbz2.so.1.0.4
7f3bbc264000-7f3bbc285000 r-xp 00000000 08:06 2232463                    /lib/x86_64-linux-gnu/liblzma.so.5.0.0
7f3bbc285000-7f3bbc484000 ---p 00021000 08:06 2232463                    /lib/x86_64-linux-gnu/liblzma.so.5.0.0
7f3bbc484000-7f3bbc485000 r--p 00020000 08:06 2232463                    /lib/x86_64-linux-gnu/liblzma.so.5.0.0
7f3bbc485000-7f3bbc486000 rw-p 00021000 08:06 2232463                    /lib/x86_64-linux-gnu/liblzma.so.5.0.0
7f3bbc486000-7f3bbc4f2000 r-xp 00000000 08:06 2239920                    /lib/x86_64-linux-gnu/libpcre.so.3.13.1
7f3bbc4f2000-7f3bbc6f1000 ---p 0006c000 08:06 2239920                    /lib/x86_64-linux-gnu/libpcre.so.3.13.1
7f3bbc6f1000-7f3bbc6f2000 r--p 0006b000 08:06 2239920                    /lib/x86_64-linux-gnu/libpcre.so.3.13.1
7f3bbc6f2000-7f3bbc6f3000 rw-p 0006c000 08:06 2239920                    /lib/x86_64-linux-gnu/libpcre.so.3.13.1
7f3bbc6f3000-7f3bbc730000 r-xp 00000000 08:06 2232545                    /lib/x86_64-linux-gnu/libreadline.so.6.3
7f3bbc730000-7f3bbc930000 ---p 0003d000 08:06 2232545                    /lib/x86_64-linux-gnu/libreadline.so.6.3
7f3bbc930000-7f3bbc932000 r--p 0003d000 08:06 2232545                    /lib/x86_64-linux-gnu/libreadline.so.6.3
7f3bbc932000-7f3bbc938000 rw-p 0003f000 08:06 2232545                    /lib/x86_64-linux-gnu/libreadline.so.6.3
7f3bbc938000-7f3bbc939000 rw-p 00000000 00:00 0 
7f3bbc939000-7f3bbc9b8000 r-xp 00000000 08:06 3408050                    /usr/lib/libblas/libblas.so.3.0
7f3bbc9b8000-7f3bbcbb7000 ---p 0007f000 08:06 3408050                    /usr/lib/libblas/libblas.so.3.0
7f3bbcbb7000-7f3bbcbb8000 r--p 0007e000 08:06 3408050                    /usr/lib/libblas/libblas.so.3.0
7f3bbcbb8000-7f3bbcbb9000 rw-p 0007f000 08:06 3408050                    /usr/lib/libblas/libblas.so.3.0
7f3bbcbb9000-7f3bbcde0000 r-xp 00000000 08:06 3556772                    /usr/lib/R/lib/libR.so
7f3bbcde0000-7f3bbcfdf000 ---p 00227000 08:06 3556772                    /usr/lib/R/lib/libR.so
7f3bbcfdf000-7f3bbcfe4000 r--p 00226000 08:06 3556772                    /usr/lib/R/lib/libR.so
7f3bbcfe4000-7f3bbcfee000 rw-p 0022b000 08:06 3556772                    /usr/lib/R/lib/libR.so
7f3bbcfee000-7f3bbd0da000 rw-p 00000000 00:00 0 
7f3bbd0da000-7f3bbd0e3000 r-xp 00000000 08:06 2902138                    /home/thomas/R/x86_64-pc-linux-gnu-library/3.1/rJava/jri/libjri.so
7f3bbd0e3000-7f3bbd2e2000 ---p 00009000 08:06 2902138                    /home/thomas/R/x86_64-pc-linux-gnu-library/3.1/rJava/jri/libjri.so
7f3bbd2e2000-7f3bbd2e3000 r--p 00008000 08:06 2902138                    /home/thomas/R/x86_64-pc-linux-gnu-library/3.1/rJava/jri/libjri.so
7f3bbd2e3000-7f3bbd2e4000 rw-p 00009000 08:06 2902138                    /home/thomas/R/x86_64-pc-linux-gnu-library/3.1/rJava/jri/libjri.so
7f3bbd2e4000-7f3bbd2e5000 ---p 00000000 00:00 0 
7f3bbd2e5000-7f3bbd3e5000 rw-p 00000000 00:00 0                          [stack:10920]
7f3bbd3e5000-7f3bbd3e8000 ---p 00000000 00:00 0 
7f3bbd3e8000-7f3bbd4e6000 rw-p 00000000 00:00 0                          [stack:10919]
7f3bbd4e6000-7f3bbd4e9000 ---p 00000000 00:00 0 
7f3bbd4e9000-7f3bbd5e7000 rw-p 00000000 00:00 0                          [stack:10918]
7f3bbd5e7000-7f3bbd5ec000 r-xp 00000000 08:06 3416478                    /usr/lib/x86_64-linux-gnu/libXdmcp.so.6.0.0
7f3bbd5ec000-7f3bbd7eb000 ---p 00005000 08:06 3416478                    /usr/lib/x86_64-linux-gnu/libXdmcp.so.6.0.0
7f3bbd7eb000-7f3bbd7ec000 r--p 00004000 08:06 3416478                    /usr/lib/x86_64-linux-gnu/libXdmcp.so.6.0.0
7f3bbd7ec000-7f3bbd7ed000 rw-p 00005000 08:06 3416478                    /usr/lib/x86_64-linux-gnu/libXdmcp.so.6.0.0
7f3bbd7ed000-7f3bbd7ef000 r-xp 00000000 08:06 3416467                    /usr/lib/x86_64-linux-gnu/libXau.so.6.0.0
7f3bbd7ef000-7f3bbd9ef000 ---p 00002000 08:06 3416467                    /usr/lib/x86_64-linux-gnu/libXau.so.6.0.0
7f3bbd9ef000-7f3bbd9f0000 r--p 00002000 08:06 3416467                    /usr/lib/x86_64-linux-gnu/libXau.so.6.0.0
7f3bbd9f0000-7f3bbd9f1000 rw-p 00003000 08:06 3416467                    /usr/lib/x86_64-linux-gnu/libXau.so.6.0.0
7f3bbd9f1000-7f3bbda0e000 r-xp 00000000 08:06 3417587                    /usr/lib/x86_64-linux-gnu/libxcb.so.1.1.0
7f3bbda0e000-7f3bbdc0e000 ---p 0001d000 08:06 3417587                    /usr/lib/x86_64-linux-gnu/libxcb.so.1.1.0
7f3bbdc0e000-7f3bbdc0f000 r--p 0001d000 08:06 3417587                    /usr/lib/x86_64-linux-gnu/libxcb.so.1.1.0
7f3bbdc0f000-7f3bbdc10000 rw-p 0001e000 08:06 3417587                    /usr/lib/x86_64-linux-gnu/libxcb.so.1.1.0
7f3bbdc10000-7f3bc0000000 rw-p 00000000 00:00 0 
7f3bc0000000-7f3bc0021000 rw-p 00000000 00:00 0 
7f3bc0021000-7f3bc4000000 ---p 00000000 00:00 0 
7f3bc40ef000-7f3bc40f2000 ---p 00000000 00:00 0 
7f3bc40f2000-7f3bc41f0000 rw-p 00000000 00:00 0                          [stack:10917]
7f3bc41f0000-7f3bc4323000 r-xp 00000000 08:06 3416463                    /usr/lib/x86_64-linux-gnu/libX11.so.6.3.0
7f3bc4323000-7f3bc4523000 ---p 00133000 08:06 3416463                    /usr/lib/x86_64-linux-gnu/libX11.so.6.3.0
7f3bc4523000-7f3bc4524000 r--p 00133000 08:06 3416463                    /usr/lib/x86_64-linux-gnu/libX11.so.6.3.0
7f3bc4524000-7f3bc4528000 rw-p 00134000 08:06 3416463                    /usr/lib/x86_64-linux-gnu/libX11.so.6.3.0
7f3bc4528000-7f3bc4529000 rw-p 00000000 00:00 0 
7f3bc4529000-7f3bc452b000 r-xp 00000000 08:06 3408461                    /usr/lib/jayatana/libjayatanaag.so
7f3bc452b000-7f3bc472a000 ---p 00002000 08:06 3408461                    /usr/lib/jayatana/libjayatanaag.so
7f3bc472a000-7f3bc472b000 r--p 00001000 08:06 3408461                    /usr/lib/jayatana/libjayatanaag.so
7f3bc472b000-7f3bc472c000 rw-p 00002000 08:06 3408461                    /usr/lib/jayatana/libjayatanaag.so
7f3bc472c000-7f3bc472f000 ---p 00000000 00:00 0 
7f3bc472f000-7f3bc482d000 rw-p 00000000 00:00 0                          [stack:10916]
7f3bc482d000-7f3bc4afb000 r--p 00000000 08:06 3409623                    /usr/lib/locale/locale-archive
7f3bc4afb000-7f3bc4afe000 ---p 00000000 00:00 0 
7f3bc4afe000-7f3bc4bfc000 rw-p 00000000 00:00 0                          [stack:10915]
7f3bc4bfc000-7f3bc4bff000 ---p 00000000 00:00 0 
7f3bc4bff000-7f3bc4cfd000 rw-p 00000000 00:00 0                          [stack:10914]
7f3bc4cfd000-7f3bc4cfe000 ---p 00000000 00:00 0 
7f3bc4cfe000-7f3bc5000000 rw-p 00000000 00:00 0                          [stack:10913]
7f3bc5000000-7f3bc5270000 rwxp 00000000 00:00 0 
7f3bc5270000-7f3bc8210000 rw-p 00000000 00:00 0 
7f3bc8210000-7f3bcc000000 ---p 00000000 00:00 0 
7f3bcc07a000-7f3bcc07e000 r--s 0003c000 08:06 3429302                    /usr/lib/jvm/java-7-openjdk-amd64/jre/lib/ext/sunpkcs11.jar
7f3bcc07e000-7f3bccdd4000 rw-p 00000000 00:00 0 
7f3bccdd4000-7f3bccf86000 r--s 01d2e000 08:06 3429307                    /usr/lib/jvm/java-7-openjdk-amd64/jre/lib/rt.jar
7f3bccf86000-7f3bcd296000 rw-p 00000000 00:00 0 
7f3bcd296000-7f3bcd297000 ---p 00000000 00:00 0 
7f3bcd297000-7f3bcd397000 rw-p 00000000 00:00 0                          [stack:10912]
7f3bcd397000-7f3bcd398000 ---p 00000000 00:00 0 
7f3bcd398000-7f3bcd498000 rw-p 00000000 00:00 0                          [stack:10911]
7f3bcd498000-7f3bcd499000 ---p 00000000 00:00 0 
7f3bcd499000-7f3bcd599000 rw-p 00000000 00:00 0                          [stack:10910]
7f3bcd599000-7f3bcd59a000 ---p 00000000 00:00 0 
7f3bcd59a000-7f3bcd6a5000 rw-p 00000000 00:00 0                          [stack:10909]
7f3bcd6a5000-7f3bcd6ed000 rw-p 00000000 00:00 0 
7f3bcd6ed000-7f3bcd702000 rw-p 00000000 00:00 0 
7f3bcd702000-7f3bcd835000 rw-p 00000000 00:00 0 
7f3bcd835000-7f3bcd840000 rw-p 00000000 00:00 0 
7f3bcd840000-7f3bcd888000 rw-p 00000000 00:00 0 
7f3bcd888000-7f3bcd89d000 rw-p 00000000 00:00 0 
7f3bcd89d000-7f3bcd9d0000 rw-p 00000000 00:00 0 
7f3bcd9d0000-7f3bcd9db000 rw-p 00000000 00:00 0 
7f3bcd9db000-7f3bcda74000 rw-p 00000000 00:00 0 
7f3bcda74000-7f3bcda75000 rw-p 00000000 00:00 0 
7f3bcda75000-7f3bcda7d000 r-xp 00000000 08:06 3429321                    /usr/lib/jvm/java-7-openjdk-amd64/jre/lib/amd64/libzip.so
7f3bcda7d000-7f3bcdc7c000 ---p 00008000 08:06 3429321                    /usr/lib/jvm/java-7-openjdk-amd64/jre/lib/amd64/libzip.so
7f3bcdc7c000-7f3bcdc7d000 r--p 00007000 08:06 3429321                    /usr/lib/jvm/java-7-openjdk-amd64/jre/lib/amd64/libzip.so
7f3bcdc7d000-7f3bcdc7e000 rw-p 00008000 08:06 3429321                    /usr/lib/jvm/java-7-openjdk-amd64/jre/lib/amd64/libzip.so
7f3bcdc7e000-7f3bcdc8a000 r-xp 00000000 08:06 2228291                    /lib/x86_64-linux-gnu/libnss_files-2.21.so
7f3bcdc8a000-7f3bcde89000 ---p 0000c000 08:06 2228291                    /lib/x86_64-linux-gnu/libnss_files-2.21.so
7f3bcde89000-7f3bcde8a000 r--p 0000b000 08:06 2228291                    /lib/x86_64-linux-gnu/libnss_files-2.21.so
7f3bcde8a000-7f3bcde8b000 rw-p 0000c000 08:06 2228291                    /lib/x86_64-linux-gnu/libnss_files-2.21.so
7f3bcde8b000-7f3bcde96000 r-xp 00000000 08:06 2228279                    /lib/x86_64-linux-gnu/libnss_nis-2.21.so
7f3bcde96000-7f3bce095000 ---p 0000b000 08:06 2228279                    /lib/x86_64-linux-gnu/libnss_nis-2.21.so
7f3bce095000-7f3bce096000 r--p 0000a000 08:06 2228279                    /lib/x86_64-linux-gnu/libnss_nis-2.21.so
7f3bce096000-7f3bce097000 rw-p 0000b000 08:06 2228279                    /lib/x86_64-linux-gnu/libnss_nis-2.21.so
7f3bce097000-7f3bce0ae000 r-xp 00000000 08:06 2228297                    /lib/x86_64-linux-gnu/libnsl-2.21.so
7f3bce0ae000-7f3bce2ad000 ---p 00017000 08:06 2228297                    /lib/x86_64-linux-gnu/libnsl-2.21.so
7f3bce2ad000-7f3bce2ae000 r--p 00016000 08:06 2228297                    /lib/x86_64-linux-gnu/libnsl-2.21.so
7f3bce2ae000-7f3bce2af000 rw-p 00017000 08:06 2228297                    /lib/x86_64-linux-gnu/libnsl-2.21.so
7f3bce2af000-7f3bce2b1000 rw-p 00000000 00:00 0 
7f3bce2b1000-7f3bce2b9000 r-xp 00000000 08:06 2228293                    /lib/x86_64-linux-gnu/libnss_compat-2.21.so
7f3bce2b9000-7f3bce4b8000 ---p 00008000 08:06 2228293                    /lib/x86_64-linux-gnu/libnss_compat-2.21.so
7f3bce4b8000-7f3bce4b9000 r--p 00007000 08:06 2228293                    /lib/x86_64-linux-gnu/libnss_compat-2.21.so
7f3bce4b9000-7f3bce4ba000 rw-p 00008000 08:06 2228293                    /lib/x86_64-linux-gnu/libnss_compat-2.21.so
7f3bce4ba000-7f3bce4c4000 r-xp 00000000 08:06 3429350                    /usr/lib/jvm/java-7-openjdk-amd64/jre/lib/amd64/libinstrument.so
7f3bce4c4000-7f3bce6c3000 ---p 0000a000 08:06 3429350                    /usr/lib/jvm/java-7-openjdk-amd64/jre/lib/amd64/libinstrument.so
7f3bce6c3000-7f3bce6c4000 r--p 00009000 08:06 3429350                    /usr/lib/jvm/java-7-openjdk-amd64/jre/lib/amd64/libinstrument.so
7f3bce6c4000-7f3bce6c5000 rw-p 0000a000 08:06 3429350                    /usr/lib/jvm/java-7-openjdk-amd64/jre/lib/amd64/libinstrument.so
7f3bce6c5000-7f3bce6f2000 r-xp 00000000 08:06 3429333                    /usr/lib/jvm/java-7-openjdk-amd64/jre/lib/amd64/libjava.so
7f3bce6f2000-7f3bce8f1000 ---p 0002d000 08:06 3429333                    /usr/lib/jvm/java-7-openjdk-amd64/jre/lib/amd64/libjava.so
7f3bce8f1000-7f3bce8f2000 r--p 0002c000 08:06 3429333                    /usr/lib/jvm/java-7-openjdk-amd64/jre/lib/amd64/libjava.so
7f3bce8f2000-7f3bce8f4000 rw-p 0002d000 08:06 3429333                    /usr/lib/jvm/java-7-openjdk-amd64/jre/lib/amd64/libjava.so
7f3bce8f4000-7f3bce903000 r-xp 00000000 08:06 3429356                    /usr/lib/jvm/java-7-openjdk-amd64/jre/lib/amd64/libverify.so
7f3bce903000-7f3bceb02000 ---p 0000f000 08:06 3429356                    /usr/lib/jvm/java-7-openjdk-amd64/jre/lib/amd64/libverify.so
7f3bceb02000-7f3bceb05000 r--p 0000e000 08:06 3429356                    /usr/lib/jvm/java-7-openjdk-amd64/jre/lib/amd64/libverify.so
7f3bceb05000-7f3bceb06000 rw-p 00011000 08:06 3429356                    /usr/lib/jvm/java-7-openjdk-amd64/jre/lib/amd64/libverify.so
7f3bceb06000-7f3bceb0d000 r-xp 00000000 08:06 2228298                    /lib/x86_64-linux-gnu/librt-2.21.so
7f3bceb0d000-7f3bced0c000 ---p 00007000 08:06 2228298                    /lib/x86_64-linux-gnu/librt-2.21.so
7f3bced0c000-7f3bced0d000 r--p 00006000 08:06 2228298                    /lib/x86_64-linux-gnu/librt-2.21.so
7f3bced0d000-7f3bced0e000 rw-p 00007000 08:06 2228298                    /lib/x86_64-linux-gnu/librt-2.21.so
7f3bced0e000-7f3bced24000 r-xp 00000000 08:06 2235337                    /lib/x86_64-linux-gnu/libgcc_s.so.1
7f3bced24000-7f3bcef23000 ---p 00016000 08:06 2235337                    /lib/x86_64-linux-gnu/libgcc_s.so.1
7f3bcef23000-7f3bcef24000 rw-p 00015000 08:06 2235337                    /lib/x86_64-linux-gnu/libgcc_s.so.1
7f3bcef24000-7f3bcf02b000 r-xp 00000000 08:06 2228296                    /lib/x86_64-linux-gnu/libm-2.21.so
7f3bcf02b000-7f3bcf22a000 ---p 00107000 08:06 2228296                    /lib/x86_64-linux-gnu/libm-2.21.so
7f3bcf22a000-7f3bcf22b000 r--p 00106000 08:06 2228296                    /lib/x86_64-linux-gnu/libm-2.21.so
7f3bcf22b000-7f3bcf22c000 rw-p 00107000 08:06 2228296                    /lib/x86_64-linux-gnu/libm-2.21.so
7f3bcf22c000-7f3bcf31c000 r-xp 00000000 08:06 3407907                    /usr/lib/x86_64-linux-gnu/libstdc++.so.6.0.20
7f3bcf31c000-7f3bcf51c000 ---p 000f0000 08:06 3407907                    /usr/lib/x86_64-linux-gnu/libstdc++.so.6.0.20
7f3bcf51c000-7f3bcf524000 r--p 000f0000 08:06 3407907                    /usr/lib/x86_64-linux-gnu/libstdc++.so.6.0.20
7f3bcf524000-7f3bcf526000 rw-p 000f8000 08:06 3407907                    /usr/lib/x86_64-linux-gnu/libstdc++.so.6.0.20
7f3bcf526000-7f3bcf53b000 rw-p 00000000 00:00 0 
7f3bcf53b000-7f3bd009b000 r-xp 00000000 08:06 3429342                    /usr/lib/jvm/java-7-openjdk-amd64/jre/lib/amd64/server/libjvm.so
7f3bd009b000-7f3bd029b000 ---p 00b60000 08:06 3429342                    /usr/lib/jvm/java-7-openjdk-amd64/jre/lib/amd64/server/libjvm.so
7f3bd029b000-7f3bd033a000 r--p 00b60000 08:06 3429342                    /usr/lib/jvm/java-7-openjdk-amd64/jre/lib/amd64/server/libjvm.so
7f3bd033a000-7f3bd035d000 rw-p 00bff000 08:06 3429342                    /usr/lib/jvm/java-7-openjdk-amd64/jre/lib/amd64/server/libjvm.so
7f3bd035d000-7f3bd038a000 rw-p 00000000 00:00 0 
7f3bd038a000-7f3bd03a3000 r-xp 00000000 08:06 2228229                    /lib/x86_64-linux-gnu/libz.so.1.2.8
7f3bd03a3000-7f3bd05a3000 ---p 00019000 08:06 2228229                    /lib/x86_64-linux-gnu/libz.so.1.2.8
7f3bd05a3000-7f3bd05a4000 r--p 00019000 08:06 2228229                    /lib/x86_64-linux-gnu/libz.so.1.2.8
7f3bd05a4000-7f3bd05a5000 rw-p 0001a000 08:06 2228229                    /lib/x86_64-linux-gnu/libz.so.1.2.8
7f3bd05a5000-7f3bd05bd000 r-xp 00000000 08:06 2228288                    /lib/x86_64-linux-gnu/libpthread-2.21.so
7f3bd05bd000-7f3bd07bd000 ---p 00018000 08:06 2228288                    /lib/x86_64-linux-gnu/libpthread-2.21.so
7f3bd07bd000-7f3bd07be000 r--p 00018000 08:06 2228288                    /lib/x86_64-linux-gnu/libpthread-2.21.so
7f3bd07be000-7f3bd07bf000 rw-p 00019000 08:06 2228288                    /lib/x86_64-linux-gnu/libpthread-2.21.so
7f3bd07bf000-7f3bd07c3000 rw-p 00000000 00:00 0 
7f3bd07c3000-7f3bd07c6000 r-xp 00000000 08:06 2228284                    /lib/x86_64-linux-gnu/libdl-2.21.so
7f3bd07c6000-7f3bd09c5000 ---p 00003000 08:06 2228284                    /lib/x86_64-linux-gnu/libdl-2.21.so
7f3bd09c5000-7f3bd09c6000 r--p 00002000 08:06 2228284                    /lib/x86_64-linux-gnu/libdl-2.21.so
7f3bd09c6000-7f3bd09c7000 rw-p 00003000 08:06 2228284                    /lib/x86_64-linux-gnu/libdl-2.21.so
7f3bd09c7000-7f3bd0b87000 r-xp 00000000 08:06 2228301                    /lib/x86_64-linux-gnu/libc-2.21.so
7f3bd0b87000-7f3bd0d87000 ---p 001c0000 08:06 2228301                    /lib/x86_64-linux-gnu/libc-2.21.so
7f3bd0d87000-7f3bd0d8b000 r--p 001c0000 08:06 2228301                    /lib/x86_64-linux-gnu/libc-2.21.so
7f3bd0d8b000-7f3bd0d8d000 rw-p 001c4000 08:06 2228301                    /lib/x86_64-linux-gnu/libc-2.21.so
7f3bd0d8d000-7f3bd0d91000 rw-p 00000000 00:00 0 
7f3bd0d91000-7f3bd0d9e000 r-xp 00000000 08:06 3429359                    /usr/lib/jvm/java-7-openjdk-amd64/jre/lib/amd64/jli/libjli.so
7f3bd0d9e000-7f3bd0f9d000 ---p 0000d000 08:06 3429359                    /usr/lib/jvm/java-7-openjdk-amd64/jre/lib/amd64/jli/libjli.so
7f3bd0f9d000-7f3bd0f9e000 r--p 0000c000 08:06 3429359                    /usr/lib/jvm/java-7-openjdk-amd64/jre/lib/amd64/jli/libjli.so
7f3bd0f9e000-7f3bd0f9f000 rw-p 0000d000 08:06 3429359                    /usr/lib/jvm/java-7-openjdk-amd64/jre/lib/amd64/jli/libjli.so
7f3bd0f9f000-7f3bd0fc3000 r-xp 00000000 08:06 2228287                    /lib/x86_64-linux-gnu/ld-2.21.so
7f3bd0fc4000-7f3bd0fc5000 rw-p 00000000 00:00 0 
7f3bd0fc5000-7f3bd0fc6000 r--s 00000000 08:06 3809923                    /usr/share/java/jayatanaag.jar
7f3bd0fc6000-7f3bd0fe7000 rw-p 00000000 00:00 0 
7f3bd0fe7000-7f3bd109d000 rw-p 00000000 00:00 0 
7f3bd109d000-7f3bd10a0000 ---p 00000000 00:00 0 
7f3bd10a0000-7f3bd11a3000 rw-p 00000000 00:00 0                          [stack:10908]
7f3bd11a3000-7f3bd11a4000 r--s 00007000 08:06 2133272                    /home/thomas/Bureau/lib/REngine.jar
7f3bd11a4000-7f3bd11a5000 r--s 00002000 08:06 2133271                    /home/thomas/Bureau/lib/JRIEngine.jar
7f3bd11a5000-7f3bd11a6000 r--s 00013000 08:06 2133265                    /home/thomas/Bureau/lib/JRI.jar
7f3bd11a6000-7f3bd11aa000 r--s 00085000 08:06 3429298                    /usr/lib/jvm/java-7-openjdk-amd64/jre/lib/ext/localedata.jar
7f3bd11aa000-7f3bd11ab000 r--s 00002000 08:06 3429304                    /usr/lib/jvm/java-7-openjdk-amd64/jre/lib/ext/dnsns.jar
7f3bd11ab000-7f3bd11ae000 r--s 0000f000 08:06 3429300                    /usr/lib/jvm/java-7-openjdk-amd64/jre/lib/ext/icedtea-sound.jar
7f3bd11ae000-7f3bd11b0000 r--s 00012000 08:06 3429293                    /usr/lib/jvm/java-7-openjdk-amd64/jre/lib/ext/zipfs.jar
7f3bd11b0000-7f3bd11b4000 r--s 00034000 08:06 3429301                    /usr/lib/jvm/java-7-openjdk-amd64/jre/lib/ext/sunjce_provider.jar
7f3bd11b4000-7f3bd11b6000 r--s 00006000 08:06 3803060                    /usr/share/java/java-atk-wrapper.jar
7f3bd11b6000-7f3bd11be000 rw-s 00000000 08:06 3557639                    /tmp/hsperfdata_thomas/10903
7f3bd11be000-7f3bd11bf000 rw-p 00000000 00:00 0 
7f3bd11bf000-7f3bd11c0000 r--p 00000000 00:00 0 
7f3bd11c0000-7f3bd11c2000 rw-p 00000000 00:00 0 
7f3bd11c2000-7f3bd11c3000 r--p 00023000 08:06 2228287                    /lib/x86_64-linux-gnu/ld-2.21.so
7f3bd11c3000-7f3bd11c4000 rw-p 00024000 08:06 2228287                    /lib/x86_64-linux-gnu/ld-2.21.so
7f3bd11c4000-7f3bd11c5000 rw-p 00000000 00:00 0 
7ffdf2a55000-7ffdf2a76000 rw-p 00000000 00:00 0                          [stack]
7ffdf2a80000-7ffdf2a82000 r--p 00000000 00:00 0                          [vvar]
7ffdf2a82000-7ffdf2a84000 r-xp 00000000 00:00 0                          [vdso]
ffffffffff600000-ffffffffff601000 r-xp 00000000 00:00 0                  [vsyscall]

VM Arguments:
jvm_args: -javaagent:/usr/share/java/jayatanaag.jar -Dfile.encoding=UTF-8 -Djava.library.path=/home/thomas/R/x86_64-pc-linux-gnu-library/3.1/rJava/jri 
java_command: Interface.Interface
Launcher Type: SUN_STANDARD

Environment Variables:
JAVA_TOOL_OPTIONS=-javaagent:/usr/share/java/jayatanaag.jar 
PATH=/usr/local/sbin:/usr/local/bin:/usr/sbin:/usr/bin:/sbin:/bin:/usr/games:/usr/local/games
LD_LIBRARY_PATH=/usr/lib/jvm/default-java/jre/lib/amd64:/usr/lib/jvm/default-java/jre/lib/i386:
SHELL=/bin/bash
DISPLAY=:0.0

Signal Handlers:
SIGSEGV: [libjvm.so+0x992590], sa_mask[0]=0x7ffbfeff, sa_flags=0x10000004
SIGBUS: [libjvm.so+0x992590], sa_mask[0]=0x7ffbfeff, sa_flags=0x10000004
SIGFPE: [libjvm.so+0x7fec60], sa_mask[0]=0x7ffbfeff, sa_flags=0x10000004
SIGPIPE: [libjvm.so+0x7fec60], sa_mask[0]=0x7ffbfeff, sa_flags=0x10000004
SIGXFSZ: [libjvm.so+0x7fec60], sa_mask[0]=0x7ffbfeff, sa_flags=0x10000004
SIGILL: [libjvm.so+0x7fec60], sa_mask[0]=0x7ffbfeff, sa_flags=0x10000004
SIGUSR1: SIG_DFL, sa_mask[0]=0x00000000, sa_flags=0x00000000
SIGUSR2: [libjvm.so+0x7feae0], sa_mask[0]=0x00000004, sa_flags=0x10000004
SIGHUP: [libjvm.so+0x7fece0], sa_mask[0]=0x7ffbfeff, sa_flags=0x10000004
SIGINT: SIG_IGN, sa_mask[0]=0x00000000, sa_flags=0x00000000
SIGTERM: [libjvm.so+0x7fece0], sa_mask[0]=0x7ffbfeff, sa_flags=0x10000004
SIGQUIT: [libjvm.so+0x7fece0], sa_mask[0]=0x7ffbfeff, sa_flags=0x10000004
SIGTRAP: SIG_DFL, sa_mask[0]=0x00000000, sa_flags=0x00000000


---------------  S Y S T E M  ---------------

OS:Ubuntu 15.04 (vivid)
uname:Linux 3.19.0-16-generic #16-Ubuntu SMP Thu Apr 30 16:09:58 UTC 2015 x86_64
libc:glibc 2.21 NPTL 2.21 
rlimit: STACK 8192k, CORE 0k, NPROC 15645, NOFILE 65536, AS infinity
load average:0,14 0,27 0,27

/proc/meminfo:
MemTotal:        4027580 kB
MemFree:          336828 kB
MemAvailable:    2229468 kB
Buffers:          298248 kB
Cached:          1633888 kB
SwapCached:            0 kB
Active:          2426848 kB
Inactive:         830460 kB
Active(anon):    1326184 kB
Inactive(anon):    42092 kB
Active(file):    1100664 kB
Inactive(file):   788368 kB
Unevictable:          32 kB
Mlocked:              32 kB
SwapTotal:       3998716 kB
SwapFree:        3998716 kB
Dirty:               592 kB
Writeback:             0 kB
AnonPages:       1325216 kB
Mapped:           268076 kB
Shmem:             43256 kB
Slab:             290836 kB
SReclaimable:     257000 kB
SUnreclaim:        33836 kB
KernelStack:        7504 kB
PageTables:        28668 kB
NFS_Unstable:          0 kB
Bounce:                0 kB
WritebackTmp:          0 kB
CommitLimit:     6012504 kB
Committed_AS:    4189436 kB
VmallocTotal:   34359738367 kB
VmallocUsed:      108820 kB
VmallocChunk:   34359617072 kB
HardwareCorrupted:     0 kB
AnonHugePages:    817152 kB
CmaTotal:              0 kB
CmaFree:               0 kB
HugePages_Total:       0
HugePages_Free:        0
HugePages_Rsvd:        0
HugePages_Surp:        0
Hugepagesize:       2048 kB
DirectMap4k:      348536 kB
DirectMap2M:     3827712 kB


CPU:total 4 (2 cores per cpu, 2 threads per core) family 6 model 42 stepping 7, cmov, cx8, fxsr, mmx, sse, sse2, sse3, ssse3, sse4.1, sse4.2, popcnt, avx, aes, ht, tsc, tscinvbit

/proc/cpuinfo:
processor	: 0
vendor_id	: GenuineIntel
cpu family	: 6
model		: 42
model name	: Intel(R) Core(TM) i5-2430M CPU @ 2.40GHz
stepping	: 7
microcode	: 0x14
cpu MHz		: 2800.218
cache size	: 3072 KB
physical id	: 0
siblings	: 4
core id		: 0
cpu cores	: 2
apicid		: 0
initial apicid	: 0
fpu		: yes
fpu_exception	: yes
cpuid level	: 13
wp		: yes
flags		: fpu vme de pse tsc msr pae mce cx8 apic sep mtrr pge mca cmov pat pse36 clflush dts acpi mmx fxsr sse sse2 ss ht tm pbe syscall nx rdtscp lm constant_tsc arch_perfmon pebs bts rep_good nopl xtopology nonstop_tsc aperfmperf eagerfpu pni pclmulqdq dtes64 monitor ds_cpl vmx est tm2 ssse3 cx16 xtpr pdcm pcid sse4_1 sse4_2 x2apic popcnt tsc_deadline_timer aes xsave avx lahf_lm ida arat epb pln pts dtherm tpr_shadow vnmi flexpriority ept vpid xsaveopt
bugs		:
bogomips	: 4789.52
clflush size	: 64
cache_alignment	: 64
address sizes	: 36 bits physical, 48 bits virtual
power management:

processor	: 1
vendor_id	: GenuineIntel
cpu family	: 6
model		: 42
model name	: Intel(R) Core(TM) i5-2430M CPU @ 2.40GHz
stepping	: 7
microcode	: 0x14
cpu MHz		: 2799.937
cache size	: 3072 KB
physical id	: 0
siblings	: 4
core id		: 1
cpu cores	: 2
apicid		: 2
initial apicid	: 2
fpu		: yes
fpu_exception	: yes
cpuid level	: 13
wp		: yes
flags		: fpu vme de pse tsc msr pae mce cx8 apic sep mtrr pge mca cmov pat pse36 clflush dts acpi mmx fxsr sse sse2 ss ht tm pbe syscall nx rdtscp lm constant_tsc arch_perfmon pebs bts rep_good nopl xtopology nonstop_tsc aperfmperf eagerfpu pni pclmulqdq dtes64 monitor ds_cpl vmx est tm2 ssse3 cx16 xtpr pdcm pcid sse4_1 sse4_2 x2apic popcnt tsc_deadline_timer aes xsave avx lahf_lm ida arat epb pln pts dtherm tpr_shadow vnmi flexpriority ept vpid xsaveopt
bugs		:
bogomips	: 4789.52
clflush size	: 64
cache_alignment	: 64
address sizes	: 36 bits physical, 48 bits virtual
power management:

processor	: 2
vendor_id	: GenuineIntel
cpu family	: 6
model		: 42
model name	: Intel(R) Core(TM) i5-2430M CPU @ 2.40GHz
stepping	: 7
microcode	: 0x14
cpu MHz		: 2799.937
cache size	: 3072 KB
physical id	: 0
siblings	: 4
core id		: 0
cpu cores	: 2
apicid		: 1
initial apicid	: 1
fpu		: yes
fpu_exception	: yes
cpuid level	: 13
wp		: yes
flags		: fpu vme de pse tsc msr pae mce cx8 apic sep mtrr pge mca cmov pat pse36 clflush dts acpi mmx fxsr sse sse2 ss ht tm pbe syscall nx rdtscp lm constant_tsc arch_perfmon pebs bts rep_good nopl xtopology nonstop_tsc aperfmperf eagerfpu pni pclmulqdq dtes64 monitor ds_cpl vmx est tm2 ssse3 cx16 xtpr pdcm pcid sse4_1 sse4_2 x2apic popcnt tsc_deadline_timer aes xsave avx lahf_lm ida arat epb pln pts dtherm tpr_shadow vnmi flexpriority ept vpid xsaveopt
bugs		:
bogomips	: 4789.52
clflush size	: 64
cache_alignment	: 64
address sizes	: 36 bits physical, 48 bits virtual
power management:

processor	: 3
vendor_id	: GenuineIntel
cpu family	: 6
model		: 42
model name	: Intel(R) Core(TM) i5-2430M CPU @ 2.40GHz
stepping	: 7
microcode	: 0x14
cpu MHz		: 2799.937
cache size	: 3072 KB
physical id	: 0
siblings	: 4
core id		: 1
cpu cores	: 2
apicid		: 3
initial apicid	: 3
fpu		: yes
fpu_exception	: yes
cpuid level	: 13
wp		: yes
flags		: fpu vme de pse tsc msr pae mce cx8 apic sep mtrr pge mca cmov pat pse36 clflush dts acpi mmx fxsr sse sse2 ss ht tm pbe syscall nx rdtscp lm constant_tsc arch_perfmon pebs bts rep_good nopl xtopology nonstop_tsc aperfmperf eagerfpu pni pclmulqdq dtes64 monitor ds_cpl vmx est tm2 ssse3 cx16 xtpr pdcm pcid sse4_1 sse4_2 x2apic popcnt tsc_deadline_timer aes xsave avx lahf_lm ida arat epb pln pts dtherm tpr_shadow vnmi flexpriority ept vpid xsaveopt
bugs		:
bogomips	: 4789.52
clflush size	: 64
cache_alignment	: 64
address sizes	: 36 bits physical, 48 bits virtual
power management:



Memory: 4k page, physical 4027580k(336828k free), swap 3998716k(3998716k free)

vm_info: OpenJDK 64-Bit Server VM (24.91-b01) for linux-amd64 JRE (1.7.0_91-b02), built on Nov 19 2015 06:08:55 by "buildd" with gcc 4.9.2

time: Thu Jun  2 14:36:29 2016
elapsed time: 0 seconds

