#
# A fatal error has been detected by the Java Runtime Environment:
#
#  SIGSEGV (0xb) at pc=0x00007fcd782a7cd1, pid=10710, tid=140520801724160
#
# JRE version: OpenJDK Runtime Environment (7.0_91-b02) (build 1.7.0_91-b02)
# Java VM: OpenJDK 64-Bit Server VM (24.91-b01 mixed mode linux-amd64 compressed oops)
# Derivative: IcedTea 2.6.3
# Distribution: Ubuntu 15.04, package 7u91-2.6.3-0ubuntu0.15.04.1
# Problematic frame:
# C  [libR.so+0xfacd1]
#
# Failed to write core dump. Core dumps have been disabled. To enable core dumping, try "ulimit -c unlimited" before starting Java again
#
# If you would like to submit a bug report, please include
# instructions on how to reproduce the bug and visit:
#   http://icedtea.classpath.org/bugzilla
# The crash happened outside the Java Virtual Machine in native code.
# See problematic frame for where to report the bug.
#

---------------  T H R E A D  ---------------

Current thread (0x00007fcd8400b000):  JavaThread "main" [_thread_in_native, id=10713, stack(0x00007fcd8c686000,0x00007fcd8c787000)]

siginfo:si_signo=SIGSEGV: si_errno=0, si_code=1 (SEGV_MAPERR), si_addr=0x0000000000000018

Registers:
RAX=0x0000000000000160, RBX=0x0000000000000028, RCX=0x00007fcd841fc098, RDX=0x00007fcd785f1cc0
RSP=0x00007fcd8c785730, RBP=0x0000000000000030, RSI=0x0000000000000000, RDI=0x0000000000000003
R8 =0x0000000000000000, R9 =0x00007fcd785f1f70, R10=0x00007fcd785f1e30, R11=0x00007fcd84000078
R12=0x0000000000000001, R13=0x00007fcd841fc090, R14=0x0000000000000001, R15=0x00007fcd785f1e30
RIP=0x00007fcd782a7cd1, EFLAGS=0x0000000000010206, CSGSFS=0x0000000000000033, ERR=0x0000000000000004
  TRAPNO=0x000000000000000e

Top of Stack: (sp=0x00007fcd8c785730)
0x00007fcd8c785730:   00007fcd8400b000 0000000000000000
0x00007fcd8c785740:   0000000000000001 0000000000000010
0x00007fcd8c785750:   0000000000000001 00007fcd782a92c1
0x00007fcd8c785760:   0000000000000001 00007fcd785f1cc0
0x00007fcd8c785770:   00007fcd841fc070 0000000000000000
0x00007fcd8c785780:   00007fcd8b954258 00007fcd8400b1d8
0x00007fcd8c785790:   0000000000000001 00007fcd841fc070
0x00007fcd8c7857a0:   00007fcd8c7858b0 00007fcd8c7858b8
0x00007fcd8c7857b0:   00007fcd8400b000 00007fcd786d368b
0x00007fcd8c7857c0:   00007fcd8400b1d8 00000000b84e0e50
0x00007fcd8c7857d0:   0000000000000001 0000000000000000
0x00007fcd8c7857e0:   00000000b84e0e50 00007fcd786d2410
0x00007fcd8c7857f0:   00000000b84e0e50 1dd0ff66097a8300
0x00007fcd8c785800:   00007fcd8c785888 00000000b84e0e50
0x00007fcd8c785810:   00007fcd8c785888 00007fcd8101378f
0x00007fcd8c785820:   00007fcd8400bb68 00007fcd8400bb78
0x00007fcd8c785830:   00007fcd8400bb80 0000000000000000
0x00007fcd8c785840:   00000000eb9233a8 00007fcd8c785838
0x00007fcd8c785850:   00000000b84e0e50 00007fcd8c7858b8
0x00007fcd8c785860:   00000000b84e63c0 0000000000000000
0x00007fcd8c785870:   00000000b84e0e50 0000000000000000
0x00007fcd8c785880:   00007fcd8c7858a8 00007fcd8c785910
0x00007fcd8c785890:   00007fcd81006175 0000000000000000
0x00007fcd8c7858a0:   00007fcd8100ecd7 0000000000000001
0x00007fcd8c7858b0:   00000000eb928610 00000000eb9233a8
0x00007fcd8c7858c0:   0000000000000000 00000000eb9233a8
0x00007fcd8c7858d0:   00007fcd8c7858c0 00000000b84e406d
0x00007fcd8c7858e0:   00007fcd8c785970 00000000b84e63c0
0x00007fcd8c7858f0:   0000000000000000 00000000b84e4150
0x00007fcd8c785900:   00007fcd8c7858a8 00007fcd8c785960
0x00007fcd8c785910:   00007fcd8c7859c8 00007fcd81006233
0x00007fcd8c785920:   0000000000000000 0000000000000000 

Instructions: (pc=0x00007fcd782a7cd1)
0x00007fcd782a7cb1:   8d 54 02 10 49 8b 49 08 41 83 41 04 01 85 db 4d
0x00007fcd782a7cc1:   89 69 08 49 8b 32 49 89 4d 00 49 8d 4d 08 74 4e
0x00007fcd782a7cd1:   48 8b 56 18 44 89 e7 45 31 c0 8b 05 3f ab 34 00
0x00007fcd782a7ce1:   c1 e7 05 0f 1f 40 00 48 89 71 10 41 83 01 01 41 

Register to memory mapping:

RAX=0x0000000000000160 is an unknown value
RBX=0x0000000000000028 is an unknown value
RCX=0x00007fcd841fc098 is an unknown value
RDX=0x00007fcd785f1cc0: <offset 0x444cc0> in /usr/lib/libR.so at 0x00007fcd781ad000
RSP=0x00007fcd8c785730 is pointing into the stack for thread: 0x00007fcd8400b000
RBP=0x0000000000000030 is an unknown value
RSI=0x0000000000000000 is an unknown value
RDI=0x0000000000000003 is an unknown value
R8 =0x0000000000000000 is an unknown value
R9 =0x00007fcd785f1f70: <offset 0x444f70> in /usr/lib/libR.so at 0x00007fcd781ad000
R10=0x00007fcd785f1e30: <offset 0x444e30> in /usr/lib/libR.so at 0x00007fcd781ad000
R11=0x00007fcd84000078 is an unknown value
R12=0x0000000000000001 is an unknown value
R13=0x00007fcd841fc090 is an unknown value
R14=0x0000000000000001 is an unknown value
R15=0x00007fcd785f1e30: <offset 0x444e30> in /usr/lib/libR.so at 0x00007fcd781ad000


Stack: [0x00007fcd8c686000,0x00007fcd8c787000],  sp=0x00007fcd8c785730,  free space=1021k
Native frames: (J=compiled Java code, j=interpreted, Vv=VM code, C=native code)
C  [libR.so+0xfacd1]

[error occurred during error reporting (printing native stack), id 0xb]

Java frames: (J=compiled Java code, j=interpreted, Vv=VM code)
j  org.rosuda.JRI.Rengine.rniParse(Ljava/lang/String;I)J+0
j  org.rosuda.JRI.Rengine.eval(Ljava/lang/String;Z)Lorg/rosuda/JRI/REXP;+53
j  org.rosuda.JRI.Rengine.eval(Ljava/lang/String;)Lorg/rosuda/JRI/REXP;+3
j  Interface.Interface.main([Ljava/lang/String;)V+25
v  ~StubRoutines::call_stub

---------------  P R O C E S S  ---------------

Java Threads: ( => current thread )
  0x00007fcd841f7000 JavaThread "Thread-0" [_thread_blocked, id=10727, stack(0x00007fcd780ac000,0x00007fcd781ad000)]
  0x00007fcd841e3800 JavaThread "Service Thread" daemon [_thread_blocked, id=10725, stack(0x00007fcd789d9000,0x00007fcd78ada000)]
  0x00007fcd841da800 JavaThread "C2 CompilerThread1" daemon [_thread_blocked, id=10724, stack(0x00007fcd78ada000,0x00007fcd78bdb000)]
  0x00007fcd841d8800 JavaThread "C2 CompilerThread0" daemon [_thread_blocked, id=10723, stack(0x00007fcd78bdb000,0x00007fcd78cdc000)]
  0x00007fcd8416f800 JavaThread "Signal Dispatcher" daemon [_thread_blocked, id=10722, stack(0x00007fcd79841000,0x00007fcd79942000)]
  0x00007fcd84144800 JavaThread "Finalizer" daemon [_thread_blocked, id=10721, stack(0x00007fcd800f1000,0x00007fcd801f2000)]
  0x00007fcd84142800 JavaThread "Reference Handler" daemon [_thread_blocked, id=10720, stack(0x00007fcd801f2000,0x00007fcd802f3000)]
=>0x00007fcd8400b000 JavaThread "main" [_thread_in_native, id=10713, stack(0x00007fcd8c686000,0x00007fcd8c787000)]

Other Threads:
  0x00007fcd8413e000 VMThread [stack: 0x00007fcd802f3000,0x00007fcd803f4000] [id=10719]
  0x00007fcd841ee800 WatcherThread [stack: 0x00007fcd788d8000,0x00007fcd789d9000] [id=10726]

VM state:not at safepoint (normal execution)

VM Mutex/Monitor currently owned by a thread: None

Heap
 PSYoungGen      total 18432K, used 1614K [0x00000000eb800000, 0x00000000ecc80000, 0x0000000100000000)
  eden space 15872K, 10% used [0x00000000eb800000,0x00000000eb9938f8,0x00000000ec780000)
  from space 2560K, 0% used [0x00000000eca00000,0x00000000eca00000,0x00000000ecc80000)
  to   space 2560K, 0% used [0x00000000ec780000,0x00000000ec780000,0x00000000eca00000)
 ParOldGen       total 41984K, used 0K [0x00000000c2800000, 0x00000000c5100000, 0x00000000eb800000)
  object space 41984K, 0% used [0x00000000c2800000,0x00000000c2800000,0x00000000c5100000)
 PSPermGen       total 21504K, used 3017K [0x00000000b8200000, 0x00000000b9700000, 0x00000000c2800000)
  object space 21504K, 14% used [0x00000000b8200000,0x00000000b84f27c0,0x00000000b9700000)

Card table byte_map: [0x00007fcd88e1e000,0x00007fcd8905e000] byte_map_base: 0x00007fcd8885d000

Polling page: 0x00007fcd8c7a8000

Code Cache  [0x00007fcd81000000, 0x00007fcd81270000, 0x00007fcd84000000)
 total_blobs=172 nmethods=0 adapters=141 free_code_cache=48771Kb largest_free_block=49941504

Compilation events (0 events):
No events

GC Heap History (0 events):
No events

Deoptimization events (0 events):
No events

Internal exceptions (8 events):
Event: 0,033 Thread 0x00007fcd8400b000 Threw 0x00000000eb80f088 at /build/openjdk-7-1hyu6m/openjdk-7-7u91-2.6.3/build/openjdk/hotspot/src/share/vm/prims/jni.cpp:4027
Event: 0,083 Thread 0x00007fcd8400b000 Threw 0x00000000eb8bf500 at /build/openjdk-7-1hyu6m/openjdk-7-7u91-2.6.3/build/openjdk/hotspot/src/share/vm/prims/jni.cpp:721
Event: 0,083 Thread 0x00007fcd8400b000 Threw 0x00000000eb8bfbd0 at /build/openjdk-7-1hyu6m/openjdk-7-7u91-2.6.3/build/openjdk/hotspot/src/share/vm/prims/jvm.cpp:1322
Event: 0,083 Thread 0x00007fcd8400b000 Threw 0x00000000eb8bfcf8 at /build/openjdk-7-1hyu6m/openjdk-7-7u91-2.6.3/build/openjdk/hotspot/src/share/vm/prims/jvm.cpp:1322
Event: 0,084 Thread 0x00007fcd8400b000 Threw 0x00000000eb8c2888 at /build/openjdk-7-1hyu6m/openjdk-7-7u91-2.6.3/build/openjdk/hotspot/src/share/vm/prims/jvm.cpp:1322
Event: 0,099 Thread 0x00007fcd8400b000 Threw 0x00000000eb90d950 at /build/openjdk-7-1hyu6m/openjdk-7-7u91-2.6.3/build/openjdk/hotspot/src/share/vm/prims/jvm.cpp:1322
Event: 0,100 Thread 0x00007fcd8400b000 Threw 0x00000000eb9127d0 at /build/openjdk-7-1hyu6m/openjdk-7-7u91-2.6.3/build/openjdk/hotspot/src/share/vm/prims/jvm.cpp:1322
Event: 0,103 Thread 0x00007fcd8400b000 Threw 0x00000000eb924018 at /build/openjdk-7-1hyu6m/openjdk-7-7u91-2.6.3/build/openjdk/hotspot/src/share/vm/prims/jvm.cpp:1322

Events (10 events):
Event: 0,104 loading class 0x00007fcd8406e000
Event: 0,104 loading class 0x00007fcd8406e000 done
Event: 0,104 loading class 0x00007fcd886275e0
Event: 0,104 loading class 0x00007fcd886275e0 done
Event: 0,104 loading class 0x00007fcd8406e400
Event: 0,104 loading class 0x00007fcd8406e460
Event: 0,105 loading class 0x00007fcd8406e460 done
Event: 0,105 loading class 0x00007fcd8406e400 done
Event: 0,105 loading class 0x00007fcd8406e430
Event: 0,105 loading class 0x00007fcd8406e430 done


Dynamic libraries:
00400000-00401000 r-xp 00000000 08:06 3410925                            /usr/lib/jvm/java-7-openjdk-amd64/jre/bin/java
00600000-00601000 r--p 00000000 08:06 3410925                            /usr/lib/jvm/java-7-openjdk-amd64/jre/bin/java
00601000-00602000 rw-p 00001000 08:06 3410925                            /usr/lib/jvm/java-7-openjdk-amd64/jre/bin/java
0150c000-0152d000 rw-p 00000000 00:00 0                                  [heap]
b8200000-b9700000 rw-p 00000000 00:00 0 
b9700000-c2800000 rw-p 00000000 00:00 0 
c2800000-c5100000 rw-p 00000000 00:00 0 
c5100000-eb800000 rw-p 00000000 00:00 0 
eb800000-ecc80000 rw-p 00000000 00:00 0 
ecc80000-100000000 rw-p 00000000 00:00 0 
7fcd44000000-7fcd44021000 rw-p 00000000 00:00 0 
7fcd44021000-7fcd48000000 ---p 00000000 00:00 0 
7fcd4b05b000-7fcd4b080000 r-xp 00000000 08:06 2232368                    /lib/x86_64-linux-gnu/libtinfo.so.5.9
7fcd4b080000-7fcd4b27f000 ---p 00025000 08:06 2232368                    /lib/x86_64-linux-gnu/libtinfo.so.5.9
7fcd4b27f000-7fcd4b283000 r--p 00024000 08:06 2232368                    /lib/x86_64-linux-gnu/libtinfo.so.5.9
7fcd4b283000-7fcd4b284000 rw-p 00028000 08:06 2232368                    /lib/x86_64-linux-gnu/libtinfo.so.5.9
7fcd4b284000-7fcd4b29a000 r-xp 00000000 08:06 3410384                    /usr/lib/x86_64-linux-gnu/libgomp.so.1.0.0
7fcd4b29a000-7fcd4b499000 ---p 00016000 08:06 3410384                    /usr/lib/x86_64-linux-gnu/libgomp.so.1.0.0
7fcd4b499000-7fcd4b49a000 r--p 00015000 08:06 3410384                    /usr/lib/x86_64-linux-gnu/libgomp.so.1.0.0
7fcd4b49a000-7fcd4b49b000 rw-p 00016000 08:06 3410384                    /usr/lib/x86_64-linux-gnu/libgomp.so.1.0.0
7fcd4b49b000-7fcd4b4aa000 r-xp 00000000 08:06 2232395                    /lib/x86_64-linux-gnu/libbz2.so.1.0.4
7fcd4b4aa000-7fcd4b6a9000 ---p 0000f000 08:06 2232395                    /lib/x86_64-linux-gnu/libbz2.so.1.0.4
7fcd4b6a9000-7fcd4b6aa000 r--p 0000e000 08:06 2232395                    /lib/x86_64-linux-gnu/libbz2.so.1.0.4
7fcd4b6aa000-7fcd4b6ab000 rw-p 0000f000 08:06 2232395                    /lib/x86_64-linux-gnu/libbz2.so.1.0.4
7fcd4b6ab000-7fcd4b6cc000 r-xp 00000000 08:06 2232463                    /lib/x86_64-linux-gnu/liblzma.so.5.0.0
7fcd4b6cc000-7fcd4b8cb000 ---p 00021000 08:06 2232463                    /lib/x86_64-linux-gnu/liblzma.so.5.0.0
7fcd4b8cb000-7fcd4b8cc000 r--p 00020000 08:06 2232463                    /lib/x86_64-linux-gnu/liblzma.so.5.0.0
7fcd4b8cc000-7fcd4b8cd000 rw-p 00021000 08:06 2232463                    /lib/x86_64-linux-gnu/liblzma.so.5.0.0
7fcd4b8cd000-7fcd4b939000 r-xp 00000000 08:06 2239920                    /lib/x86_64-linux-gnu/libpcre.so.3.13.1
7fcd4b939000-7fcd4bb38000 ---p 0006c000 08:06 2239920                    /lib/x86_64-linux-gnu/libpcre.so.3.13.1
7fcd4bb38000-7fcd4bb39000 r--p 0006b000 08:06 2239920                    /lib/x86_64-linux-gnu/libpcre.so.3.13.1
7fcd4bb39000-7fcd4bb3a000 rw-p 0006c000 08:06 2239920                    /lib/x86_64-linux-gnu/libpcre.so.3.13.1
7fcd4bb3a000-7fcd4bb77000 r-xp 00000000 08:06 2232545                    /lib/x86_64-linux-gnu/libreadline.so.6.3
7fcd4bb77000-7fcd4bd77000 ---p 0003d000 08:06 2232545                    /lib/x86_64-linux-gnu/libreadline.so.6.3
7fcd4bd77000-7fcd4bd79000 r--p 0003d000 08:06 2232545                    /lib/x86_64-linux-gnu/libreadline.so.6.3
7fcd4bd79000-7fcd4bd7f000 rw-p 0003f000 08:06 2232545                    /lib/x86_64-linux-gnu/libreadline.so.6.3
7fcd4bd7f000-7fcd4bd80000 rw-p 00000000 00:00 0 
7fcd4bd80000-7fcd4bdff000 r-xp 00000000 08:06 3408050                    /usr/lib/libblas/libblas.so.3.0
7fcd4bdff000-7fcd4bffe000 ---p 0007f000 08:06 3408050                    /usr/lib/libblas/libblas.so.3.0
7fcd4bffe000-7fcd4bfff000 r--p 0007e000 08:06 3408050                    /usr/lib/libblas/libblas.so.3.0
7fcd4bfff000-7fcd4c000000 rw-p 0007f000 08:06 3408050                    /usr/lib/libblas/libblas.so.3.0
7fcd4c000000-7fcd4c021000 rw-p 00000000 00:00 0 
7fcd4c021000-7fcd50000000 ---p 00000000 00:00 0 
7fcd50000000-7fcd50021000 rw-p 00000000 00:00 0 
7fcd50021000-7fcd54000000 ---p 00000000 00:00 0 
7fcd54000000-7fcd54021000 rw-p 00000000 00:00 0 
7fcd54021000-7fcd58000000 ---p 00000000 00:00 0 
7fcd58000000-7fcd58021000 rw-p 00000000 00:00 0 
7fcd58021000-7fcd5c000000 ---p 00000000 00:00 0 
7fcd5c000000-7fcd5c021000 rw-p 00000000 00:00 0 
7fcd5c021000-7fcd60000000 ---p 00000000 00:00 0 
7fcd60000000-7fcd60021000 rw-p 00000000 00:00 0 
7fcd60021000-7fcd64000000 ---p 00000000 00:00 0 
7fcd64000000-7fcd64021000 rw-p 00000000 00:00 0 
7fcd64021000-7fcd68000000 ---p 00000000 00:00 0 
7fcd68000000-7fcd68021000 rw-p 00000000 00:00 0 
7fcd68021000-7fcd6c000000 ---p 00000000 00:00 0 
7fcd6c000000-7fcd6c021000 rw-p 00000000 00:00 0 
7fcd6c021000-7fcd70000000 ---p 00000000 00:00 0 
7fcd70000000-7fcd70021000 rw-p 00000000 00:00 0 
7fcd70021000-7fcd74000000 ---p 00000000 00:00 0 
7fcd74000000-7fcd74021000 rw-p 00000000 00:00 0 
7fcd74021000-7fcd78000000 ---p 00000000 00:00 0 
7fcd780ac000-7fcd780af000 ---p 00000000 00:00 0 
7fcd780af000-7fcd781ad000 rw-p 00000000 00:00 0                          [stack:10727]
7fcd781ad000-7fcd783d4000 r-xp 00000000 08:06 3556772                    /usr/lib/R/lib/libR.so
7fcd783d4000-7fcd785d3000 ---p 00227000 08:06 3556772                    /usr/lib/R/lib/libR.so
7fcd785d3000-7fcd785d8000 r--p 00226000 08:06 3556772                    /usr/lib/R/lib/libR.so
7fcd785d8000-7fcd785e2000 rw-p 0022b000 08:06 3556772                    /usr/lib/R/lib/libR.so
7fcd785e2000-7fcd786ce000 rw-p 00000000 00:00 0 
7fcd786ce000-7fcd786d7000 r-xp 00000000 08:06 2902138                    /home/thomas/R/x86_64-pc-linux-gnu-library/3.1/rJava/jri/libjri.so
7fcd786d7000-7fcd788d6000 ---p 00009000 08:06 2902138                    /home/thomas/R/x86_64-pc-linux-gnu-library/3.1/rJava/jri/libjri.so
7fcd788d6000-7fcd788d7000 r--p 00008000 08:06 2902138                    /home/thomas/R/x86_64-pc-linux-gnu-library/3.1/rJava/jri/libjri.so
7fcd788d7000-7fcd788d8000 rw-p 00009000 08:06 2902138                    /home/thomas/R/x86_64-pc-linux-gnu-library/3.1/rJava/jri/libjri.so
7fcd788d8000-7fcd788d9000 ---p 00000000 00:00 0 
7fcd788d9000-7fcd789d9000 rw-p 00000000 00:00 0                          [stack:10726]
7fcd789d9000-7fcd789dc000 ---p 00000000 00:00 0 
7fcd789dc000-7fcd78ada000 rw-p 00000000 00:00 0                          [stack:10725]
7fcd78ada000-7fcd78add000 ---p 00000000 00:00 0 
7fcd78add000-7fcd78bdb000 rw-p 00000000 00:00 0                          [stack:10724]
7fcd78bdb000-7fcd78bde000 ---p 00000000 00:00 0 
7fcd78bde000-7fcd78cdc000 rw-p 00000000 00:00 0                          [stack:10723]
7fcd78cdc000-7fcd78ce1000 r-xp 00000000 08:06 3416478                    /usr/lib/x86_64-linux-gnu/libXdmcp.so.6.0.0
7fcd78ce1000-7fcd78ee0000 ---p 00005000 08:06 3416478                    /usr/lib/x86_64-linux-gnu/libXdmcp.so.6.0.0
7fcd78ee0000-7fcd78ee1000 r--p 00004000 08:06 3416478                    /usr/lib/x86_64-linux-gnu/libXdmcp.so.6.0.0
7fcd78ee1000-7fcd78ee2000 rw-p 00005000 08:06 3416478                    /usr/lib/x86_64-linux-gnu/libXdmcp.so.6.0.0
7fcd78ee2000-7fcd78ee4000 r-xp 00000000 08:06 3416467                    /usr/lib/x86_64-linux-gnu/libXau.so.6.0.0
7fcd78ee4000-7fcd790e4000 ---p 00002000 08:06 3416467                    /usr/lib/x86_64-linux-gnu/libXau.so.6.0.0
7fcd790e4000-7fcd790e5000 r--p 00002000 08:06 3416467                    /usr/lib/x86_64-linux-gnu/libXau.so.6.0.0
7fcd790e5000-7fcd790e6000 rw-p 00003000 08:06 3416467                    /usr/lib/x86_64-linux-gnu/libXau.so.6.0.0
7fcd790e6000-7fcd79103000 r-xp 00000000 08:06 3417587                    /usr/lib/x86_64-linux-gnu/libxcb.so.1.1.0
7fcd79103000-7fcd79303000 ---p 0001d000 08:06 3417587                    /usr/lib/x86_64-linux-gnu/libxcb.so.1.1.0
7fcd79303000-7fcd79304000 r--p 0001d000 08:06 3417587                    /usr/lib/x86_64-linux-gnu/libxcb.so.1.1.0
7fcd79304000-7fcd79305000 rw-p 0001e000 08:06 3417587                    /usr/lib/x86_64-linux-gnu/libxcb.so.1.1.0
7fcd79305000-7fcd79438000 r-xp 00000000 08:06 3416463                    /usr/lib/x86_64-linux-gnu/libX11.so.6.3.0
7fcd79438000-7fcd79638000 ---p 00133000 08:06 3416463                    /usr/lib/x86_64-linux-gnu/libX11.so.6.3.0
7fcd79638000-7fcd79639000 r--p 00133000 08:06 3416463                    /usr/lib/x86_64-linux-gnu/libX11.so.6.3.0
7fcd79639000-7fcd7963d000 rw-p 00134000 08:06 3416463                    /usr/lib/x86_64-linux-gnu/libX11.so.6.3.0
7fcd7963d000-7fcd7963e000 rw-p 00000000 00:00 0 
7fcd7963e000-7fcd79640000 r-xp 00000000 08:06 3408461                    /usr/lib/jayatana/libjayatanaag.so
7fcd79640000-7fcd7983f000 ---p 00002000 08:06 3408461                    /usr/lib/jayatana/libjayatanaag.so
7fcd7983f000-7fcd79840000 r--p 00001000 08:06 3408461                    /usr/lib/jayatana/libjayatanaag.so
7fcd79840000-7fcd79841000 rw-p 00002000 08:06 3408461                    /usr/lib/jayatana/libjayatanaag.so
7fcd79841000-7fcd79844000 ---p 00000000 00:00 0 
7fcd79844000-7fcd79942000 rw-p 00000000 00:00 0                          [stack:10722]
7fcd79942000-7fcd79c10000 r--p 00000000 08:06 3409623                    /usr/lib/locale/locale-archive
7fcd79c10000-7fcd7c000000 rw-p 00000000 00:00 0 
7fcd7c000000-7fcd7c021000 rw-p 00000000 00:00 0 
7fcd7c021000-7fcd80000000 ---p 00000000 00:00 0 
7fcd800f1000-7fcd800f4000 ---p 00000000 00:00 0 
7fcd800f4000-7fcd801f2000 rw-p 00000000 00:00 0                          [stack:10721]
7fcd801f2000-7fcd801f5000 ---p 00000000 00:00 0 
7fcd801f5000-7fcd802f3000 rw-p 00000000 00:00 0                          [stack:10720]
7fcd802f3000-7fcd802f4000 ---p 00000000 00:00 0 
7fcd802f4000-7fcd81000000 rw-p 00000000 00:00 0                          [stack:10719]
7fcd81000000-7fcd81270000 rwxp 00000000 00:00 0 
7fcd81270000-7fcd84210000 rw-p 00000000 00:00 0 
7fcd84210000-7fcd88000000 ---p 00000000 00:00 0 
7fcd8806d000-7fcd88071000 r--s 0003c000 08:06 3429302                    /usr/lib/jvm/java-7-openjdk-amd64/jre/lib/ext/sunpkcs11.jar
7fcd88071000-7fcd883bd000 rw-p 00000000 00:00 0 
7fcd883bd000-7fcd8856f000 r--s 01d2e000 08:06 3429307                    /usr/lib/jvm/java-7-openjdk-amd64/jre/lib/rt.jar
7fcd8856f000-7fcd8887f000 rw-p 00000000 00:00 0 
7fcd8887f000-7fcd88880000 ---p 00000000 00:00 0 
7fcd88880000-7fcd88980000 rw-p 00000000 00:00 0                          [stack:10718]
7fcd88980000-7fcd88981000 ---p 00000000 00:00 0 
7fcd88981000-7fcd88a81000 rw-p 00000000 00:00 0                          [stack:10717]
7fcd88a81000-7fcd88a82000 ---p 00000000 00:00 0 
7fcd88a82000-7fcd88b82000 rw-p 00000000 00:00 0                          [stack:10716]
7fcd88b82000-7fcd88b83000 ---p 00000000 00:00 0 
7fcd88b83000-7fcd88c8e000 rw-p 00000000 00:00 0                          [stack:10715]
7fcd88c8e000-7fcd88cd6000 rw-p 00000000 00:00 0 
7fcd88cd6000-7fcd88ceb000 rw-p 00000000 00:00 0 
7fcd88ceb000-7fcd88e1e000 rw-p 00000000 00:00 0 
7fcd88e1e000-7fcd88e29000 rw-p 00000000 00:00 0 
7fcd88e29000-7fcd88e71000 rw-p 00000000 00:00 0 
7fcd88e71000-7fcd88e86000 rw-p 00000000 00:00 0 
7fcd88e86000-7fcd88fb9000 rw-p 00000000 00:00 0 
7fcd88fb9000-7fcd88fc4000 rw-p 00000000 00:00 0 
7fcd88fc4000-7fcd8905d000 rw-p 00000000 00:00 0 
7fcd8905d000-7fcd8905e000 rw-p 00000000 00:00 0 
7fcd8905e000-7fcd89066000 r-xp 00000000 08:06 3429321                    /usr/lib/jvm/java-7-openjdk-amd64/jre/lib/amd64/libzip.so
7fcd89066000-7fcd89265000 ---p 00008000 08:06 3429321                    /usr/lib/jvm/java-7-openjdk-amd64/jre/lib/amd64/libzip.so
7fcd89265000-7fcd89266000 r--p 00007000 08:06 3429321                    /usr/lib/jvm/java-7-openjdk-amd64/jre/lib/amd64/libzip.so
7fcd89266000-7fcd89267000 rw-p 00008000 08:06 3429321                    /usr/lib/jvm/java-7-openjdk-amd64/jre/lib/amd64/libzip.so
7fcd89267000-7fcd89273000 r-xp 00000000 08:06 2228291                    /lib/x86_64-linux-gnu/libnss_files-2.21.so
7fcd89273000-7fcd89472000 ---p 0000c000 08:06 2228291                    /lib/x86_64-linux-gnu/libnss_files-2.21.so
7fcd89472000-7fcd89473000 r--p 0000b000 08:06 2228291                    /lib/x86_64-linux-gnu/libnss_files-2.21.so
7fcd89473000-7fcd89474000 rw-p 0000c000 08:06 2228291                    /lib/x86_64-linux-gnu/libnss_files-2.21.so
7fcd89474000-7fcd8947f000 r-xp 00000000 08:06 2228279                    /lib/x86_64-linux-gnu/libnss_nis-2.21.so
7fcd8947f000-7fcd8967e000 ---p 0000b000 08:06 2228279                    /lib/x86_64-linux-gnu/libnss_nis-2.21.so
7fcd8967e000-7fcd8967f000 r--p 0000a000 08:06 2228279                    /lib/x86_64-linux-gnu/libnss_nis-2.21.so
7fcd8967f000-7fcd89680000 rw-p 0000b000 08:06 2228279                    /lib/x86_64-linux-gnu/libnss_nis-2.21.so
7fcd89680000-7fcd89697000 r-xp 00000000 08:06 2228297                    /lib/x86_64-linux-gnu/libnsl-2.21.so
7fcd89697000-7fcd89896000 ---p 00017000 08:06 2228297                    /lib/x86_64-linux-gnu/libnsl-2.21.so
7fcd89896000-7fcd89897000 r--p 00016000 08:06 2228297                    /lib/x86_64-linux-gnu/libnsl-2.21.so
7fcd89897000-7fcd89898000 rw-p 00017000 08:06 2228297                    /lib/x86_64-linux-gnu/libnsl-2.21.so
7fcd89898000-7fcd8989a000 rw-p 00000000 00:00 0 
7fcd8989a000-7fcd898a2000 r-xp 00000000 08:06 2228293                    /lib/x86_64-linux-gnu/libnss_compat-2.21.so
7fcd898a2000-7fcd89aa1000 ---p 00008000 08:06 2228293                    /lib/x86_64-linux-gnu/libnss_compat-2.21.so
7fcd89aa1000-7fcd89aa2000 r--p 00007000 08:06 2228293                    /lib/x86_64-linux-gnu/libnss_compat-2.21.so
7fcd89aa2000-7fcd89aa3000 rw-p 00008000 08:06 2228293                    /lib/x86_64-linux-gnu/libnss_compat-2.21.so
7fcd89aa3000-7fcd89aad000 r-xp 00000000 08:06 3429350                    /usr/lib/jvm/java-7-openjdk-amd64/jre/lib/amd64/libinstrument.so
7fcd89aad000-7fcd89cac000 ---p 0000a000 08:06 3429350                    /usr/lib/jvm/java-7-openjdk-amd64/jre/lib/amd64/libinstrument.so
7fcd89cac000-7fcd89cad000 r--p 00009000 08:06 3429350                    /usr/lib/jvm/java-7-openjdk-amd64/jre/lib/amd64/libinstrument.so
7fcd89cad000-7fcd89cae000 rw-p 0000a000 08:06 3429350                    /usr/lib/jvm/java-7-openjdk-amd64/jre/lib/amd64/libinstrument.so
7fcd89cae000-7fcd89cdb000 r-xp 00000000 08:06 3429333                    /usr/lib/jvm/java-7-openjdk-amd64/jre/lib/amd64/libjava.so
7fcd89cdb000-7fcd89eda000 ---p 0002d000 08:06 3429333                    /usr/lib/jvm/java-7-openjdk-amd64/jre/lib/amd64/libjava.so
7fcd89eda000-7fcd89edb000 r--p 0002c000 08:06 3429333                    /usr/lib/jvm/java-7-openjdk-amd64/jre/lib/amd64/libjava.so
7fcd89edb000-7fcd89edd000 rw-p 0002d000 08:06 3429333                    /usr/lib/jvm/java-7-openjdk-amd64/jre/lib/amd64/libjava.so
7fcd89edd000-7fcd89eec000 r-xp 00000000 08:06 3429356                    /usr/lib/jvm/java-7-openjdk-amd64/jre/lib/amd64/libverify.so
7fcd89eec000-7fcd8a0eb000 ---p 0000f000 08:06 3429356                    /usr/lib/jvm/java-7-openjdk-amd64/jre/lib/amd64/libverify.so
7fcd8a0eb000-7fcd8a0ee000 r--p 0000e000 08:06 3429356                    /usr/lib/jvm/java-7-openjdk-amd64/jre/lib/amd64/libverify.so
7fcd8a0ee000-7fcd8a0ef000 rw-p 00011000 08:06 3429356                    /usr/lib/jvm/java-7-openjdk-amd64/jre/lib/amd64/libverify.so
7fcd8a0ef000-7fcd8a0f6000 r-xp 00000000 08:06 2228298                    /lib/x86_64-linux-gnu/librt-2.21.so
7fcd8a0f6000-7fcd8a2f5000 ---p 00007000 08:06 2228298                    /lib/x86_64-linux-gnu/librt-2.21.so
7fcd8a2f5000-7fcd8a2f6000 r--p 00006000 08:06 2228298                    /lib/x86_64-linux-gnu/librt-2.21.so
7fcd8a2f6000-7fcd8a2f7000 rw-p 00007000 08:06 2228298                    /lib/x86_64-linux-gnu/librt-2.21.so
7fcd8a2f7000-7fcd8a30d000 r-xp 00000000 08:06 2235337                    /lib/x86_64-linux-gnu/libgcc_s.so.1
7fcd8a30d000-7fcd8a50c000 ---p 00016000 08:06 2235337                    /lib/x86_64-linux-gnu/libgcc_s.so.1
7fcd8a50c000-7fcd8a50d000 rw-p 00015000 08:06 2235337                    /lib/x86_64-linux-gnu/libgcc_s.so.1
7fcd8a50d000-7fcd8a614000 r-xp 00000000 08:06 2228296                    /lib/x86_64-linux-gnu/libm-2.21.so
7fcd8a614000-7fcd8a813000 ---p 00107000 08:06 2228296                    /lib/x86_64-linux-gnu/libm-2.21.so
7fcd8a813000-7fcd8a814000 r--p 00106000 08:06 2228296                    /lib/x86_64-linux-gnu/libm-2.21.so
7fcd8a814000-7fcd8a815000 rw-p 00107000 08:06 2228296                    /lib/x86_64-linux-gnu/libm-2.21.so
7fcd8a815000-7fcd8a905000 r-xp 00000000 08:06 3407907                    /usr/lib/x86_64-linux-gnu/libstdc++.so.6.0.20
7fcd8a905000-7fcd8ab05000 ---p 000f0000 08:06 3407907                    /usr/lib/x86_64-linux-gnu/libstdc++.so.6.0.20
7fcd8ab05000-7fcd8ab0d000 r--p 000f0000 08:06 3407907                    /usr/lib/x86_64-linux-gnu/libstdc++.so.6.0.20
7fcd8ab0d000-7fcd8ab0f000 rw-p 000f8000 08:06 3407907                    /usr/lib/x86_64-linux-gnu/libstdc++.so.6.0.20
7fcd8ab0f000-7fcd8ab24000 rw-p 00000000 00:00 0 
7fcd8ab24000-7fcd8b684000 r-xp 00000000 08:06 3429342                    /usr/lib/jvm/java-7-openjdk-amd64/jre/lib/amd64/server/libjvm.so
7fcd8b684000-7fcd8b884000 ---p 00b60000 08:06 3429342                    /usr/lib/jvm/java-7-openjdk-amd64/jre/lib/amd64/server/libjvm.so
7fcd8b884000-7fcd8b923000 r--p 00b60000 08:06 3429342                    /usr/lib/jvm/java-7-openjdk-amd64/jre/lib/amd64/server/libjvm.so
7fcd8b923000-7fcd8b946000 rw-p 00bff000 08:06 3429342                    /usr/lib/jvm/java-7-openjdk-amd64/jre/lib/amd64/server/libjvm.so
7fcd8b946000-7fcd8b973000 rw-p 00000000 00:00 0 
7fcd8b973000-7fcd8b98c000 r-xp 00000000 08:06 2228229                    /lib/x86_64-linux-gnu/libz.so.1.2.8
7fcd8b98c000-7fcd8bb8c000 ---p 00019000 08:06 2228229                    /lib/x86_64-linux-gnu/libz.so.1.2.8
7fcd8bb8c000-7fcd8bb8d000 r--p 00019000 08:06 2228229                    /lib/x86_64-linux-gnu/libz.so.1.2.8
7fcd8bb8d000-7fcd8bb8e000 rw-p 0001a000 08:06 2228229                    /lib/x86_64-linux-gnu/libz.so.1.2.8
7fcd8bb8e000-7fcd8bba6000 r-xp 00000000 08:06 2228288                    /lib/x86_64-linux-gnu/libpthread-2.21.so
7fcd8bba6000-7fcd8bda6000 ---p 00018000 08:06 2228288                    /lib/x86_64-linux-gnu/libpthread-2.21.so
7fcd8bda6000-7fcd8bda7000 r--p 00018000 08:06 2228288                    /lib/x86_64-linux-gnu/libpthread-2.21.so
7fcd8bda7000-7fcd8bda8000 rw-p 00019000 08:06 2228288                    /lib/x86_64-linux-gnu/libpthread-2.21.so
7fcd8bda8000-7fcd8bdac000 rw-p 00000000 00:00 0 
7fcd8bdac000-7fcd8bdaf000 r-xp 00000000 08:06 2228284                    /lib/x86_64-linux-gnu/libdl-2.21.so
7fcd8bdaf000-7fcd8bfae000 ---p 00003000 08:06 2228284                    /lib/x86_64-linux-gnu/libdl-2.21.so
7fcd8bfae000-7fcd8bfaf000 r--p 00002000 08:06 2228284                    /lib/x86_64-linux-gnu/libdl-2.21.so
7fcd8bfaf000-7fcd8bfb0000 rw-p 00003000 08:06 2228284                    /lib/x86_64-linux-gnu/libdl-2.21.so
7fcd8bfb0000-7fcd8c170000 r-xp 00000000 08:06 2228301                    /lib/x86_64-linux-gnu/libc-2.21.so
7fcd8c170000-7fcd8c370000 ---p 001c0000 08:06 2228301                    /lib/x86_64-linux-gnu/libc-2.21.so
7fcd8c370000-7fcd8c374000 r--p 001c0000 08:06 2228301                    /lib/x86_64-linux-gnu/libc-2.21.so
7fcd8c374000-7fcd8c376000 rw-p 001c4000 08:06 2228301                    /lib/x86_64-linux-gnu/libc-2.21.so
7fcd8c376000-7fcd8c37a000 rw-p 00000000 00:00 0 
7fcd8c37a000-7fcd8c387000 r-xp 00000000 08:06 3429359                    /usr/lib/jvm/java-7-openjdk-amd64/jre/lib/amd64/jli/libjli.so
7fcd8c387000-7fcd8c586000 ---p 0000d000 08:06 3429359                    /usr/lib/jvm/java-7-openjdk-amd64/jre/lib/amd64/jli/libjli.so
7fcd8c586000-7fcd8c587000 r--p 0000c000 08:06 3429359                    /usr/lib/jvm/java-7-openjdk-amd64/jre/lib/amd64/jli/libjli.so
7fcd8c587000-7fcd8c588000 rw-p 0000d000 08:06 3429359                    /usr/lib/jvm/java-7-openjdk-amd64/jre/lib/amd64/jli/libjli.so
7fcd8c588000-7fcd8c5ac000 r-xp 00000000 08:06 2228287                    /lib/x86_64-linux-gnu/ld-2.21.so
7fcd8c5ad000-7fcd8c5ae000 rw-p 00000000 00:00 0 
7fcd8c5ae000-7fcd8c5af000 r--s 00000000 08:06 3809923                    /usr/share/java/jayatanaag.jar
7fcd8c5af000-7fcd8c5d0000 rw-p 00000000 00:00 0 
7fcd8c5d0000-7fcd8c686000 rw-p 00000000 00:00 0 
7fcd8c686000-7fcd8c689000 ---p 00000000 00:00 0 
7fcd8c689000-7fcd8c78c000 rw-p 00000000 00:00 0                          [stack:10713]
7fcd8c78c000-7fcd8c78d000 r--s 00007000 08:06 2133272                    /home/thomas/Bureau/lib/REngine.jar
7fcd8c78d000-7fcd8c78e000 r--s 00002000 08:06 2133271                    /home/thomas/Bureau/lib/JRIEngine.jar
7fcd8c78e000-7fcd8c78f000 r--s 00013000 08:06 2133265                    /home/thomas/Bureau/lib/JRI.jar
7fcd8c78f000-7fcd8c793000 r--s 00085000 08:06 3429298                    /usr/lib/jvm/java-7-openjdk-amd64/jre/lib/ext/localedata.jar
7fcd8c793000-7fcd8c794000 r--s 00002000 08:06 3429304                    /usr/lib/jvm/java-7-openjdk-amd64/jre/lib/ext/dnsns.jar
7fcd8c794000-7fcd8c797000 r--s 0000f000 08:06 3429300                    /usr/lib/jvm/java-7-openjdk-amd64/jre/lib/ext/icedtea-sound.jar
7fcd8c797000-7fcd8c799000 r--s 00012000 08:06 3429293                    /usr/lib/jvm/java-7-openjdk-amd64/jre/lib/ext/zipfs.jar
7fcd8c799000-7fcd8c79d000 r--s 00034000 08:06 3429301                    /usr/lib/jvm/java-7-openjdk-amd64/jre/lib/ext/sunjce_provider.jar
7fcd8c79d000-7fcd8c79f000 r--s 00006000 08:06 3803060                    /usr/share/java/java-atk-wrapper.jar
7fcd8c79f000-7fcd8c7a7000 rw-s 00000000 08:06 3557638                    /tmp/hsperfdata_thomas/10710
7fcd8c7a7000-7fcd8c7a8000 rw-p 00000000 00:00 0 
7fcd8c7a8000-7fcd8c7a9000 r--p 00000000 00:00 0 
7fcd8c7a9000-7fcd8c7ab000 rw-p 00000000 00:00 0 
7fcd8c7ab000-7fcd8c7ac000 r--p 00023000 08:06 2228287                    /lib/x86_64-linux-gnu/ld-2.21.so
7fcd8c7ac000-7fcd8c7ad000 rw-p 00024000 08:06 2228287                    /lib/x86_64-linux-gnu/ld-2.21.so
7fcd8c7ad000-7fcd8c7ae000 rw-p 00000000 00:00 0 
7ffdd5461000-7ffdd5482000 rw-p 00000000 00:00 0                          [stack]
7ffdd5560000-7ffdd5562000 r--p 00000000 00:00 0                          [vvar]
7ffdd5562000-7ffdd5564000 r-xp 00000000 00:00 0                          [vdso]
ffffffffff600000-ffffffffff601000 r-xp 00000000 00:00 0                  [vsyscall]

VM Arguments:
jvm_args: -javaagent:/usr/share/java/jayatanaag.jar -Dfile.encoding=UTF-8 -Djava.library.path=/home/thomas/R/x86_64-pc-linux-gnu-library/3.1/rJava/jri 
java_command: Interface.Interface
Launcher Type: SUN_STANDARD

Environment Variables:
JAVA_TOOL_OPTIONS=-javaagent:/usr/share/java/jayatanaag.jar 
PATH=/usr/local/sbin:/usr/local/bin:/usr/sbin:/usr/bin:/sbin:/bin:/usr/games:/usr/local/games
LD_LIBRARY_PATH=/usr/lib/jvm/default-java/jre/lib/amd64:/usr/lib/jvm/default-java/jre/lib/i386:
SHELL=/bin/bash
DISPLAY=:0.0

Signal Handlers:
SIGSEGV: [libjvm.so+0x992590], sa_mask[0]=0x7ffbfeff, sa_flags=0x10000004
SIGBUS: [libjvm.so+0x992590], sa_mask[0]=0x7ffbfeff, sa_flags=0x10000004
SIGFPE: [libjvm.so+0x7fec60], sa_mask[0]=0x7ffbfeff, sa_flags=0x10000004
SIGPIPE: [libjvm.so+0x7fec60], sa_mask[0]=0x7ffbfeff, sa_flags=0x10000004
SIGXFSZ: [libjvm.so+0x7fec60], sa_mask[0]=0x7ffbfeff, sa_flags=0x10000004
SIGILL: [libjvm.so+0x7fec60], sa_mask[0]=0x7ffbfeff, sa_flags=0x10000004
SIGUSR1: SIG_DFL, sa_mask[0]=0x00000000, sa_flags=0x00000000
SIGUSR2: [libjvm.so+0x7feae0], sa_mask[0]=0x00000004, sa_flags=0x10000004
SIGHUP: [libjvm.so+0x7fece0], sa_mask[0]=0x7ffbfeff, sa_flags=0x10000004
SIGINT: SIG_IGN, sa_mask[0]=0x00000000, sa_flags=0x00000000
SIGTERM: [libjvm.so+0x7fece0], sa_mask[0]=0x7ffbfeff, sa_flags=0x10000004
SIGQUIT: [libjvm.so+0x7fece0], sa_mask[0]=0x7ffbfeff, sa_flags=0x10000004
SIGTRAP: SIG_DFL, sa_mask[0]=0x00000000, sa_flags=0x00000000


---------------  S Y S T E M  ---------------

OS:Ubuntu 15.04 (vivid)
uname:Linux 3.19.0-16-generic #16-Ubuntu SMP Thu Apr 30 16:09:58 UTC 2015 x86_64
libc:glibc 2.21 NPTL 2.21 
rlimit: STACK 8192k, CORE 0k, NPROC 15645, NOFILE 65536, AS infinity
load average:0,27 0,22 0,25

/proc/meminfo:
MemTotal:        4027580 kB
MemFree:          440440 kB
MemAvailable:    2331764 kB
Buffers:          297052 kB
Cached:          1633472 kB
SwapCached:            0 kB
Active:          2322184 kB
Inactive:         830656 kB
Active(anon):    1223372 kB
Inactive(anon):    42096 kB
Active(file):    1098812 kB
Inactive(file):   788560 kB
Unevictable:          32 kB
Mlocked:              32 kB
SwapTotal:       3998716 kB
SwapFree:        3998716 kB
Dirty:               676 kB
Writeback:             0 kB
AnonPages:       1222252 kB
Mapped:           265076 kB
Shmem:             43256 kB
Slab:             291216 kB
SReclaimable:     257344 kB
SUnreclaim:        33872 kB
KernelStack:        7584 kB
PageTables:        28344 kB
NFS_Unstable:          0 kB
Bounce:                0 kB
WritebackTmp:          0 kB
CommitLimit:     6012504 kB
Committed_AS:    4086776 kB
VmallocTotal:   34359738367 kB
VmallocUsed:      108824 kB
VmallocChunk:   34359617072 kB
HardwareCorrupted:     0 kB
AnonHugePages:    743424 kB
CmaTotal:              0 kB
CmaFree:               0 kB
HugePages_Total:       0
HugePages_Free:        0
HugePages_Rsvd:        0
HugePages_Surp:        0
Hugepagesize:       2048 kB
DirectMap4k:      348536 kB
DirectMap2M:     3827712 kB


CPU:total 4 (2 cores per cpu, 2 threads per core) family 6 model 42 stepping 7, cmov, cx8, fxsr, mmx, sse, sse2, sse3, ssse3, sse4.1, sse4.2, popcnt, avx, aes, ht, tsc, tscinvbit

/proc/cpuinfo:
processor	: 0
vendor_id	: GenuineIntel
cpu family	: 6
model		: 42
model name	: Intel(R) Core(TM) i5-2430M CPU @ 2.40GHz
stepping	: 7
microcode	: 0x14
cpu MHz		: 2801.343
cache size	: 3072 KB
physical id	: 0
siblings	: 4
core id		: 0
cpu cores	: 2
apicid		: 0
initial apicid	: 0
fpu		: yes
fpu_exception	: yes
cpuid level	: 13
wp		: yes
flags		: fpu vme de pse tsc msr pae mce cx8 apic sep mtrr pge mca cmov pat pse36 clflush dts acpi mmx fxsr sse sse2 ss ht tm pbe syscall nx rdtscp lm constant_tsc arch_perfmon pebs bts rep_good nopl xtopology nonstop_tsc aperfmperf eagerfpu pni pclmulqdq dtes64 monitor ds_cpl vmx est tm2 ssse3 cx16 xtpr pdcm pcid sse4_1 sse4_2 x2apic popcnt tsc_deadline_timer aes xsave avx lahf_lm ida arat epb pln pts dtherm tpr_shadow vnmi flexpriority ept vpid xsaveopt
bugs		:
bogomips	: 4789.52
clflush size	: 64
cache_alignment	: 64
address sizes	: 36 bits physical, 48 bits virtual
power management:

processor	: 1
vendor_id	: GenuineIntel
cpu family	: 6
model		: 42
model name	: Intel(R) Core(TM) i5-2430M CPU @ 2.40GHz
stepping	: 7
microcode	: 0x14
cpu MHz		: 2753.812
cache size	: 3072 KB
physical id	: 0
siblings	: 4
core id		: 1
cpu cores	: 2
apicid		: 2
initial apicid	: 2
fpu		: yes
fpu_exception	: yes
cpuid level	: 13
wp		: yes
flags		: fpu vme de pse tsc msr pae mce cx8 apic sep mtrr pge mca cmov pat pse36 clflush dts acpi mmx fxsr sse sse2 ss ht tm pbe syscall nx rdtscp lm constant_tsc arch_perfmon pebs bts rep_good nopl xtopology nonstop_tsc aperfmperf eagerfpu pni pclmulqdq dtes64 monitor ds_cpl vmx est tm2 ssse3 cx16 xtpr pdcm pcid sse4_1 sse4_2 x2apic popcnt tsc_deadline_timer aes xsave avx lahf_lm ida arat epb pln pts dtherm tpr_shadow vnmi flexpriority ept vpid xsaveopt
bugs		:
bogomips	: 4789.52
clflush size	: 64
cache_alignment	: 64
address sizes	: 36 bits physical, 48 bits virtual
power management:

processor	: 2
vendor_id	: GenuineIntel
cpu family	: 6
model		: 42
model name	: Intel(R) Core(TM) i5-2430M CPU @ 2.40GHz
stepping	: 7
microcode	: 0x14
cpu MHz		: 2805.000
cache size	: 3072 KB
physical id	: 0
siblings	: 4
core id		: 0
cpu cores	: 2
apicid		: 1
initial apicid	: 1
fpu		: yes
fpu_exception	: yes
cpuid level	: 13
wp		: yes
flags		: fpu vme de pse tsc msr pae mce cx8 apic sep mtrr pge mca cmov pat pse36 clflush dts acpi mmx fxsr sse sse2 ss ht tm pbe syscall nx rdtscp lm constant_tsc arch_perfmon pebs bts rep_good nopl xtopology nonstop_tsc aperfmperf eagerfpu pni pclmulqdq dtes64 monitor ds_cpl vmx est tm2 ssse3 cx16 xtpr pdcm pcid sse4_1 sse4_2 x2apic popcnt tsc_deadline_timer aes xsave avx lahf_lm ida arat epb pln pts dtherm tpr_shadow vnmi flexpriority ept vpid xsaveopt
bugs		:
bogomips	: 4789.52
clflush size	: 64
cache_alignment	: 64
address sizes	: 36 bits physical, 48 bits virtual
power management:

processor	: 3
vendor_id	: GenuineIntel
cpu family	: 6
model		: 42
model name	: Intel(R) Core(TM) i5-2430M CPU @ 2.40GHz
stepping	: 7
microcode	: 0x14
cpu MHz		: 2524.500
cache size	: 3072 KB
physical id	: 0
siblings	: 4
core id		: 1
cpu cores	: 2
apicid		: 3
initial apicid	: 3
fpu		: yes
fpu_exception	: yes
cpuid level	: 13
wp		: yes
flags		: fpu vme de pse tsc msr pae mce cx8 apic sep mtrr pge mca cmov pat pse36 clflush dts acpi mmx fxsr sse sse2 ss ht tm pbe syscall nx rdtscp lm constant_tsc arch_perfmon pebs bts rep_good nopl xtopology nonstop_tsc aperfmperf eagerfpu pni pclmulqdq dtes64 monitor ds_cpl vmx est tm2 ssse3 cx16 xtpr pdcm pcid sse4_1 sse4_2 x2apic popcnt tsc_deadline_timer aes xsave avx lahf_lm ida arat epb pln pts dtherm tpr_shadow vnmi flexpriority ept vpid xsaveopt
bugs		:
bogomips	: 4789.52
clflush size	: 64
cache_alignment	: 64
address sizes	: 36 bits physical, 48 bits virtual
power management:



Memory: 4k page, physical 4027580k(440440k free), swap 3998716k(3998716k free)

vm_info: OpenJDK 64-Bit Server VM (24.91-b01) for linux-amd64 JRE (1.7.0_91-b02), built on Nov 19 2015 06:08:55 by "buildd" with gcc 4.9.2

time: Thu Jun  2 14:30:28 2016
elapsed time: 0 seconds

