#
# A fatal error has been detected by the Java Runtime Environment:
#
#  SIGSEGV (0xb) at pc=0x00007fd2501a6cd1, pid=10992, tid=140541805373184
#
# JRE version: OpenJDK Runtime Environment (7.0_91-b02) (build 1.7.0_91-b02)
# Java VM: OpenJDK 64-Bit Server VM (24.91-b01 mixed mode linux-amd64 compressed oops)
# Derivative: IcedTea 2.6.3
# Distribution: Ubuntu 15.04, package 7u91-2.6.3-0ubuntu0.15.04.1
# Problematic frame:
# C  [libR.so+0xfacd1]
#
# Failed to write core dump. Core dumps have been disabled. To enable core dumping, try "ulimit -c unlimited" before starting Java again
#
# If you would like to submit a bug report, please include
# instructions on how to reproduce the bug and visit:
#   http://icedtea.classpath.org/bugzilla
# The crash happened outside the Java Virtual Machine in native code.
# See problematic frame for where to report the bug.
#

---------------  T H R E A D  ---------------

Current thread (0x00007fd26800b000):  JavaThread "main" [_thread_in_native, id=10996, stack(0x00007fd27052a000,0x00007fd27062b000)]

siginfo:si_signo=SIGSEGV: si_errno=0, si_code=1 (SEGV_MAPERR), si_addr=0x0000000000000018

Registers:
RAX=0x0000000000000160, RBX=0x0000000000000028, RCX=0x00007fd2681fc178, RDX=0x00007fd2504f0cc0
RSP=0x00007fd270629730, RBP=0x0000000000000030, RSI=0x0000000000000000, RDI=0x0000000000000003
R8 =0x0000000000000000, R9 =0x00007fd2504f0f70, R10=0x00007fd2504f0e30, R11=0x00007fd268000078
R12=0x0000000000000001, R13=0x00007fd2681fc170, R14=0x0000000000000001, R15=0x00007fd2504f0e30
RIP=0x00007fd2501a6cd1, EFLAGS=0x0000000000010206, CSGSFS=0x0000000000000033, ERR=0x0000000000000004
  TRAPNO=0x000000000000000e

Top of Stack: (sp=0x00007fd270629730)
0x00007fd270629730:   00007fd26800b000 0000000000000000
0x00007fd270629740:   0000000000000001 0000000000000010
0x00007fd270629750:   0000000000000001 00007fd2501a82c1
0x00007fd270629760:   0000000000000001 00007fd2504f0cc0
0x00007fd270629770:   00007fd2681fc150 0000000000000000
0x00007fd270629780:   00007fd26f7f8258 00007fd26800b1d8
0x00007fd270629790:   0000000000000001 00007fd2681fc150
0x00007fd2706297a0:   00007fd2706298b0 00007fd2706298b8
0x00007fd2706297b0:   00007fd26800b000 00007fd2505d268b
0x00007fd2706297c0:   00007fd26800b1d8 00000000b84e0e50
0x00007fd2706297d0:   0000000000000001 0000000000000000
0x00007fd2706297e0:   00000000b84e0e50 00007fd2505d1410
0x00007fd2706297f0:   00000000b84e0e50 a876ec24acb56800
0x00007fd270629800:   00007fd270629888 00000000b84e0e50
0x00007fd270629810:   00007fd270629888 00007fd26501378f
0x00007fd270629820:   00007fd26800bb68 00007fd26800bb78
0x00007fd270629830:   00007fd26800bb80 0000000000000000
0x00007fd270629840:   00000000eb9233a8 00007fd270629838
0x00007fd270629850:   00000000b84e0e50 00007fd2706298b8
0x00007fd270629860:   00000000b84e63c0 0000000000000000
0x00007fd270629870:   00000000b84e0e50 0000000000000000
0x00007fd270629880:   00007fd2706298a8 00007fd270629910
0x00007fd270629890:   00007fd265006175 0000000000000000
0x00007fd2706298a0:   00007fd26500ecd7 0000000000000001
0x00007fd2706298b0:   00000000eb928610 00000000eb9233a8
0x00007fd2706298c0:   0000000000000000 00000000eb9233a8
0x00007fd2706298d0:   00007fd2706298c0 00000000b84e406d
0x00007fd2706298e0:   00007fd270629970 00000000b84e63c0
0x00007fd2706298f0:   0000000000000000 00000000b84e4150
0x00007fd270629900:   00007fd2706298a8 00007fd270629960
0x00007fd270629910:   00007fd2706299c8 00007fd265006233
0x00007fd270629920:   0000000000000000 0000000000000000 

Instructions: (pc=0x00007fd2501a6cd1)
0x00007fd2501a6cb1:   8d 54 02 10 49 8b 49 08 41 83 41 04 01 85 db 4d
0x00007fd2501a6cc1:   89 69 08 49 8b 32 49 89 4d 00 49 8d 4d 08 74 4e
0x00007fd2501a6cd1:   48 8b 56 18 44 89 e7 45 31 c0 8b 05 3f ab 34 00
0x00007fd2501a6ce1:   c1 e7 05 0f 1f 40 00 48 89 71 10 41 83 01 01 41 

Register to memory mapping:

RAX=0x0000000000000160 is an unknown value
RBX=0x0000000000000028 is an unknown value
RCX=0x00007fd2681fc178 is an unknown value
RDX=0x00007fd2504f0cc0: <offset 0x444cc0> in /usr/lib/libR.so at 0x00007fd2500ac000
RSP=0x00007fd270629730 is pointing into the stack for thread: 0x00007fd26800b000
RBP=0x0000000000000030 is an unknown value
RSI=0x0000000000000000 is an unknown value
RDI=0x0000000000000003 is an unknown value
R8 =0x0000000000000000 is an unknown value
R9 =0x00007fd2504f0f70: <offset 0x444f70> in /usr/lib/libR.so at 0x00007fd2500ac000
R10=0x00007fd2504f0e30: <offset 0x444e30> in /usr/lib/libR.so at 0x00007fd2500ac000
R11=0x00007fd268000078 is an unknown value
R12=0x0000000000000001 is an unknown value
R13=0x00007fd2681fc170 is an unknown value
R14=0x0000000000000001 is an unknown value
R15=0x00007fd2504f0e30: <offset 0x444e30> in /usr/lib/libR.so at 0x00007fd2500ac000


Stack: [0x00007fd27052a000,0x00007fd27062b000],  sp=0x00007fd270629730,  free space=1021k
Native frames: (J=compiled Java code, j=interpreted, Vv=VM code, C=native code)
C  [libR.so+0xfacd1]

[error occurred during error reporting (printing native stack), id 0xb]

Java frames: (J=compiled Java code, j=interpreted, Vv=VM code)
j  org.rosuda.JRI.Rengine.rniParse(Ljava/lang/String;I)J+0
j  org.rosuda.JRI.Rengine.eval(Ljava/lang/String;Z)Lorg/rosuda/JRI/REXP;+53
j  org.rosuda.JRI.Rengine.eval(Ljava/lang/String;)Lorg/rosuda/JRI/REXP;+3
j  Interface.Interface.main([Ljava/lang/String;)V+25
v  ~StubRoutines::call_stub

---------------  P R O C E S S  ---------------

Java Threads: ( => current thread )
  0x00007fd2681f7000 JavaThread "Thread-0" [_thread_blocked, id=11009, stack(0x00007fd232f5a000,0x00007fd23305b000)]
  0x00007fd2681e3800 JavaThread "Service Thread" daemon [_thread_blocked, id=11007, stack(0x00007fd2508d8000,0x00007fd2509d9000)]
  0x00007fd2681da800 JavaThread "C2 CompilerThread1" daemon [_thread_blocked, id=11006, stack(0x00007fd2509d9000,0x00007fd250ada000)]
  0x00007fd2681d8800 JavaThread "C2 CompilerThread0" daemon [_thread_blocked, id=11005, stack(0x00007fd250ada000,0x00007fd250bdb000)]
  0x00007fd26816f800 JavaThread "Signal Dispatcher" daemon [_thread_blocked, id=11004, stack(0x00007fd251740000,0x00007fd251841000)]
  0x00007fd268144800 JavaThread "Finalizer" daemon [_thread_blocked, id=11003, stack(0x00007fd251b0f000,0x00007fd251c10000)]
  0x00007fd268142800 JavaThread "Reference Handler" daemon [_thread_blocked, id=11002, stack(0x00007fd2640f1000,0x00007fd2641f2000)]
=>0x00007fd26800b000 JavaThread "main" [_thread_in_native, id=10996, stack(0x00007fd27052a000,0x00007fd27062b000)]

Other Threads:
  0x00007fd26813e000 VMThread [stack: 0x00007fd2641f2000,0x00007fd2642f3000] [id=11001]
  0x00007fd2681ee800 WatcherThread [stack: 0x00007fd2507d7000,0x00007fd2508d8000] [id=11008]

VM state:not at safepoint (normal execution)

VM Mutex/Monitor currently owned by a thread: None

Heap
 PSYoungGen      total 18432K, used 1614K [0x00000000eb800000, 0x00000000ecc80000, 0x0000000100000000)
  eden space 15872K, 10% used [0x00000000eb800000,0x00000000eb9938f8,0x00000000ec780000)
  from space 2560K, 0% used [0x00000000eca00000,0x00000000eca00000,0x00000000ecc80000)
  to   space 2560K, 0% used [0x00000000ec780000,0x00000000ec780000,0x00000000eca00000)
 ParOldGen       total 41984K, used 0K [0x00000000c2800000, 0x00000000c5100000, 0x00000000eb800000)
  object space 41984K, 0% used [0x00000000c2800000,0x00000000c2800000,0x00000000c5100000)
 PSPermGen       total 21504K, used 3017K [0x00000000b8200000, 0x00000000b9700000, 0x00000000c2800000)
  object space 21504K, 14% used [0x00000000b8200000,0x00000000b84f27c0,0x00000000b9700000)

Card table byte_map: [0x00007fd26ccc2000,0x00007fd26cf02000] byte_map_base: 0x00007fd26c701000

Polling page: 0x00007fd27064c000

Code Cache  [0x00007fd265000000, 0x00007fd265270000, 0x00007fd268000000)
 total_blobs=172 nmethods=0 adapters=141 free_code_cache=48771Kb largest_free_block=49941504

Compilation events (0 events):
No events

GC Heap History (0 events):
No events

Deoptimization events (0 events):
No events

Internal exceptions (8 events):
Event: 0,038 Thread 0x00007fd26800b000 Threw 0x00000000eb80f140 at /build/openjdk-7-1hyu6m/openjdk-7-7u91-2.6.3/build/openjdk/hotspot/src/share/vm/prims/jni.cpp:4027
Event: 0,097 Thread 0x00007fd26800b000 Threw 0x00000000eb8bf500 at /build/openjdk-7-1hyu6m/openjdk-7-7u91-2.6.3/build/openjdk/hotspot/src/share/vm/prims/jni.cpp:721
Event: 0,097 Thread 0x00007fd26800b000 Threw 0x00000000eb8bfbd0 at /build/openjdk-7-1hyu6m/openjdk-7-7u91-2.6.3/build/openjdk/hotspot/src/share/vm/prims/jvm.cpp:1322
Event: 0,097 Thread 0x00007fd26800b000 Threw 0x00000000eb8bfcf8 at /build/openjdk-7-1hyu6m/openjdk-7-7u91-2.6.3/build/openjdk/hotspot/src/share/vm/prims/jvm.cpp:1322
Event: 0,098 Thread 0x00007fd26800b000 Threw 0x00000000eb8c2888 at /build/openjdk-7-1hyu6m/openjdk-7-7u91-2.6.3/build/openjdk/hotspot/src/share/vm/prims/jvm.cpp:1322
Event: 0,113 Thread 0x00007fd26800b000 Threw 0x00000000eb90d950 at /build/openjdk-7-1hyu6m/openjdk-7-7u91-2.6.3/build/openjdk/hotspot/src/share/vm/prims/jvm.cpp:1322
Event: 0,114 Thread 0x00007fd26800b000 Threw 0x00000000eb9127d0 at /build/openjdk-7-1hyu6m/openjdk-7-7u91-2.6.3/build/openjdk/hotspot/src/share/vm/prims/jvm.cpp:1322
Event: 0,117 Thread 0x00007fd26800b000 Threw 0x00000000eb924018 at /build/openjdk-7-1hyu6m/openjdk-7-7u91-2.6.3/build/openjdk/hotspot/src/share/vm/prims/jvm.cpp:1322

Events (10 events):
Event: 0,119 loading class 0x00007fd26806e000
Event: 0,119 loading class 0x00007fd26806e000 done
Event: 0,119 loading class 0x00007fd26c4cb5e0
Event: 0,119 loading class 0x00007fd26c4cb5e0 done
Event: 0,119 loading class 0x00007fd26806e400
Event: 0,119 loading class 0x00007fd26806e460
Event: 0,119 loading class 0x00007fd26806e460 done
Event: 0,119 loading class 0x00007fd26806e400 done
Event: 0,119 loading class 0x00007fd26806e430
Event: 0,119 loading class 0x00007fd26806e430 done


Dynamic libraries:
00400000-00401000 r-xp 00000000 08:06 3410925                            /usr/lib/jvm/java-7-openjdk-amd64/jre/bin/java
00600000-00601000 r--p 00000000 08:06 3410925                            /usr/lib/jvm/java-7-openjdk-amd64/jre/bin/java
00601000-00602000 rw-p 00001000 08:06 3410925                            /usr/lib/jvm/java-7-openjdk-amd64/jre/bin/java
022a4000-022c5000 rw-p 00000000 00:00 0                                  [heap]
b8200000-b9700000 rw-p 00000000 00:00 0 
b9700000-c2800000 rw-p 00000000 00:00 0 
c2800000-c5100000 rw-p 00000000 00:00 0 
c5100000-eb800000 rw-p 00000000 00:00 0 
eb800000-ecc80000 rw-p 00000000 00:00 0 
ecc80000-100000000 rw-p 00000000 00:00 0 
7fd228000000-7fd228021000 rw-p 00000000 00:00 0 
7fd228021000-7fd22c000000 ---p 00000000 00:00 0 
7fd22c000000-7fd22c021000 rw-p 00000000 00:00 0 
7fd22c021000-7fd230000000 ---p 00000000 00:00 0 
7fd232f5a000-7fd232f5d000 ---p 00000000 00:00 0 
7fd232f5d000-7fd23305b000 rw-p 00000000 00:00 0                          [stack:11009]
7fd23305b000-7fd233080000 r-xp 00000000 08:06 2232368                    /lib/x86_64-linux-gnu/libtinfo.so.5.9
7fd233080000-7fd23327f000 ---p 00025000 08:06 2232368                    /lib/x86_64-linux-gnu/libtinfo.so.5.9
7fd23327f000-7fd233283000 r--p 00024000 08:06 2232368                    /lib/x86_64-linux-gnu/libtinfo.so.5.9
7fd233283000-7fd233284000 rw-p 00028000 08:06 2232368                    /lib/x86_64-linux-gnu/libtinfo.so.5.9
7fd233284000-7fd23329a000 r-xp 00000000 08:06 3410384                    /usr/lib/x86_64-linux-gnu/libgomp.so.1.0.0
7fd23329a000-7fd233499000 ---p 00016000 08:06 3410384                    /usr/lib/x86_64-linux-gnu/libgomp.so.1.0.0
7fd233499000-7fd23349a000 r--p 00015000 08:06 3410384                    /usr/lib/x86_64-linux-gnu/libgomp.so.1.0.0
7fd23349a000-7fd23349b000 rw-p 00016000 08:06 3410384                    /usr/lib/x86_64-linux-gnu/libgomp.so.1.0.0
7fd23349b000-7fd2334aa000 r-xp 00000000 08:06 2232395                    /lib/x86_64-linux-gnu/libbz2.so.1.0.4
7fd2334aa000-7fd2336a9000 ---p 0000f000 08:06 2232395                    /lib/x86_64-linux-gnu/libbz2.so.1.0.4
7fd2336a9000-7fd2336aa000 r--p 0000e000 08:06 2232395                    /lib/x86_64-linux-gnu/libbz2.so.1.0.4
7fd2336aa000-7fd2336ab000 rw-p 0000f000 08:06 2232395                    /lib/x86_64-linux-gnu/libbz2.so.1.0.4
7fd2336ab000-7fd2336cc000 r-xp 00000000 08:06 2232463                    /lib/x86_64-linux-gnu/liblzma.so.5.0.0
7fd2336cc000-7fd2338cb000 ---p 00021000 08:06 2232463                    /lib/x86_64-linux-gnu/liblzma.so.5.0.0
7fd2338cb000-7fd2338cc000 r--p 00020000 08:06 2232463                    /lib/x86_64-linux-gnu/liblzma.so.5.0.0
7fd2338cc000-7fd2338cd000 rw-p 00021000 08:06 2232463                    /lib/x86_64-linux-gnu/liblzma.so.5.0.0
7fd2338cd000-7fd233939000 r-xp 00000000 08:06 2239920                    /lib/x86_64-linux-gnu/libpcre.so.3.13.1
7fd233939000-7fd233b38000 ---p 0006c000 08:06 2239920                    /lib/x86_64-linux-gnu/libpcre.so.3.13.1
7fd233b38000-7fd233b39000 r--p 0006b000 08:06 2239920                    /lib/x86_64-linux-gnu/libpcre.so.3.13.1
7fd233b39000-7fd233b3a000 rw-p 0006c000 08:06 2239920                    /lib/x86_64-linux-gnu/libpcre.so.3.13.1
7fd233b3a000-7fd233b77000 r-xp 00000000 08:06 2232545                    /lib/x86_64-linux-gnu/libreadline.so.6.3
7fd233b77000-7fd233d77000 ---p 0003d000 08:06 2232545                    /lib/x86_64-linux-gnu/libreadline.so.6.3
7fd233d77000-7fd233d79000 r--p 0003d000 08:06 2232545                    /lib/x86_64-linux-gnu/libreadline.so.6.3
7fd233d79000-7fd233d7f000 rw-p 0003f000 08:06 2232545                    /lib/x86_64-linux-gnu/libreadline.so.6.3
7fd233d7f000-7fd233d80000 rw-p 00000000 00:00 0 
7fd233d80000-7fd233dff000 r-xp 00000000 08:06 3408050                    /usr/lib/libblas/libblas.so.3.0
7fd233dff000-7fd233ffe000 ---p 0007f000 08:06 3408050                    /usr/lib/libblas/libblas.so.3.0
7fd233ffe000-7fd233fff000 r--p 0007e000 08:06 3408050                    /usr/lib/libblas/libblas.so.3.0
7fd233fff000-7fd234000000 rw-p 0007f000 08:06 3408050                    /usr/lib/libblas/libblas.so.3.0
7fd234000000-7fd234021000 rw-p 00000000 00:00 0 
7fd234021000-7fd238000000 ---p 00000000 00:00 0 
7fd238000000-7fd238021000 rw-p 00000000 00:00 0 
7fd238021000-7fd23c000000 ---p 00000000 00:00 0 
7fd23c000000-7fd23c021000 rw-p 00000000 00:00 0 
7fd23c021000-7fd240000000 ---p 00000000 00:00 0 
7fd240000000-7fd240021000 rw-p 00000000 00:00 0 
7fd240021000-7fd244000000 ---p 00000000 00:00 0 
7fd244000000-7fd244021000 rw-p 00000000 00:00 0 
7fd244021000-7fd248000000 ---p 00000000 00:00 0 
7fd248000000-7fd248021000 rw-p 00000000 00:00 0 
7fd248021000-7fd24c000000 ---p 00000000 00:00 0 
7fd24c000000-7fd24c021000 rw-p 00000000 00:00 0 
7fd24c021000-7fd250000000 ---p 00000000 00:00 0 
7fd2500ac000-7fd2502d3000 r-xp 00000000 08:06 3556772                    /usr/lib/R/lib/libR.so
7fd2502d3000-7fd2504d2000 ---p 00227000 08:06 3556772                    /usr/lib/R/lib/libR.so
7fd2504d2000-7fd2504d7000 r--p 00226000 08:06 3556772                    /usr/lib/R/lib/libR.so
7fd2504d7000-7fd2504e1000 rw-p 0022b000 08:06 3556772                    /usr/lib/R/lib/libR.so
7fd2504e1000-7fd2505cd000 rw-p 00000000 00:00 0 
7fd2505cd000-7fd2505d6000 r-xp 00000000 08:06 2902138                    /home/thomas/R/x86_64-pc-linux-gnu-library/3.1/rJava/jri/libjri.so
7fd2505d6000-7fd2507d5000 ---p 00009000 08:06 2902138                    /home/thomas/R/x86_64-pc-linux-gnu-library/3.1/rJava/jri/libjri.so
7fd2507d5000-7fd2507d6000 r--p 00008000 08:06 2902138                    /home/thomas/R/x86_64-pc-linux-gnu-library/3.1/rJava/jri/libjri.so
7fd2507d6000-7fd2507d7000 rw-p 00009000 08:06 2902138                    /home/thomas/R/x86_64-pc-linux-gnu-library/3.1/rJava/jri/libjri.so
7fd2507d7000-7fd2507d8000 ---p 00000000 00:00 0 
7fd2507d8000-7fd2508d8000 rw-p 00000000 00:00 0                          [stack:11008]
7fd2508d8000-7fd2508db000 ---p 00000000 00:00 0 
7fd2508db000-7fd2509d9000 rw-p 00000000 00:00 0                          [stack:11007]
7fd2509d9000-7fd2509dc000 ---p 00000000 00:00 0 
7fd2509dc000-7fd250ada000 rw-p 00000000 00:00 0                          [stack:11006]
7fd250ada000-7fd250add000 ---p 00000000 00:00 0 
7fd250add000-7fd250bdb000 rw-p 00000000 00:00 0                          [stack:11005]
7fd250bdb000-7fd250be0000 r-xp 00000000 08:06 3416478                    /usr/lib/x86_64-linux-gnu/libXdmcp.so.6.0.0
7fd250be0000-7fd250ddf000 ---p 00005000 08:06 3416478                    /usr/lib/x86_64-linux-gnu/libXdmcp.so.6.0.0
7fd250ddf000-7fd250de0000 r--p 00004000 08:06 3416478                    /usr/lib/x86_64-linux-gnu/libXdmcp.so.6.0.0
7fd250de0000-7fd250de1000 rw-p 00005000 08:06 3416478                    /usr/lib/x86_64-linux-gnu/libXdmcp.so.6.0.0
7fd250de1000-7fd250de3000 r-xp 00000000 08:06 3416467                    /usr/lib/x86_64-linux-gnu/libXau.so.6.0.0
7fd250de3000-7fd250fe3000 ---p 00002000 08:06 3416467                    /usr/lib/x86_64-linux-gnu/libXau.so.6.0.0
7fd250fe3000-7fd250fe4000 r--p 00002000 08:06 3416467                    /usr/lib/x86_64-linux-gnu/libXau.so.6.0.0
7fd250fe4000-7fd250fe5000 rw-p 00003000 08:06 3416467                    /usr/lib/x86_64-linux-gnu/libXau.so.6.0.0
7fd250fe5000-7fd251002000 r-xp 00000000 08:06 3417587                    /usr/lib/x86_64-linux-gnu/libxcb.so.1.1.0
7fd251002000-7fd251202000 ---p 0001d000 08:06 3417587                    /usr/lib/x86_64-linux-gnu/libxcb.so.1.1.0
7fd251202000-7fd251203000 r--p 0001d000 08:06 3417587                    /usr/lib/x86_64-linux-gnu/libxcb.so.1.1.0
7fd251203000-7fd251204000 rw-p 0001e000 08:06 3417587                    /usr/lib/x86_64-linux-gnu/libxcb.so.1.1.0
7fd251204000-7fd251337000 r-xp 00000000 08:06 3416463                    /usr/lib/x86_64-linux-gnu/libX11.so.6.3.0
7fd251337000-7fd251537000 ---p 00133000 08:06 3416463                    /usr/lib/x86_64-linux-gnu/libX11.so.6.3.0
7fd251537000-7fd251538000 r--p 00133000 08:06 3416463                    /usr/lib/x86_64-linux-gnu/libX11.so.6.3.0
7fd251538000-7fd25153c000 rw-p 00134000 08:06 3416463                    /usr/lib/x86_64-linux-gnu/libX11.so.6.3.0
7fd25153c000-7fd25153d000 rw-p 00000000 00:00 0 
7fd25153d000-7fd25153f000 r-xp 00000000 08:06 3408461                    /usr/lib/jayatana/libjayatanaag.so
7fd25153f000-7fd25173e000 ---p 00002000 08:06 3408461                    /usr/lib/jayatana/libjayatanaag.so
7fd25173e000-7fd25173f000 r--p 00001000 08:06 3408461                    /usr/lib/jayatana/libjayatanaag.so
7fd25173f000-7fd251740000 rw-p 00002000 08:06 3408461                    /usr/lib/jayatana/libjayatanaag.so
7fd251740000-7fd251743000 ---p 00000000 00:00 0 
7fd251743000-7fd251841000 rw-p 00000000 00:00 0                          [stack:11004]
7fd251841000-7fd251b0f000 r--p 00000000 08:06 3409623                    /usr/lib/locale/locale-archive
7fd251b0f000-7fd251b12000 ---p 00000000 00:00 0 
7fd251b12000-7fd254000000 rw-p 00000000 00:00 0                          [stack:11003]
7fd254000000-7fd254021000 rw-p 00000000 00:00 0 
7fd254021000-7fd258000000 ---p 00000000 00:00 0 
7fd258000000-7fd258021000 rw-p 00000000 00:00 0 
7fd258021000-7fd25c000000 ---p 00000000 00:00 0 
7fd25c000000-7fd25c021000 rw-p 00000000 00:00 0 
7fd25c021000-7fd260000000 ---p 00000000 00:00 0 
7fd260000000-7fd260021000 rw-p 00000000 00:00 0 
7fd260021000-7fd264000000 ---p 00000000 00:00 0 
7fd2640f1000-7fd2640f4000 ---p 00000000 00:00 0 
7fd2640f4000-7fd2641f2000 rw-p 00000000 00:00 0                          [stack:11002]
7fd2641f2000-7fd2641f3000 ---p 00000000 00:00 0 
7fd2641f3000-7fd265000000 rw-p 00000000 00:00 0                          [stack:11001]
7fd265000000-7fd265270000 rwxp 00000000 00:00 0 
7fd265270000-7fd268210000 rw-p 00000000 00:00 0 
7fd268210000-7fd26c000000 ---p 00000000 00:00 0 
7fd26c012000-7fd26c016000 r--s 0003c000 08:06 3429302                    /usr/lib/jvm/java-7-openjdk-amd64/jre/lib/ext/sunpkcs11.jar
7fd26c016000-7fd26c261000 rw-p 00000000 00:00 0 
7fd26c261000-7fd26c413000 r--s 01d2e000 08:06 3429307                    /usr/lib/jvm/java-7-openjdk-amd64/jre/lib/rt.jar
7fd26c413000-7fd26c723000 rw-p 00000000 00:00 0 
7fd26c723000-7fd26c724000 ---p 00000000 00:00 0 
7fd26c724000-7fd26c824000 rw-p 00000000 00:00 0                          [stack:11000]
7fd26c824000-7fd26c825000 ---p 00000000 00:00 0 
7fd26c825000-7fd26c925000 rw-p 00000000 00:00 0                          [stack:10999]
7fd26c925000-7fd26c926000 ---p 00000000 00:00 0 
7fd26c926000-7fd26ca26000 rw-p 00000000 00:00 0                          [stack:10998]
7fd26ca26000-7fd26ca27000 ---p 00000000 00:00 0 
7fd26ca27000-7fd26cb32000 rw-p 00000000 00:00 0                          [stack:10997]
7fd26cb32000-7fd26cb7a000 rw-p 00000000 00:00 0 
7fd26cb7a000-7fd26cb8f000 rw-p 00000000 00:00 0 
7fd26cb8f000-7fd26ccc2000 rw-p 00000000 00:00 0 
7fd26ccc2000-7fd26cccd000 rw-p 00000000 00:00 0 
7fd26cccd000-7fd26cd15000 rw-p 00000000 00:00 0 
7fd26cd15000-7fd26cd2a000 rw-p 00000000 00:00 0 
7fd26cd2a000-7fd26ce5d000 rw-p 00000000 00:00 0 
7fd26ce5d000-7fd26ce68000 rw-p 00000000 00:00 0 
7fd26ce68000-7fd26cf01000 rw-p 00000000 00:00 0 
7fd26cf01000-7fd26cf02000 rw-p 00000000 00:00 0 
7fd26cf02000-7fd26cf0a000 r-xp 00000000 08:06 3429321                    /usr/lib/jvm/java-7-openjdk-amd64/jre/lib/amd64/libzip.so
7fd26cf0a000-7fd26d109000 ---p 00008000 08:06 3429321                    /usr/lib/jvm/java-7-openjdk-amd64/jre/lib/amd64/libzip.so
7fd26d109000-7fd26d10a000 r--p 00007000 08:06 3429321                    /usr/lib/jvm/java-7-openjdk-amd64/jre/lib/amd64/libzip.so
7fd26d10a000-7fd26d10b000 rw-p 00008000 08:06 3429321                    /usr/lib/jvm/java-7-openjdk-amd64/jre/lib/amd64/libzip.so
7fd26d10b000-7fd26d117000 r-xp 00000000 08:06 2228291                    /lib/x86_64-linux-gnu/libnss_files-2.21.so
7fd26d117000-7fd26d316000 ---p 0000c000 08:06 2228291                    /lib/x86_64-linux-gnu/libnss_files-2.21.so
7fd26d316000-7fd26d317000 r--p 0000b000 08:06 2228291                    /lib/x86_64-linux-gnu/libnss_files-2.21.so
7fd26d317000-7fd26d318000 rw-p 0000c000 08:06 2228291                    /lib/x86_64-linux-gnu/libnss_files-2.21.so
7fd26d318000-7fd26d323000 r-xp 00000000 08:06 2228279                    /lib/x86_64-linux-gnu/libnss_nis-2.21.so
7fd26d323000-7fd26d522000 ---p 0000b000 08:06 2228279                    /lib/x86_64-linux-gnu/libnss_nis-2.21.so
7fd26d522000-7fd26d523000 r--p 0000a000 08:06 2228279                    /lib/x86_64-linux-gnu/libnss_nis-2.21.so
7fd26d523000-7fd26d524000 rw-p 0000b000 08:06 2228279                    /lib/x86_64-linux-gnu/libnss_nis-2.21.so
7fd26d524000-7fd26d53b000 r-xp 00000000 08:06 2228297                    /lib/x86_64-linux-gnu/libnsl-2.21.so
7fd26d53b000-7fd26d73a000 ---p 00017000 08:06 2228297                    /lib/x86_64-linux-gnu/libnsl-2.21.so
7fd26d73a000-7fd26d73b000 r--p 00016000 08:06 2228297                    /lib/x86_64-linux-gnu/libnsl-2.21.so
7fd26d73b000-7fd26d73c000 rw-p 00017000 08:06 2228297                    /lib/x86_64-linux-gnu/libnsl-2.21.so
7fd26d73c000-7fd26d73e000 rw-p 00000000 00:00 0 
7fd26d73e000-7fd26d746000 r-xp 00000000 08:06 2228293                    /lib/x86_64-linux-gnu/libnss_compat-2.21.so
7fd26d746000-7fd26d945000 ---p 00008000 08:06 2228293                    /lib/x86_64-linux-gnu/libnss_compat-2.21.so
7fd26d945000-7fd26d946000 r--p 00007000 08:06 2228293                    /lib/x86_64-linux-gnu/libnss_compat-2.21.so
7fd26d946000-7fd26d947000 rw-p 00008000 08:06 2228293                    /lib/x86_64-linux-gnu/libnss_compat-2.21.so
7fd26d947000-7fd26d951000 r-xp 00000000 08:06 3429350                    /usr/lib/jvm/java-7-openjdk-amd64/jre/lib/amd64/libinstrument.so
7fd26d951000-7fd26db50000 ---p 0000a000 08:06 3429350                    /usr/lib/jvm/java-7-openjdk-amd64/jre/lib/amd64/libinstrument.so
7fd26db50000-7fd26db51000 r--p 00009000 08:06 3429350                    /usr/lib/jvm/java-7-openjdk-amd64/jre/lib/amd64/libinstrument.so
7fd26db51000-7fd26db52000 rw-p 0000a000 08:06 3429350                    /usr/lib/jvm/java-7-openjdk-amd64/jre/lib/amd64/libinstrument.so
7fd26db52000-7fd26db7f000 r-xp 00000000 08:06 3429333                    /usr/lib/jvm/java-7-openjdk-amd64/jre/lib/amd64/libjava.so
7fd26db7f000-7fd26dd7e000 ---p 0002d000 08:06 3429333                    /usr/lib/jvm/java-7-openjdk-amd64/jre/lib/amd64/libjava.so
7fd26dd7e000-7fd26dd7f000 r--p 0002c000 08:06 3429333                    /usr/lib/jvm/java-7-openjdk-amd64/jre/lib/amd64/libjava.so
7fd26dd7f000-7fd26dd81000 rw-p 0002d000 08:06 3429333                    /usr/lib/jvm/java-7-openjdk-amd64/jre/lib/amd64/libjava.so
7fd26dd81000-7fd26dd90000 r-xp 00000000 08:06 3429356                    /usr/lib/jvm/java-7-openjdk-amd64/jre/lib/amd64/libverify.so
7fd26dd90000-7fd26df8f000 ---p 0000f000 08:06 3429356                    /usr/lib/jvm/java-7-openjdk-amd64/jre/lib/amd64/libverify.so
7fd26df8f000-7fd26df92000 r--p 0000e000 08:06 3429356                    /usr/lib/jvm/java-7-openjdk-amd64/jre/lib/amd64/libverify.so
7fd26df92000-7fd26df93000 rw-p 00011000 08:06 3429356                    /usr/lib/jvm/java-7-openjdk-amd64/jre/lib/amd64/libverify.so
7fd26df93000-7fd26df9a000 r-xp 00000000 08:06 2228298                    /lib/x86_64-linux-gnu/librt-2.21.so
7fd26df9a000-7fd26e199000 ---p 00007000 08:06 2228298                    /lib/x86_64-linux-gnu/librt-2.21.so
7fd26e199000-7fd26e19a000 r--p 00006000 08:06 2228298                    /lib/x86_64-linux-gnu/librt-2.21.so
7fd26e19a000-7fd26e19b000 rw-p 00007000 08:06 2228298                    /lib/x86_64-linux-gnu/librt-2.21.so
7fd26e19b000-7fd26e1b1000 r-xp 00000000 08:06 2235337                    /lib/x86_64-linux-gnu/libgcc_s.so.1
7fd26e1b1000-7fd26e3b0000 ---p 00016000 08:06 2235337                    /lib/x86_64-linux-gnu/libgcc_s.so.1
7fd26e3b0000-7fd26e3b1000 rw-p 00015000 08:06 2235337                    /lib/x86_64-linux-gnu/libgcc_s.so.1
7fd26e3b1000-7fd26e4b8000 r-xp 00000000 08:06 2228296                    /lib/x86_64-linux-gnu/libm-2.21.so
7fd26e4b8000-7fd26e6b7000 ---p 00107000 08:06 2228296                    /lib/x86_64-linux-gnu/libm-2.21.so
7fd26e6b7000-7fd26e6b8000 r--p 00106000 08:06 2228296                    /lib/x86_64-linux-gnu/libm-2.21.so
7fd26e6b8000-7fd26e6b9000 rw-p 00107000 08:06 2228296                    /lib/x86_64-linux-gnu/libm-2.21.so
7fd26e6b9000-7fd26e7a9000 r-xp 00000000 08:06 3407907                    /usr/lib/x86_64-linux-gnu/libstdc++.so.6.0.20
7fd26e7a9000-7fd26e9a9000 ---p 000f0000 08:06 3407907                    /usr/lib/x86_64-linux-gnu/libstdc++.so.6.0.20
7fd26e9a9000-7fd26e9b1000 r--p 000f0000 08:06 3407907                    /usr/lib/x86_64-linux-gnu/libstdc++.so.6.0.20
7fd26e9b1000-7fd26e9b3000 rw-p 000f8000 08:06 3407907                    /usr/lib/x86_64-linux-gnu/libstdc++.so.6.0.20
7fd26e9b3000-7fd26e9c8000 rw-p 00000000 00:00 0 
7fd26e9c8000-7fd26f528000 r-xp 00000000 08:06 3429342                    /usr/lib/jvm/java-7-openjdk-amd64/jre/lib/amd64/server/libjvm.so
7fd26f528000-7fd26f728000 ---p 00b60000 08:06 3429342                    /usr/lib/jvm/java-7-openjdk-amd64/jre/lib/amd64/server/libjvm.so
7fd26f728000-7fd26f7c7000 r--p 00b60000 08:06 3429342                    /usr/lib/jvm/java-7-openjdk-amd64/jre/lib/amd64/server/libjvm.so
7fd26f7c7000-7fd26f7ea000 rw-p 00bff000 08:06 3429342                    /usr/lib/jvm/java-7-openjdk-amd64/jre/lib/amd64/server/libjvm.so
7fd26f7ea000-7fd26f817000 rw-p 00000000 00:00 0 
7fd26f817000-7fd26f830000 r-xp 00000000 08:06 2228229                    /lib/x86_64-linux-gnu/libz.so.1.2.8
7fd26f830000-7fd26fa30000 ---p 00019000 08:06 2228229                    /lib/x86_64-linux-gnu/libz.so.1.2.8
7fd26fa30000-7fd26fa31000 r--p 00019000 08:06 2228229                    /lib/x86_64-linux-gnu/libz.so.1.2.8
7fd26fa31000-7fd26fa32000 rw-p 0001a000 08:06 2228229                    /lib/x86_64-linux-gnu/libz.so.1.2.8
7fd26fa32000-7fd26fa4a000 r-xp 00000000 08:06 2228288                    /lib/x86_64-linux-gnu/libpthread-2.21.so
7fd26fa4a000-7fd26fc4a000 ---p 00018000 08:06 2228288                    /lib/x86_64-linux-gnu/libpthread-2.21.so
7fd26fc4a000-7fd26fc4b000 r--p 00018000 08:06 2228288                    /lib/x86_64-linux-gnu/libpthread-2.21.so
7fd26fc4b000-7fd26fc4c000 rw-p 00019000 08:06 2228288                    /lib/x86_64-linux-gnu/libpthread-2.21.so
7fd26fc4c000-7fd26fc50000 rw-p 00000000 00:00 0 
7fd26fc50000-7fd26fc53000 r-xp 00000000 08:06 2228284                    /lib/x86_64-linux-gnu/libdl-2.21.so
7fd26fc53000-7fd26fe52000 ---p 00003000 08:06 2228284                    /lib/x86_64-linux-gnu/libdl-2.21.so
7fd26fe52000-7fd26fe53000 r--p 00002000 08:06 2228284                    /lib/x86_64-linux-gnu/libdl-2.21.so
7fd26fe53000-7fd26fe54000 rw-p 00003000 08:06 2228284                    /lib/x86_64-linux-gnu/libdl-2.21.so
7fd26fe54000-7fd270014000 r-xp 00000000 08:06 2228301                    /lib/x86_64-linux-gnu/libc-2.21.so
7fd270014000-7fd270214000 ---p 001c0000 08:06 2228301                    /lib/x86_64-linux-gnu/libc-2.21.so
7fd270214000-7fd270218000 r--p 001c0000 08:06 2228301                    /lib/x86_64-linux-gnu/libc-2.21.so
7fd270218000-7fd27021a000 rw-p 001c4000 08:06 2228301                    /lib/x86_64-linux-gnu/libc-2.21.so
7fd27021a000-7fd27021e000 rw-p 00000000 00:00 0 
7fd27021e000-7fd27022b000 r-xp 00000000 08:06 3429359                    /usr/lib/jvm/java-7-openjdk-amd64/jre/lib/amd64/jli/libjli.so
7fd27022b000-7fd27042a000 ---p 0000d000 08:06 3429359                    /usr/lib/jvm/java-7-openjdk-amd64/jre/lib/amd64/jli/libjli.so
7fd27042a000-7fd27042b000 r--p 0000c000 08:06 3429359                    /usr/lib/jvm/java-7-openjdk-amd64/jre/lib/amd64/jli/libjli.so
7fd27042b000-7fd27042c000 rw-p 0000d000 08:06 3429359                    /usr/lib/jvm/java-7-openjdk-amd64/jre/lib/amd64/jli/libjli.so
7fd27042c000-7fd270450000 r-xp 00000000 08:06 2228287                    /lib/x86_64-linux-gnu/ld-2.21.so
7fd270451000-7fd270452000 rw-p 00000000 00:00 0 
7fd270452000-7fd270453000 r--s 00000000 08:06 3809923                    /usr/share/java/jayatanaag.jar
7fd270453000-7fd270474000 rw-p 00000000 00:00 0 
7fd270474000-7fd27052a000 rw-p 00000000 00:00 0 
7fd27052a000-7fd27052d000 ---p 00000000 00:00 0 
7fd27052d000-7fd270630000 rw-p 00000000 00:00 0                          [stack:10996]
7fd270630000-7fd270631000 r--s 00007000 08:06 2133272                    /home/thomas/Bureau/lib/REngine.jar
7fd270631000-7fd270632000 r--s 00002000 08:06 2133271                    /home/thomas/Bureau/lib/JRIEngine.jar
7fd270632000-7fd270633000 r--s 00013000 08:06 2133265                    /home/thomas/Bureau/lib/JRI.jar
7fd270633000-7fd270637000 r--s 00085000 08:06 3429298                    /usr/lib/jvm/java-7-openjdk-amd64/jre/lib/ext/localedata.jar
7fd270637000-7fd270638000 r--s 00002000 08:06 3429304                    /usr/lib/jvm/java-7-openjdk-amd64/jre/lib/ext/dnsns.jar
7fd270638000-7fd27063b000 r--s 0000f000 08:06 3429300                    /usr/lib/jvm/java-7-openjdk-amd64/jre/lib/ext/icedtea-sound.jar
7fd27063b000-7fd27063d000 r--s 00012000 08:06 3429293                    /usr/lib/jvm/java-7-openjdk-amd64/jre/lib/ext/zipfs.jar
7fd27063d000-7fd270641000 r--s 00034000 08:06 3429301                    /usr/lib/jvm/java-7-openjdk-amd64/jre/lib/ext/sunjce_provider.jar
7fd270641000-7fd270643000 r--s 00006000 08:06 3803060                    /usr/share/java/java-atk-wrapper.jar
7fd270643000-7fd27064b000 rw-s 00000000 08:06 3557639                    /tmp/hsperfdata_thomas/10992
7fd27064b000-7fd27064c000 rw-p 00000000 00:00 0 
7fd27064c000-7fd27064d000 r--p 00000000 00:00 0 
7fd27064d000-7fd27064f000 rw-p 00000000 00:00 0 
7fd27064f000-7fd270650000 r--p 00023000 08:06 2228287                    /lib/x86_64-linux-gnu/ld-2.21.so
7fd270650000-7fd270651000 rw-p 00024000 08:06 2228287                    /lib/x86_64-linux-gnu/ld-2.21.so
7fd270651000-7fd270652000 rw-p 00000000 00:00 0 
7ffe91e85000-7ffe91ea6000 rw-p 00000000 00:00 0                          [stack]
7ffe91f33000-7ffe91f35000 r--p 00000000 00:00 0                          [vvar]
7ffe91f35000-7ffe91f37000 r-xp 00000000 00:00 0                          [vdso]
ffffffffff600000-ffffffffff601000 r-xp 00000000 00:00 0                  [vsyscall]

VM Arguments:
jvm_args: -javaagent:/usr/share/java/jayatanaag.jar -Dfile.encoding=UTF-8 -Djava.library.path=/home/thomas/R/x86_64-pc-linux-gnu-library/3.1/rJava/jri 
java_command: Interface.Interface
Launcher Type: SUN_STANDARD

Environment Variables:
JAVA_TOOL_OPTIONS=-javaagent:/usr/share/java/jayatanaag.jar 
PATH=/usr/local/sbin:/usr/local/bin:/usr/sbin:/usr/bin:/sbin:/bin:/usr/games:/usr/local/games
LD_LIBRARY_PATH=/usr/lib/jvm/default-java/jre/lib/amd64:/usr/lib/jvm/default-java/jre/lib/i386:
SHELL=/bin/bash
DISPLAY=:0.0

Signal Handlers:
SIGSEGV: [libjvm.so+0x992590], sa_mask[0]=0x7ffbfeff, sa_flags=0x10000004
SIGBUS: [libjvm.so+0x992590], sa_mask[0]=0x7ffbfeff, sa_flags=0x10000004
SIGFPE: [libjvm.so+0x7fec60], sa_mask[0]=0x7ffbfeff, sa_flags=0x10000004
SIGPIPE: [libjvm.so+0x7fec60], sa_mask[0]=0x7ffbfeff, sa_flags=0x10000004
SIGXFSZ: [libjvm.so+0x7fec60], sa_mask[0]=0x7ffbfeff, sa_flags=0x10000004
SIGILL: [libjvm.so+0x7fec60], sa_mask[0]=0x7ffbfeff, sa_flags=0x10000004
SIGUSR1: SIG_DFL, sa_mask[0]=0x00000000, sa_flags=0x00000000
SIGUSR2: [libjvm.so+0x7feae0], sa_mask[0]=0x00000004, sa_flags=0x10000004
SIGHUP: [libjvm.so+0x7fece0], sa_mask[0]=0x7ffbfeff, sa_flags=0x10000004
SIGINT: SIG_IGN, sa_mask[0]=0x00000000, sa_flags=0x00000000
SIGTERM: [libjvm.so+0x7fece0], sa_mask[0]=0x7ffbfeff, sa_flags=0x10000004
SIGQUIT: [libjvm.so+0x7fece0], sa_mask[0]=0x7ffbfeff, sa_flags=0x10000004
SIGTRAP: SIG_DFL, sa_mask[0]=0x00000000, sa_flags=0x00000000


---------------  S Y S T E M  ---------------

OS:Ubuntu 15.04 (vivid)
uname:Linux 3.19.0-16-generic #16-Ubuntu SMP Thu Apr 30 16:09:58 UTC 2015 x86_64
libc:glibc 2.21 NPTL 2.21 
rlimit: STACK 8192k, CORE 0k, NPROC 15645, NOFILE 65536, AS infinity
load average:0,34 0,24 0,25

/proc/meminfo:
MemTotal:        4027580 kB
MemFree:          325036 kB
MemAvailable:    2217876 kB
Buffers:          298480 kB
Cached:          1634056 kB
SwapCached:            0 kB
Active:          2439100 kB
Inactive:         830452 kB
Active(anon):    1338196 kB
Inactive(anon):    42092 kB
Active(file):    1100904 kB
Inactive(file):   788360 kB
Unevictable:          32 kB
Mlocked:              32 kB
SwapTotal:       3998716 kB
SwapFree:        3998716 kB
Dirty:               240 kB
Writeback:             0 kB
AnonPages:       1337084 kB
Mapped:           268472 kB
Shmem:             43256 kB
Slab:             290844 kB
SReclaimable:     256968 kB
SUnreclaim:        33876 kB
KernelStack:        7536 kB
PageTables:        28700 kB
NFS_Unstable:          0 kB
Bounce:                0 kB
WritebackTmp:          0 kB
CommitLimit:     6012504 kB
Committed_AS:    4197256 kB
VmallocTotal:   34359738367 kB
VmallocUsed:      108820 kB
VmallocChunk:   34359614592 kB
HardwareCorrupted:     0 kB
AnonHugePages:    849920 kB
CmaTotal:              0 kB
CmaFree:               0 kB
HugePages_Total:       0
HugePages_Free:        0
HugePages_Rsvd:        0
HugePages_Surp:        0
Hugepagesize:       2048 kB
DirectMap4k:      348536 kB
DirectMap2M:     3827712 kB


CPU:total 4 (2 cores per cpu, 2 threads per core) family 6 model 42 stepping 7, cmov, cx8, fxsr, mmx, sse, sse2, sse3, ssse3, sse4.1, sse4.2, popcnt, avx, aes, ht, tsc, tscinvbit

/proc/cpuinfo:
processor	: 0
vendor_id	: GenuineIntel
cpu family	: 6
model		: 42
model name	: Intel(R) Core(TM) i5-2430M CPU @ 2.40GHz
stepping	: 7
microcode	: 0x14
cpu MHz		: 2799.937
cache size	: 3072 KB
physical id	: 0
siblings	: 4
core id		: 0
cpu cores	: 2
apicid		: 0
initial apicid	: 0
fpu		: yes
fpu_exception	: yes
cpuid level	: 13
wp		: yes
flags		: fpu vme de pse tsc msr pae mce cx8 apic sep mtrr pge mca cmov pat pse36 clflush dts acpi mmx fxsr sse sse2 ss ht tm pbe syscall nx rdtscp lm constant_tsc arch_perfmon pebs bts rep_good nopl xtopology nonstop_tsc aperfmperf eagerfpu pni pclmulqdq dtes64 monitor ds_cpl vmx est tm2 ssse3 cx16 xtpr pdcm pcid sse4_1 sse4_2 x2apic popcnt tsc_deadline_timer aes xsave avx lahf_lm ida arat epb pln pts dtherm tpr_shadow vnmi flexpriority ept vpid xsaveopt
bugs		:
bogomips	: 4789.52
clflush size	: 64
cache_alignment	: 64
address sizes	: 36 bits physical, 48 bits virtual
power management:

processor	: 1
vendor_id	: GenuineIntel
cpu family	: 6
model		: 42
model name	: Intel(R) Core(TM) i5-2430M CPU @ 2.40GHz
stepping	: 7
microcode	: 0x14
cpu MHz		: 2799.937
cache size	: 3072 KB
physical id	: 0
siblings	: 4
core id		: 1
cpu cores	: 2
apicid		: 2
initial apicid	: 2
fpu		: yes
fpu_exception	: yes
cpuid level	: 13
wp		: yes
flags		: fpu vme de pse tsc msr pae mce cx8 apic sep mtrr pge mca cmov pat pse36 clflush dts acpi mmx fxsr sse sse2 ss ht tm pbe syscall nx rdtscp lm constant_tsc arch_perfmon pebs bts rep_good nopl xtopology nonstop_tsc aperfmperf eagerfpu pni pclmulqdq dtes64 monitor ds_cpl vmx est tm2 ssse3 cx16 xtpr pdcm pcid sse4_1 sse4_2 x2apic popcnt tsc_deadline_timer aes xsave avx lahf_lm ida arat epb pln pts dtherm tpr_shadow vnmi flexpriority ept vpid xsaveopt
bugs		:
bogomips	: 4789.52
clflush size	: 64
cache_alignment	: 64
address sizes	: 36 bits physical, 48 bits virtual
power management:

processor	: 2
vendor_id	: GenuineIntel
cpu family	: 6
model		: 42
model name	: Intel(R) Core(TM) i5-2430M CPU @ 2.40GHz
stepping	: 7
microcode	: 0x14
cpu MHz		: 2815.875
cache size	: 3072 KB
physical id	: 0
siblings	: 4
core id		: 0
cpu cores	: 2
apicid		: 1
initial apicid	: 1
fpu		: yes
fpu_exception	: yes
cpuid level	: 13
wp		: yes
flags		: fpu vme de pse tsc msr pae mce cx8 apic sep mtrr pge mca cmov pat pse36 clflush dts acpi mmx fxsr sse sse2 ss ht tm pbe syscall nx rdtscp lm constant_tsc arch_perfmon pebs bts rep_good nopl xtopology nonstop_tsc aperfmperf eagerfpu pni pclmulqdq dtes64 monitor ds_cpl vmx est tm2 ssse3 cx16 xtpr pdcm pcid sse4_1 sse4_2 x2apic popcnt tsc_deadline_timer aes xsave avx lahf_lm ida arat epb pln pts dtherm tpr_shadow vnmi flexpriority ept vpid xsaveopt
bugs		:
bogomips	: 4789.52
clflush size	: 64
cache_alignment	: 64
address sizes	: 36 bits physical, 48 bits virtual
power management:

processor	: 3
vendor_id	: GenuineIntel
cpu family	: 6
model		: 42
model name	: Intel(R) Core(TM) i5-2430M CPU @ 2.40GHz
stepping	: 7
microcode	: 0x14
cpu MHz		: 2799.937
cache size	: 3072 KB
physical id	: 0
siblings	: 4
core id		: 1
cpu cores	: 2
apicid		: 3
initial apicid	: 3
fpu		: yes
fpu_exception	: yes
cpuid level	: 13
wp		: yes
flags		: fpu vme de pse tsc msr pae mce cx8 apic sep mtrr pge mca cmov pat pse36 clflush dts acpi mmx fxsr sse sse2 ss ht tm pbe syscall nx rdtscp lm constant_tsc arch_perfmon pebs bts rep_good nopl xtopology nonstop_tsc aperfmperf eagerfpu pni pclmulqdq dtes64 monitor ds_cpl vmx est tm2 ssse3 cx16 xtpr pdcm pcid sse4_1 sse4_2 x2apic popcnt tsc_deadline_timer aes xsave avx lahf_lm ida arat epb pln pts dtherm tpr_shadow vnmi flexpriority ept vpid xsaveopt
bugs		:
bogomips	: 4789.52
clflush size	: 64
cache_alignment	: 64
address sizes	: 36 bits physical, 48 bits virtual
power management:



Memory: 4k page, physical 4027580k(325036k free), swap 3998716k(3998716k free)

vm_info: OpenJDK 64-Bit Server VM (24.91-b01) for linux-amd64 JRE (1.7.0_91-b02), built on Nov 19 2015 06:08:55 by "buildd" with gcc 4.9.2

time: Thu Jun  2 14:39:44 2016
elapsed time: 0 seconds

