#
# A fatal error has been detected by the Java Runtime Environment:
#
#  SIGSEGV (0xb) at pc=0x00007fb2a7bd9cd1, pid=10367, tid=140406311716608
#
# JRE version: OpenJDK Runtime Environment (7.0_91-b02) (build 1.7.0_91-b02)
# Java VM: OpenJDK 64-Bit Server VM (24.91-b01 mixed mode linux-amd64 compressed oops)
# Derivative: IcedTea 2.6.3
# Distribution: Ubuntu 15.04, package 7u91-2.6.3-0ubuntu0.15.04.1
# Problematic frame:
# C  [libR.so+0xfacd1]
#
# Failed to write core dump. Core dumps have been disabled. To enable core dumping, try "ulimit -c unlimited" before starting Java again
#
# If you would like to submit a bug report, please include
# instructions on how to reproduce the bug and visit:
#   http://icedtea.classpath.org/bugzilla
# The crash happened outside the Java Virtual Machine in native code.
# See problematic frame for where to report the bug.
#

---------------  T H R E A D  ---------------

Current thread (0x00007fb2dc00b000):  JavaThread "main" [_thread_in_native, id=10370, stack(0x00007fb2e4458000,0x00007fb2e4559000)]

siginfo:si_signo=SIGSEGV: si_errno=0, si_code=1 (SEGV_MAPERR), si_addr=0x0000000000000018

Registers:
RAX=0x0000000000000160, RBX=0x0000000000000028, RCX=0x00007fb2dc204168, RDX=0x00007fb2a7f23cc0
RSP=0x00007fb2e4557730, RBP=0x0000000000000030, RSI=0x0000000000000000, RDI=0x0000000000000003
R8 =0x0000000000000000, R9 =0x00007fb2a7f23f70, R10=0x00007fb2a7f23e30, R11=0x00007fb2dc000078
R12=0x0000000000000001, R13=0x00007fb2dc204160, R14=0x0000000000000001, R15=0x00007fb2a7f23e30
RIP=0x00007fb2a7bd9cd1, EFLAGS=0x0000000000010206, CSGSFS=0x0000000000000033, ERR=0x0000000000000004
  TRAPNO=0x000000000000000e

Top of Stack: (sp=0x00007fb2e4557730)
0x00007fb2e4557730:   00007fb2dc00b000 0000000000000000
0x00007fb2e4557740:   0000000000000001 0000000000000010
0x00007fb2e4557750:   0000000000000001 00007fb2a7bdb2c1
0x00007fb2e4557760:   0000000000000001 00007fb2a7f23cc0
0x00007fb2e4557770:   00007fb2dc204140 0000000000000000
0x00007fb2e4557780:   00007fb2e3726258 00007fb2dc00b1d8
0x00007fb2e4557790:   0000000000000001 00007fb2dc204140
0x00007fb2e45577a0:   00007fb2e45578b0 00007fb2e45578b8
0x00007fb2e45577b0:   00007fb2dc00b000 00007fb2c44d168b
0x00007fb2e45577c0:   00007fb2dc00b1d8 00000000b84e0e50
0x00007fb2e45577d0:   0000000000000001 0000000000000000
0x00007fb2e45577e0:   00000000b84e0e50 00007fb2c44d0410
0x00007fb2e45577f0:   00000000b84e0e50 34db4eb86ecbfc00
0x00007fb2e4557800:   00007fb2e4557888 00000000b84e0e50
0x00007fb2e4557810:   00007fb2e4557888 00007fb2d901378f
0x00007fb2e4557820:   00007fb2e4557888 00007fb2d901354b
0x00007fb2e4557830:   00007fb2d9013509 0000000000000003
0x00007fb2e4557840:   00000000eb9233a8 00007fb2e4557838
0x00007fb2e4557850:   00000000b84e0e50 00007fb2e45578b8
0x00007fb2e4557860:   00000000b84e63c0 0000000000000000
0x00007fb2e4557870:   00000000b84e0e50 0000000000000000
0x00007fb2e4557880:   00007fb2e45578a8 00007fb2e4557910
0x00007fb2e4557890:   00007fb2d9006175 0000000000000000
0x00007fb2e45578a0:   00007fb2d900ecd7 0000000000000001
0x00007fb2e45578b0:   00000000eb928610 00000000eb9233a8
0x00007fb2e45578c0:   0000000000000000 00000000eb9233a8
0x00007fb2e45578d0:   00007fb2e45578c0 00000000b84e406d
0x00007fb2e45578e0:   00007fb2e4557970 00000000b84e63c0
0x00007fb2e45578f0:   0000000000000000 00000000b84e4150
0x00007fb2e4557900:   00007fb2e45578a8 00007fb2e4557960
0x00007fb2e4557910:   00007fb2e45579c8 00007fb2d9006233
0x00007fb2e4557920:   0000000000000000 0000000000000000 

Instructions: (pc=0x00007fb2a7bd9cd1)
0x00007fb2a7bd9cb1:   8d 54 02 10 49 8b 49 08 41 83 41 04 01 85 db 4d
0x00007fb2a7bd9cc1:   89 69 08 49 8b 32 49 89 4d 00 49 8d 4d 08 74 4e
0x00007fb2a7bd9cd1:   48 8b 56 18 44 89 e7 45 31 c0 8b 05 3f ab 34 00
0x00007fb2a7bd9ce1:   c1 e7 05 0f 1f 40 00 48 89 71 10 41 83 01 01 41 

Register to memory mapping:

RAX=0x0000000000000160 is an unknown value
RBX=0x0000000000000028 is an unknown value
RCX=0x00007fb2dc204168 is an unknown value
RDX=0x00007fb2a7f23cc0: <offset 0x444cc0> in /usr/lib/libR.so at 0x00007fb2a7adf000
RSP=0x00007fb2e4557730 is pointing into the stack for thread: 0x00007fb2dc00b000
RBP=0x0000000000000030 is an unknown value
RSI=0x0000000000000000 is an unknown value
RDI=0x0000000000000003 is an unknown value
R8 =0x0000000000000000 is an unknown value
R9 =0x00007fb2a7f23f70: <offset 0x444f70> in /usr/lib/libR.so at 0x00007fb2a7adf000
R10=0x00007fb2a7f23e30: <offset 0x444e30> in /usr/lib/libR.so at 0x00007fb2a7adf000
R11=0x00007fb2dc000078 is an unknown value
R12=0x0000000000000001 is an unknown value
R13=0x00007fb2dc204160 is an unknown value
R14=0x0000000000000001 is an unknown value
R15=0x00007fb2a7f23e30: <offset 0x444e30> in /usr/lib/libR.so at 0x00007fb2a7adf000


Stack: [0x00007fb2e4458000,0x00007fb2e4559000],  sp=0x00007fb2e4557730,  free space=1021k
Native frames: (J=compiled Java code, j=interpreted, Vv=VM code, C=native code)
C  [libR.so+0xfacd1]

[error occurred during error reporting (printing native stack), id 0xb]

Java frames: (J=compiled Java code, j=interpreted, Vv=VM code)
j  org.rosuda.JRI.Rengine.rniParse(Ljava/lang/String;I)J+0
j  org.rosuda.JRI.Rengine.eval(Ljava/lang/String;Z)Lorg/rosuda/JRI/REXP;+53
j  org.rosuda.JRI.Rengine.eval(Ljava/lang/String;)Lorg/rosuda/JRI/REXP;+3
j  Interface.Interface.main([Ljava/lang/String;)V+25
v  ~StubRoutines::call_stub

---------------  P R O C E S S  ---------------

Java Threads: ( => current thread )
  0x00007fb2dc1ff000 JavaThread "Thread-0" [_thread_blocked, id=10384, stack(0x00007fb2a6eff000,0x00007fb2a7000000)]
  0x00007fb2dc1e3800 JavaThread "Service Thread" daemon [_thread_blocked, id=10382, stack(0x00007fb2c47d7000,0x00007fb2c48d8000)]
  0x00007fb2dc1da800 JavaThread "C2 CompilerThread1" daemon [_thread_blocked, id=10381, stack(0x00007fb2c48d8000,0x00007fb2c49d9000)]
  0x00007fb2dc1d8800 JavaThread "C2 CompilerThread0" daemon [_thread_blocked, id=10380, stack(0x00007fb2c49d9000,0x00007fb2c4ada000)]
  0x00007fb2dc16f800 JavaThread "Signal Dispatcher" daemon [_thread_blocked, id=10379, stack(0x00007fb2c563f000,0x00007fb2c5740000)]
  0x00007fb2dc144800 JavaThread "Finalizer" daemon [_thread_blocked, id=10378, stack(0x00007fb2c5a0e000,0x00007fb2c5b0f000)]
  0x00007fb2dc142800 JavaThread "Reference Handler" daemon [_thread_blocked, id=10377, stack(0x00007fb2c5b0f000,0x00007fb2c5c10000)]
=>0x00007fb2dc00b000 JavaThread "main" [_thread_in_native, id=10370, stack(0x00007fb2e4458000,0x00007fb2e4559000)]

Other Threads:
  0x00007fb2dc13e000 VMThread [stack: 0x00007fb2d80f1000,0x00007fb2d81f2000] [id=10376]
  0x00007fb2dc1f6800 WatcherThread [stack: 0x00007fb2c46d6000,0x00007fb2c47d7000] [id=10383]

VM state:not at safepoint (normal execution)

VM Mutex/Monitor currently owned by a thread: None

Heap
 PSYoungGen      total 18432K, used 1614K [0x00000000eb800000, 0x00000000ecc80000, 0x0000000100000000)
  eden space 15872K, 10% used [0x00000000eb800000,0x00000000eb9938f8,0x00000000ec780000)
  from space 2560K, 0% used [0x00000000eca00000,0x00000000eca00000,0x00000000ecc80000)
  to   space 2560K, 0% used [0x00000000ec780000,0x00000000ec780000,0x00000000eca00000)
 ParOldGen       total 41984K, used 0K [0x00000000c2800000, 0x00000000c5100000, 0x00000000eb800000)
  object space 41984K, 0% used [0x00000000c2800000,0x00000000c2800000,0x00000000c5100000)
 PSPermGen       total 21504K, used 3017K [0x00000000b8200000, 0x00000000b9700000, 0x00000000c2800000)
  object space 21504K, 14% used [0x00000000b8200000,0x00000000b84f27c0,0x00000000b9700000)

Card table byte_map: [0x00007fb2e0bf0000,0x00007fb2e0e30000] byte_map_base: 0x00007fb2e062f000

Polling page: 0x00007fb2e457a000

Code Cache  [0x00007fb2d9000000, 0x00007fb2d9270000, 0x00007fb2dc000000)
 total_blobs=172 nmethods=0 adapters=141 free_code_cache=48771Kb largest_free_block=49941504

Compilation events (0 events):
No events

GC Heap History (0 events):
No events

Deoptimization events (0 events):
No events

Internal exceptions (8 events):
Event: 0,037 Thread 0x00007fb2dc00b000 Threw 0x00000000eb80f140 at /build/openjdk-7-1hyu6m/openjdk-7-7u91-2.6.3/build/openjdk/hotspot/src/share/vm/prims/jni.cpp:4027
Event: 0,076 Thread 0x00007fb2dc00b000 Threw 0x00000000eb8bf500 at /build/openjdk-7-1hyu6m/openjdk-7-7u91-2.6.3/build/openjdk/hotspot/src/share/vm/prims/jni.cpp:721
Event: 0,077 Thread 0x00007fb2dc00b000 Threw 0x00000000eb8bfbd0 at /build/openjdk-7-1hyu6m/openjdk-7-7u91-2.6.3/build/openjdk/hotspot/src/share/vm/prims/jvm.cpp:1322
Event: 0,077 Thread 0x00007fb2dc00b000 Threw 0x00000000eb8bfcf8 at /build/openjdk-7-1hyu6m/openjdk-7-7u91-2.6.3/build/openjdk/hotspot/src/share/vm/prims/jvm.cpp:1322
Event: 0,077 Thread 0x00007fb2dc00b000 Threw 0x00000000eb8c2888 at /build/openjdk-7-1hyu6m/openjdk-7-7u91-2.6.3/build/openjdk/hotspot/src/share/vm/prims/jvm.cpp:1322
Event: 0,090 Thread 0x00007fb2dc00b000 Threw 0x00000000eb90d950 at /build/openjdk-7-1hyu6m/openjdk-7-7u91-2.6.3/build/openjdk/hotspot/src/share/vm/prims/jvm.cpp:1322
Event: 0,091 Thread 0x00007fb2dc00b000 Threw 0x00000000eb9127d0 at /build/openjdk-7-1hyu6m/openjdk-7-7u91-2.6.3/build/openjdk/hotspot/src/share/vm/prims/jvm.cpp:1322
Event: 0,094 Thread 0x00007fb2dc00b000 Threw 0x00000000eb924018 at /build/openjdk-7-1hyu6m/openjdk-7-7u91-2.6.3/build/openjdk/hotspot/src/share/vm/prims/jvm.cpp:1322

Events (10 events):
Event: 0,096 loading class 0x00007fb2dc0107b0
Event: 0,096 loading class 0x00007fb2dc0107b0 done
Event: 0,096 loading class 0x00007fb2e03f95e0
Event: 0,096 loading class 0x00007fb2e03f95e0 done
Event: 0,096 loading class 0x00007fb2dc010bb0
Event: 0,096 loading class 0x00007fb2dc010c10
Event: 0,096 loading class 0x00007fb2dc010c10 done
Event: 0,096 loading class 0x00007fb2dc010bb0 done
Event: 0,096 loading class 0x00007fb2dc010be0
Event: 0,096 loading class 0x00007fb2dc010be0 done


Dynamic libraries:
00400000-00401000 r-xp 00000000 08:06 3410925                            /usr/lib/jvm/java-7-openjdk-amd64/jre/bin/java
00600000-00601000 r--p 00000000 08:06 3410925                            /usr/lib/jvm/java-7-openjdk-amd64/jre/bin/java
00601000-00602000 rw-p 00001000 08:06 3410925                            /usr/lib/jvm/java-7-openjdk-amd64/jre/bin/java
01dcb000-01dec000 rw-p 00000000 00:00 0                                  [heap]
b8200000-b9700000 rw-p 00000000 00:00 0 
b9700000-c2800000 rw-p 00000000 00:00 0 
c2800000-c5100000 rw-p 00000000 00:00 0 
c5100000-eb800000 rw-p 00000000 00:00 0 
eb800000-ecc80000 rw-p 00000000 00:00 0 
ecc80000-100000000 rw-p 00000000 00:00 0 
7fb29c000000-7fb29c021000 rw-p 00000000 00:00 0 
7fb29c021000-7fb2a0000000 ---p 00000000 00:00 0 
7fb2a0000000-7fb2a0021000 rw-p 00000000 00:00 0 
7fb2a0021000-7fb2a4000000 ---p 00000000 00:00 0 
7fb2a6eff000-7fb2a6f02000 ---p 00000000 00:00 0 
7fb2a6f02000-7fb2a7000000 rw-p 00000000 00:00 0                          [stack:10384]
7fb2a7000000-7fb2a7025000 r-xp 00000000 08:06 2232368                    /lib/x86_64-linux-gnu/libtinfo.so.5.9
7fb2a7025000-7fb2a7224000 ---p 00025000 08:06 2232368                    /lib/x86_64-linux-gnu/libtinfo.so.5.9
7fb2a7224000-7fb2a7228000 r--p 00024000 08:06 2232368                    /lib/x86_64-linux-gnu/libtinfo.so.5.9
7fb2a7228000-7fb2a7229000 rw-p 00028000 08:06 2232368                    /lib/x86_64-linux-gnu/libtinfo.so.5.9
7fb2a7229000-7fb2a723f000 r-xp 00000000 08:06 3410384                    /usr/lib/x86_64-linux-gnu/libgomp.so.1.0.0
7fb2a723f000-7fb2a743e000 ---p 00016000 08:06 3410384                    /usr/lib/x86_64-linux-gnu/libgomp.so.1.0.0
7fb2a743e000-7fb2a743f000 r--p 00015000 08:06 3410384                    /usr/lib/x86_64-linux-gnu/libgomp.so.1.0.0
7fb2a743f000-7fb2a7440000 rw-p 00016000 08:06 3410384                    /usr/lib/x86_64-linux-gnu/libgomp.so.1.0.0
7fb2a7440000-7fb2a744f000 r-xp 00000000 08:06 2232395                    /lib/x86_64-linux-gnu/libbz2.so.1.0.4
7fb2a744f000-7fb2a764e000 ---p 0000f000 08:06 2232395                    /lib/x86_64-linux-gnu/libbz2.so.1.0.4
7fb2a764e000-7fb2a764f000 r--p 0000e000 08:06 2232395                    /lib/x86_64-linux-gnu/libbz2.so.1.0.4
7fb2a764f000-7fb2a7650000 rw-p 0000f000 08:06 2232395                    /lib/x86_64-linux-gnu/libbz2.so.1.0.4
7fb2a7650000-7fb2a7671000 r-xp 00000000 08:06 2232463                    /lib/x86_64-linux-gnu/liblzma.so.5.0.0
7fb2a7671000-7fb2a7870000 ---p 00021000 08:06 2232463                    /lib/x86_64-linux-gnu/liblzma.so.5.0.0
7fb2a7870000-7fb2a7871000 r--p 00020000 08:06 2232463                    /lib/x86_64-linux-gnu/liblzma.so.5.0.0
7fb2a7871000-7fb2a7872000 rw-p 00021000 08:06 2232463                    /lib/x86_64-linux-gnu/liblzma.so.5.0.0
7fb2a7872000-7fb2a78de000 r-xp 00000000 08:06 2239920                    /lib/x86_64-linux-gnu/libpcre.so.3.13.1
7fb2a78de000-7fb2a7add000 ---p 0006c000 08:06 2239920                    /lib/x86_64-linux-gnu/libpcre.so.3.13.1
7fb2a7add000-7fb2a7ade000 r--p 0006b000 08:06 2239920                    /lib/x86_64-linux-gnu/libpcre.so.3.13.1
7fb2a7ade000-7fb2a7adf000 rw-p 0006c000 08:06 2239920                    /lib/x86_64-linux-gnu/libpcre.so.3.13.1
7fb2a7adf000-7fb2a7d06000 r-xp 00000000 08:06 3556772                    /usr/lib/R/lib/libR.so
7fb2a7d06000-7fb2a7f05000 ---p 00227000 08:06 3556772                    /usr/lib/R/lib/libR.so
7fb2a7f05000-7fb2a7f0a000 r--p 00226000 08:06 3556772                    /usr/lib/R/lib/libR.so
7fb2a7f0a000-7fb2a7f14000 rw-p 0022b000 08:06 3556772                    /usr/lib/R/lib/libR.so
7fb2a7f14000-7fb2a8000000 rw-p 00000000 00:00 0 
7fb2a8000000-7fb2a8021000 rw-p 00000000 00:00 0 
7fb2a8021000-7fb2ac000000 ---p 00000000 00:00 0 
7fb2ac000000-7fb2ac021000 rw-p 00000000 00:00 0 
7fb2ac021000-7fb2b0000000 ---p 00000000 00:00 0 
7fb2b0000000-7fb2b0021000 rw-p 00000000 00:00 0 
7fb2b0021000-7fb2b4000000 ---p 00000000 00:00 0 
7fb2b4000000-7fb2b4021000 rw-p 00000000 00:00 0 
7fb2b4021000-7fb2b8000000 ---p 00000000 00:00 0 
7fb2b8000000-7fb2b8021000 rw-p 00000000 00:00 0 
7fb2b8021000-7fb2bc000000 ---p 00000000 00:00 0 
7fb2bc000000-7fb2bc021000 rw-p 00000000 00:00 0 
7fb2bc021000-7fb2c0000000 ---p 00000000 00:00 0 
7fb2c0000000-7fb2c0021000 rw-p 00000000 00:00 0 
7fb2c0021000-7fb2c4000000 ---p 00000000 00:00 0 
7fb2c4006000-7fb2c4043000 r-xp 00000000 08:06 2232545                    /lib/x86_64-linux-gnu/libreadline.so.6.3
7fb2c4043000-7fb2c4243000 ---p 0003d000 08:06 2232545                    /lib/x86_64-linux-gnu/libreadline.so.6.3
7fb2c4243000-7fb2c4245000 r--p 0003d000 08:06 2232545                    /lib/x86_64-linux-gnu/libreadline.so.6.3
7fb2c4245000-7fb2c424b000 rw-p 0003f000 08:06 2232545                    /lib/x86_64-linux-gnu/libreadline.so.6.3
7fb2c424b000-7fb2c424c000 rw-p 00000000 00:00 0 
7fb2c424c000-7fb2c42cb000 r-xp 00000000 08:06 3408050                    /usr/lib/libblas/libblas.so.3.0
7fb2c42cb000-7fb2c44ca000 ---p 0007f000 08:06 3408050                    /usr/lib/libblas/libblas.so.3.0
7fb2c44ca000-7fb2c44cb000 r--p 0007e000 08:06 3408050                    /usr/lib/libblas/libblas.so.3.0
7fb2c44cb000-7fb2c44cc000 rw-p 0007f000 08:06 3408050                    /usr/lib/libblas/libblas.so.3.0
7fb2c44cc000-7fb2c44d5000 r-xp 00000000 08:06 2902138                    /home/thomas/R/x86_64-pc-linux-gnu-library/3.1/rJava/jri/libjri.so
7fb2c44d5000-7fb2c46d4000 ---p 00009000 08:06 2902138                    /home/thomas/R/x86_64-pc-linux-gnu-library/3.1/rJava/jri/libjri.so
7fb2c46d4000-7fb2c46d5000 r--p 00008000 08:06 2902138                    /home/thomas/R/x86_64-pc-linux-gnu-library/3.1/rJava/jri/libjri.so
7fb2c46d5000-7fb2c46d6000 rw-p 00009000 08:06 2902138                    /home/thomas/R/x86_64-pc-linux-gnu-library/3.1/rJava/jri/libjri.so
7fb2c46d6000-7fb2c46d7000 ---p 00000000 00:00 0 
7fb2c46d7000-7fb2c47d7000 rw-p 00000000 00:00 0                          [stack:10383]
7fb2c47d7000-7fb2c47da000 ---p 00000000 00:00 0 
7fb2c47da000-7fb2c48d8000 rw-p 00000000 00:00 0                          [stack:10382]
7fb2c48d8000-7fb2c48db000 ---p 00000000 00:00 0 
7fb2c48db000-7fb2c49d9000 rw-p 00000000 00:00 0                          [stack:10381]
7fb2c49d9000-7fb2c49dc000 ---p 00000000 00:00 0 
7fb2c49dc000-7fb2c4ada000 rw-p 00000000 00:00 0                          [stack:10380]
7fb2c4ada000-7fb2c4adf000 r-xp 00000000 08:06 3416478                    /usr/lib/x86_64-linux-gnu/libXdmcp.so.6.0.0
7fb2c4adf000-7fb2c4cde000 ---p 00005000 08:06 3416478                    /usr/lib/x86_64-linux-gnu/libXdmcp.so.6.0.0
7fb2c4cde000-7fb2c4cdf000 r--p 00004000 08:06 3416478                    /usr/lib/x86_64-linux-gnu/libXdmcp.so.6.0.0
7fb2c4cdf000-7fb2c4ce0000 rw-p 00005000 08:06 3416478                    /usr/lib/x86_64-linux-gnu/libXdmcp.so.6.0.0
7fb2c4ce0000-7fb2c4ce2000 r-xp 00000000 08:06 3416467                    /usr/lib/x86_64-linux-gnu/libXau.so.6.0.0
7fb2c4ce2000-7fb2c4ee2000 ---p 00002000 08:06 3416467                    /usr/lib/x86_64-linux-gnu/libXau.so.6.0.0
7fb2c4ee2000-7fb2c4ee3000 r--p 00002000 08:06 3416467                    /usr/lib/x86_64-linux-gnu/libXau.so.6.0.0
7fb2c4ee3000-7fb2c4ee4000 rw-p 00003000 08:06 3416467                    /usr/lib/x86_64-linux-gnu/libXau.so.6.0.0
7fb2c4ee4000-7fb2c4f01000 r-xp 00000000 08:06 3417587                    /usr/lib/x86_64-linux-gnu/libxcb.so.1.1.0
7fb2c4f01000-7fb2c5101000 ---p 0001d000 08:06 3417587                    /usr/lib/x86_64-linux-gnu/libxcb.so.1.1.0
7fb2c5101000-7fb2c5102000 r--p 0001d000 08:06 3417587                    /usr/lib/x86_64-linux-gnu/libxcb.so.1.1.0
7fb2c5102000-7fb2c5103000 rw-p 0001e000 08:06 3417587                    /usr/lib/x86_64-linux-gnu/libxcb.so.1.1.0
7fb2c5103000-7fb2c5236000 r-xp 00000000 08:06 3416463                    /usr/lib/x86_64-linux-gnu/libX11.so.6.3.0
7fb2c5236000-7fb2c5436000 ---p 00133000 08:06 3416463                    /usr/lib/x86_64-linux-gnu/libX11.so.6.3.0
7fb2c5436000-7fb2c5437000 r--p 00133000 08:06 3416463                    /usr/lib/x86_64-linux-gnu/libX11.so.6.3.0
7fb2c5437000-7fb2c543b000 rw-p 00134000 08:06 3416463                    /usr/lib/x86_64-linux-gnu/libX11.so.6.3.0
7fb2c543b000-7fb2c543c000 rw-p 00000000 00:00 0 
7fb2c543c000-7fb2c543e000 r-xp 00000000 08:06 3408461                    /usr/lib/jayatana/libjayatanaag.so
7fb2c543e000-7fb2c563d000 ---p 00002000 08:06 3408461                    /usr/lib/jayatana/libjayatanaag.so
7fb2c563d000-7fb2c563e000 r--p 00001000 08:06 3408461                    /usr/lib/jayatana/libjayatanaag.so
7fb2c563e000-7fb2c563f000 rw-p 00002000 08:06 3408461                    /usr/lib/jayatana/libjayatanaag.so
7fb2c563f000-7fb2c5642000 ---p 00000000 00:00 0 
7fb2c5642000-7fb2c5740000 rw-p 00000000 00:00 0                          [stack:10379]
7fb2c5740000-7fb2c5a0e000 r--p 00000000 08:06 3409623                    /usr/lib/locale/locale-archive
7fb2c5a0e000-7fb2c5a11000 ---p 00000000 00:00 0 
7fb2c5a11000-7fb2c5b0f000 rw-p 00000000 00:00 0                          [stack:10378]
7fb2c5b0f000-7fb2c5b12000 ---p 00000000 00:00 0 
7fb2c5b12000-7fb2c8000000 rw-p 00000000 00:00 0                          [stack:10377]
7fb2c8000000-7fb2c8021000 rw-p 00000000 00:00 0 
7fb2c8021000-7fb2cc000000 ---p 00000000 00:00 0 
7fb2cc000000-7fb2cc021000 rw-p 00000000 00:00 0 
7fb2cc021000-7fb2d0000000 ---p 00000000 00:00 0 
7fb2d0000000-7fb2d0021000 rw-p 00000000 00:00 0 
7fb2d0021000-7fb2d4000000 ---p 00000000 00:00 0 
7fb2d4000000-7fb2d4021000 rw-p 00000000 00:00 0 
7fb2d4021000-7fb2d8000000 ---p 00000000 00:00 0 
7fb2d80f1000-7fb2d80f2000 ---p 00000000 00:00 0 
7fb2d80f2000-7fb2d9000000 rw-p 00000000 00:00 0                          [stack:10376]
7fb2d9000000-7fb2d9270000 rwxp 00000000 00:00 0 
7fb2d9270000-7fb2dc218000 rw-p 00000000 00:00 0 
7fb2dc218000-7fb2e0000000 ---p 00000000 00:00 0 
7fb2e0041000-7fb2e0045000 r--s 0003c000 08:06 3429302                    /usr/lib/jvm/java-7-openjdk-amd64/jre/lib/ext/sunpkcs11.jar
7fb2e0045000-7fb2e018f000 rw-p 00000000 00:00 0 
7fb2e018f000-7fb2e0341000 r--s 01d2e000 08:06 3429307                    /usr/lib/jvm/java-7-openjdk-amd64/jre/lib/rt.jar
7fb2e0341000-7fb2e0651000 rw-p 00000000 00:00 0 
7fb2e0651000-7fb2e0652000 ---p 00000000 00:00 0 
7fb2e0652000-7fb2e0752000 rw-p 00000000 00:00 0                          [stack:10375]
7fb2e0752000-7fb2e0753000 ---p 00000000 00:00 0 
7fb2e0753000-7fb2e0853000 rw-p 00000000 00:00 0                          [stack:10374]
7fb2e0853000-7fb2e0854000 ---p 00000000 00:00 0 
7fb2e0854000-7fb2e0954000 rw-p 00000000 00:00 0                          [stack:10373]
7fb2e0954000-7fb2e0955000 ---p 00000000 00:00 0 
7fb2e0955000-7fb2e0a60000 rw-p 00000000 00:00 0                          [stack:10372]
7fb2e0a60000-7fb2e0aa8000 rw-p 00000000 00:00 0 
7fb2e0aa8000-7fb2e0abd000 rw-p 00000000 00:00 0 
7fb2e0abd000-7fb2e0bf0000 rw-p 00000000 00:00 0 
7fb2e0bf0000-7fb2e0bfb000 rw-p 00000000 00:00 0 
7fb2e0bfb000-7fb2e0c43000 rw-p 00000000 00:00 0 
7fb2e0c43000-7fb2e0c58000 rw-p 00000000 00:00 0 
7fb2e0c58000-7fb2e0d8b000 rw-p 00000000 00:00 0 
7fb2e0d8b000-7fb2e0d96000 rw-p 00000000 00:00 0 
7fb2e0d96000-7fb2e0e2f000 rw-p 00000000 00:00 0 
7fb2e0e2f000-7fb2e0e30000 rw-p 00000000 00:00 0 
7fb2e0e30000-7fb2e0e38000 r-xp 00000000 08:06 3429321                    /usr/lib/jvm/java-7-openjdk-amd64/jre/lib/amd64/libzip.so
7fb2e0e38000-7fb2e1037000 ---p 00008000 08:06 3429321                    /usr/lib/jvm/java-7-openjdk-amd64/jre/lib/amd64/libzip.so
7fb2e1037000-7fb2e1038000 r--p 00007000 08:06 3429321                    /usr/lib/jvm/java-7-openjdk-amd64/jre/lib/amd64/libzip.so
7fb2e1038000-7fb2e1039000 rw-p 00008000 08:06 3429321                    /usr/lib/jvm/java-7-openjdk-amd64/jre/lib/amd64/libzip.so
7fb2e1039000-7fb2e1045000 r-xp 00000000 08:06 2228291                    /lib/x86_64-linux-gnu/libnss_files-2.21.so
7fb2e1045000-7fb2e1244000 ---p 0000c000 08:06 2228291                    /lib/x86_64-linux-gnu/libnss_files-2.21.so
7fb2e1244000-7fb2e1245000 r--p 0000b000 08:06 2228291                    /lib/x86_64-linux-gnu/libnss_files-2.21.so
7fb2e1245000-7fb2e1246000 rw-p 0000c000 08:06 2228291                    /lib/x86_64-linux-gnu/libnss_files-2.21.so
7fb2e1246000-7fb2e1251000 r-xp 00000000 08:06 2228279                    /lib/x86_64-linux-gnu/libnss_nis-2.21.so
7fb2e1251000-7fb2e1450000 ---p 0000b000 08:06 2228279                    /lib/x86_64-linux-gnu/libnss_nis-2.21.so
7fb2e1450000-7fb2e1451000 r--p 0000a000 08:06 2228279                    /lib/x86_64-linux-gnu/libnss_nis-2.21.so
7fb2e1451000-7fb2e1452000 rw-p 0000b000 08:06 2228279                    /lib/x86_64-linux-gnu/libnss_nis-2.21.so
7fb2e1452000-7fb2e1469000 r-xp 00000000 08:06 2228297                    /lib/x86_64-linux-gnu/libnsl-2.21.so
7fb2e1469000-7fb2e1668000 ---p 00017000 08:06 2228297                    /lib/x86_64-linux-gnu/libnsl-2.21.so
7fb2e1668000-7fb2e1669000 r--p 00016000 08:06 2228297                    /lib/x86_64-linux-gnu/libnsl-2.21.so
7fb2e1669000-7fb2e166a000 rw-p 00017000 08:06 2228297                    /lib/x86_64-linux-gnu/libnsl-2.21.so
7fb2e166a000-7fb2e166c000 rw-p 00000000 00:00 0 
7fb2e166c000-7fb2e1674000 r-xp 00000000 08:06 2228293                    /lib/x86_64-linux-gnu/libnss_compat-2.21.so
7fb2e1674000-7fb2e1873000 ---p 00008000 08:06 2228293                    /lib/x86_64-linux-gnu/libnss_compat-2.21.so
7fb2e1873000-7fb2e1874000 r--p 00007000 08:06 2228293                    /lib/x86_64-linux-gnu/libnss_compat-2.21.so
7fb2e1874000-7fb2e1875000 rw-p 00008000 08:06 2228293                    /lib/x86_64-linux-gnu/libnss_compat-2.21.so
7fb2e1875000-7fb2e187f000 r-xp 00000000 08:06 3429350                    /usr/lib/jvm/java-7-openjdk-amd64/jre/lib/amd64/libinstrument.so
7fb2e187f000-7fb2e1a7e000 ---p 0000a000 08:06 3429350                    /usr/lib/jvm/java-7-openjdk-amd64/jre/lib/amd64/libinstrument.so
7fb2e1a7e000-7fb2e1a7f000 r--p 00009000 08:06 3429350                    /usr/lib/jvm/java-7-openjdk-amd64/jre/lib/amd64/libinstrument.so
7fb2e1a7f000-7fb2e1a80000 rw-p 0000a000 08:06 3429350                    /usr/lib/jvm/java-7-openjdk-amd64/jre/lib/amd64/libinstrument.so
7fb2e1a80000-7fb2e1aad000 r-xp 00000000 08:06 3429333                    /usr/lib/jvm/java-7-openjdk-amd64/jre/lib/amd64/libjava.so
7fb2e1aad000-7fb2e1cac000 ---p 0002d000 08:06 3429333                    /usr/lib/jvm/java-7-openjdk-amd64/jre/lib/amd64/libjava.so
7fb2e1cac000-7fb2e1cad000 r--p 0002c000 08:06 3429333                    /usr/lib/jvm/java-7-openjdk-amd64/jre/lib/amd64/libjava.so
7fb2e1cad000-7fb2e1caf000 rw-p 0002d000 08:06 3429333                    /usr/lib/jvm/java-7-openjdk-amd64/jre/lib/amd64/libjava.so
7fb2e1caf000-7fb2e1cbe000 r-xp 00000000 08:06 3429356                    /usr/lib/jvm/java-7-openjdk-amd64/jre/lib/amd64/libverify.so
7fb2e1cbe000-7fb2e1ebd000 ---p 0000f000 08:06 3429356                    /usr/lib/jvm/java-7-openjdk-amd64/jre/lib/amd64/libverify.so
7fb2e1ebd000-7fb2e1ec0000 r--p 0000e000 08:06 3429356                    /usr/lib/jvm/java-7-openjdk-amd64/jre/lib/amd64/libverify.so
7fb2e1ec0000-7fb2e1ec1000 rw-p 00011000 08:06 3429356                    /usr/lib/jvm/java-7-openjdk-amd64/jre/lib/amd64/libverify.so
7fb2e1ec1000-7fb2e1ec8000 r-xp 00000000 08:06 2228298                    /lib/x86_64-linux-gnu/librt-2.21.so
7fb2e1ec8000-7fb2e20c7000 ---p 00007000 08:06 2228298                    /lib/x86_64-linux-gnu/librt-2.21.so
7fb2e20c7000-7fb2e20c8000 r--p 00006000 08:06 2228298                    /lib/x86_64-linux-gnu/librt-2.21.so
7fb2e20c8000-7fb2e20c9000 rw-p 00007000 08:06 2228298                    /lib/x86_64-linux-gnu/librt-2.21.so
7fb2e20c9000-7fb2e20df000 r-xp 00000000 08:06 2235337                    /lib/x86_64-linux-gnu/libgcc_s.so.1
7fb2e20df000-7fb2e22de000 ---p 00016000 08:06 2235337                    /lib/x86_64-linux-gnu/libgcc_s.so.1
7fb2e22de000-7fb2e22df000 rw-p 00015000 08:06 2235337                    /lib/x86_64-linux-gnu/libgcc_s.so.1
7fb2e22df000-7fb2e23e6000 r-xp 00000000 08:06 2228296                    /lib/x86_64-linux-gnu/libm-2.21.so
7fb2e23e6000-7fb2e25e5000 ---p 00107000 08:06 2228296                    /lib/x86_64-linux-gnu/libm-2.21.so
7fb2e25e5000-7fb2e25e6000 r--p 00106000 08:06 2228296                    /lib/x86_64-linux-gnu/libm-2.21.so
7fb2e25e6000-7fb2e25e7000 rw-p 00107000 08:06 2228296                    /lib/x86_64-linux-gnu/libm-2.21.so
7fb2e25e7000-7fb2e26d7000 r-xp 00000000 08:06 3407907                    /usr/lib/x86_64-linux-gnu/libstdc++.so.6.0.20
7fb2e26d7000-7fb2e28d7000 ---p 000f0000 08:06 3407907                    /usr/lib/x86_64-linux-gnu/libstdc++.so.6.0.20
7fb2e28d7000-7fb2e28df000 r--p 000f0000 08:06 3407907                    /usr/lib/x86_64-linux-gnu/libstdc++.so.6.0.20
7fb2e28df000-7fb2e28e1000 rw-p 000f8000 08:06 3407907                    /usr/lib/x86_64-linux-gnu/libstdc++.so.6.0.20
7fb2e28e1000-7fb2e28f6000 rw-p 00000000 00:00 0 
7fb2e28f6000-7fb2e3456000 r-xp 00000000 08:06 3429342                    /usr/lib/jvm/java-7-openjdk-amd64/jre/lib/amd64/server/libjvm.so
7fb2e3456000-7fb2e3656000 ---p 00b60000 08:06 3429342                    /usr/lib/jvm/java-7-openjdk-amd64/jre/lib/amd64/server/libjvm.so
7fb2e3656000-7fb2e36f5000 r--p 00b60000 08:06 3429342                    /usr/lib/jvm/java-7-openjdk-amd64/jre/lib/amd64/server/libjvm.so
7fb2e36f5000-7fb2e3718000 rw-p 00bff000 08:06 3429342                    /usr/lib/jvm/java-7-openjdk-amd64/jre/lib/amd64/server/libjvm.so
7fb2e3718000-7fb2e3745000 rw-p 00000000 00:00 0 
7fb2e3745000-7fb2e375e000 r-xp 00000000 08:06 2228229                    /lib/x86_64-linux-gnu/libz.so.1.2.8
7fb2e375e000-7fb2e395e000 ---p 00019000 08:06 2228229                    /lib/x86_64-linux-gnu/libz.so.1.2.8
7fb2e395e000-7fb2e395f000 r--p 00019000 08:06 2228229                    /lib/x86_64-linux-gnu/libz.so.1.2.8
7fb2e395f000-7fb2e3960000 rw-p 0001a000 08:06 2228229                    /lib/x86_64-linux-gnu/libz.so.1.2.8
7fb2e3960000-7fb2e3978000 r-xp 00000000 08:06 2228288                    /lib/x86_64-linux-gnu/libpthread-2.21.so
7fb2e3978000-7fb2e3b78000 ---p 00018000 08:06 2228288                    /lib/x86_64-linux-gnu/libpthread-2.21.so
7fb2e3b78000-7fb2e3b79000 r--p 00018000 08:06 2228288                    /lib/x86_64-linux-gnu/libpthread-2.21.so
7fb2e3b79000-7fb2e3b7a000 rw-p 00019000 08:06 2228288                    /lib/x86_64-linux-gnu/libpthread-2.21.so
7fb2e3b7a000-7fb2e3b7e000 rw-p 00000000 00:00 0 
7fb2e3b7e000-7fb2e3b81000 r-xp 00000000 08:06 2228284                    /lib/x86_64-linux-gnu/libdl-2.21.so
7fb2e3b81000-7fb2e3d80000 ---p 00003000 08:06 2228284                    /lib/x86_64-linux-gnu/libdl-2.21.so
7fb2e3d80000-7fb2e3d81000 r--p 00002000 08:06 2228284                    /lib/x86_64-linux-gnu/libdl-2.21.so
7fb2e3d81000-7fb2e3d82000 rw-p 00003000 08:06 2228284                    /lib/x86_64-linux-gnu/libdl-2.21.so
7fb2e3d82000-7fb2e3f42000 r-xp 00000000 08:06 2228301                    /lib/x86_64-linux-gnu/libc-2.21.so
7fb2e3f42000-7fb2e4142000 ---p 001c0000 08:06 2228301                    /lib/x86_64-linux-gnu/libc-2.21.so
7fb2e4142000-7fb2e4146000 r--p 001c0000 08:06 2228301                    /lib/x86_64-linux-gnu/libc-2.21.so
7fb2e4146000-7fb2e4148000 rw-p 001c4000 08:06 2228301                    /lib/x86_64-linux-gnu/libc-2.21.so
7fb2e4148000-7fb2e414c000 rw-p 00000000 00:00 0 
7fb2e414c000-7fb2e4159000 r-xp 00000000 08:06 3429359                    /usr/lib/jvm/java-7-openjdk-amd64/jre/lib/amd64/jli/libjli.so
7fb2e4159000-7fb2e4358000 ---p 0000d000 08:06 3429359                    /usr/lib/jvm/java-7-openjdk-amd64/jre/lib/amd64/jli/libjli.so
7fb2e4358000-7fb2e4359000 r--p 0000c000 08:06 3429359                    /usr/lib/jvm/java-7-openjdk-amd64/jre/lib/amd64/jli/libjli.so
7fb2e4359000-7fb2e435a000 rw-p 0000d000 08:06 3429359                    /usr/lib/jvm/java-7-openjdk-amd64/jre/lib/amd64/jli/libjli.so
7fb2e435a000-7fb2e437e000 r-xp 00000000 08:06 2228287                    /lib/x86_64-linux-gnu/ld-2.21.so
7fb2e437f000-7fb2e4380000 rw-p 00000000 00:00 0 
7fb2e4380000-7fb2e4381000 r--s 00000000 08:06 3809923                    /usr/share/java/jayatanaag.jar
7fb2e4381000-7fb2e43a2000 rw-p 00000000 00:00 0 
7fb2e43a2000-7fb2e4458000 rw-p 00000000 00:00 0 
7fb2e4458000-7fb2e445b000 ---p 00000000 00:00 0 
7fb2e445b000-7fb2e455e000 rw-p 00000000 00:00 0                          [stack:10370]
7fb2e455e000-7fb2e455f000 r--s 00007000 08:06 2133272                    /home/thomas/Bureau/lib/REngine.jar
7fb2e455f000-7fb2e4560000 r--s 00002000 08:06 2133271                    /home/thomas/Bureau/lib/JRIEngine.jar
7fb2e4560000-7fb2e4561000 r--s 00013000 08:06 2133265                    /home/thomas/Bureau/lib/JRI.jar
7fb2e4561000-7fb2e4565000 r--s 00085000 08:06 3429298                    /usr/lib/jvm/java-7-openjdk-amd64/jre/lib/ext/localedata.jar
7fb2e4565000-7fb2e4566000 r--s 00002000 08:06 3429304                    /usr/lib/jvm/java-7-openjdk-amd64/jre/lib/ext/dnsns.jar
7fb2e4566000-7fb2e4569000 r--s 0000f000 08:06 3429300                    /usr/lib/jvm/java-7-openjdk-amd64/jre/lib/ext/icedtea-sound.jar
7fb2e4569000-7fb2e456b000 r--s 00012000 08:06 3429293                    /usr/lib/jvm/java-7-openjdk-amd64/jre/lib/ext/zipfs.jar
7fb2e456b000-7fb2e456f000 r--s 00034000 08:06 3429301                    /usr/lib/jvm/java-7-openjdk-amd64/jre/lib/ext/sunjce_provider.jar
7fb2e456f000-7fb2e4571000 r--s 00006000 08:06 3803060                    /usr/share/java/java-atk-wrapper.jar
7fb2e4571000-7fb2e4579000 rw-s 00000000 08:06 3557626                    /tmp/hsperfdata_thomas/10367
7fb2e4579000-7fb2e457a000 rw-p 00000000 00:00 0 
7fb2e457a000-7fb2e457b000 r--p 00000000 00:00 0 
7fb2e457b000-7fb2e457d000 rw-p 00000000 00:00 0 
7fb2e457d000-7fb2e457e000 r--p 00023000 08:06 2228287                    /lib/x86_64-linux-gnu/ld-2.21.so
7fb2e457e000-7fb2e457f000 rw-p 00024000 08:06 2228287                    /lib/x86_64-linux-gnu/ld-2.21.so
7fb2e457f000-7fb2e4580000 rw-p 00000000 00:00 0 
7fff7dac9000-7fff7daea000 rw-p 00000000 00:00 0                          [stack]
7fff7db6d000-7fff7db6f000 r--p 00000000 00:00 0                          [vvar]
7fff7db6f000-7fff7db71000 r-xp 00000000 00:00 0                          [vdso]
ffffffffff600000-ffffffffff601000 r-xp 00000000 00:00 0                  [vsyscall]

VM Arguments:
jvm_args: -javaagent:/usr/share/java/jayatanaag.jar -Dfile.encoding=UTF-8 -Djava.library.path=/home/thomas/R/x86_64-pc-linux-gnu-library/3.1/rJava/jri 
java_command: Interface.Interface
Launcher Type: SUN_STANDARD

Environment Variables:
JAVA_TOOL_OPTIONS=-javaagent:/usr/share/java/jayatanaag.jar 
PATH=/usr/local/sbin:/usr/local/bin:/usr/sbin:/usr/bin:/sbin:/bin:/usr/games:/usr/local/games
LD_LIBRARY_PATH=/usr/lib/jvm/default-java/jre/lib/amd64:/usr/lib/jvm/default-java/jre/lib/i386:
SHELL=/bin/bash
DISPLAY=:0.0

Signal Handlers:
SIGSEGV: [libjvm.so+0x992590], sa_mask[0]=0x7ffbfeff, sa_flags=0x10000004
SIGBUS: [libjvm.so+0x992590], sa_mask[0]=0x7ffbfeff, sa_flags=0x10000004
SIGFPE: [libjvm.so+0x7fec60], sa_mask[0]=0x7ffbfeff, sa_flags=0x10000004
SIGPIPE: [libjvm.so+0x7fec60], sa_mask[0]=0x7ffbfeff, sa_flags=0x10000004
SIGXFSZ: [libjvm.so+0x7fec60], sa_mask[0]=0x7ffbfeff, sa_flags=0x10000004
SIGILL: [libjvm.so+0x7fec60], sa_mask[0]=0x7ffbfeff, sa_flags=0x10000004
SIGUSR1: SIG_DFL, sa_mask[0]=0x00000000, sa_flags=0x00000000
SIGUSR2: [libjvm.so+0x7feae0], sa_mask[0]=0x00000004, sa_flags=0x10000004
SIGHUP: [libjvm.so+0x7fece0], sa_mask[0]=0x7ffbfeff, sa_flags=0x10000004
SIGINT: SIG_IGN, sa_mask[0]=0x00000000, sa_flags=0x00000000
SIGTERM: [libjvm.so+0x7fece0], sa_mask[0]=0x7ffbfeff, sa_flags=0x10000004
SIGQUIT: [libjvm.so+0x7fece0], sa_mask[0]=0x7ffbfeff, sa_flags=0x10000004
SIGTRAP: SIG_DFL, sa_mask[0]=0x00000000, sa_flags=0x00000000


---------------  S Y S T E M  ---------------

OS:Ubuntu 15.04 (vivid)
uname:Linux 3.19.0-16-generic #16-Ubuntu SMP Thu Apr 30 16:09:58 UTC 2015 x86_64
libc:glibc 2.21 NPTL 2.21 
rlimit: STACK 8192k, CORE 0k, NPROC 15645, NOFILE 65536, AS infinity
load average:0,81 0,37 0,33

/proc/meminfo:
MemTotal:        4027580 kB
MemFree:          545048 kB
MemAvailable:    2301916 kB
Buffers:          249684 kB
Cached:          1630156 kB
SwapCached:            0 kB
Active:          2276748 kB
Inactive:         842128 kB
Active(anon):    1240188 kB
Inactive(anon):    41588 kB
Active(file):    1036560 kB
Inactive(file):   800540 kB
Unevictable:          32 kB
Mlocked:              32 kB
SwapTotal:       3998716 kB
SwapFree:        3998716 kB
Dirty:                84 kB
Writeback:             0 kB
AnonPages:       1239072 kB
Mapped:           264068 kB
Shmem:             42736 kB
Slab:             207224 kB
SReclaimable:     173160 kB
SUnreclaim:        34064 kB
KernelStack:        7184 kB
PageTables:        26860 kB
NFS_Unstable:          0 kB
Bounce:                0 kB
WritebackTmp:          0 kB
CommitLimit:     6012504 kB
Committed_AS:    3987500 kB
VmallocTotal:   34359738367 kB
VmallocUsed:      108920 kB
VmallocChunk:   34359620112 kB
HardwareCorrupted:     0 kB
AnonHugePages:    768000 kB
CmaTotal:              0 kB
CmaFree:               0 kB
HugePages_Total:       0
HugePages_Free:        0
HugePages_Rsvd:        0
HugePages_Surp:        0
Hugepagesize:       2048 kB
DirectMap4k:      348536 kB
DirectMap2M:     3827712 kB


CPU:total 4 (2 cores per cpu, 2 threads per core) family 6 model 42 stepping 7, cmov, cx8, fxsr, mmx, sse, sse2, sse3, ssse3, sse4.1, sse4.2, popcnt, avx, aes, ht, tsc, tscinvbit

/proc/cpuinfo:
processor	: 0
vendor_id	: GenuineIntel
cpu family	: 6
model		: 42
model name	: Intel(R) Core(TM) i5-2430M CPU @ 2.40GHz
stepping	: 7
microcode	: 0x14
cpu MHz		: 2799.937
cache size	: 3072 KB
physical id	: 0
siblings	: 4
core id		: 0
cpu cores	: 2
apicid		: 0
initial apicid	: 0
fpu		: yes
fpu_exception	: yes
cpuid level	: 13
wp		: yes
flags		: fpu vme de pse tsc msr pae mce cx8 apic sep mtrr pge mca cmov pat pse36 clflush dts acpi mmx fxsr sse sse2 ss ht tm pbe syscall nx rdtscp lm constant_tsc arch_perfmon pebs bts rep_good nopl xtopology nonstop_tsc aperfmperf eagerfpu pni pclmulqdq dtes64 monitor ds_cpl vmx est tm2 ssse3 cx16 xtpr pdcm pcid sse4_1 sse4_2 x2apic popcnt tsc_deadline_timer aes xsave avx lahf_lm ida arat epb pln pts dtherm tpr_shadow vnmi flexpriority ept vpid xsaveopt
bugs		:
bogomips	: 4789.52
clflush size	: 64
cache_alignment	: 64
address sizes	: 36 bits physical, 48 bits virtual
power management:

processor	: 1
vendor_id	: GenuineIntel
cpu family	: 6
model		: 42
model name	: Intel(R) Core(TM) i5-2430M CPU @ 2.40GHz
stepping	: 7
microcode	: 0x14
cpu MHz		: 2799.937
cache size	: 3072 KB
physical id	: 0
siblings	: 4
core id		: 1
cpu cores	: 2
apicid		: 2
initial apicid	: 2
fpu		: yes
fpu_exception	: yes
cpuid level	: 13
wp		: yes
flags		: fpu vme de pse tsc msr pae mce cx8 apic sep mtrr pge mca cmov pat pse36 clflush dts acpi mmx fxsr sse sse2 ss ht tm pbe syscall nx rdtscp lm constant_tsc arch_perfmon pebs bts rep_good nopl xtopology nonstop_tsc aperfmperf eagerfpu pni pclmulqdq dtes64 monitor ds_cpl vmx est tm2 ssse3 cx16 xtpr pdcm pcid sse4_1 sse4_2 x2apic popcnt tsc_deadline_timer aes xsave avx lahf_lm ida arat epb pln pts dtherm tpr_shadow vnmi flexpriority ept vpid xsaveopt
bugs		:
bogomips	: 4789.52
clflush size	: 64
cache_alignment	: 64
address sizes	: 36 bits physical, 48 bits virtual
power management:

processor	: 2
vendor_id	: GenuineIntel
cpu family	: 6
model		: 42
model name	: Intel(R) Core(TM) i5-2430M CPU @ 2.40GHz
stepping	: 7
microcode	: 0x14
cpu MHz		: 2799.937
cache size	: 3072 KB
physical id	: 0
siblings	: 4
core id		: 0
cpu cores	: 2
apicid		: 1
initial apicid	: 1
fpu		: yes
fpu_exception	: yes
cpuid level	: 13
wp		: yes
flags		: fpu vme de pse tsc msr pae mce cx8 apic sep mtrr pge mca cmov pat pse36 clflush dts acpi mmx fxsr sse sse2 ss ht tm pbe syscall nx rdtscp lm constant_tsc arch_perfmon pebs bts rep_good nopl xtopology nonstop_tsc aperfmperf eagerfpu pni pclmulqdq dtes64 monitor ds_cpl vmx est tm2 ssse3 cx16 xtpr pdcm pcid sse4_1 sse4_2 x2apic popcnt tsc_deadline_timer aes xsave avx lahf_lm ida arat epb pln pts dtherm tpr_shadow vnmi flexpriority ept vpid xsaveopt
bugs		:
bogomips	: 4789.52
clflush size	: 64
cache_alignment	: 64
address sizes	: 36 bits physical, 48 bits virtual
power management:

processor	: 3
vendor_id	: GenuineIntel
cpu family	: 6
model		: 42
model name	: Intel(R) Core(TM) i5-2430M CPU @ 2.40GHz
stepping	: 7
microcode	: 0x14
cpu MHz		: 2799.937
cache size	: 3072 KB
physical id	: 0
siblings	: 4
core id		: 1
cpu cores	: 2
apicid		: 3
initial apicid	: 3
fpu		: yes
fpu_exception	: yes
cpuid level	: 13
wp		: yes
flags		: fpu vme de pse tsc msr pae mce cx8 apic sep mtrr pge mca cmov pat pse36 clflush dts acpi mmx fxsr sse sse2 ss ht tm pbe syscall nx rdtscp lm constant_tsc arch_perfmon pebs bts rep_good nopl xtopology nonstop_tsc aperfmperf eagerfpu pni pclmulqdq dtes64 monitor ds_cpl vmx est tm2 ssse3 cx16 xtpr pdcm pcid sse4_1 sse4_2 x2apic popcnt tsc_deadline_timer aes xsave avx lahf_lm ida arat epb pln pts dtherm tpr_shadow vnmi flexpriority ept vpid xsaveopt
bugs		:
bogomips	: 4789.52
clflush size	: 64
cache_alignment	: 64
address sizes	: 36 bits physical, 48 bits virtual
power management:



Memory: 4k page, physical 4027580k(545048k free), swap 3998716k(3998716k free)

vm_info: OpenJDK 64-Bit Server VM (24.91-b01) for linux-amd64 JRE (1.7.0_91-b02), built on Nov 19 2015 06:08:55 by "buildd" with gcc 4.9.2

time: Thu Jun  2 14:11:42 2016
elapsed time: 0 seconds

