#
# A fatal error has been detected by the Java Runtime Environment:
#
#  SIGSEGV (0xb) at pc=0x00007f287d38bcd1, pid=10552, tid=139812148619008
#
# JRE version: OpenJDK Runtime Environment (7.0_91-b02) (build 1.7.0_91-b02)
# Java VM: OpenJDK 64-Bit Server VM (24.91-b01 mixed mode linux-amd64 compressed oops)
# Derivative: IcedTea 2.6.3
# Distribution: Ubuntu 15.04, package 7u91-2.6.3-0ubuntu0.15.04.1
# Problematic frame:
# C  [libR.so+0xfacd1]
#
# Failed to write core dump. Core dumps have been disabled. To enable core dumping, try "ulimit -c unlimited" before starting Java again
#
# If you would like to submit a bug report, please include
# instructions on how to reproduce the bug and visit:
#   http://icedtea.classpath.org/bugzilla
# The crash happened outside the Java Virtual Machine in native code.
# See problematic frame for where to report the bug.
#

---------------  T H R E A D  ---------------

Current thread (0x00007f288400b000):  JavaThread "main" [_thread_in_native, id=10557, stack(0x00007f288d642000,0x00007f288d743000)]

siginfo:si_signo=SIGSEGV: si_errno=0, si_code=1 (SEGV_MAPERR), si_addr=0x0000000000000018

Registers:
RAX=0x0000000000000160, RBX=0x0000000000000028, RCX=0x00007f28841fc178, RDX=0x00007f287d6d5cc0
RSP=0x00007f288d741730, RBP=0x0000000000000030, RSI=0x0000000000000000, RDI=0x0000000000000003
R8 =0x0000000000000000, R9 =0x00007f287d6d5f70, R10=0x00007f287d6d5e30, R11=0x00007f2884000078
R12=0x0000000000000001, R13=0x00007f28841fc170, R14=0x0000000000000001, R15=0x00007f287d6d5e30
RIP=0x00007f287d38bcd1, EFLAGS=0x0000000000010206, CSGSFS=0x0000000000000033, ERR=0x0000000000000004
  TRAPNO=0x000000000000000e

Top of Stack: (sp=0x00007f288d741730)
0x00007f288d741730:   00007f288400b000 0000000000000000
0x00007f288d741740:   0000000000000001 0000000000000010
0x00007f288d741750:   0000000000000001 00007f287d38d2c1
0x00007f288d741760:   0000000000000001 00007f287d6d5cc0
0x00007f288d741770:   00007f28841fc150 0000000000000000
0x00007f288d741780:   00007f288c910258 00007f288400b1d8
0x00007f288d741790:   0000000000000001 00007f28841fc150
0x00007f288d7417a0:   00007f288d7418b0 00007f288d7418b8
0x00007f288d7417b0:   00007f288400b000 00007f287d7b768b
0x00007f288d7417c0:   00007f288400b1d8 00000000b84e0e50
0x00007f288d7417d0:   0000000000000001 0000000000000000
0x00007f288d7417e0:   00000000b84e0e50 00007f287d7b6410
0x00007f288d7417f0:   00000000b84e0e50 6ee2145f1afede00
0x00007f288d741800:   00007f288d741888 00000000b84e0e50
0x00007f288d741810:   00007f288d741888 00007f288101378f
0x00007f288d741820:   00007f288400bb68 00007f288400bb78
0x00007f288d741830:   00007f288400bb80 0000000000000000
0x00007f288d741840:   00000000eb9233a8 00007f288d741838
0x00007f288d741850:   00000000b84e0e50 00007f288d7418b8
0x00007f288d741860:   00000000b84e63c0 0000000000000000
0x00007f288d741870:   00000000b84e0e50 0000000000000000
0x00007f288d741880:   00007f288d7418a8 00007f288d741910
0x00007f288d741890:   00007f2881006175 0000000000000000
0x00007f288d7418a0:   00007f288100ecd7 0000000000000001
0x00007f288d7418b0:   00000000eb928610 00000000eb9233a8
0x00007f288d7418c0:   0000000000000000 00000000eb9233a8
0x00007f288d7418d0:   00007f288d7418c0 00000000b84e406d
0x00007f288d7418e0:   00007f288d741970 00000000b84e63c0
0x00007f288d7418f0:   0000000000000000 00000000b84e4150
0x00007f288d741900:   00007f288d7418a8 00007f288d741960
0x00007f288d741910:   00007f288d7419c8 00007f2881006233
0x00007f288d741920:   0000000000000000 0000000000000000 

Instructions: (pc=0x00007f287d38bcd1)
0x00007f287d38bcb1:   8d 54 02 10 49 8b 49 08 41 83 41 04 01 85 db 4d
0x00007f287d38bcc1:   89 69 08 49 8b 32 49 89 4d 00 49 8d 4d 08 74 4e
0x00007f287d38bcd1:   48 8b 56 18 44 89 e7 45 31 c0 8b 05 3f ab 34 00
0x00007f287d38bce1:   c1 e7 05 0f 1f 40 00 48 89 71 10 41 83 01 01 41 

Register to memory mapping:

RAX=0x0000000000000160 is an unknown value
RBX=0x0000000000000028 is an unknown value
RCX=0x00007f28841fc178 is an unknown value
RDX=0x00007f287d6d5cc0: <offset 0x444cc0> in /usr/lib/libR.so at 0x00007f287d291000
RSP=0x00007f288d741730 is pointing into the stack for thread: 0x00007f288400b000
RBP=0x0000000000000030 is an unknown value
RSI=0x0000000000000000 is an unknown value
RDI=0x0000000000000003 is an unknown value
R8 =0x0000000000000000 is an unknown value
R9 =0x00007f287d6d5f70: <offset 0x444f70> in /usr/lib/libR.so at 0x00007f287d291000
R10=0x00007f287d6d5e30: <offset 0x444e30> in /usr/lib/libR.so at 0x00007f287d291000
R11=0x00007f2884000078 is an unknown value
R12=0x0000000000000001 is an unknown value
R13=0x00007f28841fc170 is an unknown value
R14=0x0000000000000001 is an unknown value
R15=0x00007f287d6d5e30: <offset 0x444e30> in /usr/lib/libR.so at 0x00007f287d291000


Stack: [0x00007f288d642000,0x00007f288d743000],  sp=0x00007f288d741730,  free space=1021k
Native frames: (J=compiled Java code, j=interpreted, Vv=VM code, C=native code)
C  [libR.so+0xfacd1]

[error occurred during error reporting (printing native stack), id 0xb]

Java frames: (J=compiled Java code, j=interpreted, Vv=VM code)
j  org.rosuda.JRI.Rengine.rniParse(Ljava/lang/String;I)J+0
j  org.rosuda.JRI.Rengine.eval(Ljava/lang/String;Z)Lorg/rosuda/JRI/REXP;+53
j  org.rosuda.JRI.Rengine.eval(Ljava/lang/String;)Lorg/rosuda/JRI/REXP;+3
j  Interface.Interface.main([Ljava/lang/String;)V+25
v  ~StubRoutines::call_stub

---------------  P R O C E S S  ---------------

Java Threads: ( => current thread )
  0x00007f28841f7000 JavaThread "Thread-0" [_thread_blocked, id=10570, stack(0x00007f287c1eb000,0x00007f287c2ec000)]
  0x00007f28841e3800 JavaThread "Service Thread" daemon [_thread_blocked, id=10568, stack(0x00007f287dabd000,0x00007f287dbbe000)]
  0x00007f28841da800 JavaThread "C2 CompilerThread1" daemon [_thread_blocked, id=10567, stack(0x00007f287dbbe000,0x00007f287dcbf000)]
  0x00007f28841d8800 JavaThread "C2 CompilerThread0" daemon [_thread_blocked, id=10566, stack(0x00007f287dcbf000,0x00007f287ddc0000)]
  0x00007f288416f800 JavaThread "Signal Dispatcher" daemon [_thread_blocked, id=10565, stack(0x00007f288801d000,0x00007f288811e000)]
  0x00007f2884144800 JavaThread "Finalizer" daemon [_thread_blocked, id=10564, stack(0x00007f288811e000,0x00007f288821f000)]
  0x00007f2884142800 JavaThread "Reference Handler" daemon [_thread_blocked, id=10563, stack(0x00007f288821f000,0x00007f2888320000)]
=>0x00007f288400b000 JavaThread "main" [_thread_in_native, id=10557, stack(0x00007f288d642000,0x00007f288d743000)]

Other Threads:
  0x00007f288413e000 VMThread [stack: 0x00007f2888320000,0x00007f2888421000] [id=10562]
  0x00007f28841ee000 WatcherThread [stack: 0x00007f287d9bc000,0x00007f287dabd000] [id=10569]

VM state:not at safepoint (normal execution)

VM Mutex/Monitor currently owned by a thread: None

Heap
 PSYoungGen      total 18432K, used 1614K [0x00000000eb800000, 0x00000000ecc80000, 0x0000000100000000)
  eden space 15872K, 10% used [0x00000000eb800000,0x00000000eb9938f8,0x00000000ec780000)
  from space 2560K, 0% used [0x00000000eca00000,0x00000000eca00000,0x00000000ecc80000)
  to   space 2560K, 0% used [0x00000000ec780000,0x00000000ec780000,0x00000000eca00000)
 ParOldGen       total 41984K, used 0K [0x00000000c2800000, 0x00000000c5100000, 0x00000000eb800000)
  object space 41984K, 0% used [0x00000000c2800000,0x00000000c2800000,0x00000000c5100000)
 PSPermGen       total 21504K, used 3017K [0x00000000b8200000, 0x00000000b9700000, 0x00000000c2800000)
  object space 21504K, 14% used [0x00000000b8200000,0x00000000b84f27c0,0x00000000b9700000)

Card table byte_map: [0x00007f2889dda000,0x00007f288a01a000] byte_map_base: 0x00007f2889819000

Polling page: 0x00007f288d764000

Code Cache  [0x00007f2881000000, 0x00007f2881270000, 0x00007f2884000000)
 total_blobs=172 nmethods=0 adapters=141 free_code_cache=48771Kb largest_free_block=49941504

Compilation events (0 events):
No events

GC Heap History (0 events):
No events

Deoptimization events (0 events):
No events

Internal exceptions (8 events):
Event: 0,070 Thread 0x00007f288400b000 Threw 0x00000000eb80f140 at /build/openjdk-7-1hyu6m/openjdk-7-7u91-2.6.3/build/openjdk/hotspot/src/share/vm/prims/jni.cpp:4027
Event: 0,118 Thread 0x00007f288400b000 Threw 0x00000000eb8bf500 at /build/openjdk-7-1hyu6m/openjdk-7-7u91-2.6.3/build/openjdk/hotspot/src/share/vm/prims/jni.cpp:721
Event: 0,118 Thread 0x00007f288400b000 Threw 0x00000000eb8bfbd0 at /build/openjdk-7-1hyu6m/openjdk-7-7u91-2.6.3/build/openjdk/hotspot/src/share/vm/prims/jvm.cpp:1322
Event: 0,118 Thread 0x00007f288400b000 Threw 0x00000000eb8bfcf8 at /build/openjdk-7-1hyu6m/openjdk-7-7u91-2.6.3/build/openjdk/hotspot/src/share/vm/prims/jvm.cpp:1322
Event: 0,119 Thread 0x00007f288400b000 Threw 0x00000000eb8c2888 at /build/openjdk-7-1hyu6m/openjdk-7-7u91-2.6.3/build/openjdk/hotspot/src/share/vm/prims/jvm.cpp:1322
Event: 0,140 Thread 0x00007f288400b000 Threw 0x00000000eb90d950 at /build/openjdk-7-1hyu6m/openjdk-7-7u91-2.6.3/build/openjdk/hotspot/src/share/vm/prims/jvm.cpp:1322
Event: 0,141 Thread 0x00007f288400b000 Threw 0x00000000eb9127d0 at /build/openjdk-7-1hyu6m/openjdk-7-7u91-2.6.3/build/openjdk/hotspot/src/share/vm/prims/jvm.cpp:1322
Event: 0,145 Thread 0x00007f288400b000 Threw 0x00000000eb924018 at /build/openjdk-7-1hyu6m/openjdk-7-7u91-2.6.3/build/openjdk/hotspot/src/share/vm/prims/jvm.cpp:1322

Events (10 events):
Event: 0,146 loading class 0x00007f288406e000
Event: 0,146 loading class 0x00007f288406e000 done
Event: 0,146 loading class 0x00007f28895e35e0
Event: 0,146 loading class 0x00007f28895e35e0 done
Event: 0,146 loading class 0x00007f288406e400
Event: 0,146 loading class 0x00007f288406e460
Event: 0,147 loading class 0x00007f288406e460 done
Event: 0,147 loading class 0x00007f288406e400 done
Event: 0,147 loading class 0x00007f288406e430
Event: 0,147 loading class 0x00007f288406e430 done


Dynamic libraries:
00400000-00401000 r-xp 00000000 08:06 3410925                            /usr/lib/jvm/java-7-openjdk-amd64/jre/bin/java
00600000-00601000 r--p 00000000 08:06 3410925                            /usr/lib/jvm/java-7-openjdk-amd64/jre/bin/java
00601000-00602000 rw-p 00001000 08:06 3410925                            /usr/lib/jvm/java-7-openjdk-amd64/jre/bin/java
0093d000-0095e000 rw-p 00000000 00:00 0                                  [heap]
b8200000-b9700000 rw-p 00000000 00:00 0 
b9700000-c2800000 rw-p 00000000 00:00 0 
c2800000-c5100000 rw-p 00000000 00:00 0 
c5100000-eb800000 rw-p 00000000 00:00 0 
eb800000-ecc80000 rw-p 00000000 00:00 0 
ecc80000-100000000 rw-p 00000000 00:00 0 
7f2848000000-7f2848021000 rw-p 00000000 00:00 0 
7f2848021000-7f284c000000 ---p 00000000 00:00 0 
7f284c000000-7f284c021000 rw-p 00000000 00:00 0 
7f284c021000-7f2850000000 ---p 00000000 00:00 0 
7f2850000000-7f2850021000 rw-p 00000000 00:00 0 
7f2850021000-7f2854000000 ---p 00000000 00:00 0 
7f2854000000-7f2854021000 rw-p 00000000 00:00 0 
7f2854021000-7f2858000000 ---p 00000000 00:00 0 
7f2858000000-7f2858021000 rw-p 00000000 00:00 0 
7f2858021000-7f285c000000 ---p 00000000 00:00 0 
7f285c000000-7f285c021000 rw-p 00000000 00:00 0 
7f285c021000-7f2860000000 ---p 00000000 00:00 0 
7f2860000000-7f2860021000 rw-p 00000000 00:00 0 
7f2860021000-7f2864000000 ---p 00000000 00:00 0 
7f2864000000-7f2864021000 rw-p 00000000 00:00 0 
7f2864021000-7f2868000000 ---p 00000000 00:00 0 
7f2868000000-7f2868021000 rw-p 00000000 00:00 0 
7f2868021000-7f286c000000 ---p 00000000 00:00 0 
7f286c000000-7f286c021000 rw-p 00000000 00:00 0 
7f286c021000-7f2870000000 ---p 00000000 00:00 0 
7f2870000000-7f2870021000 rw-p 00000000 00:00 0 
7f2870021000-7f2874000000 ---p 00000000 00:00 0 
7f2874000000-7f2874021000 rw-p 00000000 00:00 0 
7f2874021000-7f2878000000 ---p 00000000 00:00 0 
7f2878000000-7f2878021000 rw-p 00000000 00:00 0 
7f2878021000-7f287c000000 ---p 00000000 00:00 0 
7f287c1eb000-7f287c1ee000 ---p 00000000 00:00 0 
7f287c1ee000-7f287c2ec000 rw-p 00000000 00:00 0                          [stack:10570]
7f287c2ec000-7f287c311000 r-xp 00000000 08:06 2232368                    /lib/x86_64-linux-gnu/libtinfo.so.5.9
7f287c311000-7f287c510000 ---p 00025000 08:06 2232368                    /lib/x86_64-linux-gnu/libtinfo.so.5.9
7f287c510000-7f287c514000 r--p 00024000 08:06 2232368                    /lib/x86_64-linux-gnu/libtinfo.so.5.9
7f287c514000-7f287c515000 rw-p 00028000 08:06 2232368                    /lib/x86_64-linux-gnu/libtinfo.so.5.9
7f287c515000-7f287c52b000 r-xp 00000000 08:06 3410384                    /usr/lib/x86_64-linux-gnu/libgomp.so.1.0.0
7f287c52b000-7f287c72a000 ---p 00016000 08:06 3410384                    /usr/lib/x86_64-linux-gnu/libgomp.so.1.0.0
7f287c72a000-7f287c72b000 r--p 00015000 08:06 3410384                    /usr/lib/x86_64-linux-gnu/libgomp.so.1.0.0
7f287c72b000-7f287c72c000 rw-p 00016000 08:06 3410384                    /usr/lib/x86_64-linux-gnu/libgomp.so.1.0.0
7f287c72c000-7f287c73b000 r-xp 00000000 08:06 2232395                    /lib/x86_64-linux-gnu/libbz2.so.1.0.4
7f287c73b000-7f287c93a000 ---p 0000f000 08:06 2232395                    /lib/x86_64-linux-gnu/libbz2.so.1.0.4
7f287c93a000-7f287c93b000 r--p 0000e000 08:06 2232395                    /lib/x86_64-linux-gnu/libbz2.so.1.0.4
7f287c93b000-7f287c93c000 rw-p 0000f000 08:06 2232395                    /lib/x86_64-linux-gnu/libbz2.so.1.0.4
7f287c93c000-7f287c95d000 r-xp 00000000 08:06 2232463                    /lib/x86_64-linux-gnu/liblzma.so.5.0.0
7f287c95d000-7f287cb5c000 ---p 00021000 08:06 2232463                    /lib/x86_64-linux-gnu/liblzma.so.5.0.0
7f287cb5c000-7f287cb5d000 r--p 00020000 08:06 2232463                    /lib/x86_64-linux-gnu/liblzma.so.5.0.0
7f287cb5d000-7f287cb5e000 rw-p 00021000 08:06 2232463                    /lib/x86_64-linux-gnu/liblzma.so.5.0.0
7f287cb5e000-7f287cbca000 r-xp 00000000 08:06 2239920                    /lib/x86_64-linux-gnu/libpcre.so.3.13.1
7f287cbca000-7f287cdc9000 ---p 0006c000 08:06 2239920                    /lib/x86_64-linux-gnu/libpcre.so.3.13.1
7f287cdc9000-7f287cdca000 r--p 0006b000 08:06 2239920                    /lib/x86_64-linux-gnu/libpcre.so.3.13.1
7f287cdca000-7f287cdcb000 rw-p 0006c000 08:06 2239920                    /lib/x86_64-linux-gnu/libpcre.so.3.13.1
7f287cdcb000-7f287ce08000 r-xp 00000000 08:06 2232545                    /lib/x86_64-linux-gnu/libreadline.so.6.3
7f287ce08000-7f287d008000 ---p 0003d000 08:06 2232545                    /lib/x86_64-linux-gnu/libreadline.so.6.3
7f287d008000-7f287d00a000 r--p 0003d000 08:06 2232545                    /lib/x86_64-linux-gnu/libreadline.so.6.3
7f287d00a000-7f287d010000 rw-p 0003f000 08:06 2232545                    /lib/x86_64-linux-gnu/libreadline.so.6.3
7f287d010000-7f287d011000 rw-p 00000000 00:00 0 
7f287d011000-7f287d090000 r-xp 00000000 08:06 3408050                    /usr/lib/libblas/libblas.so.3.0
7f287d090000-7f287d28f000 ---p 0007f000 08:06 3408050                    /usr/lib/libblas/libblas.so.3.0
7f287d28f000-7f287d290000 r--p 0007e000 08:06 3408050                    /usr/lib/libblas/libblas.so.3.0
7f287d290000-7f287d291000 rw-p 0007f000 08:06 3408050                    /usr/lib/libblas/libblas.so.3.0
7f287d291000-7f287d4b8000 r-xp 00000000 08:06 3556772                    /usr/lib/R/lib/libR.so
7f287d4b8000-7f287d6b7000 ---p 00227000 08:06 3556772                    /usr/lib/R/lib/libR.so
7f287d6b7000-7f287d6bc000 r--p 00226000 08:06 3556772                    /usr/lib/R/lib/libR.so
7f287d6bc000-7f287d6c6000 rw-p 0022b000 08:06 3556772                    /usr/lib/R/lib/libR.so
7f287d6c6000-7f287d7b2000 rw-p 00000000 00:00 0 
7f287d7b2000-7f287d7bb000 r-xp 00000000 08:06 2902138                    /home/thomas/R/x86_64-pc-linux-gnu-library/3.1/rJava/jri/libjri.so
7f287d7bb000-7f287d9ba000 ---p 00009000 08:06 2902138                    /home/thomas/R/x86_64-pc-linux-gnu-library/3.1/rJava/jri/libjri.so
7f287d9ba000-7f287d9bb000 r--p 00008000 08:06 2902138                    /home/thomas/R/x86_64-pc-linux-gnu-library/3.1/rJava/jri/libjri.so
7f287d9bb000-7f287d9bc000 rw-p 00009000 08:06 2902138                    /home/thomas/R/x86_64-pc-linux-gnu-library/3.1/rJava/jri/libjri.so
7f287d9bc000-7f287d9bd000 ---p 00000000 00:00 0 
7f287d9bd000-7f287dabd000 rw-p 00000000 00:00 0                          [stack:10569]
7f287dabd000-7f287dac0000 ---p 00000000 00:00 0 
7f287dac0000-7f287dbbe000 rw-p 00000000 00:00 0                          [stack:10568]
7f287dbbe000-7f287dbc1000 ---p 00000000 00:00 0 
7f287dbc1000-7f287dcbf000 rw-p 00000000 00:00 0                          [stack:10567]
7f287dcbf000-7f287dcc2000 ---p 00000000 00:00 0 
7f287dcc2000-7f287ddc0000 rw-p 00000000 00:00 0                          [stack:10566]
7f287ddc0000-7f287ddc5000 r-xp 00000000 08:06 3416478                    /usr/lib/x86_64-linux-gnu/libXdmcp.so.6.0.0
7f287ddc5000-7f287dfc4000 ---p 00005000 08:06 3416478                    /usr/lib/x86_64-linux-gnu/libXdmcp.so.6.0.0
7f287dfc4000-7f287dfc5000 r--p 00004000 08:06 3416478                    /usr/lib/x86_64-linux-gnu/libXdmcp.so.6.0.0
7f287dfc5000-7f287dfc6000 rw-p 00005000 08:06 3416478                    /usr/lib/x86_64-linux-gnu/libXdmcp.so.6.0.0
7f287dfc6000-7f287dfc8000 r-xp 00000000 08:06 3416467                    /usr/lib/x86_64-linux-gnu/libXau.so.6.0.0
7f287dfc8000-7f287e1c8000 ---p 00002000 08:06 3416467                    /usr/lib/x86_64-linux-gnu/libXau.so.6.0.0
7f287e1c8000-7f287e1c9000 r--p 00002000 08:06 3416467                    /usr/lib/x86_64-linux-gnu/libXau.so.6.0.0
7f287e1c9000-7f287e1ca000 rw-p 00003000 08:06 3416467                    /usr/lib/x86_64-linux-gnu/libXau.so.6.0.0
7f287e1ca000-7f287e1e7000 r-xp 00000000 08:06 3417587                    /usr/lib/x86_64-linux-gnu/libxcb.so.1.1.0
7f287e1e7000-7f287e3e7000 ---p 0001d000 08:06 3417587                    /usr/lib/x86_64-linux-gnu/libxcb.so.1.1.0
7f287e3e7000-7f287e3e8000 r--p 0001d000 08:06 3417587                    /usr/lib/x86_64-linux-gnu/libxcb.so.1.1.0
7f287e3e8000-7f287e3e9000 rw-p 0001e000 08:06 3417587                    /usr/lib/x86_64-linux-gnu/libxcb.so.1.1.0
7f287e3e9000-7f287e51c000 r-xp 00000000 08:06 3416463                    /usr/lib/x86_64-linux-gnu/libX11.so.6.3.0
7f287e51c000-7f287e71c000 ---p 00133000 08:06 3416463                    /usr/lib/x86_64-linux-gnu/libX11.so.6.3.0
7f287e71c000-7f287e71d000 r--p 00133000 08:06 3416463                    /usr/lib/x86_64-linux-gnu/libX11.so.6.3.0
7f287e71d000-7f287e721000 rw-p 00134000 08:06 3416463                    /usr/lib/x86_64-linux-gnu/libX11.so.6.3.0
7f287e721000-7f287e722000 rw-p 00000000 00:00 0 
7f287e73f000-7f287e741000 r-xp 00000000 08:06 3408461                    /usr/lib/jayatana/libjayatanaag.so
7f287e741000-7f287e940000 ---p 00002000 08:06 3408461                    /usr/lib/jayatana/libjayatanaag.so
7f287e940000-7f287e941000 r--p 00001000 08:06 3408461                    /usr/lib/jayatana/libjayatanaag.so
7f287e941000-7f287e942000 rw-p 00002000 08:06 3408461                    /usr/lib/jayatana/libjayatanaag.so
7f287e942000-7f287ec10000 r--p 00000000 08:06 3409623                    /usr/lib/locale/locale-archive
7f287ec10000-7f2881000000 rw-p 00000000 00:00 0 
7f2881000000-7f2881270000 rwxp 00000000 00:00 0 
7f2881270000-7f2884210000 rw-p 00000000 00:00 0 
7f2884210000-7f2888000000 ---p 00000000 00:00 0 
7f2888019000-7f288801d000 r--s 0003c000 08:06 3429302                    /usr/lib/jvm/java-7-openjdk-amd64/jre/lib/ext/sunpkcs11.jar
7f288801d000-7f2888020000 ---p 00000000 00:00 0 
7f2888020000-7f288811e000 rw-p 00000000 00:00 0                          [stack:10565]
7f288811e000-7f2888121000 ---p 00000000 00:00 0 
7f2888121000-7f288821f000 rw-p 00000000 00:00 0                          [stack:10564]
7f288821f000-7f2888222000 ---p 00000000 00:00 0 
7f2888222000-7f2888320000 rw-p 00000000 00:00 0                          [stack:10563]
7f2888320000-7f2888321000 ---p 00000000 00:00 0 
7f2888321000-7f2889379000 rw-p 00000000 00:00 0                          [stack:10562]
7f2889379000-7f288952b000 r--s 01d2e000 08:06 3429307                    /usr/lib/jvm/java-7-openjdk-amd64/jre/lib/rt.jar
7f288952b000-7f288983b000 rw-p 00000000 00:00 0 
7f288983b000-7f288983c000 ---p 00000000 00:00 0 
7f288983c000-7f288993c000 rw-p 00000000 00:00 0                          [stack:10561]
7f288993c000-7f288993d000 ---p 00000000 00:00 0 
7f288993d000-7f2889a3d000 rw-p 00000000 00:00 0                          [stack:10560]
7f2889a3d000-7f2889a3e000 ---p 00000000 00:00 0 
7f2889a3e000-7f2889b3e000 rw-p 00000000 00:00 0                          [stack:10559]
7f2889b3e000-7f2889b3f000 ---p 00000000 00:00 0 
7f2889b3f000-7f2889c4a000 rw-p 00000000 00:00 0                          [stack:10558]
7f2889c4a000-7f2889c92000 rw-p 00000000 00:00 0 
7f2889c92000-7f2889ca7000 rw-p 00000000 00:00 0 
7f2889ca7000-7f2889dda000 rw-p 00000000 00:00 0 
7f2889dda000-7f2889de5000 rw-p 00000000 00:00 0 
7f2889de5000-7f2889e2d000 rw-p 00000000 00:00 0 
7f2889e2d000-7f2889e42000 rw-p 00000000 00:00 0 
7f2889e42000-7f2889f75000 rw-p 00000000 00:00 0 
7f2889f75000-7f2889f80000 rw-p 00000000 00:00 0 
7f2889f80000-7f288a019000 rw-p 00000000 00:00 0 
7f288a019000-7f288a01a000 rw-p 00000000 00:00 0 
7f288a01a000-7f288a022000 r-xp 00000000 08:06 3429321                    /usr/lib/jvm/java-7-openjdk-amd64/jre/lib/amd64/libzip.so
7f288a022000-7f288a221000 ---p 00008000 08:06 3429321                    /usr/lib/jvm/java-7-openjdk-amd64/jre/lib/amd64/libzip.so
7f288a221000-7f288a222000 r--p 00007000 08:06 3429321                    /usr/lib/jvm/java-7-openjdk-amd64/jre/lib/amd64/libzip.so
7f288a222000-7f288a223000 rw-p 00008000 08:06 3429321                    /usr/lib/jvm/java-7-openjdk-amd64/jre/lib/amd64/libzip.so
7f288a223000-7f288a22f000 r-xp 00000000 08:06 2228291                    /lib/x86_64-linux-gnu/libnss_files-2.21.so
7f288a22f000-7f288a42e000 ---p 0000c000 08:06 2228291                    /lib/x86_64-linux-gnu/libnss_files-2.21.so
7f288a42e000-7f288a42f000 r--p 0000b000 08:06 2228291                    /lib/x86_64-linux-gnu/libnss_files-2.21.so
7f288a42f000-7f288a430000 rw-p 0000c000 08:06 2228291                    /lib/x86_64-linux-gnu/libnss_files-2.21.so
7f288a430000-7f288a43b000 r-xp 00000000 08:06 2228279                    /lib/x86_64-linux-gnu/libnss_nis-2.21.so
7f288a43b000-7f288a63a000 ---p 0000b000 08:06 2228279                    /lib/x86_64-linux-gnu/libnss_nis-2.21.so
7f288a63a000-7f288a63b000 r--p 0000a000 08:06 2228279                    /lib/x86_64-linux-gnu/libnss_nis-2.21.so
7f288a63b000-7f288a63c000 rw-p 0000b000 08:06 2228279                    /lib/x86_64-linux-gnu/libnss_nis-2.21.so
7f288a63c000-7f288a653000 r-xp 00000000 08:06 2228297                    /lib/x86_64-linux-gnu/libnsl-2.21.so
7f288a653000-7f288a852000 ---p 00017000 08:06 2228297                    /lib/x86_64-linux-gnu/libnsl-2.21.so
7f288a852000-7f288a853000 r--p 00016000 08:06 2228297                    /lib/x86_64-linux-gnu/libnsl-2.21.so
7f288a853000-7f288a854000 rw-p 00017000 08:06 2228297                    /lib/x86_64-linux-gnu/libnsl-2.21.so
7f288a854000-7f288a856000 rw-p 00000000 00:00 0 
7f288a856000-7f288a85e000 r-xp 00000000 08:06 2228293                    /lib/x86_64-linux-gnu/libnss_compat-2.21.so
7f288a85e000-7f288aa5d000 ---p 00008000 08:06 2228293                    /lib/x86_64-linux-gnu/libnss_compat-2.21.so
7f288aa5d000-7f288aa5e000 r--p 00007000 08:06 2228293                    /lib/x86_64-linux-gnu/libnss_compat-2.21.so
7f288aa5e000-7f288aa5f000 rw-p 00008000 08:06 2228293                    /lib/x86_64-linux-gnu/libnss_compat-2.21.so
7f288aa5f000-7f288aa69000 r-xp 00000000 08:06 3429350                    /usr/lib/jvm/java-7-openjdk-amd64/jre/lib/amd64/libinstrument.so
7f288aa69000-7f288ac68000 ---p 0000a000 08:06 3429350                    /usr/lib/jvm/java-7-openjdk-amd64/jre/lib/amd64/libinstrument.so
7f288ac68000-7f288ac69000 r--p 00009000 08:06 3429350                    /usr/lib/jvm/java-7-openjdk-amd64/jre/lib/amd64/libinstrument.so
7f288ac69000-7f288ac6a000 rw-p 0000a000 08:06 3429350                    /usr/lib/jvm/java-7-openjdk-amd64/jre/lib/amd64/libinstrument.so
7f288ac6a000-7f288ac97000 r-xp 00000000 08:06 3429333                    /usr/lib/jvm/java-7-openjdk-amd64/jre/lib/amd64/libjava.so
7f288ac97000-7f288ae96000 ---p 0002d000 08:06 3429333                    /usr/lib/jvm/java-7-openjdk-amd64/jre/lib/amd64/libjava.so
7f288ae96000-7f288ae97000 r--p 0002c000 08:06 3429333                    /usr/lib/jvm/java-7-openjdk-amd64/jre/lib/amd64/libjava.so
7f288ae97000-7f288ae99000 rw-p 0002d000 08:06 3429333                    /usr/lib/jvm/java-7-openjdk-amd64/jre/lib/amd64/libjava.so
7f288ae99000-7f288aea8000 r-xp 00000000 08:06 3429356                    /usr/lib/jvm/java-7-openjdk-amd64/jre/lib/amd64/libverify.so
7f288aea8000-7f288b0a7000 ---p 0000f000 08:06 3429356                    /usr/lib/jvm/java-7-openjdk-amd64/jre/lib/amd64/libverify.so
7f288b0a7000-7f288b0aa000 r--p 0000e000 08:06 3429356                    /usr/lib/jvm/java-7-openjdk-amd64/jre/lib/amd64/libverify.so
7f288b0aa000-7f288b0ab000 rw-p 00011000 08:06 3429356                    /usr/lib/jvm/java-7-openjdk-amd64/jre/lib/amd64/libverify.so
7f288b0ab000-7f288b0b2000 r-xp 00000000 08:06 2228298                    /lib/x86_64-linux-gnu/librt-2.21.so
7f288b0b2000-7f288b2b1000 ---p 00007000 08:06 2228298                    /lib/x86_64-linux-gnu/librt-2.21.so
7f288b2b1000-7f288b2b2000 r--p 00006000 08:06 2228298                    /lib/x86_64-linux-gnu/librt-2.21.so
7f288b2b2000-7f288b2b3000 rw-p 00007000 08:06 2228298                    /lib/x86_64-linux-gnu/librt-2.21.so
7f288b2b3000-7f288b2c9000 r-xp 00000000 08:06 2235337                    /lib/x86_64-linux-gnu/libgcc_s.so.1
7f288b2c9000-7f288b4c8000 ---p 00016000 08:06 2235337                    /lib/x86_64-linux-gnu/libgcc_s.so.1
7f288b4c8000-7f288b4c9000 rw-p 00015000 08:06 2235337                    /lib/x86_64-linux-gnu/libgcc_s.so.1
7f288b4c9000-7f288b5d0000 r-xp 00000000 08:06 2228296                    /lib/x86_64-linux-gnu/libm-2.21.so
7f288b5d0000-7f288b7cf000 ---p 00107000 08:06 2228296                    /lib/x86_64-linux-gnu/libm-2.21.so
7f288b7cf000-7f288b7d0000 r--p 00106000 08:06 2228296                    /lib/x86_64-linux-gnu/libm-2.21.so
7f288b7d0000-7f288b7d1000 rw-p 00107000 08:06 2228296                    /lib/x86_64-linux-gnu/libm-2.21.so
7f288b7d1000-7f288b8c1000 r-xp 00000000 08:06 3407907                    /usr/lib/x86_64-linux-gnu/libstdc++.so.6.0.20
7f288b8c1000-7f288bac1000 ---p 000f0000 08:06 3407907                    /usr/lib/x86_64-linux-gnu/libstdc++.so.6.0.20
7f288bac1000-7f288bac9000 r--p 000f0000 08:06 3407907                    /usr/lib/x86_64-linux-gnu/libstdc++.so.6.0.20
7f288bac9000-7f288bacb000 rw-p 000f8000 08:06 3407907                    /usr/lib/x86_64-linux-gnu/libstdc++.so.6.0.20
7f288bacb000-7f288bae0000 rw-p 00000000 00:00 0 
7f288bae0000-7f288c640000 r-xp 00000000 08:06 3429342                    /usr/lib/jvm/java-7-openjdk-amd64/jre/lib/amd64/server/libjvm.so
7f288c640000-7f288c840000 ---p 00b60000 08:06 3429342                    /usr/lib/jvm/java-7-openjdk-amd64/jre/lib/amd64/server/libjvm.so
7f288c840000-7f288c8df000 r--p 00b60000 08:06 3429342                    /usr/lib/jvm/java-7-openjdk-amd64/jre/lib/amd64/server/libjvm.so
7f288c8df000-7f288c902000 rw-p 00bff000 08:06 3429342                    /usr/lib/jvm/java-7-openjdk-amd64/jre/lib/amd64/server/libjvm.so
7f288c902000-7f288c92f000 rw-p 00000000 00:00 0 
7f288c92f000-7f288c948000 r-xp 00000000 08:06 2228229                    /lib/x86_64-linux-gnu/libz.so.1.2.8
7f288c948000-7f288cb48000 ---p 00019000 08:06 2228229                    /lib/x86_64-linux-gnu/libz.so.1.2.8
7f288cb48000-7f288cb49000 r--p 00019000 08:06 2228229                    /lib/x86_64-linux-gnu/libz.so.1.2.8
7f288cb49000-7f288cb4a000 rw-p 0001a000 08:06 2228229                    /lib/x86_64-linux-gnu/libz.so.1.2.8
7f288cb4a000-7f288cb62000 r-xp 00000000 08:06 2228288                    /lib/x86_64-linux-gnu/libpthread-2.21.so
7f288cb62000-7f288cd62000 ---p 00018000 08:06 2228288                    /lib/x86_64-linux-gnu/libpthread-2.21.so
7f288cd62000-7f288cd63000 r--p 00018000 08:06 2228288                    /lib/x86_64-linux-gnu/libpthread-2.21.so
7f288cd63000-7f288cd64000 rw-p 00019000 08:06 2228288                    /lib/x86_64-linux-gnu/libpthread-2.21.so
7f288cd64000-7f288cd68000 rw-p 00000000 00:00 0 
7f288cd68000-7f288cd6b000 r-xp 00000000 08:06 2228284                    /lib/x86_64-linux-gnu/libdl-2.21.so
7f288cd6b000-7f288cf6a000 ---p 00003000 08:06 2228284                    /lib/x86_64-linux-gnu/libdl-2.21.so
7f288cf6a000-7f288cf6b000 r--p 00002000 08:06 2228284                    /lib/x86_64-linux-gnu/libdl-2.21.so
7f288cf6b000-7f288cf6c000 rw-p 00003000 08:06 2228284                    /lib/x86_64-linux-gnu/libdl-2.21.so
7f288cf6c000-7f288d12c000 r-xp 00000000 08:06 2228301                    /lib/x86_64-linux-gnu/libc-2.21.so
7f288d12c000-7f288d32c000 ---p 001c0000 08:06 2228301                    /lib/x86_64-linux-gnu/libc-2.21.so
7f288d32c000-7f288d330000 r--p 001c0000 08:06 2228301                    /lib/x86_64-linux-gnu/libc-2.21.so
7f288d330000-7f288d332000 rw-p 001c4000 08:06 2228301                    /lib/x86_64-linux-gnu/libc-2.21.so
7f288d332000-7f288d336000 rw-p 00000000 00:00 0 
7f288d336000-7f288d343000 r-xp 00000000 08:06 3429359                    /usr/lib/jvm/java-7-openjdk-amd64/jre/lib/amd64/jli/libjli.so
7f288d343000-7f288d542000 ---p 0000d000 08:06 3429359                    /usr/lib/jvm/java-7-openjdk-amd64/jre/lib/amd64/jli/libjli.so
7f288d542000-7f288d543000 r--p 0000c000 08:06 3429359                    /usr/lib/jvm/java-7-openjdk-amd64/jre/lib/amd64/jli/libjli.so
7f288d543000-7f288d544000 rw-p 0000d000 08:06 3429359                    /usr/lib/jvm/java-7-openjdk-amd64/jre/lib/amd64/jli/libjli.so
7f288d544000-7f288d568000 r-xp 00000000 08:06 2228287                    /lib/x86_64-linux-gnu/ld-2.21.so
7f288d569000-7f288d56a000 rw-p 00000000 00:00 0 
7f288d56a000-7f288d56b000 r--s 00000000 08:06 3809923                    /usr/share/java/jayatanaag.jar
7f288d56b000-7f288d58c000 rw-p 00000000 00:00 0 
7f288d58c000-7f288d642000 rw-p 00000000 00:00 0 
7f288d642000-7f288d645000 ---p 00000000 00:00 0 
7f288d645000-7f288d748000 rw-p 00000000 00:00 0                          [stack:10557]
7f288d748000-7f288d749000 r--s 00007000 08:06 2133272                    /home/thomas/Bureau/lib/REngine.jar
7f288d749000-7f288d74a000 r--s 00002000 08:06 2133271                    /home/thomas/Bureau/lib/JRIEngine.jar
7f288d74a000-7f288d74b000 r--s 00013000 08:06 2133265                    /home/thomas/Bureau/lib/JRI.jar
7f288d74b000-7f288d74f000 r--s 00085000 08:06 3429298                    /usr/lib/jvm/java-7-openjdk-amd64/jre/lib/ext/localedata.jar
7f288d74f000-7f288d750000 r--s 00002000 08:06 3429304                    /usr/lib/jvm/java-7-openjdk-amd64/jre/lib/ext/dnsns.jar
7f288d750000-7f288d753000 r--s 0000f000 08:06 3429300                    /usr/lib/jvm/java-7-openjdk-amd64/jre/lib/ext/icedtea-sound.jar
7f288d753000-7f288d755000 r--s 00012000 08:06 3429293                    /usr/lib/jvm/java-7-openjdk-amd64/jre/lib/ext/zipfs.jar
7f288d755000-7f288d759000 r--s 00034000 08:06 3429301                    /usr/lib/jvm/java-7-openjdk-amd64/jre/lib/ext/sunjce_provider.jar
7f288d759000-7f288d75b000 r--s 00006000 08:06 3803060                    /usr/share/java/java-atk-wrapper.jar
7f288d75b000-7f288d763000 rw-s 00000000 08:06 3557624                    /tmp/hsperfdata_thomas/10552
7f288d763000-7f288d764000 rw-p 00000000 00:00 0 
7f288d764000-7f288d765000 r--p 00000000 00:00 0 
7f288d765000-7f288d767000 rw-p 00000000 00:00 0 
7f288d767000-7f288d768000 r--p 00023000 08:06 2228287                    /lib/x86_64-linux-gnu/ld-2.21.so
7f288d768000-7f288d769000 rw-p 00024000 08:06 2228287                    /lib/x86_64-linux-gnu/ld-2.21.so
7f288d769000-7f288d76a000 rw-p 00000000 00:00 0 
7ffc541a5000-7ffc541c6000 rw-p 00000000 00:00 0                          [stack]
7ffc541ef000-7ffc541f1000 r--p 00000000 00:00 0                          [vvar]
7ffc541f1000-7ffc541f3000 r-xp 00000000 00:00 0                          [vdso]
ffffffffff600000-ffffffffff601000 r-xp 00000000 00:00 0                  [vsyscall]

VM Arguments:
jvm_args: -javaagent:/usr/share/java/jayatanaag.jar -Dfile.encoding=UTF-8 -Djava.library.path=/home/thomas/R/x86_64-pc-linux-gnu-library/3.1/rJava/jri 
java_command: Interface.Interface
Launcher Type: SUN_STANDARD

Environment Variables:
JAVA_TOOL_OPTIONS=-javaagent:/usr/share/java/jayatanaag.jar 
PATH=/usr/local/sbin:/usr/local/bin:/usr/sbin:/usr/bin:/sbin:/bin:/usr/games:/usr/local/games
LD_LIBRARY_PATH=/usr/lib/jvm/default-java/jre/lib/amd64:/usr/lib/jvm/default-java/jre/lib/i386:
SHELL=/bin/bash
DISPLAY=:0.0

Signal Handlers:
SIGSEGV: [libjvm.so+0x992590], sa_mask[0]=0x7ffbfeff, sa_flags=0x10000004
SIGBUS: [libjvm.so+0x992590], sa_mask[0]=0x7ffbfeff, sa_flags=0x10000004
SIGFPE: [libjvm.so+0x7fec60], sa_mask[0]=0x7ffbfeff, sa_flags=0x10000004
SIGPIPE: [libjvm.so+0x7fec60], sa_mask[0]=0x7ffbfeff, sa_flags=0x10000004
SIGXFSZ: [libjvm.so+0x7fec60], sa_mask[0]=0x7ffbfeff, sa_flags=0x10000004
SIGILL: [libjvm.so+0x7fec60], sa_mask[0]=0x7ffbfeff, sa_flags=0x10000004
SIGUSR1: SIG_DFL, sa_mask[0]=0x00000000, sa_flags=0x00000000
SIGUSR2: [libjvm.so+0x7feae0], sa_mask[0]=0x00000004, sa_flags=0x10000004
SIGHUP: [libjvm.so+0x7fece0], sa_mask[0]=0x7ffbfeff, sa_flags=0x10000004
SIGINT: SIG_IGN, sa_mask[0]=0x00000000, sa_flags=0x00000000
SIGTERM: [libjvm.so+0x7fece0], sa_mask[0]=0x7ffbfeff, sa_flags=0x10000004
SIGQUIT: [libjvm.so+0x7fece0], sa_mask[0]=0x7ffbfeff, sa_flags=0x10000004
SIGTRAP: SIG_DFL, sa_mask[0]=0x00000000, sa_flags=0x00000000


---------------  S Y S T E M  ---------------

OS:Ubuntu 15.04 (vivid)
uname:Linux 3.19.0-16-generic #16-Ubuntu SMP Thu Apr 30 16:09:58 UTC 2015 x86_64
libc:glibc 2.21 NPTL 2.21 
rlimit: STACK 8192k, CORE 0k, NPROC 15645, NOFILE 65536, AS infinity
load average:0,58 0,56 0,42

/proc/meminfo:
MemTotal:        4027580 kB
MemFree:          605224 kB
MemAvailable:    2364732 kB
Buffers:          250300 kB
Cached:          1632056 kB
SwapCached:            0 kB
Active:          2213892 kB
Inactive:         845288 kB
Active(anon):    1177976 kB
Inactive(anon):    41616 kB
Active(file):    1035916 kB
Inactive(file):   803672 kB
Unevictable:          32 kB
Mlocked:              32 kB
SwapTotal:       3998716 kB
SwapFree:        3998716 kB
Dirty:              4540 kB
Writeback:             0 kB
AnonPages:       1176820 kB
Mapped:           259340 kB
Shmem:             42772 kB
Slab:             207404 kB
SReclaimable:     173312 kB
SUnreclaim:        34092 kB
KernelStack:        7488 kB
PageTables:        27028 kB
NFS_Unstable:          0 kB
Bounce:                0 kB
WritebackTmp:          0 kB
CommitLimit:     6012504 kB
Committed_AS:    3959728 kB
VmallocTotal:   34359738367 kB
VmallocUsed:      108924 kB
VmallocChunk:   34359617072 kB
HardwareCorrupted:     0 kB
AnonHugePages:    733184 kB
CmaTotal:              0 kB
CmaFree:               0 kB
HugePages_Total:       0
HugePages_Free:        0
HugePages_Rsvd:        0
HugePages_Surp:        0
Hugepagesize:       2048 kB
DirectMap4k:      348536 kB
DirectMap2M:     3827712 kB


CPU:total 4 (2 cores per cpu, 2 threads per core) family 6 model 42 stepping 7, cmov, cx8, fxsr, mmx, sse, sse2, sse3, ssse3, sse4.1, sse4.2, popcnt, avx, aes, ht, tsc, tscinvbit

/proc/cpuinfo:
processor	: 0
vendor_id	: GenuineIntel
cpu family	: 6
model		: 42
model name	: Intel(R) Core(TM) i5-2430M CPU @ 2.40GHz
stepping	: 7
microcode	: 0x14
cpu MHz		: 2800.031
cache size	: 3072 KB
physical id	: 0
siblings	: 4
core id		: 0
cpu cores	: 2
apicid		: 0
initial apicid	: 0
fpu		: yes
fpu_exception	: yes
cpuid level	: 13
wp		: yes
flags		: fpu vme de pse tsc msr pae mce cx8 apic sep mtrr pge mca cmov pat pse36 clflush dts acpi mmx fxsr sse sse2 ss ht tm pbe syscall nx rdtscp lm constant_tsc arch_perfmon pebs bts rep_good nopl xtopology nonstop_tsc aperfmperf eagerfpu pni pclmulqdq dtes64 monitor ds_cpl vmx est tm2 ssse3 cx16 xtpr pdcm pcid sse4_1 sse4_2 x2apic popcnt tsc_deadline_timer aes xsave avx lahf_lm ida arat epb pln pts dtherm tpr_shadow vnmi flexpriority ept vpid xsaveopt
bugs		:
bogomips	: 4789.52
clflush size	: 64
cache_alignment	: 64
address sizes	: 36 bits physical, 48 bits virtual
power management:

processor	: 1
vendor_id	: GenuineIntel
cpu family	: 6
model		: 42
model name	: Intel(R) Core(TM) i5-2430M CPU @ 2.40GHz
stepping	: 7
microcode	: 0x14
cpu MHz		: 2799.937
cache size	: 3072 KB
physical id	: 0
siblings	: 4
core id		: 1
cpu cores	: 2
apicid		: 2
initial apicid	: 2
fpu		: yes
fpu_exception	: yes
cpuid level	: 13
wp		: yes
flags		: fpu vme de pse tsc msr pae mce cx8 apic sep mtrr pge mca cmov pat pse36 clflush dts acpi mmx fxsr sse sse2 ss ht tm pbe syscall nx rdtscp lm constant_tsc arch_perfmon pebs bts rep_good nopl xtopology nonstop_tsc aperfmperf eagerfpu pni pclmulqdq dtes64 monitor ds_cpl vmx est tm2 ssse3 cx16 xtpr pdcm pcid sse4_1 sse4_2 x2apic popcnt tsc_deadline_timer aes xsave avx lahf_lm ida arat epb pln pts dtherm tpr_shadow vnmi flexpriority ept vpid xsaveopt
bugs		:
bogomips	: 4789.52
clflush size	: 64
cache_alignment	: 64
address sizes	: 36 bits physical, 48 bits virtual
power management:

processor	: 2
vendor_id	: GenuineIntel
cpu family	: 6
model		: 42
model name	: Intel(R) Core(TM) i5-2430M CPU @ 2.40GHz
stepping	: 7
microcode	: 0x14
cpu MHz		: 2802.187
cache size	: 3072 KB
physical id	: 0
siblings	: 4
core id		: 0
cpu cores	: 2
apicid		: 1
initial apicid	: 1
fpu		: yes
fpu_exception	: yes
cpuid level	: 13
wp		: yes
flags		: fpu vme de pse tsc msr pae mce cx8 apic sep mtrr pge mca cmov pat pse36 clflush dts acpi mmx fxsr sse sse2 ss ht tm pbe syscall nx rdtscp lm constant_tsc arch_perfmon pebs bts rep_good nopl xtopology nonstop_tsc aperfmperf eagerfpu pni pclmulqdq dtes64 monitor ds_cpl vmx est tm2 ssse3 cx16 xtpr pdcm pcid sse4_1 sse4_2 x2apic popcnt tsc_deadline_timer aes xsave avx lahf_lm ida arat epb pln pts dtherm tpr_shadow vnmi flexpriority ept vpid xsaveopt
bugs		:
bogomips	: 4789.52
clflush size	: 64
cache_alignment	: 64
address sizes	: 36 bits physical, 48 bits virtual
power management:

processor	: 3
vendor_id	: GenuineIntel
cpu family	: 6
model		: 42
model name	: Intel(R) Core(TM) i5-2430M CPU @ 2.40GHz
stepping	: 7
microcode	: 0x14
cpu MHz		: 2799.937
cache size	: 3072 KB
physical id	: 0
siblings	: 4
core id		: 1
cpu cores	: 2
apicid		: 3
initial apicid	: 3
fpu		: yes
fpu_exception	: yes
cpuid level	: 13
wp		: yes
flags		: fpu vme de pse tsc msr pae mce cx8 apic sep mtrr pge mca cmov pat pse36 clflush dts acpi mmx fxsr sse sse2 ss ht tm pbe syscall nx rdtscp lm constant_tsc arch_perfmon pebs bts rep_good nopl xtopology nonstop_tsc aperfmperf eagerfpu pni pclmulqdq dtes64 monitor ds_cpl vmx est tm2 ssse3 cx16 xtpr pdcm pcid sse4_1 sse4_2 x2apic popcnt tsc_deadline_timer aes xsave avx lahf_lm ida arat epb pln pts dtherm tpr_shadow vnmi flexpriority ept vpid xsaveopt
bugs		:
bogomips	: 4789.52
clflush size	: 64
cache_alignment	: 64
address sizes	: 36 bits physical, 48 bits virtual
power management:



Memory: 4k page, physical 4027580k(605224k free), swap 3998716k(3998716k free)

vm_info: OpenJDK 64-Bit Server VM (24.91-b01) for linux-amd64 JRE (1.7.0_91-b02), built on Nov 19 2015 06:08:55 by "buildd" with gcc 4.9.2

time: Thu Jun  2 14:13:49 2016
elapsed time: 0 seconds

